2021-07-27 07:56:42,031 - Discovery - Open Intent Discovery Begin...
2021-07-27 07:56:42,031 - Discovery - Parameters Initialization...
2021-07-27 07:56:42,031 - Discovery - ============================== Params ==============================
2021-07-27 07:56:42,031 - Discovery - type:	open_intent_discovery
2021-07-27 07:56:42,031 - Discovery - logger_name:	Discovery
2021-07-27 07:56:42,031 - Discovery - log_dir:	logs
2021-07-27 07:56:42,031 - Discovery - dataset:	banking
2021-07-27 07:56:42,031 - Discovery - known_cls_ratio:	0.75
2021-07-27 07:56:42,031 - Discovery - labeled_ratio:	0.1
2021-07-27 07:56:42,031 - Discovery - cluster_num_factor:	1.0
2021-07-27 07:56:42,031 - Discovery - method:	AG
2021-07-27 07:56:42,031 - Discovery - train:	True
2021-07-27 07:56:42,031 - Discovery - save_model:	False
2021-07-27 07:56:42,031 - Discovery - backbone:	glove
2021-07-27 07:56:42,031 - Discovery - num_train_epochs:	100
2021-07-27 07:56:42,031 - Discovery - setting:	unsupervised
2021-07-27 07:56:42,031 - Discovery - config_file_name:	AG
2021-07-27 07:56:42,031 - Discovery - seed:	9
2021-07-27 07:56:42,031 - Discovery - gpu_id:	0
2021-07-27 07:56:42,032 - Discovery - pipe_results_path:	pipe_results
2021-07-27 07:56:42,032 - Discovery - data_dir:	/home/zhanghanlei/git/TEXTOIR/open_intent_discovery/../data
2021-07-27 07:56:42,032 - Discovery - output_dir:	/home/sharing/disk2/zhanghanlei/save_data_162/TEXTOIR/outputs
2021-07-27 07:56:42,032 - Discovery - model_dir:	models
2021-07-27 07:56:42,032 - Discovery - result_dir:	results
2021-07-27 07:56:42,032 - Discovery - results_file_name:	results_KM.csv
2021-07-27 07:56:42,032 - Discovery - save_results:	True
2021-07-27 07:56:42,032 - Discovery - method_output_dir:	/home/sharing/disk2/zhanghanlei/save_data_162/TEXTOIR/outputs/open_intent_discovery/AG_banking_0.75_0.1_glove_9
2021-07-27 07:56:42,032 - Discovery - model_output_dir:	/home/sharing/disk2/zhanghanlei/save_data_162/TEXTOIR/outputs/open_intent_discovery/AG_banking_0.75_0.1_glove_9/models
2021-07-27 07:56:42,032 - Discovery - glove_model:	/home/sharing/disk1/pretrained_embedding/glove
2021-07-27 07:56:42,032 - Discovery - max_num_words:	10000
2021-07-27 07:56:42,032 - Discovery - ============================== End Params ==============================
2021-07-27 07:56:42,032 - Discovery - Data and Model Preparation...
2021-07-27 07:56:43,477 - Discovery - Building GloVe (D=300)...
2021-07-27 07:57:02,253 - Discovery - Building finished!
2021-07-27 07:57:02,371 - Discovery - Training Begin...
2021-07-27 07:57:02,371 - Discovery - Agglomerative Clustering does not need training...
2021-07-27 07:57:02,371 - Discovery - Training Finished...
2021-07-27 07:57:02,371 - Discovery - Testing begin...
2021-07-27 07:57:02,371 - Discovery - Agglomerative Clustering start...
2021-07-27 07:57:14,126 - Discovery - ***** Test: Confusion Matrix *****
2021-07-27 07:57:14,126 - Discovery - [[ 0 11 18 ...  0  0  0]
 [ 5  0  0 ...  0  0  0]
 [ 0  0  0 ...  0  0  0]
 ...
 [ 0  1  0 ...  0  0  0]
 [ 0  1  0 ...  0  0  0]
 [ 0  3  0 ...  0  0  0]]
2021-07-27 07:57:14,126 - Discovery - ***** Test results *****
2021-07-27 07:57:14,127 - Discovery -   ACC = 30.62
2021-07-27 07:57:14,127 - Discovery -   ARI = 13.04
2021-07-27 07:57:14,127 - Discovery -   NMI = 52.77
2021-07-27 07:57:14,127 - Discovery - Testing finished...
2021-07-27 07:57:14,127 - Discovery - Results saved in results/results_KM.csv
2021-07-27 07:57:14,151 - Discovery - Open Intent Discovery Finished...
