2021-07-27 12:02:09,919 - Discovery - Open Intent Discovery Begin...
2021-07-27 12:02:09,919 - Discovery - Parameters Initialization...
2021-07-27 12:02:09,920 - Discovery - ============================== Params ==============================
2021-07-27 12:02:09,920 - Discovery - type:	open_intent_discovery
2021-07-27 12:02:09,920 - Discovery - logger_name:	Discovery
2021-07-27 12:02:09,920 - Discovery - log_dir:	logs
2021-07-27 12:02:09,920 - Discovery - dataset:	banking
2021-07-27 12:02:09,920 - Discovery - known_cls_ratio:	0.75
2021-07-27 12:02:09,920 - Discovery - labeled_ratio:	0.1
2021-07-27 12:02:09,920 - Discovery - cluster_num_factor:	1.0
2021-07-27 12:02:09,920 - Discovery - method:	AG
2021-07-27 12:02:09,920 - Discovery - train:	True
2021-07-27 12:02:09,920 - Discovery - save_model:	False
2021-07-27 12:02:09,920 - Discovery - backbone:	glove
2021-07-27 12:02:09,920 - Discovery - setting:	unsupervised
2021-07-27 12:02:09,920 - Discovery - config_file_name:	AG
2021-07-27 12:02:09,920 - Discovery - seed:	0
2021-07-27 12:02:09,920 - Discovery - gpu_id:	0
2021-07-27 12:02:09,920 - Discovery - pipe_results_path:	pipe_results
2021-07-27 12:02:09,920 - Discovery - data_dir:	/home/zhanghanlei/git/TEXTOIR/open_intent_discovery/../data
2021-07-27 12:02:09,920 - Discovery - output_dir:	/home/sharing/disk2/zhanghanlei/save_data_162/TEXTOIR/outputs
2021-07-27 12:02:09,920 - Discovery - model_dir:	models
2021-07-27 12:02:09,920 - Discovery - result_dir:	results
2021-07-27 12:02:09,920 - Discovery - results_file_name:	results_AG.csv
2021-07-27 12:02:09,920 - Discovery - save_results:	True
2021-07-27 12:02:09,920 - Discovery - method_output_dir:	/home/sharing/disk2/zhanghanlei/save_data_162/TEXTOIR/outputs/open_intent_discovery/AG_banking_0.75_0.1_glove_0
2021-07-27 12:02:09,920 - Discovery - model_output_dir:	/home/sharing/disk2/zhanghanlei/save_data_162/TEXTOIR/outputs/open_intent_discovery/AG_banking_0.75_0.1_glove_0/models
2021-07-27 12:02:09,920 - Discovery - glove_model:	/home/sharing/disk1/pretrained_embedding/glove
2021-07-27 12:02:09,920 - Discovery - max_num_words:	10000
2021-07-27 12:02:09,920 - Discovery - ============================== End Params ==============================
2021-07-27 12:02:09,920 - Discovery - Data and Model Preparation...
2021-07-27 12:02:32,763 - Discovery - Building GloVe (D=300)...
2021-07-27 12:02:33,815 - Discovery - Building finished!
2021-07-27 12:02:33,815 - Discovery - Training Begin...
2021-07-27 12:02:33,815 - Discovery - Agglomerative Clustering does not need training...
2021-07-27 12:02:33,815 - Discovery - Training Finished...
2021-07-27 12:02:33,815 - Discovery - Testing begin...
2021-07-27 12:02:33,815 - Discovery - Agglomerative Clustering start...
2021-07-27 12:02:48,140 - Discovery - ***** Test: Confusion Matrix *****
2021-07-27 12:02:48,141 - Discovery - [[ 0 19  0 ...  0  0  0]
 [ 0  0  0 ...  0  0  1]
 [ 0  0  0 ...  0  0  0]
 ...
 [ 0  0  0 ...  0  0  3]
 [ 0  0  0 ...  0  0  0]
 [ 0  0  0 ...  0  0  0]]
2021-07-27 12:02:48,141 - Discovery - ***** Test results *****
2021-07-27 12:02:48,141 - Discovery -   ACC = 31.17
2021-07-27 12:02:48,141 - Discovery -   ARI = 14.57
2021-07-27 12:02:48,141 - Discovery -   NMI = 52.89
2021-07-27 12:02:48,141 - Discovery - Testing finished...
2021-07-27 12:02:48,141 - Discovery - Results saved in results/results_AG.csv
2021-07-27 12:02:48,163 - Discovery - Open Intent Discovery Finished...
