2021-07-27 07:54:55,627 - Discovery - Open Intent Discovery Begin...
2021-07-27 07:54:55,629 - Discovery - Parameters Initialization...
2021-07-27 07:54:55,629 - Discovery - ============================== Params ==============================
2021-07-27 07:54:55,629 - Discovery - type:	open_intent_discovery
2021-07-27 07:54:55,629 - Discovery - logger_name:	Discovery
2021-07-27 07:54:55,629 - Discovery - log_dir:	logs
2021-07-27 07:54:55,629 - Discovery - dataset:	banking
2021-07-27 07:54:55,630 - Discovery - known_cls_ratio:	0.75
2021-07-27 07:54:55,630 - Discovery - labeled_ratio:	0.1
2021-07-27 07:54:55,630 - Discovery - cluster_num_factor:	1.0
2021-07-27 07:54:55,630 - Discovery - method:	AG
2021-07-27 07:54:55,630 - Discovery - train:	True
2021-07-27 07:54:55,630 - Discovery - save_model:	False
2021-07-27 07:54:55,630 - Discovery - backbone:	glove
2021-07-27 07:54:55,630 - Discovery - num_train_epochs:	100
2021-07-27 07:54:55,630 - Discovery - setting:	unsupervised
2021-07-27 07:54:55,630 - Discovery - config_file_name:	AG
2021-07-27 07:54:55,630 - Discovery - seed:	6
2021-07-27 07:54:55,630 - Discovery - gpu_id:	0
2021-07-27 07:54:55,630 - Discovery - pipe_results_path:	pipe_results
2021-07-27 07:54:55,630 - Discovery - data_dir:	/home/zhanghanlei/git/TEXTOIR/open_intent_discovery/../data
2021-07-27 07:54:55,630 - Discovery - output_dir:	/home/sharing/disk2/zhanghanlei/save_data_162/TEXTOIR/outputs
2021-07-27 07:54:55,630 - Discovery - model_dir:	models
2021-07-27 07:54:55,630 - Discovery - result_dir:	results
2021-07-27 07:54:55,630 - Discovery - results_file_name:	results_KM.csv
2021-07-27 07:54:55,630 - Discovery - save_results:	True
2021-07-27 07:54:55,630 - Discovery - method_output_dir:	/home/sharing/disk2/zhanghanlei/save_data_162/TEXTOIR/outputs/open_intent_discovery/AG_banking_0.75_0.1_glove_6
2021-07-27 07:54:55,630 - Discovery - model_output_dir:	/home/sharing/disk2/zhanghanlei/save_data_162/TEXTOIR/outputs/open_intent_discovery/AG_banking_0.75_0.1_glove_6/models
2021-07-27 07:54:55,630 - Discovery - glove_model:	/home/sharing/disk1/pretrained_embedding/glove
2021-07-27 07:54:55,630 - Discovery - max_num_words:	10000
2021-07-27 07:54:55,630 - Discovery - ============================== End Params ==============================
2021-07-27 07:54:55,630 - Discovery - Data and Model Preparation...
2021-07-27 07:54:57,126 - Discovery - Building GloVe (D=300)...
2021-07-27 07:55:16,200 - Discovery - Building finished!
2021-07-27 07:55:16,321 - Discovery - Training Begin...
2021-07-27 07:55:16,321 - Discovery - Agglomerative Clustering does not need training...
2021-07-27 07:55:16,321 - Discovery - Training Finished...
2021-07-27 07:55:16,321 - Discovery - Testing begin...
2021-07-27 07:55:16,321 - Discovery - Agglomerative Clustering start...
2021-07-27 07:55:28,580 - Discovery - ***** Test: Confusion Matrix *****
2021-07-27 07:55:28,581 - Discovery - [[19  2  0 ...  0  0  0]
 [ 0  1  0 ...  0  0  0]
 [ 0  0  1 ...  0  0 14]
 ...
 [ 0  4  0 ...  0  0  0]
 [ 0  0  0 ...  1  0  0]
 [ 0  0  0 ...  0  0  0]]
2021-07-27 07:55:28,581 - Discovery - ***** Test results *****
2021-07-27 07:55:28,581 - Discovery -   ACC = 30.19
2021-07-27 07:55:28,581 - Discovery -   ARI = 13.18
2021-07-27 07:55:28,581 - Discovery -   NMI = 52.11
2021-07-27 07:55:28,581 - Discovery - Testing finished...
2021-07-27 07:55:28,581 - Discovery - Results saved in results/results_KM.csv
2021-07-27 07:55:28,606 - Discovery - Open Intent Discovery Finished...
