2021-07-27 07:55:31,854 - Discovery - Open Intent Discovery Begin...
2021-07-27 07:55:31,854 - Discovery - Parameters Initialization...
2021-07-27 07:55:31,854 - Discovery - ============================== Params ==============================
2021-07-27 07:55:31,854 - Discovery - type:	open_intent_discovery
2021-07-27 07:55:31,854 - Discovery - logger_name:	Discovery
2021-07-27 07:55:31,854 - Discovery - log_dir:	logs
2021-07-27 07:55:31,854 - Discovery - dataset:	banking
2021-07-27 07:55:31,854 - Discovery - known_cls_ratio:	0.75
2021-07-27 07:55:31,854 - Discovery - labeled_ratio:	0.1
2021-07-27 07:55:31,854 - Discovery - cluster_num_factor:	1.0
2021-07-27 07:55:31,854 - Discovery - method:	AG
2021-07-27 07:55:31,854 - Discovery - train:	True
2021-07-27 07:55:31,855 - Discovery - save_model:	False
2021-07-27 07:55:31,855 - Discovery - backbone:	glove
2021-07-27 07:55:31,855 - Discovery - num_train_epochs:	100
2021-07-27 07:55:31,855 - Discovery - setting:	unsupervised
2021-07-27 07:55:31,855 - Discovery - config_file_name:	AG
2021-07-27 07:55:31,855 - Discovery - seed:	7
2021-07-27 07:55:31,855 - Discovery - gpu_id:	0
2021-07-27 07:55:31,855 - Discovery - pipe_results_path:	pipe_results
2021-07-27 07:55:31,855 - Discovery - data_dir:	/home/zhanghanlei/git/TEXTOIR/open_intent_discovery/../data
2021-07-27 07:55:31,855 - Discovery - output_dir:	/home/sharing/disk2/zhanghanlei/save_data_162/TEXTOIR/outputs
2021-07-27 07:55:31,855 - Discovery - model_dir:	models
2021-07-27 07:55:31,855 - Discovery - result_dir:	results
2021-07-27 07:55:31,855 - Discovery - results_file_name:	results_KM.csv
2021-07-27 07:55:31,855 - Discovery - save_results:	True
2021-07-27 07:55:31,855 - Discovery - method_output_dir:	/home/sharing/disk2/zhanghanlei/save_data_162/TEXTOIR/outputs/open_intent_discovery/AG_banking_0.75_0.1_glove_7
2021-07-27 07:55:31,855 - Discovery - model_output_dir:	/home/sharing/disk2/zhanghanlei/save_data_162/TEXTOIR/outputs/open_intent_discovery/AG_banking_0.75_0.1_glove_7/models
2021-07-27 07:55:31,855 - Discovery - glove_model:	/home/sharing/disk1/pretrained_embedding/glove
2021-07-27 07:55:31,855 - Discovery - max_num_words:	10000
2021-07-27 07:55:31,855 - Discovery - ============================== End Params ==============================
2021-07-27 07:55:31,855 - Discovery - Data and Model Preparation...
2021-07-27 07:55:33,353 - Discovery - Building GloVe (D=300)...
2021-07-27 07:55:52,163 - Discovery - Building finished!
2021-07-27 07:55:52,279 - Discovery - Training Begin...
2021-07-27 07:55:52,279 - Discovery - Agglomerative Clustering does not need training...
2021-07-27 07:55:52,279 - Discovery - Training Finished...
2021-07-27 07:55:52,279 - Discovery - Testing begin...
2021-07-27 07:55:52,279 - Discovery - Agglomerative Clustering start...
2021-07-27 07:56:04,031 - Discovery - ***** Test: Confusion Matrix *****
2021-07-27 07:56:04,032 - Discovery - [[0 0 1 ... 0 0 0]
 [0 0 0 ... 0 0 0]
 [0 0 0 ... 0 0 0]
 ...
 [0 0 0 ... 0 0 0]
 [0 0 1 ... 0 0 0]
 [0 0 0 ... 1 0 0]]
2021-07-27 07:56:04,032 - Discovery - ***** Test results *****
2021-07-27 07:56:04,032 - Discovery -   ACC = 31.79
2021-07-27 07:56:04,032 - Discovery -   ARI = 15.52
2021-07-27 07:56:04,032 - Discovery -   NMI = 53.35
2021-07-27 07:56:04,032 - Discovery - Testing finished...
2021-07-27 07:56:04,032 - Discovery - Results saved in results/results_KM.csv
2021-07-27 07:56:04,056 - Discovery - Open Intent Discovery Finished...
