2021-07-27 07:54:19,743 - Discovery - Open Intent Discovery Begin...
2021-07-27 07:54:19,743 - Discovery - Parameters Initialization...
2021-07-27 07:54:19,744 - Discovery - ============================== Params ==============================
2021-07-27 07:54:19,744 - Discovery - type:	open_intent_discovery
2021-07-27 07:54:19,744 - Discovery - logger_name:	Discovery
2021-07-27 07:54:19,744 - Discovery - log_dir:	logs
2021-07-27 07:54:19,744 - Discovery - dataset:	banking
2021-07-27 07:54:19,744 - Discovery - known_cls_ratio:	0.75
2021-07-27 07:54:19,744 - Discovery - labeled_ratio:	0.1
2021-07-27 07:54:19,744 - Discovery - cluster_num_factor:	1.0
2021-07-27 07:54:19,744 - Discovery - method:	AG
2021-07-27 07:54:19,744 - Discovery - train:	True
2021-07-27 07:54:19,744 - Discovery - save_model:	False
2021-07-27 07:54:19,744 - Discovery - backbone:	glove
2021-07-27 07:54:19,744 - Discovery - num_train_epochs:	100
2021-07-27 07:54:19,744 - Discovery - setting:	unsupervised
2021-07-27 07:54:19,744 - Discovery - config_file_name:	AG
2021-07-27 07:54:19,744 - Discovery - seed:	5
2021-07-27 07:54:19,744 - Discovery - gpu_id:	0
2021-07-27 07:54:19,744 - Discovery - pipe_results_path:	pipe_results
2021-07-27 07:54:19,744 - Discovery - data_dir:	/home/zhanghanlei/git/TEXTOIR/open_intent_discovery/../data
2021-07-27 07:54:19,744 - Discovery - output_dir:	/home/sharing/disk2/zhanghanlei/save_data_162/TEXTOIR/outputs
2021-07-27 07:54:19,744 - Discovery - model_dir:	models
2021-07-27 07:54:19,744 - Discovery - result_dir:	results
2021-07-27 07:54:19,744 - Discovery - results_file_name:	results_KM.csv
2021-07-27 07:54:19,744 - Discovery - save_results:	True
2021-07-27 07:54:19,744 - Discovery - method_output_dir:	/home/sharing/disk2/zhanghanlei/save_data_162/TEXTOIR/outputs/open_intent_discovery/AG_banking_0.75_0.1_glove_5
2021-07-27 07:54:19,744 - Discovery - model_output_dir:	/home/sharing/disk2/zhanghanlei/save_data_162/TEXTOIR/outputs/open_intent_discovery/AG_banking_0.75_0.1_glove_5/models
2021-07-27 07:54:19,744 - Discovery - glove_model:	/home/sharing/disk1/pretrained_embedding/glove
2021-07-27 07:54:19,744 - Discovery - max_num_words:	10000
2021-07-27 07:54:19,744 - Discovery - ============================== End Params ==============================
2021-07-27 07:54:19,744 - Discovery - Data and Model Preparation...
2021-07-27 07:54:21,197 - Discovery - Building GloVe (D=300)...
2021-07-27 07:54:40,271 - Discovery - Building finished!
2021-07-27 07:54:40,387 - Discovery - Training Begin...
2021-07-27 07:54:40,387 - Discovery - Agglomerative Clustering does not need training...
2021-07-27 07:54:40,387 - Discovery - Training Finished...
2021-07-27 07:54:40,388 - Discovery - Testing begin...
2021-07-27 07:54:40,388 - Discovery - Agglomerative Clustering start...
2021-07-27 07:54:52,395 - Discovery - ***** Test: Confusion Matrix *****
2021-07-27 07:54:52,395 - Discovery - [[ 0  0  0 ...  0  0  0]
 [ 0  0  0 ...  0  0  0]
 [ 0  0  0 ...  0  0  0]
 ...
 [ 0  0  0 ...  0  0  0]
 [ 0  1  0 ...  0  1  0]
 [ 0  0  0 ...  1 12  0]]
2021-07-27 07:54:52,396 - Discovery - ***** Test results *****
2021-07-27 07:54:52,396 - Discovery -   ACC = 31.49
2021-07-27 07:54:52,396 - Discovery -   ARI = 15.52
2021-07-27 07:54:52,396 - Discovery -   NMI = 53.46
2021-07-27 07:54:52,396 - Discovery - Testing finished...
2021-07-27 07:54:52,396 - Discovery - Results saved in results/results_KM.csv
2021-07-27 07:54:52,419 - Discovery - Open Intent Discovery Finished...
