2021-07-27 07:53:43,273 - Discovery - Open Intent Discovery Begin...
2021-07-27 07:53:43,273 - Discovery - Parameters Initialization...
2021-07-27 07:53:43,273 - Discovery - ============================== Params ==============================
2021-07-27 07:53:43,273 - Discovery - type:	open_intent_discovery
2021-07-27 07:53:43,273 - Discovery - logger_name:	Discovery
2021-07-27 07:53:43,273 - Discovery - log_dir:	logs
2021-07-27 07:53:43,273 - Discovery - dataset:	banking
2021-07-27 07:53:43,273 - Discovery - known_cls_ratio:	0.75
2021-07-27 07:53:43,273 - Discovery - labeled_ratio:	0.1
2021-07-27 07:53:43,273 - Discovery - cluster_num_factor:	1.0
2021-07-27 07:53:43,273 - Discovery - method:	AG
2021-07-27 07:53:43,273 - Discovery - train:	True
2021-07-27 07:53:43,273 - Discovery - save_model:	False
2021-07-27 07:53:43,273 - Discovery - backbone:	glove
2021-07-27 07:53:43,273 - Discovery - num_train_epochs:	100
2021-07-27 07:53:43,273 - Discovery - setting:	unsupervised
2021-07-27 07:53:43,273 - Discovery - config_file_name:	AG
2021-07-27 07:53:43,273 - Discovery - seed:	4
2021-07-27 07:53:43,273 - Discovery - gpu_id:	0
2021-07-27 07:53:43,273 - Discovery - pipe_results_path:	pipe_results
2021-07-27 07:53:43,273 - Discovery - data_dir:	/home/zhanghanlei/git/TEXTOIR/open_intent_discovery/../data
2021-07-27 07:53:43,273 - Discovery - output_dir:	/home/sharing/disk2/zhanghanlei/save_data_162/TEXTOIR/outputs
2021-07-27 07:53:43,273 - Discovery - model_dir:	models
2021-07-27 07:53:43,273 - Discovery - result_dir:	results
2021-07-27 07:53:43,273 - Discovery - results_file_name:	results_KM.csv
2021-07-27 07:53:43,273 - Discovery - save_results:	True
2021-07-27 07:53:43,273 - Discovery - method_output_dir:	/home/sharing/disk2/zhanghanlei/save_data_162/TEXTOIR/outputs/open_intent_discovery/AG_banking_0.75_0.1_glove_4
2021-07-27 07:53:43,273 - Discovery - model_output_dir:	/home/sharing/disk2/zhanghanlei/save_data_162/TEXTOIR/outputs/open_intent_discovery/AG_banking_0.75_0.1_glove_4/models
2021-07-27 07:53:43,273 - Discovery - glove_model:	/home/sharing/disk1/pretrained_embedding/glove
2021-07-27 07:53:43,274 - Discovery - max_num_words:	10000
2021-07-27 07:53:43,274 - Discovery - ============================== End Params ==============================
2021-07-27 07:53:43,274 - Discovery - Data and Model Preparation...
2021-07-27 07:53:44,729 - Discovery - Building GloVe (D=300)...
2021-07-27 07:54:03,588 - Discovery - Building finished!
2021-07-27 07:54:03,703 - Discovery - Training Begin...
2021-07-27 07:54:03,703 - Discovery - Agglomerative Clustering does not need training...
2021-07-27 07:54:03,703 - Discovery - Training Finished...
2021-07-27 07:54:03,703 - Discovery - Testing begin...
2021-07-27 07:54:03,703 - Discovery - Agglomerative Clustering start...
2021-07-27 07:54:16,615 - Discovery - ***** Test: Confusion Matrix *****
2021-07-27 07:54:16,615 - Discovery - [[0 0 0 ... 0 0 0]
 [1 0 0 ... 3 0 0]
 [0 0 0 ... 0 0 0]
 ...
 [3 0 0 ... 0 0 0]
 [0 0 0 ... 0 0 0]
 [0 0 0 ... 0 0 0]]
2021-07-27 07:54:16,615 - Discovery - ***** Test results *****
2021-07-27 07:54:16,615 - Discovery -   ACC = 32.05
2021-07-27 07:54:16,615 - Discovery -   ARI = 14.97
2021-07-27 07:54:16,616 - Discovery -   NMI = 52.94
2021-07-27 07:54:16,616 - Discovery - Testing finished...
2021-07-27 07:54:16,616 - Discovery - Results saved in results/results_KM.csv
2021-07-27 07:54:16,639 - Discovery - Open Intent Discovery Finished...
