2021-07-27 07:56:07,191 - Discovery - Open Intent Discovery Begin...
2021-07-27 07:56:07,192 - Discovery - Parameters Initialization...
2021-07-27 07:56:07,192 - Discovery - ============================== Params ==============================
2021-07-27 07:56:07,192 - Discovery - type:	open_intent_discovery
2021-07-27 07:56:07,192 - Discovery - logger_name:	Discovery
2021-07-27 07:56:07,192 - Discovery - log_dir:	logs
2021-07-27 07:56:07,192 - Discovery - dataset:	banking
2021-07-27 07:56:07,192 - Discovery - known_cls_ratio:	0.75
2021-07-27 07:56:07,192 - Discovery - labeled_ratio:	0.1
2021-07-27 07:56:07,192 - Discovery - cluster_num_factor:	1.0
2021-07-27 07:56:07,192 - Discovery - method:	AG
2021-07-27 07:56:07,192 - Discovery - train:	True
2021-07-27 07:56:07,192 - Discovery - save_model:	False
2021-07-27 07:56:07,192 - Discovery - backbone:	glove
2021-07-27 07:56:07,192 - Discovery - num_train_epochs:	100
2021-07-27 07:56:07,192 - Discovery - setting:	unsupervised
2021-07-27 07:56:07,192 - Discovery - config_file_name:	AG
2021-07-27 07:56:07,192 - Discovery - seed:	8
2021-07-27 07:56:07,192 - Discovery - gpu_id:	0
2021-07-27 07:56:07,192 - Discovery - pipe_results_path:	pipe_results
2021-07-27 07:56:07,192 - Discovery - data_dir:	/home/zhanghanlei/git/TEXTOIR/open_intent_discovery/../data
2021-07-27 07:56:07,192 - Discovery - output_dir:	/home/sharing/disk2/zhanghanlei/save_data_162/TEXTOIR/outputs
2021-07-27 07:56:07,192 - Discovery - model_dir:	models
2021-07-27 07:56:07,192 - Discovery - result_dir:	results
2021-07-27 07:56:07,192 - Discovery - results_file_name:	results_KM.csv
2021-07-27 07:56:07,192 - Discovery - save_results:	True
2021-07-27 07:56:07,192 - Discovery - method_output_dir:	/home/sharing/disk2/zhanghanlei/save_data_162/TEXTOIR/outputs/open_intent_discovery/AG_banking_0.75_0.1_glove_8
2021-07-27 07:56:07,192 - Discovery - model_output_dir:	/home/sharing/disk2/zhanghanlei/save_data_162/TEXTOIR/outputs/open_intent_discovery/AG_banking_0.75_0.1_glove_8/models
2021-07-27 07:56:07,192 - Discovery - glove_model:	/home/sharing/disk1/pretrained_embedding/glove
2021-07-27 07:56:07,192 - Discovery - max_num_words:	10000
2021-07-27 07:56:07,192 - Discovery - ============================== End Params ==============================
2021-07-27 07:56:07,192 - Discovery - Data and Model Preparation...
2021-07-27 07:56:08,662 - Discovery - Building GloVe (D=300)...
2021-07-27 07:56:27,215 - Discovery - Building finished!
2021-07-27 07:56:27,332 - Discovery - Training Begin...
2021-07-27 07:56:27,332 - Discovery - Agglomerative Clustering does not need training...
2021-07-27 07:56:27,332 - Discovery - Training Finished...
2021-07-27 07:56:27,332 - Discovery - Testing begin...
2021-07-27 07:56:27,332 - Discovery - Agglomerative Clustering start...
2021-07-27 07:56:38,812 - Discovery - ***** Test: Confusion Matrix *****
2021-07-27 07:56:38,812 - Discovery - [[1 0 1 ... 3 3 2]
 [2 0 0 ... 0 0 0]
 [0 1 0 ... 0 0 0]
 ...
 [0 0 0 ... 0 0 0]
 [5 0 1 ... 2 0 0]
 [0 0 2 ... 0 0 2]]
2021-07-27 07:56:38,813 - Discovery - ***** Test results *****
2021-07-27 07:56:38,813 - Discovery -   ACC = 32.01
2021-07-27 07:56:38,813 - Discovery -   ARI = 14.95
2021-07-27 07:56:38,813 - Discovery -   NMI = 53.13
2021-07-27 07:56:38,813 - Discovery - Testing finished...
2021-07-27 07:56:38,813 - Discovery - Results saved in results/results_KM.csv
2021-07-27 07:56:38,837 - Discovery - Open Intent Discovery Finished...
