2021-07-27 08:00:04,683 - Discovery - Open Intent Discovery Begin...
2021-07-27 08:00:04,683 - Discovery - Parameters Initialization...
2021-07-27 08:00:04,683 - Discovery - ============================== Params ==============================
2021-07-27 08:00:04,683 - Discovery - type:	open_intent_discovery
2021-07-27 08:00:04,683 - Discovery - logger_name:	Discovery
2021-07-27 08:00:04,683 - Discovery - log_dir:	logs
2021-07-27 08:00:04,683 - Discovery - dataset:	clinc
2021-07-27 08:00:04,683 - Discovery - known_cls_ratio:	0.75
2021-07-27 08:00:04,683 - Discovery - labeled_ratio:	0.1
2021-07-27 08:00:04,683 - Discovery - cluster_num_factor:	1.0
2021-07-27 08:00:04,683 - Discovery - method:	AG
2021-07-27 08:00:04,683 - Discovery - train:	True
2021-07-27 08:00:04,683 - Discovery - save_model:	False
2021-07-27 08:00:04,683 - Discovery - backbone:	glove
2021-07-27 08:00:04,683 - Discovery - num_train_epochs:	100
2021-07-27 08:00:04,683 - Discovery - setting:	unsupervised
2021-07-27 08:00:04,683 - Discovery - config_file_name:	AG
2021-07-27 08:00:04,683 - Discovery - seed:	2
2021-07-27 08:00:04,683 - Discovery - gpu_id:	0
2021-07-27 08:00:04,683 - Discovery - pipe_results_path:	pipe_results
2021-07-27 08:00:04,683 - Discovery - data_dir:	/home/zhanghanlei/git/TEXTOIR/open_intent_discovery/../data
2021-07-27 08:00:04,683 - Discovery - output_dir:	/home/sharing/disk2/zhanghanlei/save_data_162/TEXTOIR/outputs
2021-07-27 08:00:04,683 - Discovery - model_dir:	models
2021-07-27 08:00:04,683 - Discovery - result_dir:	results
2021-07-27 08:00:04,683 - Discovery - results_file_name:	results_KM.csv
2021-07-27 08:00:04,683 - Discovery - save_results:	True
2021-07-27 08:00:04,683 - Discovery - method_output_dir:	/home/sharing/disk2/zhanghanlei/save_data_162/TEXTOIR/outputs/open_intent_discovery/AG_clinc_0.75_0.1_glove_2
2021-07-27 08:00:04,683 - Discovery - model_output_dir:	/home/sharing/disk2/zhanghanlei/save_data_162/TEXTOIR/outputs/open_intent_discovery/AG_clinc_0.75_0.1_glove_2/models
2021-07-27 08:00:04,683 - Discovery - glove_model:	/home/sharing/disk1/pretrained_embedding/glove
2021-07-27 08:00:04,683 - Discovery - max_num_words:	10000
2021-07-27 08:00:04,684 - Discovery - ============================== End Params ==============================
2021-07-27 08:00:04,684 - Discovery - Data and Model Preparation...
2021-07-27 08:00:06,527 - Discovery - Building GloVe (D=300)...
2021-07-27 08:00:26,531 - Discovery - Building finished!
2021-07-27 08:00:26,648 - Discovery - Training Begin...
2021-07-27 08:00:26,648 - Discovery - Agglomerative Clustering does not need training...
2021-07-27 08:00:26,648 - Discovery - Training Finished...
2021-07-27 08:00:26,648 - Discovery - Testing begin...
2021-07-27 08:00:26,648 - Discovery - Agglomerative Clustering start...
2021-07-27 08:01:25,143 - Discovery - ***** Test: Confusion Matrix *****
2021-07-27 08:01:25,144 - Discovery - [[0 0 0 ... 0 0 0]
 [0 0 0 ... 0 0 0]
 [0 0 0 ... 0 0 0]
 ...
 [0 0 0 ... 0 0 0]
 [0 0 0 ... 0 0 0]
 [0 0 1 ... 0 0 0]]
2021-07-27 08:01:25,144 - Discovery - ***** Test results *****
2021-07-27 08:01:25,144 - Discovery -   ACC = 44.53
2021-07-27 08:01:25,144 - Discovery -   ARI = 27.51
2021-07-27 08:01:25,144 - Discovery -   NMI = 72.32
2021-07-27 08:01:25,144 - Discovery - Testing finished...
2021-07-27 08:01:25,144 - Discovery - Results saved in results/results_KM.csv
2021-07-27 08:01:25,170 - Discovery - Open Intent Discovery Finished...
