2021-08-10 09:47:14,800 - Discovery - Open Intent Discovery Begin...
2021-08-10 09:47:14,800 - Discovery - Parameters Initialization...
2021-08-10 09:47:14,800 - Discovery - ============================== Params ==============================
2021-08-10 09:47:14,800 - Discovery - type:	open_intent_discovery
2021-08-10 09:47:14,800 - Discovery - logger_name:	Discovery
2021-08-10 09:47:14,800 - Discovery - log_dir:	logs
2021-08-10 09:47:14,800 - Discovery - dataset:	snips
2021-08-10 09:47:14,800 - Discovery - known_cls_ratio:	0.75
2021-08-10 09:47:14,800 - Discovery - labeled_ratio:	0.1
2021-08-10 09:47:14,800 - Discovery - cluster_num_factor:	1.0
2021-08-10 09:47:14,800 - Discovery - method:	CDACPlus
2021-08-10 09:47:14,801 - Discovery - train:	True
2021-08-10 09:47:14,801 - Discovery - save_model:	False
2021-08-10 09:47:14,801 - Discovery - backbone:	bert_CDAC
2021-08-10 09:47:14,801 - Discovery - setting:	semi_supervised
2021-08-10 09:47:14,801 - Discovery - config_file_name:	CDACPlus
2021-08-10 09:47:14,801 - Discovery - seed:	0
2021-08-10 09:47:14,801 - Discovery - gpu_id:	0
2021-08-10 09:47:14,801 - Discovery - pipe_results_path:	pipe_results
2021-08-10 09:47:14,801 - Discovery - data_dir:	/home/zhanghanlei/git/submit/TEXTOIR/open_intent_discovery/../data
2021-08-10 09:47:14,801 - Discovery - output_dir:	/home/sharing/disk2/zhanghanlei/save_data_162/TEXTOIR/outputs
2021-08-10 09:47:14,801 - Discovery - model_dir:	models
2021-08-10 09:47:14,801 - Discovery - result_dir:	results
2021-08-10 09:47:14,801 - Discovery - results_file_name:	results_CDACPlus.csv
2021-08-10 09:47:14,801 - Discovery - save_results:	True
2021-08-10 09:47:14,801 - Discovery - task_output_dir:	/home/sharing/disk2/zhanghanlei/save_data_162/TEXTOIR/outputs/open_intent_discovery
2021-08-10 09:47:14,801 - Discovery - method_output_dir:	/home/sharing/disk2/zhanghanlei/save_data_162/TEXTOIR/outputs/open_intent_discovery/CDACPlus_snips_0.75_0.1_bert_CDAC_0
2021-08-10 09:47:14,801 - Discovery - model_output_dir:	/home/sharing/disk2/zhanghanlei/save_data_162/TEXTOIR/outputs/open_intent_discovery/CDACPlus_snips_0.75_0.1_bert_CDAC_0/models
2021-08-10 09:47:14,801 - Discovery - bert_model:	/home/sharing/disk1/pretrained_embedding/bert/uncased_L-12_H-768_A-12/
2021-08-10 09:47:14,801 - Discovery - num_labels:	None
2021-08-10 09:47:14,801 - Discovery - num_train_epochs:	46
2021-08-10 09:47:14,801 - Discovery - num_refine_epochs:	100
2021-08-10 09:47:14,801 - Discovery - max_seq_length:	None
2021-08-10 09:47:14,801 - Discovery - freeze_bert_parameters:	True
2021-08-10 09:47:14,801 - Discovery - feat_dim:	768
2021-08-10 09:47:14,801 - Discovery - warmup_proportion:	0.1
2021-08-10 09:47:14,801 - Discovery - lr:	5e-05
2021-08-10 09:47:14,801 - Discovery - activation:	tanh
2021-08-10 09:47:14,801 - Discovery - u:	0.95
2021-08-10 09:47:14,801 - Discovery - l:	0.455
2021-08-10 09:47:14,801 - Discovery - train_batch_size:	256
2021-08-10 09:47:14,801 - Discovery - eval_batch_size:	64
2021-08-10 09:47:14,801 - Discovery - test_batch_size:	64
2021-08-10 09:47:14,801 - Discovery - wait_patient:	5
2021-08-10 09:47:14,801 - Discovery - ============================== End Params ==============================
2021-08-10 09:47:14,801 - Discovery - Data and Model Preparation...
2021-08-10 09:47:14,802 - Discovery - The number of known intents is 5
2021-08-10 09:47:14,802 - Discovery - Lists of known labels are: ['SearchScreeningEvent', 'GetWeather', 'BookRestaurant', 'PlayMusic', 'AddToPlaylist']
2021-08-10 09:47:16,154 - Discovery - Number of labeled training samples = 936
2021-08-10 09:47:16,154 - Discovery - Number of unlabeled training samples = 12148
2021-08-10 09:47:16,155 - Discovery - Number of evaluation samples = 500
2021-08-10 09:47:16,156 - Discovery - Number of testing samples = 700
2021-08-10 09:47:21,170 - Discovery - Freeze all parameters but the last layer for efficiency
2021-08-10 09:47:23,053 - Discovery - Training Begin...
2021-08-10 09:47:23,053 - Discovery - Pairwise-similarity Learning begin...
2021-08-10 09:47:30,817 - Discovery - ***** Epoch: 0: Eval results *****
2021-08-10 09:47:30,817 - Discovery -   delta_label = 0.838
2021-08-10 09:47:30,817 - Discovery -   eval_score = 25.17
2021-08-10 09:47:30,817 - Discovery -   l_threshold = 0.455
2021-08-10 09:47:30,817 - Discovery -   train_labeled_loss = 5.045585632324219
2021-08-10 09:47:30,817 - Discovery -   train_loss = 0.6548957251585447
2021-08-10 09:47:30,817 - Discovery -   u_threshold = 0.95
2021-08-10 09:47:38,194 - Discovery - ***** Epoch: 1: Eval results *****
2021-08-10 09:47:38,194 - Discovery -   delta_label = 0.354
2021-08-10 09:47:38,194 - Discovery -   eval_score = 46.56
2021-08-10 09:47:38,194 - Discovery -   l_threshold = 0.456
2021-08-10 09:47:38,194 - Discovery -   train_labeled_loss = 5.281027913093567
2021-08-10 09:47:38,194 - Discovery -   train_loss = 0.578648906487685
2021-08-10 09:47:38,194 - Discovery -   u_threshold = 0.9401
2021-08-10 09:47:45,483 - Discovery - ***** Epoch: 2: Eval results *****
2021-08-10 09:47:45,483 - Discovery -   delta_label = 0.214
2021-08-10 09:47:45,483 - Discovery -   eval_score = 54.33
2021-08-10 09:47:45,483 - Discovery -   l_threshold = 0.457
2021-08-10 09:47:45,483 - Discovery -   train_labeled_loss = 1.707429975271225
2021-08-10 09:47:45,484 - Discovery -   train_loss = 0.5243654686671037
2021-08-10 09:47:45,484 - Discovery -   u_threshold = 0.9302
2021-08-10 09:47:52,836 - Discovery - ***** Epoch: 3: Eval results *****
2021-08-10 09:47:52,836 - Discovery -   delta_label = 0.286
2021-08-10 09:47:52,836 - Discovery -   eval_score = 67.3
2021-08-10 09:47:52,836 - Discovery -   l_threshold = 0.458
2021-08-10 09:47:52,836 - Discovery -   train_labeled_loss = 0.4544036388397217
2021-08-10 09:47:52,836 - Discovery -   train_loss = 0.4970923518905273
2021-08-10 09:47:52,837 - Discovery -   u_threshold = 0.9203
2021-08-10 09:48:00,145 - Discovery - ***** Epoch: 4: Eval results *****
2021-08-10 09:48:00,145 - Discovery -   delta_label = 0.22
2021-08-10 09:48:00,145 - Discovery -   eval_score = 70.17
2021-08-10 09:48:00,145 - Discovery -   l_threshold = 0.459
2021-08-10 09:48:00,145 - Discovery -   train_labeled_loss = 0.2577665410935879
2021-08-10 09:48:00,145 - Discovery -   train_loss = 0.4736599509532635
2021-08-10 09:48:00,145 - Discovery -   u_threshold = 0.9104
2021-08-10 09:48:07,485 - Discovery - ***** Epoch: 5: Eval results *****
2021-08-10 09:48:07,485 - Discovery -   delta_label = 0.086
2021-08-10 09:48:07,485 - Discovery -   eval_score = 69.41
2021-08-10 09:48:07,486 - Discovery -   l_threshold = 0.46
2021-08-10 09:48:07,486 - Discovery -   train_labeled_loss = 0.08492926321923733
2021-08-10 09:48:07,486 - Discovery -   train_loss = 0.4565574756035438
2021-08-10 09:48:07,486 - Discovery -   u_threshold = 0.9005
2021-08-10 09:48:14,835 - Discovery - ***** Epoch: 6: Eval results *****
2021-08-10 09:48:14,835 - Discovery -   delta_label = 0.128
2021-08-10 09:48:14,835 - Discovery -   eval_score = 73.72
2021-08-10 09:48:14,835 - Discovery -   l_threshold = 0.4609
2021-08-10 09:48:14,835 - Discovery -   train_labeled_loss = 0.05332527030259371
2021-08-10 09:48:14,835 - Discovery -   train_loss = 0.4467361695491351
2021-08-10 09:48:14,835 - Discovery -   u_threshold = 0.8906
2021-08-10 09:48:22,212 - Discovery - ***** Epoch: 7: Eval results *****
2021-08-10 09:48:22,212 - Discovery -   delta_label = 0.068
2021-08-10 09:48:22,212 - Discovery -   eval_score = 76.03
2021-08-10 09:48:22,212 - Discovery -   l_threshold = 0.4619
2021-08-10 09:48:22,212 - Discovery -   train_labeled_loss = 0.09145077131688595
2021-08-10 09:48:22,212 - Discovery -   train_loss = 0.4333016608770077
2021-08-10 09:48:22,212 - Discovery -   u_threshold = 0.8807
2021-08-10 09:48:29,644 - Discovery - ***** Epoch: 8: Eval results *****
2021-08-10 09:48:29,644 - Discovery -   delta_label = 0.066
2021-08-10 09:48:29,644 - Discovery -   eval_score = 76.64
2021-08-10 09:48:29,644 - Discovery -   l_threshold = 0.4629
2021-08-10 09:48:29,644 - Discovery -   train_labeled_loss = 0.04518426023423672
2021-08-10 09:48:29,644 - Discovery -   train_loss = 0.42047812388493466
2021-08-10 09:48:29,644 - Discovery -   u_threshold = 0.8708
2021-08-10 09:48:37,031 - Discovery - ***** Epoch: 9: Eval results *****
2021-08-10 09:48:37,031 - Discovery -   delta_label = 0.026
2021-08-10 09:48:37,031 - Discovery -   eval_score = 78.87
2021-08-10 09:48:37,031 - Discovery -   l_threshold = 0.4639
2021-08-10 09:48:37,031 - Discovery -   train_labeled_loss = 0.08163664443418384
2021-08-10 09:48:37,031 - Discovery -   train_loss = 0.408013437802975
2021-08-10 09:48:37,031 - Discovery -   u_threshold = 0.8609
2021-08-10 09:48:44,434 - Discovery - ***** Epoch: 10: Eval results *****
2021-08-10 09:48:44,434 - Discovery -   delta_label = 0.016
2021-08-10 09:48:44,434 - Discovery -   eval_score = 80.63
2021-08-10 09:48:44,434 - Discovery -   l_threshold = 0.4649
2021-08-10 09:48:44,434 - Discovery -   train_labeled_loss = 0.06560679338872433
2021-08-10 09:48:44,434 - Discovery -   train_loss = 0.39716860537345594
2021-08-10 09:48:44,434 - Discovery -   u_threshold = 0.851
2021-08-10 09:48:51,787 - Discovery - ***** Epoch: 11: Eval results *****
2021-08-10 09:48:51,787 - Discovery -   delta_label = 0.004
2021-08-10 09:48:51,787 - Discovery -   eval_score = 80.91
2021-08-10 09:48:51,787 - Discovery -   l_threshold = 0.4659
2021-08-10 09:48:51,787 - Discovery -   train_labeled_loss = 0.026240416802465916
2021-08-10 09:48:51,787 - Discovery -   train_loss = 0.38496033732707685
2021-08-10 09:48:51,787 - Discovery -   u_threshold = 0.8411
2021-08-10 09:48:59,141 - Discovery - ***** Epoch: 12: Eval results *****
2021-08-10 09:48:59,141 - Discovery -   delta_label = 0.012
2021-08-10 09:48:59,141 - Discovery -   eval_score = 80.06
2021-08-10 09:48:59,141 - Discovery -   l_threshold = 0.4669
2021-08-10 09:48:59,141 - Discovery -   train_labeled_loss = 0.02557638380676508
2021-08-10 09:48:59,141 - Discovery -   train_loss = 0.3735360296872946
2021-08-10 09:48:59,141 - Discovery -   u_threshold = 0.8312
2021-08-10 09:49:06,560 - Discovery - ***** Epoch: 13: Eval results *****
2021-08-10 09:49:06,560 - Discovery -   delta_label = 0.018
2021-08-10 09:49:06,560 - Discovery -   eval_score = 78.98
2021-08-10 09:49:06,560 - Discovery -   l_threshold = 0.4679
2021-08-10 09:49:06,560 - Discovery -   train_labeled_loss = 0.030767150688916445
2021-08-10 09:49:06,560 - Discovery -   train_loss = 0.3619512789524518
2021-08-10 09:49:06,560 - Discovery -   u_threshold = 0.8213
2021-08-10 09:49:13,942 - Discovery - ***** Epoch: 14: Eval results *****
2021-08-10 09:49:13,942 - Discovery -   delta_label = 0.02
2021-08-10 09:49:13,942 - Discovery -   eval_score = 78.01
2021-08-10 09:49:13,942 - Discovery -   l_threshold = 0.4689
2021-08-10 09:49:13,942 - Discovery -   train_labeled_loss = 0.022082802839577198
2021-08-10 09:49:13,942 - Discovery -   train_loss = 0.3504581737976808
2021-08-10 09:49:13,942 - Discovery -   u_threshold = 0.8114
2021-08-10 09:49:21,391 - Discovery - ***** Epoch: 15: Eval results *****
2021-08-10 09:49:21,391 - Discovery -   delta_label = 0.02
2021-08-10 09:49:21,391 - Discovery -   eval_score = 78.55
2021-08-10 09:49:21,391 - Discovery -   l_threshold = 0.4698
2021-08-10 09:49:21,391 - Discovery -   train_labeled_loss = 0.02150155184790492
2021-08-10 09:49:21,391 - Discovery -   train_loss = 0.3391498075081752
2021-08-10 09:49:21,391 - Discovery -   u_threshold = 0.8015
2021-08-10 09:49:28,898 - Discovery - ***** Epoch: 16: Eval results *****
2021-08-10 09:49:28,898 - Discovery -   delta_label = 0.01
2021-08-10 09:49:28,898 - Discovery -   eval_score = 77.72
2021-08-10 09:49:28,898 - Discovery -   l_threshold = 0.4708
2021-08-10 09:49:28,898 - Discovery -   train_labeled_loss = 0.016378710279241204
2021-08-10 09:49:28,898 - Discovery -   train_loss = 0.32762983670601475
2021-08-10 09:49:28,898 - Discovery -   u_threshold = 0.7916
2021-08-10 09:49:36,339 - Discovery - ***** Epoch: 17: Eval results *****
2021-08-10 09:49:36,339 - Discovery -   delta_label = 0.032
2021-08-10 09:49:36,339 - Discovery -   eval_score = 76.23
2021-08-10 09:49:36,339 - Discovery -   l_threshold = 0.4718
2021-08-10 09:49:36,339 - Discovery -   train_labeled_loss = 0.01972323702648282
2021-08-10 09:49:36,339 - Discovery -   train_loss = 0.3165610650411019
2021-08-10 09:49:36,339 - Discovery -   u_threshold = 0.7817
2021-08-10 09:49:43,738 - Discovery - ***** Epoch: 18: Eval results *****
2021-08-10 09:49:43,739 - Discovery -   delta_label = 0.01
2021-08-10 09:49:43,739 - Discovery -   eval_score = 76.37
2021-08-10 09:49:43,739 - Discovery -   l_threshold = 0.4728
2021-08-10 09:49:43,739 - Discovery -   train_labeled_loss = 0.015568884089589119
2021-08-10 09:49:43,739 - Discovery -   train_loss = 0.3052361114667012
2021-08-10 09:49:43,739 - Discovery -   u_threshold = 0.7718
2021-08-10 09:49:51,174 - Discovery - ***** Epoch: 19: Eval results *****
2021-08-10 09:49:51,174 - Discovery -   delta_label = 0.014
2021-08-10 09:49:51,174 - Discovery -   eval_score = 75.62
2021-08-10 09:49:51,174 - Discovery -   l_threshold = 0.4738
2021-08-10 09:49:51,174 - Discovery -   train_labeled_loss = 0.013962487690150738
2021-08-10 09:49:51,174 - Discovery -   train_loss = 0.2941536078086266
2021-08-10 09:49:51,174 - Discovery -   u_threshold = 0.7619
2021-08-10 09:49:58,558 - Discovery - ***** Epoch: 20: Eval results *****
2021-08-10 09:49:58,558 - Discovery -   delta_label = 0.012
2021-08-10 09:49:58,558 - Discovery -   eval_score = 75.34
2021-08-10 09:49:58,558 - Discovery -   l_threshold = 0.4748
2021-08-10 09:49:58,558 - Discovery -   train_labeled_loss = 0.012630184181034565
2021-08-10 09:49:58,558 - Discovery -   train_loss = 0.28271210766755617
2021-08-10 09:49:58,558 - Discovery -   u_threshold = 0.752
2021-08-10 09:50:05,940 - Discovery - ***** Epoch: 21: Eval results *****
2021-08-10 09:50:05,940 - Discovery -   delta_label = 0.016
2021-08-10 09:50:05,940 - Discovery -   eval_score = 75.61
2021-08-10 09:50:05,940 - Discovery -   l_threshold = 0.4758
2021-08-10 09:50:05,940 - Discovery -   train_labeled_loss = 0.012601194903254509
2021-08-10 09:50:05,940 - Discovery -   train_loss = 0.27184328780724454
2021-08-10 09:50:05,940 - Discovery -   u_threshold = 0.7421
2021-08-10 09:50:13,400 - Discovery - ***** Epoch: 22: Eval results *****
2021-08-10 09:50:13,400 - Discovery -   delta_label = 0.018
2021-08-10 09:50:13,400 - Discovery -   eval_score = 75.51
2021-08-10 09:50:13,400 - Discovery -   l_threshold = 0.4768
2021-08-10 09:50:13,400 - Discovery -   train_labeled_loss = 0.016390641452744603
2021-08-10 09:50:13,400 - Discovery -   train_loss = 0.26071715928041017
2021-08-10 09:50:13,400 - Discovery -   u_threshold = 0.7322
2021-08-10 09:50:20,899 - Discovery - ***** Epoch: 23: Eval results *****
2021-08-10 09:50:20,900 - Discovery -   delta_label = 0.014
2021-08-10 09:50:20,900 - Discovery -   eval_score = 74.46
2021-08-10 09:50:20,900 - Discovery -   l_threshold = 0.4778
2021-08-10 09:50:20,900 - Discovery -   train_labeled_loss = 0.010432802839204669
2021-08-10 09:50:20,900 - Discovery -   train_loss = 0.24951319511120135
2021-08-10 09:50:20,900 - Discovery -   u_threshold = 0.7223
2021-08-10 09:50:28,294 - Discovery - ***** Epoch: 24: Eval results *****
2021-08-10 09:50:28,294 - Discovery -   delta_label = 0.01
2021-08-10 09:50:28,294 - Discovery -   eval_score = 74.88
2021-08-10 09:50:28,294 - Discovery -   l_threshold = 0.4788
2021-08-10 09:50:28,294 - Discovery -   train_labeled_loss = 0.010000020265579224
2021-08-10 09:50:28,294 - Discovery -   train_loss = 0.23832593055871817
2021-08-10 09:50:28,294 - Discovery -   u_threshold = 0.7124
2021-08-10 09:50:35,711 - Discovery - ***** Epoch: 25: Eval results *****
2021-08-10 09:50:35,711 - Discovery -   delta_label = 0.002
2021-08-10 09:50:35,711 - Discovery -   eval_score = 75.2
2021-08-10 09:50:35,711 - Discovery -   l_threshold = 0.4798
2021-08-10 09:50:35,711 - Discovery -   train_labeled_loss = 0.008412370341829956
2021-08-10 09:50:35,711 - Discovery -   train_loss = 0.22768511336583358
2021-08-10 09:50:35,711 - Discovery -   u_threshold = 0.7025
2021-08-10 09:50:43,092 - Discovery - ***** Epoch: 26: Eval results *****
2021-08-10 09:50:43,092 - Discovery -   delta_label = 0.008
2021-08-10 09:50:43,092 - Discovery -   eval_score = 74.87
2021-08-10 09:50:43,092 - Discovery -   l_threshold = 0.4807
2021-08-10 09:50:43,092 - Discovery -   train_labeled_loss = 0.009379909140989184
2021-08-10 09:50:43,092 - Discovery -   train_loss = 0.21639138689407936
2021-08-10 09:50:43,093 - Discovery -   u_threshold = 0.6926
2021-08-10 09:50:50,524 - Discovery - ***** Epoch: 27: Eval results *****
2021-08-10 09:50:50,524 - Discovery -   delta_label = 0.01
2021-08-10 09:50:50,524 - Discovery -   eval_score = 74.66
2021-08-10 09:50:50,525 - Discovery -   l_threshold = 0.4817
2021-08-10 09:50:50,525 - Discovery -   train_labeled_loss = 0.007364948862232268
2021-08-10 09:50:50,525 - Discovery -   train_loss = 0.20543711460553682
2021-08-10 09:50:50,525 - Discovery -   u_threshold = 0.6827
2021-08-10 09:50:57,908 - Discovery - ***** Epoch: 28: Eval results *****
2021-08-10 09:50:57,908 - Discovery -   delta_label = 0.014
2021-08-10 09:50:57,908 - Discovery -   eval_score = 74.72
2021-08-10 09:50:57,908 - Discovery -   l_threshold = 0.4827
2021-08-10 09:50:57,908 - Discovery -   train_labeled_loss = 0.007508386275731027
2021-08-10 09:50:57,908 - Discovery -   train_loss = 0.19467545701907232
2021-08-10 09:50:57,908 - Discovery -   u_threshold = 0.6728
2021-08-10 09:51:05,295 - Discovery - ***** Epoch: 29: Eval results *****
2021-08-10 09:51:05,295 - Discovery -   delta_label = 0.022
2021-08-10 09:51:05,295 - Discovery -   eval_score = 74.43
2021-08-10 09:51:05,295 - Discovery -   l_threshold = 0.4837
2021-08-10 09:51:05,295 - Discovery -   train_labeled_loss = 0.01171727990731597
2021-08-10 09:51:05,295 - Discovery -   train_loss = 0.1836448059632228
2021-08-10 09:51:05,295 - Discovery -   u_threshold = 0.6629
2021-08-10 09:51:12,703 - Discovery - ***** Epoch: 30: Eval results *****
2021-08-10 09:51:12,703 - Discovery -   delta_label = 0.012
2021-08-10 09:51:12,703 - Discovery -   eval_score = 74.73
2021-08-10 09:51:12,704 - Discovery -   l_threshold = 0.4847
2021-08-10 09:51:12,704 - Discovery -   train_labeled_loss = 0.007669161772355437
2021-08-10 09:51:12,704 - Discovery -   train_loss = 0.17251677352648515
2021-08-10 09:51:12,704 - Discovery -   u_threshold = 0.653
2021-08-10 09:51:20,240 - Discovery - ***** Epoch: 31: Eval results *****
2021-08-10 09:51:20,240 - Discovery -   delta_label = 0.008
2021-08-10 09:51:20,241 - Discovery -   eval_score = 74.56
2021-08-10 09:51:20,241 - Discovery -   l_threshold = 0.4857
2021-08-10 09:51:20,241 - Discovery -   train_labeled_loss = 0.007885184488259256
2021-08-10 09:51:20,241 - Discovery -   train_loss = 0.1616291105747223
2021-08-10 09:51:20,241 - Discovery -   u_threshold = 0.6431
2021-08-10 09:51:27,696 - Discovery - ***** Epoch: 32: Eval results *****
2021-08-10 09:51:27,696 - Discovery -   delta_label = 0.008
2021-08-10 09:51:27,696 - Discovery -   eval_score = 74.43
2021-08-10 09:51:27,696 - Discovery -   l_threshold = 0.4867
2021-08-10 09:51:27,696 - Discovery -   train_labeled_loss = 0.006073098978959024
2021-08-10 09:51:27,696 - Discovery -   train_loss = 0.15086877689911768
2021-08-10 09:51:27,696 - Discovery -   u_threshold = 0.6332
2021-08-10 09:51:35,138 - Discovery - ***** Epoch: 33: Eval results *****
2021-08-10 09:51:35,138 - Discovery -   delta_label = 0.004
2021-08-10 09:51:35,138 - Discovery -   eval_score = 74.39
2021-08-10 09:51:35,138 - Discovery -   l_threshold = 0.4877
2021-08-10 09:51:35,138 - Discovery -   train_labeled_loss = 0.009313370799645782
2021-08-10 09:51:35,138 - Discovery -   train_loss = 0.13984606701594132
2021-08-10 09:51:35,138 - Discovery -   u_threshold = 0.6233
2021-08-10 09:51:42,631 - Discovery - ***** Epoch: 34: Eval results *****
2021-08-10 09:51:42,631 - Discovery -   delta_label = 0.004
2021-08-10 09:51:42,631 - Discovery -   eval_score = 74.56
2021-08-10 09:51:42,631 - Discovery -   l_threshold = 0.4887
2021-08-10 09:51:42,631 - Discovery -   train_labeled_loss = 0.00696849194355309
2021-08-10 09:51:42,631 - Discovery -   train_loss = 0.12886517208356124
2021-08-10 09:51:42,631 - Discovery -   u_threshold = 0.6134
2021-08-10 09:51:50,083 - Discovery - ***** Epoch: 35: Eval results *****
2021-08-10 09:51:50,083 - Discovery -   delta_label = 0.002
2021-08-10 09:51:50,084 - Discovery -   eval_score = 74.41
2021-08-10 09:51:50,084 - Discovery -   l_threshold = 0.4897
2021-08-10 09:51:50,084 - Discovery -   train_labeled_loss = 0.006882397457957268
2021-08-10 09:51:50,084 - Discovery -   train_loss = 0.11793993528072651
2021-08-10 09:51:50,084 - Discovery -   u_threshold = 0.6035
2021-08-10 09:51:57,542 - Discovery - ***** Epoch: 36: Eval results *****
2021-08-10 09:51:57,542 - Discovery -   delta_label = 0.004
2021-08-10 09:51:57,542 - Discovery -   eval_score = 74.36
2021-08-10 09:51:57,542 - Discovery -   l_threshold = 0.4906
2021-08-10 09:51:57,542 - Discovery -   train_labeled_loss = 0.007385152974165976
2021-08-10 09:51:57,542 - Discovery -   train_loss = 0.10708943353249477
2021-08-10 09:51:57,542 - Discovery -   u_threshold = 0.5936
2021-08-10 09:52:04,981 - Discovery - ***** Epoch: 37: Eval results *****
2021-08-10 09:52:04,981 - Discovery -   delta_label = 0.004
2021-08-10 09:52:04,981 - Discovery -   eval_score = 74.58
2021-08-10 09:52:04,981 - Discovery -   l_threshold = 0.4916
2021-08-10 09:52:04,981 - Discovery -   train_labeled_loss = 0.00613943615462631
2021-08-10 09:52:04,981 - Discovery -   train_loss = 0.09624389043221107
2021-08-10 09:52:04,981 - Discovery -   u_threshold = 0.5837
2021-08-10 09:52:12,399 - Discovery - ***** Epoch: 38: Eval results *****
2021-08-10 09:52:12,399 - Discovery -   delta_label = 0.002
2021-08-10 09:52:12,399 - Discovery -   eval_score = 74.6
2021-08-10 09:52:12,399 - Discovery -   l_threshold = 0.4926
2021-08-10 09:52:12,399 - Discovery -   train_labeled_loss = 0.010301706730388105
2021-08-10 09:52:12,399 - Discovery -   train_loss = 0.08543953070273766
2021-08-10 09:52:12,399 - Discovery -   u_threshold = 0.5738
2021-08-10 09:52:19,898 - Discovery - ***** Epoch: 39: Eval results *****
2021-08-10 09:52:19,898 - Discovery -   delta_label = 0.0
2021-08-10 09:52:19,898 - Discovery -   eval_score = 74.6
2021-08-10 09:52:19,898 - Discovery -   l_threshold = 0.4936
2021-08-10 09:52:19,898 - Discovery -   train_labeled_loss = 0.0066837582271546125
2021-08-10 09:52:19,898 - Discovery -   train_loss = 0.07444695784495427
2021-08-10 09:52:19,898 - Discovery -   u_threshold = 0.5639
2021-08-10 09:52:27,321 - Discovery - ***** Epoch: 40: Eval results *****
2021-08-10 09:52:27,322 - Discovery -   delta_label = 0.0
2021-08-10 09:52:27,322 - Discovery -   eval_score = 74.6
2021-08-10 09:52:27,322 - Discovery -   l_threshold = 0.4946
2021-08-10 09:52:27,322 - Discovery -   train_labeled_loss = 0.007621342898346484
2021-08-10 09:52:27,322 - Discovery -   train_loss = 0.06361423318202679
2021-08-10 09:52:27,322 - Discovery -   u_threshold = 0.554
2021-08-10 09:52:34,731 - Discovery - ***** Epoch: 41: Eval results *****
2021-08-10 09:52:34,731 - Discovery -   delta_label = 0.0
2021-08-10 09:52:34,731 - Discovery -   eval_score = 74.6
2021-08-10 09:52:34,731 - Discovery -   l_threshold = 0.4956
2021-08-10 09:52:34,731 - Discovery -   train_labeled_loss = 0.007365967147052288
2021-08-10 09:52:34,731 - Discovery -   train_loss = 0.05280415943035713
2021-08-10 09:52:34,731 - Discovery -   u_threshold = 0.5441
2021-08-10 09:52:42,149 - Discovery - ***** Epoch: 42: Eval results *****
2021-08-10 09:52:42,149 - Discovery -   delta_label = 0.0
2021-08-10 09:52:42,149 - Discovery -   eval_score = 74.6
2021-08-10 09:52:42,149 - Discovery -   l_threshold = 0.4966
2021-08-10 09:52:42,149 - Discovery -   train_labeled_loss = 0.006014775950461626
2021-08-10 09:52:42,149 - Discovery -   train_loss = 0.041992397262499884
2021-08-10 09:52:42,149 - Discovery -   u_threshold = 0.5342
2021-08-10 09:52:49,585 - Discovery - ***** Epoch: 43: Eval results *****
2021-08-10 09:52:49,585 - Discovery -   delta_label = 0.0
2021-08-10 09:52:49,585 - Discovery -   eval_score = 74.6
2021-08-10 09:52:49,585 - Discovery -   l_threshold = 0.4976
2021-08-10 09:52:49,586 - Discovery -   train_labeled_loss = 0.00733117270283401
2021-08-10 09:52:49,586 - Discovery -   train_loss = 0.031253733314000644
2021-08-10 09:52:49,586 - Discovery -   u_threshold = 0.5243
2021-08-10 09:52:57,023 - Discovery - ***** Epoch: 44: Eval results *****
2021-08-10 09:52:57,023 - Discovery -   delta_label = 0.0
2021-08-10 09:52:57,023 - Discovery -   eval_score = 74.6
2021-08-10 09:52:57,023 - Discovery -   l_threshold = 0.4986
2021-08-10 09:52:57,023 - Discovery -   train_labeled_loss = 0.006939935847185552
2021-08-10 09:52:57,023 - Discovery -   train_loss = 0.020211837612665616
2021-08-10 09:52:57,023 - Discovery -   u_threshold = 0.5144
2021-08-10 09:53:04,442 - Discovery - ***** Epoch: 45: Eval results *****
2021-08-10 09:53:04,442 - Discovery -   delta_label = 0.0
2021-08-10 09:53:04,442 - Discovery -   eval_score = 74.6
2021-08-10 09:53:04,442 - Discovery -   l_threshold = 0.4996
2021-08-10 09:53:04,442 - Discovery -   train_labeled_loss = 0.007694269996136427
2021-08-10 09:53:04,442 - Discovery -   train_loss = 0.009129817669208232
2021-08-10 09:53:04,442 - Discovery -   u_threshold = 0.5045
2021-08-10 09:53:04,442 - Discovery - Pairwise-similarity Learning finished...
2021-08-10 09:53:04,442 - Discovery - Cluster refining begin...
2021-08-10 09:53:04,442 - Discovery - Initialize centroids...
2021-08-10 09:53:09,420 - Discovery - Initialization finished...
2021-08-10 09:53:21,528 - Discovery - ***** Epoch: 0: Eval results *****
2021-08-10 09:53:21,528 - Discovery -   best_eval_score = 90.68
2021-08-10 09:53:21,528 - Discovery -   delta_label = 1.0
2021-08-10 09:53:21,528 - Discovery -   eval_score = 90.68
2021-08-10 09:53:21,528 - Discovery -   kl_loss = 0.0384
2021-08-10 09:53:26,983 - Discovery - Break at epoch: 2 and delta_label: 0.000000.
2021-08-10 09:53:26,983 - Discovery - Cluster refining finished...
2021-08-10 09:53:26,984 - Discovery - Training Finished...
2021-08-10 09:53:26,984 - Discovery - Testing begin...
2021-08-10 09:53:27,291 - Discovery - ***** Test: Confusion Matrix *****
2021-08-10 09:53:27,291 - Discovery - [[122   0   0   0   0   0   2]
 [  0  91   0   0   0   0   1]
 [  0   1   0   0 102   0   1]
 [  0   0   0   0   0  82   4]
 [  0   0  80   0   0   0   0]
 [  0   0   0   9   0  12  86]
 [  0   0   0  89   0   0  18]]
2021-08-10 09:53:27,291 - Discovery - ***** Test results *****
2021-08-10 09:53:27,291 - Discovery -   ACC = 93.14
2021-08-10 09:53:27,291 - Discovery -   ARI = 85.65
2021-08-10 09:53:27,291 - Discovery -   NMI = 88.31
2021-08-10 09:53:27,292 - Discovery - Testing finished...
2021-08-10 09:53:27,292 - Discovery - Results saved in results/results_CDACPlus.csv
2021-08-10 09:53:27,312 - Discovery - Open Intent Discovery Finished...
