2021-08-10 09:53:30,299 - Discovery - Open Intent Discovery Begin...
2021-08-10 09:53:30,300 - Discovery - Parameters Initialization...
2021-08-10 09:53:30,300 - Discovery - ============================== Params ==============================
2021-08-10 09:53:30,300 - Discovery - type:	open_intent_discovery
2021-08-10 09:53:30,300 - Discovery - logger_name:	Discovery
2021-08-10 09:53:30,300 - Discovery - log_dir:	logs
2021-08-10 09:53:30,300 - Discovery - dataset:	snips
2021-08-10 09:53:30,300 - Discovery - known_cls_ratio:	0.75
2021-08-10 09:53:30,300 - Discovery - labeled_ratio:	0.1
2021-08-10 09:53:30,300 - Discovery - cluster_num_factor:	1.0
2021-08-10 09:53:30,300 - Discovery - method:	CDACPlus
2021-08-10 09:53:30,300 - Discovery - train:	True
2021-08-10 09:53:30,300 - Discovery - save_model:	False
2021-08-10 09:53:30,300 - Discovery - backbone:	bert_CDAC
2021-08-10 09:53:30,300 - Discovery - setting:	semi_supervised
2021-08-10 09:53:30,300 - Discovery - config_file_name:	CDACPlus
2021-08-10 09:53:30,300 - Discovery - seed:	1
2021-08-10 09:53:30,300 - Discovery - gpu_id:	0
2021-08-10 09:53:30,300 - Discovery - pipe_results_path:	pipe_results
2021-08-10 09:53:30,300 - Discovery - data_dir:	/home/zhanghanlei/git/submit/TEXTOIR/open_intent_discovery/../data
2021-08-10 09:53:30,300 - Discovery - output_dir:	/home/sharing/disk2/zhanghanlei/save_data_162/TEXTOIR/outputs
2021-08-10 09:53:30,300 - Discovery - model_dir:	models
2021-08-10 09:53:30,300 - Discovery - result_dir:	results
2021-08-10 09:53:30,300 - Discovery - results_file_name:	results_CDACPlus.csv
2021-08-10 09:53:30,300 - Discovery - save_results:	True
2021-08-10 09:53:30,300 - Discovery - task_output_dir:	/home/sharing/disk2/zhanghanlei/save_data_162/TEXTOIR/outputs/open_intent_discovery
2021-08-10 09:53:30,300 - Discovery - method_output_dir:	/home/sharing/disk2/zhanghanlei/save_data_162/TEXTOIR/outputs/open_intent_discovery/CDACPlus_snips_0.75_0.1_bert_CDAC_1
2021-08-10 09:53:30,300 - Discovery - model_output_dir:	/home/sharing/disk2/zhanghanlei/save_data_162/TEXTOIR/outputs/open_intent_discovery/CDACPlus_snips_0.75_0.1_bert_CDAC_1/models
2021-08-10 09:53:30,300 - Discovery - bert_model:	/home/sharing/disk1/pretrained_embedding/bert/uncased_L-12_H-768_A-12/
2021-08-10 09:53:30,300 - Discovery - num_labels:	None
2021-08-10 09:53:30,300 - Discovery - num_train_epochs:	46
2021-08-10 09:53:30,300 - Discovery - num_refine_epochs:	100
2021-08-10 09:53:30,300 - Discovery - max_seq_length:	None
2021-08-10 09:53:30,300 - Discovery - freeze_bert_parameters:	True
2021-08-10 09:53:30,301 - Discovery - feat_dim:	768
2021-08-10 09:53:30,301 - Discovery - warmup_proportion:	0.1
2021-08-10 09:53:30,301 - Discovery - lr:	5e-05
2021-08-10 09:53:30,301 - Discovery - activation:	tanh
2021-08-10 09:53:30,301 - Discovery - u:	0.95
2021-08-10 09:53:30,301 - Discovery - l:	0.455
2021-08-10 09:53:30,301 - Discovery - train_batch_size:	256
2021-08-10 09:53:30,301 - Discovery - eval_batch_size:	64
2021-08-10 09:53:30,301 - Discovery - test_batch_size:	64
2021-08-10 09:53:30,301 - Discovery - wait_patient:	5
2021-08-10 09:53:30,301 - Discovery - ============================== End Params ==============================
2021-08-10 09:53:30,301 - Discovery - Data and Model Preparation...
2021-08-10 09:53:30,301 - Discovery - The number of known intents is 5
2021-08-10 09:53:30,302 - Discovery - Lists of known labels are: ['SearchScreeningEvent', 'GetWeather', 'BookRestaurant', 'AddToPlaylist', 'RateBook']
2021-08-10 09:53:31,691 - Discovery - Number of labeled training samples = 933
2021-08-10 09:53:31,691 - Discovery - Number of unlabeled training samples = 12151
2021-08-10 09:53:31,692 - Discovery - Number of evaluation samples = 500
2021-08-10 09:53:31,694 - Discovery - Number of testing samples = 700
2021-08-10 09:53:36,697 - Discovery - Freeze all parameters but the last layer for efficiency
2021-08-10 09:53:38,620 - Discovery - Training Begin...
2021-08-10 09:53:38,620 - Discovery - Pairwise-similarity Learning begin...
2021-08-10 09:53:46,565 - Discovery - ***** Epoch: 0: Eval results *****
2021-08-10 09:53:46,566 - Discovery -   delta_label = 0.698
2021-08-10 09:53:46,566 - Discovery -   eval_score = 31.78
2021-08-10 09:53:46,566 - Discovery -   l_threshold = 0.455
2021-08-10 09:53:46,566 - Discovery -   train_labeled_loss = 4.526519179344177
2021-08-10 09:53:46,566 - Discovery -   train_loss = 0.6452243396869073
2021-08-10 09:53:46,566 - Discovery -   u_threshold = 0.95
2021-08-10 09:53:54,099 - Discovery - ***** Epoch: 1: Eval results *****
2021-08-10 09:53:54,099 - Discovery -   delta_label = 0.18
2021-08-10 09:53:54,099 - Discovery -   eval_score = 51.47
2021-08-10 09:53:54,099 - Discovery -   l_threshold = 0.456
2021-08-10 09:53:54,099 - Discovery -   train_labeled_loss = 4.563125252723694
2021-08-10 09:53:54,099 - Discovery -   train_loss = 0.5763054214991056
2021-08-10 09:53:54,099 - Discovery -   u_threshold = 0.9401
2021-08-10 09:54:01,478 - Discovery - ***** Epoch: 2: Eval results *****
2021-08-10 09:54:01,478 - Discovery -   delta_label = 0.092
2021-08-10 09:54:01,478 - Discovery -   eval_score = 54.63
2021-08-10 09:54:01,478 - Discovery -   l_threshold = 0.457
2021-08-10 09:54:01,478 - Discovery -   train_labeled_loss = 0.8373061418533325
2021-08-10 09:54:01,478 - Discovery -   train_loss = 0.5209556210499543
2021-08-10 09:54:01,478 - Discovery -   u_threshold = 0.9302
2021-08-10 09:54:08,879 - Discovery - ***** Epoch: 3: Eval results *****
2021-08-10 09:54:08,879 - Discovery -   delta_label = 0.072
2021-08-10 09:54:08,879 - Discovery -   eval_score = 54.08
2021-08-10 09:54:08,879 - Discovery -   l_threshold = 0.458
2021-08-10 09:54:08,879 - Discovery -   train_labeled_loss = 0.3295498825609684
2021-08-10 09:54:08,879 - Discovery -   train_loss = 0.4980572989353767
2021-08-10 09:54:08,879 - Discovery -   u_threshold = 0.9203
2021-08-10 09:54:16,292 - Discovery - ***** Epoch: 4: Eval results *****
2021-08-10 09:54:16,292 - Discovery -   delta_label = 0.166
2021-08-10 09:54:16,292 - Discovery -   eval_score = 63.31
2021-08-10 09:54:16,292 - Discovery -   l_threshold = 0.459
2021-08-10 09:54:16,292 - Discovery -   train_labeled_loss = 0.22672439366579056
2021-08-10 09:54:16,292 - Discovery -   train_loss = 0.48027321925530064
2021-08-10 09:54:16,292 - Discovery -   u_threshold = 0.9104
2021-08-10 09:54:23,718 - Discovery - ***** Epoch: 5: Eval results *****
2021-08-10 09:54:23,719 - Discovery -   delta_label = 0.044
2021-08-10 09:54:23,719 - Discovery -   eval_score = 63.14
2021-08-10 09:54:23,719 - Discovery -   l_threshold = 0.46
2021-08-10 09:54:23,719 - Discovery -   train_labeled_loss = 0.08928192779421806
2021-08-10 09:54:23,719 - Discovery -   train_loss = 0.4621906796327004
2021-08-10 09:54:23,719 - Discovery -   u_threshold = 0.9005
2021-08-10 09:54:31,149 - Discovery - ***** Epoch: 6: Eval results *****
2021-08-10 09:54:31,149 - Discovery -   delta_label = 0.028
2021-08-10 09:54:31,149 - Discovery -   eval_score = 60.14
2021-08-10 09:54:31,149 - Discovery -   l_threshold = 0.4609
2021-08-10 09:54:31,149 - Discovery -   train_labeled_loss = 0.05966236349195242
2021-08-10 09:54:31,149 - Discovery -   train_loss = 0.4498402281449391
2021-08-10 09:54:31,149 - Discovery -   u_threshold = 0.8906
2021-08-10 09:54:38,562 - Discovery - ***** Epoch: 7: Eval results *****
2021-08-10 09:54:38,562 - Discovery -   delta_label = 0.016
2021-08-10 09:54:38,562 - Discovery -   eval_score = 61.35
2021-08-10 09:54:38,562 - Discovery -   l_threshold = 0.4619
2021-08-10 09:54:38,562 - Discovery -   train_labeled_loss = 0.0576240960508585
2021-08-10 09:54:38,562 - Discovery -   train_loss = 0.4376420390147429
2021-08-10 09:54:38,562 - Discovery -   u_threshold = 0.8807
2021-08-10 09:54:46,061 - Discovery - ***** Epoch: 8: Eval results *****
2021-08-10 09:54:46,061 - Discovery -   delta_label = 0.03
2021-08-10 09:54:46,061 - Discovery -   eval_score = 61.81
2021-08-10 09:54:46,061 - Discovery -   l_threshold = 0.4629
2021-08-10 09:54:46,061 - Discovery -   train_labeled_loss = 0.08801336120814085
2021-08-10 09:54:46,061 - Discovery -   train_loss = 0.4255284242905103
2021-08-10 09:54:46,061 - Discovery -   u_threshold = 0.8708
2021-08-10 09:54:53,494 - Discovery - ***** Epoch: 9: Eval results *****
2021-08-10 09:54:53,494 - Discovery -   delta_label = 0.024
2021-08-10 09:54:53,494 - Discovery -   eval_score = 61.09
2021-08-10 09:54:53,494 - Discovery -   l_threshold = 0.4639
2021-08-10 09:54:53,494 - Discovery -   train_labeled_loss = 0.0483033275231719
2021-08-10 09:54:53,494 - Discovery -   train_loss = 0.41197350735847765
2021-08-10 09:54:53,494 - Discovery -   u_threshold = 0.8609
2021-08-10 09:55:00,969 - Discovery - ***** Epoch: 10: Eval results *****
2021-08-10 09:55:00,969 - Discovery -   delta_label = 0.044
2021-08-10 09:55:00,969 - Discovery -   eval_score = 62.38
2021-08-10 09:55:00,970 - Discovery -   l_threshold = 0.4649
2021-08-10 09:55:00,970 - Discovery -   train_labeled_loss = 0.06764971418306231
2021-08-10 09:55:00,970 - Discovery -   train_loss = 0.40104245107907516
2021-08-10 09:55:00,970 - Discovery -   u_threshold = 0.851
2021-08-10 09:55:08,422 - Discovery - ***** Epoch: 11: Eval results *****
2021-08-10 09:55:08,422 - Discovery -   delta_label = 0.038
2021-08-10 09:55:08,422 - Discovery -   eval_score = 62.43
2021-08-10 09:55:08,422 - Discovery -   l_threshold = 0.4659
2021-08-10 09:55:08,422 - Discovery -   train_labeled_loss = 0.033929442055523396
2021-08-10 09:55:08,422 - Discovery -   train_loss = 0.3883799704221579
2021-08-10 09:55:08,422 - Discovery -   u_threshold = 0.8411
2021-08-10 09:55:15,833 - Discovery - ***** Epoch: 12: Eval results *****
2021-08-10 09:55:15,833 - Discovery -   delta_label = 0.026
2021-08-10 09:55:15,833 - Discovery -   eval_score = 64.28
2021-08-10 09:55:15,833 - Discovery -   l_threshold = 0.4669
2021-08-10 09:55:15,833 - Discovery -   train_labeled_loss = 0.02365488139912486
2021-08-10 09:55:15,834 - Discovery -   train_loss = 0.3765680675323193
2021-08-10 09:55:15,834 - Discovery -   u_threshold = 0.8312
2021-08-10 09:55:23,244 - Discovery - ***** Epoch: 13: Eval results *****
2021-08-10 09:55:23,244 - Discovery -   delta_label = 0.002
2021-08-10 09:55:23,244 - Discovery -   eval_score = 64.25
2021-08-10 09:55:23,244 - Discovery -   l_threshold = 0.4679
2021-08-10 09:55:23,245 - Discovery -   train_labeled_loss = 0.026654043700546026
2021-08-10 09:55:23,245 - Discovery -   train_loss = 0.3650053303975325
2021-08-10 09:55:23,245 - Discovery -   u_threshold = 0.8213
2021-08-10 09:55:30,671 - Discovery - ***** Epoch: 14: Eval results *****
2021-08-10 09:55:30,671 - Discovery -   delta_label = 0.004
2021-08-10 09:55:30,671 - Discovery -   eval_score = 63.84
2021-08-10 09:55:30,671 - Discovery -   l_threshold = 0.4689
2021-08-10 09:55:30,671 - Discovery -   train_labeled_loss = 0.054889687802642584
2021-08-10 09:55:30,671 - Discovery -   train_loss = 0.35344038674464595
2021-08-10 09:55:30,671 - Discovery -   u_threshold = 0.8114
2021-08-10 09:55:38,086 - Discovery - ***** Epoch: 15: Eval results *****
2021-08-10 09:55:38,086 - Discovery -   delta_label = 0.01
2021-08-10 09:55:38,086 - Discovery -   eval_score = 63.92
2021-08-10 09:55:38,086 - Discovery -   l_threshold = 0.4698
2021-08-10 09:55:38,086 - Discovery -   train_labeled_loss = 0.04320136061869562
2021-08-10 09:55:38,086 - Discovery -   train_loss = 0.34345322159620434
2021-08-10 09:55:38,086 - Discovery -   u_threshold = 0.8015
2021-08-10 09:55:45,602 - Discovery - ***** Epoch: 16: Eval results *****
2021-08-10 09:55:45,603 - Discovery -   delta_label = 0.008
2021-08-10 09:55:45,603 - Discovery -   eval_score = 63.91
2021-08-10 09:55:45,603 - Discovery -   l_threshold = 0.4708
2021-08-10 09:55:45,603 - Discovery -   train_labeled_loss = 0.01695374329574406
2021-08-10 09:55:45,603 - Discovery -   train_loss = 0.33080500020430637
2021-08-10 09:55:45,603 - Discovery -   u_threshold = 0.7916
2021-08-10 09:55:53,070 - Discovery - ***** Epoch: 17: Eval results *****
2021-08-10 09:55:53,070 - Discovery -   delta_label = 0.004
2021-08-10 09:55:53,070 - Discovery -   eval_score = 63.39
2021-08-10 09:55:53,070 - Discovery -   l_threshold = 0.4718
2021-08-10 09:55:53,070 - Discovery -   train_labeled_loss = 0.019297068705782294
2021-08-10 09:55:53,071 - Discovery -   train_loss = 0.31936999353078693
2021-08-10 09:55:53,071 - Discovery -   u_threshold = 0.7817
2021-08-10 09:56:00,508 - Discovery - ***** Epoch: 18: Eval results *****
2021-08-10 09:56:00,508 - Discovery -   delta_label = 0.012
2021-08-10 09:56:00,508 - Discovery -   eval_score = 64.76
2021-08-10 09:56:00,508 - Discovery -   l_threshold = 0.4728
2021-08-10 09:56:00,508 - Discovery -   train_labeled_loss = 0.014992920914664865
2021-08-10 09:56:00,508 - Discovery -   train_loss = 0.30799963726447177
2021-08-10 09:56:00,508 - Discovery -   u_threshold = 0.7718
2021-08-10 09:56:07,937 - Discovery - ***** Epoch: 19: Eval results *****
2021-08-10 09:56:07,938 - Discovery -   delta_label = 0.01
2021-08-10 09:56:07,938 - Discovery -   eval_score = 63.74
2021-08-10 09:56:07,938 - Discovery -   l_threshold = 0.4738
2021-08-10 09:56:07,938 - Discovery -   train_labeled_loss = 0.01538837980479002
2021-08-10 09:56:07,938 - Discovery -   train_loss = 0.2962864270577064
2021-08-10 09:56:07,938 - Discovery -   u_threshold = 0.7619
2021-08-10 09:56:15,344 - Discovery - ***** Epoch: 20: Eval results *****
2021-08-10 09:56:15,344 - Discovery -   delta_label = 0.006
2021-08-10 09:56:15,344 - Discovery -   eval_score = 64.53
2021-08-10 09:56:15,344 - Discovery -   l_threshold = 0.4748
2021-08-10 09:56:15,344 - Discovery -   train_labeled_loss = 0.012778935488313437
2021-08-10 09:56:15,344 - Discovery -   train_loss = 0.2855641899200586
2021-08-10 09:56:15,344 - Discovery -   u_threshold = 0.752
2021-08-10 09:56:22,812 - Discovery - ***** Epoch: 21: Eval results *****
2021-08-10 09:56:22,812 - Discovery -   delta_label = 0.012
2021-08-10 09:56:22,812 - Discovery -   eval_score = 65.33
2021-08-10 09:56:22,812 - Discovery -   l_threshold = 0.4758
2021-08-10 09:56:22,812 - Discovery -   train_labeled_loss = 0.01188477617688477
2021-08-10 09:56:22,812 - Discovery -   train_loss = 0.2742912689080605
2021-08-10 09:56:22,812 - Discovery -   u_threshold = 0.7421
2021-08-10 09:56:30,242 - Discovery - ***** Epoch: 22: Eval results *****
2021-08-10 09:56:30,242 - Discovery -   delta_label = 0.012
2021-08-10 09:56:30,242 - Discovery -   eval_score = 64.6
2021-08-10 09:56:30,242 - Discovery -   l_threshold = 0.4768
2021-08-10 09:56:30,242 - Discovery -   train_labeled_loss = 0.01941839896608144
2021-08-10 09:56:30,242 - Discovery -   train_loss = 0.26374649084531343
2021-08-10 09:56:30,242 - Discovery -   u_threshold = 0.7322
2021-08-10 09:56:37,787 - Discovery - ***** Epoch: 23: Eval results *****
2021-08-10 09:56:37,787 - Discovery -   delta_label = 0.01
2021-08-10 09:56:37,787 - Discovery -   eval_score = 65.06
2021-08-10 09:56:37,787 - Discovery -   l_threshold = 0.4778
2021-08-10 09:56:37,787 - Discovery -   train_labeled_loss = 0.012543336022645235
2021-08-10 09:56:37,787 - Discovery -   train_loss = 0.2521045139202705
2021-08-10 09:56:37,787 - Discovery -   u_threshold = 0.7223
2021-08-10 09:56:45,224 - Discovery - ***** Epoch: 24: Eval results *****
2021-08-10 09:56:45,224 - Discovery -   delta_label = 0.008
2021-08-10 09:56:45,224 - Discovery -   eval_score = 65.02
2021-08-10 09:56:45,224 - Discovery -   l_threshold = 0.4788
2021-08-10 09:56:45,224 - Discovery -   train_labeled_loss = 0.00939420610666275
2021-08-10 09:56:45,224 - Discovery -   train_loss = 0.24096735280293685
2021-08-10 09:56:45,224 - Discovery -   u_threshold = 0.7124
2021-08-10 09:56:52,686 - Discovery - ***** Epoch: 25: Eval results *****
2021-08-10 09:56:52,686 - Discovery -   delta_label = 0.006
2021-08-10 09:56:52,686 - Discovery -   eval_score = 64.03
2021-08-10 09:56:52,686 - Discovery -   l_threshold = 0.4798
2021-08-10 09:56:52,686 - Discovery -   train_labeled_loss = 0.014587079174816608
2021-08-10 09:56:52,687 - Discovery -   train_loss = 0.2299621311517862
2021-08-10 09:56:52,687 - Discovery -   u_threshold = 0.7025
2021-08-10 09:57:00,133 - Discovery - ***** Epoch: 26: Eval results *****
2021-08-10 09:57:00,133 - Discovery -   delta_label = 0.004
2021-08-10 09:57:00,133 - Discovery -   eval_score = 64.53
2021-08-10 09:57:00,133 - Discovery -   l_threshold = 0.4807
2021-08-10 09:57:00,133 - Discovery -   train_labeled_loss = 0.010013985680416226
2021-08-10 09:57:00,133 - Discovery -   train_loss = 0.21868440623466784
2021-08-10 09:57:00,133 - Discovery -   u_threshold = 0.6926
2021-08-10 09:57:07,586 - Discovery - ***** Epoch: 27: Eval results *****
2021-08-10 09:57:07,586 - Discovery -   delta_label = 0.002
2021-08-10 09:57:07,586 - Discovery -   eval_score = 65.02
2021-08-10 09:57:07,586 - Discovery -   l_threshold = 0.4817
2021-08-10 09:57:07,586 - Discovery -   train_labeled_loss = 0.007952244952321053
2021-08-10 09:57:07,586 - Discovery -   train_loss = 0.20747233239504007
2021-08-10 09:57:07,586 - Discovery -   u_threshold = 0.6827
2021-08-10 09:57:15,075 - Discovery - ***** Epoch: 28: Eval results *****
2021-08-10 09:57:15,075 - Discovery -   delta_label = 0.008
2021-08-10 09:57:15,075 - Discovery -   eval_score = 66.13
2021-08-10 09:57:15,075 - Discovery -   l_threshold = 0.4827
2021-08-10 09:57:15,075 - Discovery -   train_labeled_loss = 0.007462316192686558
2021-08-10 09:57:15,075 - Discovery -   train_loss = 0.196628233561149
2021-08-10 09:57:15,075 - Discovery -   u_threshold = 0.6728
2021-08-10 09:57:22,498 - Discovery - ***** Epoch: 29: Eval results *****
2021-08-10 09:57:22,498 - Discovery -   delta_label = 0.0
2021-08-10 09:57:22,499 - Discovery -   eval_score = 66.13
2021-08-10 09:57:22,499 - Discovery -   l_threshold = 0.4837
2021-08-10 09:57:22,499 - Discovery -   train_labeled_loss = 0.007846854976378381
2021-08-10 09:57:22,499 - Discovery -   train_loss = 0.18553819335423982
2021-08-10 09:57:22,499 - Discovery -   u_threshold = 0.6629
2021-08-10 09:57:29,967 - Discovery - ***** Epoch: 30: Eval results *****
2021-08-10 09:57:29,968 - Discovery -   delta_label = 0.004
2021-08-10 09:57:29,968 - Discovery -   eval_score = 65.63
2021-08-10 09:57:29,968 - Discovery -   l_threshold = 0.4847
2021-08-10 09:57:29,968 - Discovery -   train_labeled_loss = 0.008544625248759985
2021-08-10 09:57:29,968 - Discovery -   train_loss = 0.17447887934171236
2021-08-10 09:57:29,968 - Discovery -   u_threshold = 0.653
2021-08-10 09:57:37,469 - Discovery - ***** Epoch: 31: Eval results *****
2021-08-10 09:57:37,470 - Discovery -   delta_label = 0.006
2021-08-10 09:57:37,470 - Discovery -   eval_score = 65.84
2021-08-10 09:57:37,470 - Discovery -   l_threshold = 0.4857
2021-08-10 09:57:37,470 - Discovery -   train_labeled_loss = 0.015317662619054317
2021-08-10 09:57:37,470 - Discovery -   train_loss = 0.1638911377925139
2021-08-10 09:57:37,470 - Discovery -   u_threshold = 0.6431
2021-08-10 09:57:44,925 - Discovery - ***** Epoch: 32: Eval results *****
2021-08-10 09:57:44,925 - Discovery -   delta_label = 0.0
2021-08-10 09:57:44,925 - Discovery -   eval_score = 65.84
2021-08-10 09:57:44,925 - Discovery -   l_threshold = 0.4867
2021-08-10 09:57:44,925 - Discovery -   train_labeled_loss = 0.007476522587239742
2021-08-10 09:57:44,925 - Discovery -   train_loss = 0.15266874203315148
2021-08-10 09:57:44,925 - Discovery -   u_threshold = 0.6332
2021-08-10 09:57:52,374 - Discovery - ***** Epoch: 33: Eval results *****
2021-08-10 09:57:52,375 - Discovery -   delta_label = 0.004
2021-08-10 09:57:52,375 - Discovery -   eval_score = 66.43
2021-08-10 09:57:52,375 - Discovery -   l_threshold = 0.4877
2021-08-10 09:57:52,375 - Discovery -   train_labeled_loss = 0.0062783879693597555
2021-08-10 09:57:52,375 - Discovery -   train_loss = 0.14173912199643943
2021-08-10 09:57:52,375 - Discovery -   u_threshold = 0.6233
2021-08-10 09:57:59,782 - Discovery - ***** Epoch: 34: Eval results *****
2021-08-10 09:57:59,783 - Discovery -   delta_label = 0.002
2021-08-10 09:57:59,783 - Discovery -   eval_score = 66.74
2021-08-10 09:57:59,783 - Discovery -   l_threshold = 0.4887
2021-08-10 09:57:59,783 - Discovery -   train_labeled_loss = 0.006449599284678698
2021-08-10 09:57:59,783 - Discovery -   train_loss = 0.1308099776506424
2021-08-10 09:57:59,783 - Discovery -   u_threshold = 0.6134
2021-08-10 09:58:07,229 - Discovery - ***** Epoch: 35: Eval results *****
2021-08-10 09:58:07,229 - Discovery -   delta_label = 0.002
2021-08-10 09:58:07,229 - Discovery -   eval_score = 67.06
2021-08-10 09:58:07,229 - Discovery -   l_threshold = 0.4897
2021-08-10 09:58:07,229 - Discovery -   train_labeled_loss = 0.007140488130971789
2021-08-10 09:58:07,229 - Discovery -   train_loss = 0.11995778060876407
2021-08-10 09:58:07,229 - Discovery -   u_threshold = 0.6035
2021-08-10 09:58:14,652 - Discovery - ***** Epoch: 36: Eval results *****
2021-08-10 09:58:14,652 - Discovery -   delta_label = 0.002
2021-08-10 09:58:14,652 - Discovery -   eval_score = 66.74
2021-08-10 09:58:14,652 - Discovery -   l_threshold = 0.4906
2021-08-10 09:58:14,652 - Discovery -   train_labeled_loss = 0.007260223967023194
2021-08-10 09:58:14,652 - Discovery -   train_loss = 0.10893209393207844
2021-08-10 09:58:14,652 - Discovery -   u_threshold = 0.5936
2021-08-10 09:58:22,078 - Discovery - ***** Epoch: 37: Eval results *****
2021-08-10 09:58:22,078 - Discovery -   delta_label = 0.0
2021-08-10 09:58:22,078 - Discovery -   eval_score = 66.74
2021-08-10 09:58:22,078 - Discovery -   l_threshold = 0.4916
2021-08-10 09:58:22,078 - Discovery -   train_labeled_loss = 0.00558305683080107
2021-08-10 09:58:22,078 - Discovery -   train_loss = 0.09780805844527024
2021-08-10 09:58:22,078 - Discovery -   u_threshold = 0.5837
2021-08-10 09:58:29,581 - Discovery - ***** Epoch: 38: Eval results *****
2021-08-10 09:58:29,581 - Discovery -   delta_label = 0.002
2021-08-10 09:58:29,581 - Discovery -   eval_score = 67.06
2021-08-10 09:58:29,581 - Discovery -   l_threshold = 0.4926
2021-08-10 09:58:29,581 - Discovery -   train_labeled_loss = 0.007409074227325618
2021-08-10 09:58:29,581 - Discovery -   train_loss = 0.08710743830754207
2021-08-10 09:58:29,581 - Discovery -   u_threshold = 0.5738
2021-08-10 09:58:37,142 - Discovery - ***** Epoch: 39: Eval results *****
2021-08-10 09:58:37,142 - Discovery -   delta_label = 0.0
2021-08-10 09:58:37,142 - Discovery -   eval_score = 67.06
2021-08-10 09:58:37,142 - Discovery -   l_threshold = 0.4936
2021-08-10 09:58:37,142 - Discovery -   train_labeled_loss = 0.006555163883604109
2021-08-10 09:58:37,142 - Discovery -   train_loss = 0.07676160908662356
2021-08-10 09:58:37,142 - Discovery -   u_threshold = 0.5639
2021-08-10 09:58:44,607 - Discovery - ***** Epoch: 40: Eval results *****
2021-08-10 09:58:44,607 - Discovery -   delta_label = 0.002
2021-08-10 09:58:44,607 - Discovery -   eval_score = 66.74
2021-08-10 09:58:44,607 - Discovery -   l_threshold = 0.4946
2021-08-10 09:58:44,607 - Discovery -   train_labeled_loss = 0.007400952512398362
2021-08-10 09:58:44,607 - Discovery -   train_loss = 0.06497294169205886
2021-08-10 09:58:44,607 - Discovery -   u_threshold = 0.554
2021-08-10 09:58:52,095 - Discovery - ***** Epoch: 41: Eval results *****
2021-08-10 09:58:52,095 - Discovery -   delta_label = 0.0
2021-08-10 09:58:52,095 - Discovery -   eval_score = 66.74
2021-08-10 09:58:52,095 - Discovery -   l_threshold = 0.4956
2021-08-10 09:58:52,095 - Discovery -   train_labeled_loss = 0.005773657001554966
2021-08-10 09:58:52,095 - Discovery -   train_loss = 0.05469234860860384
2021-08-10 09:58:52,095 - Discovery -   u_threshold = 0.5441
2021-08-10 09:58:59,581 - Discovery - ***** Epoch: 42: Eval results *****
2021-08-10 09:58:59,581 - Discovery -   delta_label = 0.0
2021-08-10 09:58:59,581 - Discovery -   eval_score = 66.74
2021-08-10 09:58:59,581 - Discovery -   l_threshold = 0.4966
2021-08-10 09:58:59,581 - Discovery -   train_labeled_loss = 0.005898183793760836
2021-08-10 09:58:59,581 - Discovery -   train_loss = 0.04370017578968635
2021-08-10 09:58:59,581 - Discovery -   u_threshold = 0.5342
2021-08-10 09:59:07,068 - Discovery - ***** Epoch: 43: Eval results *****
2021-08-10 09:59:07,068 - Discovery -   delta_label = 0.0
2021-08-10 09:59:07,068 - Discovery -   eval_score = 66.74
2021-08-10 09:59:07,068 - Discovery -   l_threshold = 0.4976
2021-08-10 09:59:07,068 - Discovery -   train_labeled_loss = 0.007025080965831876
2021-08-10 09:59:07,068 - Discovery -   train_loss = 0.03297451023872082
2021-08-10 09:59:07,068 - Discovery -   u_threshold = 0.5243
2021-08-10 09:59:14,541 - Discovery - ***** Epoch: 44: Eval results *****
2021-08-10 09:59:14,541 - Discovery -   delta_label = 0.0
2021-08-10 09:59:14,541 - Discovery -   eval_score = 66.74
2021-08-10 09:59:14,541 - Discovery -   l_threshold = 0.4986
2021-08-10 09:59:14,541 - Discovery -   train_labeled_loss = 0.0065844961209222674
2021-08-10 09:59:14,541 - Discovery -   train_loss = 0.022069698342910178
2021-08-10 09:59:14,541 - Discovery -   u_threshold = 0.5144
2021-08-10 09:59:21,946 - Discovery - ***** Epoch: 45: Eval results *****
2021-08-10 09:59:21,946 - Discovery -   delta_label = 0.0
2021-08-10 09:59:21,946 - Discovery -   eval_score = 66.74
2021-08-10 09:59:21,946 - Discovery -   l_threshold = 0.4996
2021-08-10 09:59:21,946 - Discovery -   train_labeled_loss = 0.007603140315040946
2021-08-10 09:59:21,946 - Discovery -   train_loss = 0.011186621510065518
2021-08-10 09:59:21,946 - Discovery -   u_threshold = 0.5045
2021-08-10 09:59:21,947 - Discovery - Pairwise-similarity Learning finished...
2021-08-10 09:59:21,947 - Discovery - Cluster refining begin...
2021-08-10 09:59:21,947 - Discovery - Initialize centroids...
2021-08-10 09:59:26,939 - Discovery - Initialization finished...
2021-08-10 09:59:39,135 - Discovery - ***** Epoch: 0: Eval results *****
2021-08-10 09:59:39,135 - Discovery -   best_eval_score = 92.96
2021-08-10 09:59:39,135 - Discovery -   delta_label = 1.0
2021-08-10 09:59:39,135 - Discovery -   eval_score = 92.96
2021-08-10 09:59:39,135 - Discovery -   kl_loss = 0.0362
2021-08-10 09:59:44,577 - Discovery - Break at epoch: 2 and delta_label: 0.000000.
2021-08-10 09:59:44,577 - Discovery - Cluster refining finished...
2021-08-10 09:59:44,577 - Discovery - Training Finished...
2021-08-10 09:59:44,577 - Discovery - Testing begin...
2021-08-10 09:59:44,884 - Discovery - ***** Test: Confusion Matrix *****
2021-08-10 09:59:44,884 - Discovery - [[  0   0   0 120   0   0   4]
 [  0   0   0   0   0  91   1]
 [  0   0 102   0   0   1   1]
 [ 51   0   0   1   0   0  34]
 [  0   0   0   0  80   0   0]
 [  9  25   0   0   0   0  73]
 [  0  91   0   0   0   0  16]]
2021-08-10 09:59:44,885 - Discovery - ***** Test results *****
2021-08-10 09:59:44,885 - Discovery -   ACC = 86.86
2021-08-10 09:59:44,885 - Discovery -   ARI = 76.09
2021-08-10 09:59:44,885 - Discovery -   NMI = 82.59
2021-08-10 09:59:44,885 - Discovery - Testing finished...
2021-08-10 09:59:44,885 - Discovery - Results saved in results/results_CDACPlus.csv
2021-08-10 09:59:44,911 - Discovery - Open Intent Discovery Finished...
