2021-08-10 09:59:48,000 - Discovery - Open Intent Discovery Begin...
2021-08-10 09:59:48,000 - Discovery - Parameters Initialization...
2021-08-10 09:59:48,000 - Discovery - ============================== Params ==============================
2021-08-10 09:59:48,000 - Discovery - type:	open_intent_discovery
2021-08-10 09:59:48,000 - Discovery - logger_name:	Discovery
2021-08-10 09:59:48,000 - Discovery - log_dir:	logs
2021-08-10 09:59:48,000 - Discovery - dataset:	snips
2021-08-10 09:59:48,001 - Discovery - known_cls_ratio:	0.75
2021-08-10 09:59:48,001 - Discovery - labeled_ratio:	0.1
2021-08-10 09:59:48,001 - Discovery - cluster_num_factor:	1.0
2021-08-10 09:59:48,001 - Discovery - method:	CDACPlus
2021-08-10 09:59:48,001 - Discovery - train:	True
2021-08-10 09:59:48,001 - Discovery - save_model:	False
2021-08-10 09:59:48,001 - Discovery - backbone:	bert_CDAC
2021-08-10 09:59:48,001 - Discovery - setting:	semi_supervised
2021-08-10 09:59:48,001 - Discovery - config_file_name:	CDACPlus
2021-08-10 09:59:48,001 - Discovery - seed:	2
2021-08-10 09:59:48,001 - Discovery - gpu_id:	0
2021-08-10 09:59:48,001 - Discovery - pipe_results_path:	pipe_results
2021-08-10 09:59:48,001 - Discovery - data_dir:	/home/zhanghanlei/git/submit/TEXTOIR/open_intent_discovery/../data
2021-08-10 09:59:48,001 - Discovery - output_dir:	/home/sharing/disk2/zhanghanlei/save_data_162/TEXTOIR/outputs
2021-08-10 09:59:48,001 - Discovery - model_dir:	models
2021-08-10 09:59:48,001 - Discovery - result_dir:	results
2021-08-10 09:59:48,001 - Discovery - results_file_name:	results_CDACPlus.csv
2021-08-10 09:59:48,001 - Discovery - save_results:	True
2021-08-10 09:59:48,001 - Discovery - task_output_dir:	/home/sharing/disk2/zhanghanlei/save_data_162/TEXTOIR/outputs/open_intent_discovery
2021-08-10 09:59:48,001 - Discovery - method_output_dir:	/home/sharing/disk2/zhanghanlei/save_data_162/TEXTOIR/outputs/open_intent_discovery/CDACPlus_snips_0.75_0.1_bert_CDAC_2
2021-08-10 09:59:48,001 - Discovery - model_output_dir:	/home/sharing/disk2/zhanghanlei/save_data_162/TEXTOIR/outputs/open_intent_discovery/CDACPlus_snips_0.75_0.1_bert_CDAC_2/models
2021-08-10 09:59:48,001 - Discovery - bert_model:	/home/sharing/disk1/pretrained_embedding/bert/uncased_L-12_H-768_A-12/
2021-08-10 09:59:48,001 - Discovery - num_labels:	None
2021-08-10 09:59:48,001 - Discovery - num_train_epochs:	46
2021-08-10 09:59:48,001 - Discovery - num_refine_epochs:	100
2021-08-10 09:59:48,001 - Discovery - max_seq_length:	None
2021-08-10 09:59:48,001 - Discovery - freeze_bert_parameters:	True
2021-08-10 09:59:48,001 - Discovery - feat_dim:	768
2021-08-10 09:59:48,001 - Discovery - warmup_proportion:	0.1
2021-08-10 09:59:48,001 - Discovery - lr:	5e-05
2021-08-10 09:59:48,001 - Discovery - activation:	tanh
2021-08-10 09:59:48,001 - Discovery - u:	0.95
2021-08-10 09:59:48,001 - Discovery - l:	0.455
2021-08-10 09:59:48,001 - Discovery - train_batch_size:	256
2021-08-10 09:59:48,001 - Discovery - eval_batch_size:	64
2021-08-10 09:59:48,001 - Discovery - test_batch_size:	64
2021-08-10 09:59:48,001 - Discovery - wait_patient:	5
2021-08-10 09:59:48,001 - Discovery - ============================== End Params ==============================
2021-08-10 09:59:48,001 - Discovery - Data and Model Preparation...
2021-08-10 09:59:48,002 - Discovery - The number of known intents is 5
2021-08-10 09:59:48,002 - Discovery - Lists of known labels are: ['RateBook', 'BookRestaurant', 'PlayMusic', 'GetWeather', 'SearchScreeningEvent']
2021-08-10 09:59:49,401 - Discovery - Number of labeled training samples = 942
2021-08-10 09:59:49,401 - Discovery - Number of unlabeled training samples = 12142
2021-08-10 09:59:49,403 - Discovery - Number of evaluation samples = 500
2021-08-10 09:59:49,404 - Discovery - Number of testing samples = 700
2021-08-10 09:59:54,481 - Discovery - Freeze all parameters but the last layer for efficiency
2021-08-10 09:59:56,507 - Discovery - Training Begin...
2021-08-10 09:59:56,507 - Discovery - Pairwise-similarity Learning begin...
2021-08-10 10:00:04,616 - Discovery - ***** Epoch: 0: Eval results *****
2021-08-10 10:00:04,617 - Discovery -   delta_label = 0.166
2021-08-10 10:00:04,617 - Discovery -   eval_score = 9.46
2021-08-10 10:00:04,617 - Discovery -   l_threshold = 0.455
2021-08-10 10:00:04,617 - Discovery -   train_labeled_loss = 4.63329541683197
2021-08-10 10:00:04,617 - Discovery -   train_loss = 0.6466240607775174
2021-08-10 10:00:04,617 - Discovery -   u_threshold = 0.95
2021-08-10 10:00:12,368 - Discovery - ***** Epoch: 1: Eval results *****
2021-08-10 10:00:12,368 - Discovery -   delta_label = 0.348
2021-08-10 10:00:12,368 - Discovery -   eval_score = 36.09
2021-08-10 10:00:12,368 - Discovery -   l_threshold = 0.456
2021-08-10 10:00:12,368 - Discovery -   train_labeled_loss = 4.3025795221328735
2021-08-10 10:00:12,368 - Discovery -   train_loss = 0.5811324578065139
2021-08-10 10:00:12,368 - Discovery -   u_threshold = 0.9401
2021-08-10 10:00:20,109 - Discovery - ***** Epoch: 2: Eval results *****
2021-08-10 10:00:20,109 - Discovery -   delta_label = 0.348
2021-08-10 10:00:20,109 - Discovery -   eval_score = 56.47
2021-08-10 10:00:20,109 - Discovery -   l_threshold = 0.457
2021-08-10 10:00:20,109 - Discovery -   train_labeled_loss = 1.321261689066887
2021-08-10 10:00:20,109 - Discovery -   train_loss = 0.5169833428584613
2021-08-10 10:00:20,109 - Discovery -   u_threshold = 0.9302
2021-08-10 10:00:27,749 - Discovery - ***** Epoch: 3: Eval results *****
2021-08-10 10:00:27,749 - Discovery -   delta_label = 0.166
2021-08-10 10:00:27,749 - Discovery -   eval_score = 65.69
2021-08-10 10:00:27,749 - Discovery -   l_threshold = 0.458
2021-08-10 10:00:27,749 - Discovery -   train_labeled_loss = 0.33154141530394554
2021-08-10 10:00:27,749 - Discovery -   train_loss = 0.4896745996979567
2021-08-10 10:00:27,750 - Discovery -   u_threshold = 0.9203
2021-08-10 10:00:35,232 - Discovery - ***** Epoch: 4: Eval results *****
2021-08-10 10:00:35,232 - Discovery -   delta_label = 0.1
2021-08-10 10:00:35,232 - Discovery -   eval_score = 72.29
2021-08-10 10:00:35,232 - Discovery -   l_threshold = 0.459
2021-08-10 10:00:35,232 - Discovery -   train_labeled_loss = 0.23289175890386105
2021-08-10 10:00:35,232 - Discovery -   train_loss = 0.4728152740460176
2021-08-10 10:00:35,232 - Discovery -   u_threshold = 0.9104
2021-08-10 10:00:42,710 - Discovery - ***** Epoch: 5: Eval results *****
2021-08-10 10:00:42,710 - Discovery -   delta_label = 0.038
2021-08-10 10:00:42,710 - Discovery -   eval_score = 74.71
2021-08-10 10:00:42,710 - Discovery -   l_threshold = 0.46
2021-08-10 10:00:42,710 - Discovery -   train_labeled_loss = 0.28413160145282745
2021-08-10 10:00:42,710 - Discovery -   train_loss = 0.4592472819181589
2021-08-10 10:00:42,710 - Discovery -   u_threshold = 0.9005
2021-08-10 10:00:50,207 - Discovery - ***** Epoch: 6: Eval results *****
2021-08-10 10:00:50,208 - Discovery -   delta_label = 0.276
2021-08-10 10:00:50,208 - Discovery -   eval_score = 75.77
2021-08-10 10:00:50,208 - Discovery -   l_threshold = 0.4609
2021-08-10 10:00:50,208 - Discovery -   train_labeled_loss = 0.2134488020092249
2021-08-10 10:00:50,208 - Discovery -   train_loss = 0.44461757976275224
2021-08-10 10:00:50,208 - Discovery -   u_threshold = 0.8906
2021-08-10 10:00:58,166 - Discovery - ***** Epoch: 7: Eval results *****
2021-08-10 10:00:58,166 - Discovery -   delta_label = 0.246
2021-08-10 10:00:58,166 - Discovery -   eval_score = 72.8
2021-08-10 10:00:58,166 - Discovery -   l_threshold = 0.4619
2021-08-10 10:00:58,166 - Discovery -   train_labeled_loss = 0.035208364482969046
2021-08-10 10:00:58,166 - Discovery -   train_loss = 0.43119242787361145
2021-08-10 10:00:58,166 - Discovery -   u_threshold = 0.8807
2021-08-10 10:01:05,767 - Discovery - ***** Epoch: 8: Eval results *****
2021-08-10 10:01:05,767 - Discovery -   delta_label = 0.192
2021-08-10 10:01:05,767 - Discovery -   eval_score = 70.46
2021-08-10 10:01:05,767 - Discovery -   l_threshold = 0.4629
2021-08-10 10:01:05,767 - Discovery -   train_labeled_loss = 0.04222565097734332
2021-08-10 10:01:05,767 - Discovery -   train_loss = 0.42095134349969715
2021-08-10 10:01:05,767 - Discovery -   u_threshold = 0.8708
2021-08-10 10:01:13,261 - Discovery - ***** Epoch: 9: Eval results *****
2021-08-10 10:01:13,261 - Discovery -   delta_label = 0.074
2021-08-10 10:01:13,262 - Discovery -   eval_score = 70.59
2021-08-10 10:01:13,262 - Discovery -   l_threshold = 0.4639
2021-08-10 10:01:13,262 - Discovery -   train_labeled_loss = 0.02155904844403267
2021-08-10 10:01:13,262 - Discovery -   train_loss = 0.4078982827755121
2021-08-10 10:01:13,262 - Discovery -   u_threshold = 0.8609
2021-08-10 10:01:20,764 - Discovery - ***** Epoch: 10: Eval results *****
2021-08-10 10:01:20,764 - Discovery -   delta_label = 0.084
2021-08-10 10:01:20,764 - Discovery -   eval_score = 73.42
2021-08-10 10:01:20,764 - Discovery -   l_threshold = 0.4649
2021-08-10 10:01:20,764 - Discovery -   train_labeled_loss = 0.018353475723415613
2021-08-10 10:01:20,764 - Discovery -   train_loss = 0.39583281026436734
2021-08-10 10:01:20,764 - Discovery -   u_threshold = 0.851
2021-08-10 10:01:28,279 - Discovery - ***** Epoch: 11: Eval results *****
2021-08-10 10:01:28,279 - Discovery -   delta_label = 0.026
2021-08-10 10:01:28,280 - Discovery -   eval_score = 73.93
2021-08-10 10:01:28,280 - Discovery -   l_threshold = 0.4659
2021-08-10 10:01:28,280 - Discovery -   train_labeled_loss = 0.017119240947067738
2021-08-10 10:01:28,280 - Discovery -   train_loss = 0.38386461711846864
2021-08-10 10:01:28,280 - Discovery -   u_threshold = 0.8411
2021-08-10 10:01:35,793 - Discovery - ***** Epoch: 12: Eval results *****
2021-08-10 10:01:35,793 - Discovery -   delta_label = 0.052
2021-08-10 10:01:35,793 - Discovery -   eval_score = 74.78
2021-08-10 10:01:35,793 - Discovery -   l_threshold = 0.4669
2021-08-10 10:01:35,793 - Discovery -   train_labeled_loss = 0.01795974117703736
2021-08-10 10:01:35,794 - Discovery -   train_loss = 0.37207006835020506
2021-08-10 10:01:35,794 - Discovery -   u_threshold = 0.8312
2021-08-10 10:01:43,313 - Discovery - ***** Epoch: 13: Eval results *****
2021-08-10 10:01:43,313 - Discovery -   delta_label = 0.028
2021-08-10 10:01:43,313 - Discovery -   eval_score = 75.0
2021-08-10 10:01:43,313 - Discovery -   l_threshold = 0.4679
2021-08-10 10:01:43,313 - Discovery -   train_labeled_loss = 0.011958226561546326
2021-08-10 10:01:43,313 - Discovery -   train_loss = 0.3602960705757141
2021-08-10 10:01:43,313 - Discovery -   u_threshold = 0.8213
2021-08-10 10:01:50,834 - Discovery - ***** Epoch: 14: Eval results *****
2021-08-10 10:01:50,834 - Discovery -   delta_label = 0.024
2021-08-10 10:01:50,834 - Discovery -   eval_score = 76.94
2021-08-10 10:01:50,834 - Discovery -   l_threshold = 0.4689
2021-08-10 10:01:50,834 - Discovery -   train_labeled_loss = 0.013981276657432318
2021-08-10 10:01:50,834 - Discovery -   train_loss = 0.348859062561622
2021-08-10 10:01:50,834 - Discovery -   u_threshold = 0.8114
2021-08-10 10:01:58,358 - Discovery - ***** Epoch: 15: Eval results *****
2021-08-10 10:01:58,358 - Discovery -   delta_label = 0.018
2021-08-10 10:01:58,358 - Discovery -   eval_score = 77.42
2021-08-10 10:01:58,358 - Discovery -   l_threshold = 0.4698
2021-08-10 10:01:58,358 - Discovery -   train_labeled_loss = 0.010755046736449003
2021-08-10 10:01:58,358 - Discovery -   train_loss = 0.3374028320495899
2021-08-10 10:01:58,358 - Discovery -   u_threshold = 0.8015
2021-08-10 10:02:05,978 - Discovery - ***** Epoch: 16: Eval results *****
2021-08-10 10:02:05,978 - Discovery -   delta_label = 0.018
2021-08-10 10:02:05,978 - Discovery -   eval_score = 78.57
2021-08-10 10:02:05,978 - Discovery -   l_threshold = 0.4708
2021-08-10 10:02:05,978 - Discovery -   train_labeled_loss = 0.0100648058578372
2021-08-10 10:02:05,978 - Discovery -   train_loss = 0.32645659492566037
2021-08-10 10:02:05,978 - Discovery -   u_threshold = 0.7916
2021-08-10 10:02:13,515 - Discovery - ***** Epoch: 17: Eval results *****
2021-08-10 10:02:13,515 - Discovery -   delta_label = 0.01
2021-08-10 10:02:13,515 - Discovery -   eval_score = 78.68
2021-08-10 10:02:13,515 - Discovery -   l_threshold = 0.4718
2021-08-10 10:02:13,515 - Discovery -   train_labeled_loss = 0.010931819444522262
2021-08-10 10:02:13,516 - Discovery -   train_loss = 0.3153430131765512
2021-08-10 10:02:13,516 - Discovery -   u_threshold = 0.7817
2021-08-10 10:02:21,054 - Discovery - ***** Epoch: 18: Eval results *****
2021-08-10 10:02:21,054 - Discovery -   delta_label = 0.016
2021-08-10 10:02:21,054 - Discovery -   eval_score = 78.91
2021-08-10 10:02:21,054 - Discovery -   l_threshold = 0.4728
2021-08-10 10:02:21,054 - Discovery -   train_labeled_loss = 0.010195213602855802
2021-08-10 10:02:21,054 - Discovery -   train_loss = 0.30389374036055344
2021-08-10 10:02:21,054 - Discovery -   u_threshold = 0.7718
2021-08-10 10:02:28,558 - Discovery - ***** Epoch: 19: Eval results *****
2021-08-10 10:02:28,558 - Discovery -   delta_label = 0.01
2021-08-10 10:02:28,558 - Discovery -   eval_score = 79.84
2021-08-10 10:02:28,558 - Discovery -   l_threshold = 0.4738
2021-08-10 10:02:28,558 - Discovery -   train_labeled_loss = 0.012839699629694223
2021-08-10 10:02:28,558 - Discovery -   train_loss = 0.29296811727377087
2021-08-10 10:02:28,558 - Discovery -   u_threshold = 0.7619
2021-08-10 10:02:36,076 - Discovery - ***** Epoch: 20: Eval results *****
2021-08-10 10:02:36,076 - Discovery -   delta_label = 0.006
2021-08-10 10:02:36,077 - Discovery -   eval_score = 79.31
2021-08-10 10:02:36,077 - Discovery -   l_threshold = 0.4748
2021-08-10 10:02:36,077 - Discovery -   train_labeled_loss = 0.009916016948409379
2021-08-10 10:02:36,077 - Discovery -   train_loss = 0.2817706075998453
2021-08-10 10:02:36,077 - Discovery -   u_threshold = 0.752
2021-08-10 10:02:43,608 - Discovery - ***** Epoch: 21: Eval results *****
2021-08-10 10:02:43,608 - Discovery -   delta_label = 0.008
2021-08-10 10:02:43,608 - Discovery -   eval_score = 79.47
2021-08-10 10:02:43,608 - Discovery -   l_threshold = 0.4758
2021-08-10 10:02:43,608 - Discovery -   train_labeled_loss = 0.009223321685567498
2021-08-10 10:02:43,608 - Discovery -   train_loss = 0.2704811566151105
2021-08-10 10:02:43,608 - Discovery -   u_threshold = 0.7421
2021-08-10 10:02:51,136 - Discovery - ***** Epoch: 22: Eval results *****
2021-08-10 10:02:51,136 - Discovery -   delta_label = 0.008
2021-08-10 10:02:51,136 - Discovery -   eval_score = 79.54
2021-08-10 10:02:51,136 - Discovery -   l_threshold = 0.4768
2021-08-10 10:02:51,136 - Discovery -   train_labeled_loss = 0.008626342518255115
2021-08-10 10:02:51,136 - Discovery -   train_loss = 0.25994745126137364
2021-08-10 10:02:51,136 - Discovery -   u_threshold = 0.7322
2021-08-10 10:02:58,757 - Discovery - ***** Epoch: 23: Eval results *****
2021-08-10 10:02:58,757 - Discovery -   delta_label = 0.014
2021-08-10 10:02:58,757 - Discovery -   eval_score = 79.96
2021-08-10 10:02:58,758 - Discovery -   l_threshold = 0.4778
2021-08-10 10:02:58,758 - Discovery -   train_labeled_loss = 0.06393354095052928
2021-08-10 10:02:58,758 - Discovery -   train_loss = 0.2487142108953916
2021-08-10 10:02:58,758 - Discovery -   u_threshold = 0.7223
2021-08-10 10:03:06,283 - Discovery - ***** Epoch: 24: Eval results *****
2021-08-10 10:03:06,283 - Discovery -   delta_label = 0.01
2021-08-10 10:03:06,283 - Discovery -   eval_score = 80.09
2021-08-10 10:03:06,283 - Discovery -   l_threshold = 0.4788
2021-08-10 10:03:06,283 - Discovery -   train_labeled_loss = 0.0057519994443282485
2021-08-10 10:03:06,283 - Discovery -   train_loss = 0.23770934228713697
2021-08-10 10:03:06,284 - Discovery -   u_threshold = 0.7124
2021-08-10 10:03:13,804 - Discovery - ***** Epoch: 25: Eval results *****
2021-08-10 10:03:13,804 - Discovery -   delta_label = 0.004
2021-08-10 10:03:13,804 - Discovery -   eval_score = 80.46
2021-08-10 10:03:13,804 - Discovery -   l_threshold = 0.4798
2021-08-10 10:03:13,804 - Discovery -   train_labeled_loss = 0.007457095198333263
2021-08-10 10:03:13,804 - Discovery -   train_loss = 0.22663602576805994
2021-08-10 10:03:13,805 - Discovery -   u_threshold = 0.7025
2021-08-10 10:03:21,325 - Discovery - ***** Epoch: 26: Eval results *****
2021-08-10 10:03:21,325 - Discovery -   delta_label = 0.0
2021-08-10 10:03:21,325 - Discovery -   eval_score = 80.46
2021-08-10 10:03:21,325 - Discovery -   l_threshold = 0.4807
2021-08-10 10:03:21,325 - Discovery -   train_labeled_loss = 0.007205766509287059
2021-08-10 10:03:21,325 - Discovery -   train_loss = 0.2159757808997081
2021-08-10 10:03:21,326 - Discovery -   u_threshold = 0.6926
2021-08-10 10:03:28,857 - Discovery - ***** Epoch: 27: Eval results *****
2021-08-10 10:03:28,858 - Discovery -   delta_label = 0.004
2021-08-10 10:03:28,858 - Discovery -   eval_score = 80.37
2021-08-10 10:03:28,858 - Discovery -   l_threshold = 0.4817
2021-08-10 10:03:28,858 - Discovery -   train_labeled_loss = 0.005884352722205222
2021-08-10 10:03:28,858 - Discovery -   train_loss = 0.20485351865108198
2021-08-10 10:03:28,858 - Discovery -   u_threshold = 0.6827
2021-08-10 10:03:36,385 - Discovery - ***** Epoch: 28: Eval results *****
2021-08-10 10:03:36,385 - Discovery -   delta_label = 0.01
2021-08-10 10:03:36,385 - Discovery -   eval_score = 80.46
2021-08-10 10:03:36,385 - Discovery -   l_threshold = 0.4827
2021-08-10 10:03:36,385 - Discovery -   train_labeled_loss = 0.006119805155321956
2021-08-10 10:03:36,385 - Discovery -   train_loss = 0.19367067515850067
2021-08-10 10:03:36,385 - Discovery -   u_threshold = 0.6728
2021-08-10 10:03:43,919 - Discovery - ***** Epoch: 29: Eval results *****
2021-08-10 10:03:43,919 - Discovery -   delta_label = 0.012
2021-08-10 10:03:43,919 - Discovery -   eval_score = 80.84
2021-08-10 10:03:43,919 - Discovery -   l_threshold = 0.4837
2021-08-10 10:03:43,919 - Discovery -   train_labeled_loss = 0.00618327222764492
2021-08-10 10:03:43,919 - Discovery -   train_loss = 0.18283319358642286
2021-08-10 10:03:43,919 - Discovery -   u_threshold = 0.6629
2021-08-10 10:03:51,450 - Discovery - ***** Epoch: 30: Eval results *****
2021-08-10 10:03:51,450 - Discovery -   delta_label = 0.024
2021-08-10 10:03:51,450 - Discovery -   eval_score = 79.92
2021-08-10 10:03:51,450 - Discovery -   l_threshold = 0.4847
2021-08-10 10:03:51,450 - Discovery -   train_labeled_loss = 0.005459462641738355
2021-08-10 10:03:51,450 - Discovery -   train_loss = 0.17204206264936006
2021-08-10 10:03:51,450 - Discovery -   u_threshold = 0.653
2021-08-10 10:03:59,078 - Discovery - ***** Epoch: 31: Eval results *****
2021-08-10 10:03:59,078 - Discovery -   delta_label = 0.014
2021-08-10 10:03:59,078 - Discovery -   eval_score = 80.23
2021-08-10 10:03:59,078 - Discovery -   l_threshold = 0.4857
2021-08-10 10:03:59,079 - Discovery -   train_labeled_loss = 0.0068147951969876885
2021-08-10 10:03:59,079 - Discovery -   train_loss = 0.16097346406716567
2021-08-10 10:03:59,079 - Discovery -   u_threshold = 0.6431
2021-08-10 10:04:06,608 - Discovery - ***** Epoch: 32: Eval results *****
2021-08-10 10:04:06,608 - Discovery -   delta_label = 0.008
2021-08-10 10:04:06,608 - Discovery -   eval_score = 80.58
2021-08-10 10:04:06,608 - Discovery -   l_threshold = 0.4867
2021-08-10 10:04:06,608 - Discovery -   train_labeled_loss = 0.006220268667675555
2021-08-10 10:04:06,608 - Discovery -   train_loss = 0.14994578521985275
2021-08-10 10:04:06,608 - Discovery -   u_threshold = 0.6332
2021-08-10 10:04:14,153 - Discovery - ***** Epoch: 33: Eval results *****
2021-08-10 10:04:14,153 - Discovery -   delta_label = 0.016
2021-08-10 10:04:14,153 - Discovery -   eval_score = 81.14
2021-08-10 10:04:14,153 - Discovery -   l_threshold = 0.4877
2021-08-10 10:04:14,153 - Discovery -   train_labeled_loss = 0.0052148966351523995
2021-08-10 10:04:14,153 - Discovery -   train_loss = 0.13889313431886527
2021-08-10 10:04:14,153 - Discovery -   u_threshold = 0.6233
2021-08-10 10:04:21,688 - Discovery - ***** Epoch: 34: Eval results *****
2021-08-10 10:04:21,688 - Discovery -   delta_label = 0.008
2021-08-10 10:04:21,688 - Discovery -   eval_score = 80.56
2021-08-10 10:04:21,688 - Discovery -   l_threshold = 0.4887
2021-08-10 10:04:21,688 - Discovery -   train_labeled_loss = 0.0071701681590639055
2021-08-10 10:04:21,688 - Discovery -   train_loss = 0.12835404162223524
2021-08-10 10:04:21,688 - Discovery -   u_threshold = 0.6134
2021-08-10 10:04:29,231 - Discovery - ***** Epoch: 35: Eval results *****
2021-08-10 10:04:29,231 - Discovery -   delta_label = 0.012
2021-08-10 10:04:29,232 - Discovery -   eval_score = 81.47
2021-08-10 10:04:29,232 - Discovery -   l_threshold = 0.4897
2021-08-10 10:04:29,232 - Discovery -   train_labeled_loss = 0.006719576776959002
2021-08-10 10:04:29,232 - Discovery -   train_loss = 0.11704127719769111
2021-08-10 10:04:29,232 - Discovery -   u_threshold = 0.6035
2021-08-10 10:04:36,866 - Discovery - ***** Epoch: 36: Eval results *****
2021-08-10 10:04:36,867 - Discovery -   delta_label = 0.008
2021-08-10 10:04:36,867 - Discovery -   eval_score = 80.37
2021-08-10 10:04:36,867 - Discovery -   l_threshold = 0.4906
2021-08-10 10:04:36,867 - Discovery -   train_labeled_loss = 0.0057250853860750794
2021-08-10 10:04:36,867 - Discovery -   train_loss = 0.10635343079383557
2021-08-10 10:04:36,867 - Discovery -   u_threshold = 0.5936
2021-08-10 10:04:55,308 - Discovery - ***** Epoch: 37: Eval results *****
2021-08-10 10:04:55,309 - Discovery -   delta_label = 0.004
2021-08-10 10:04:55,309 - Discovery -   eval_score = 80.9
2021-08-10 10:04:55,309 - Discovery -   l_threshold = 0.4916
2021-08-10 10:04:55,309 - Discovery -   train_labeled_loss = 0.006770326057448983
2021-08-10 10:04:55,309 - Discovery -   train_loss = 0.09576194217571846
2021-08-10 10:04:55,309 - Discovery -   u_threshold = 0.5837
2021-08-10 10:05:22,979 - Discovery - ***** Epoch: 38: Eval results *****
2021-08-10 10:05:22,979 - Discovery -   delta_label = 0.002
2021-08-10 10:05:22,980 - Discovery -   eval_score = 80.89
2021-08-10 10:05:22,980 - Discovery -   l_threshold = 0.4926
2021-08-10 10:05:22,980 - Discovery -   train_labeled_loss = 0.005251125548966229
2021-08-10 10:05:22,980 - Discovery -   train_loss = 0.08485991679705106
2021-08-10 10:05:22,980 - Discovery -   u_threshold = 0.5738
2021-08-10 10:06:10,479 - Discovery - ***** Epoch: 39: Eval results *****
2021-08-10 10:06:10,479 - Discovery -   delta_label = 0.008
2021-08-10 10:06:10,479 - Discovery -   eval_score = 81.39
2021-08-10 10:06:10,479 - Discovery -   l_threshold = 0.4936
2021-08-10 10:06:10,479 - Discovery -   train_labeled_loss = 0.00484198669437319
2021-08-10 10:06:10,479 - Discovery -   train_loss = 0.07393007209667793
2021-08-10 10:06:10,479 - Discovery -   u_threshold = 0.5639
2021-08-10 10:07:15,428 - Discovery - ***** Epoch: 40: Eval results *****
2021-08-10 10:07:15,428 - Discovery -   delta_label = 0.002
2021-08-10 10:07:15,428 - Discovery -   eval_score = 81.59
2021-08-10 10:07:15,428 - Discovery -   l_threshold = 0.4946
2021-08-10 10:07:15,428 - Discovery -   train_labeled_loss = 0.04425480926875025
2021-08-10 10:07:15,428 - Discovery -   train_loss = 0.06306040516266456
2021-08-10 10:07:15,428 - Discovery -   u_threshold = 0.554
2021-08-10 10:08:22,973 - Discovery - ***** Epoch: 41: Eval results *****
2021-08-10 10:08:22,973 - Discovery -   delta_label = 0.002
2021-08-10 10:08:22,973 - Discovery -   eval_score = 81.39
2021-08-10 10:08:22,973 - Discovery -   l_threshold = 0.4956
2021-08-10 10:08:22,973 - Discovery -   train_labeled_loss = 0.004641143954358995
2021-08-10 10:08:22,973 - Discovery -   train_loss = 0.05208223943526928
2021-08-10 10:08:22,973 - Discovery -   u_threshold = 0.5441
2021-08-10 10:09:29,915 - Discovery - ***** Epoch: 42: Eval results *****
2021-08-10 10:09:29,915 - Discovery -   delta_label = 0.0
2021-08-10 10:09:29,915 - Discovery -   eval_score = 81.39
2021-08-10 10:09:29,915 - Discovery -   l_threshold = 0.4966
2021-08-10 10:09:29,915 - Discovery -   train_labeled_loss = 0.004325641435571015
2021-08-10 10:09:29,915 - Discovery -   train_loss = 0.04113670037342952
2021-08-10 10:09:29,915 - Discovery -   u_threshold = 0.5342
2021-08-10 10:10:37,534 - Discovery - ***** Epoch: 43: Eval results *****
2021-08-10 10:10:37,534 - Discovery -   delta_label = 0.0
2021-08-10 10:10:37,534 - Discovery -   eval_score = 81.39
2021-08-10 10:10:37,534 - Discovery -   l_threshold = 0.4976
2021-08-10 10:10:37,534 - Discovery -   train_labeled_loss = 0.005136505234986544
2021-08-10 10:10:37,534 - Discovery -   train_loss = 0.030458346009254456
2021-08-10 10:10:37,534 - Discovery -   u_threshold = 0.5243
2021-08-10 10:11:44,808 - Discovery - ***** Epoch: 44: Eval results *****
2021-08-10 10:11:44,808 - Discovery -   delta_label = 0.0
2021-08-10 10:11:44,808 - Discovery -   eval_score = 81.39
2021-08-10 10:11:44,808 - Discovery -   l_threshold = 0.4986
2021-08-10 10:11:44,808 - Discovery -   train_labeled_loss = 0.006189356092363596
2021-08-10 10:11:44,808 - Discovery -   train_loss = 0.019385705773647014
2021-08-10 10:11:44,808 - Discovery -   u_threshold = 0.5144
2021-08-10 10:12:52,412 - Discovery - ***** Epoch: 45: Eval results *****
2021-08-10 10:12:52,412 - Discovery -   delta_label = 0.0
2021-08-10 10:12:52,412 - Discovery -   eval_score = 81.39
2021-08-10 10:12:52,413 - Discovery -   l_threshold = 0.4996
2021-08-10 10:12:52,413 - Discovery -   train_labeled_loss = 0.004646410467103124
2021-08-10 10:12:52,413 - Discovery -   train_loss = 0.008729434930361234
2021-08-10 10:12:52,413 - Discovery -   u_threshold = 0.5045
2021-08-10 10:12:52,413 - Discovery - Pairwise-similarity Learning finished...
2021-08-10 10:12:52,413 - Discovery - Cluster refining begin...
2021-08-10 10:12:52,413 - Discovery - Initialize centroids...
2021-08-10 10:13:25,477 - Discovery - Initialization finished...
2021-08-10 10:14:57,422 - Discovery - ***** Epoch: 0: Eval results *****
2021-08-10 10:14:57,422 - Discovery -   best_eval_score = 88.54
2021-08-10 10:14:57,422 - Discovery -   delta_label = 1.0
2021-08-10 10:14:57,422 - Discovery -   eval_score = 88.54
2021-08-10 10:14:57,422 - Discovery -   kl_loss = 0.0373
2021-08-10 10:15:34,676 - Discovery - Break at epoch: 2 and delta_label: 0.000000.
2021-08-10 10:15:34,676 - Discovery - Cluster refining finished...
2021-08-10 10:15:34,676 - Discovery - Training Finished...
2021-08-10 10:15:34,677 - Discovery - Testing begin...
2021-08-10 10:15:37,172 - Discovery - ***** Test: Confusion Matrix *****
2021-08-10 10:15:37,173 - Discovery - [[  0   0  84  40   0   0   0]
 [  0   0   0   2  90   0   0]
 [102   0   0   1   1   0   0]
 [  0   0  83   3   0   0   0]
 [  0   0   0   0   0   0  80]
 [  0  51  12  28   0  16   0]
 [  0  27   0   5   0  75   0]]
2021-08-10 10:15:37,174 - Discovery - ***** Test results *****
2021-08-10 10:15:37,174 - Discovery -   ACC = 74.43
2021-08-10 10:15:37,174 - Discovery -   ARI = 61.87
2021-08-10 10:15:37,175 - Discovery -   NMI = 74.95
2021-08-10 10:15:37,175 - Discovery - Testing finished...
2021-08-10 10:15:37,175 - Discovery - Results saved in results/results_CDACPlus.csv
2021-08-10 10:15:37,203 - Discovery - Open Intent Discovery Finished...
