2021-08-10 03:23:02,564 - Discovery - Open Intent Discovery Begin...
2021-08-10 03:23:02,564 - Discovery - Parameters Initialization...
2021-08-10 03:23:02,565 - Discovery - ============================== Params ==============================
2021-08-10 03:23:02,565 - Discovery - type:	open_intent_discovery
2021-08-10 03:23:02,565 - Discovery - logger_name:	Discovery
2021-08-10 03:23:02,565 - Discovery - log_dir:	logs
2021-08-10 03:23:02,565 - Discovery - dataset:	snips
2021-08-10 03:23:02,565 - Discovery - known_cls_ratio:	0.75
2021-08-10 03:23:02,565 - Discovery - labeled_ratio:	0.1
2021-08-10 03:23:02,565 - Discovery - cluster_num_factor:	1.0
2021-08-10 03:23:02,565 - Discovery - method:	DeepAligned
2021-08-10 03:23:02,565 - Discovery - train:	True
2021-08-10 03:23:02,565 - Discovery - save_model:	False
2021-08-10 03:23:02,565 - Discovery - backbone:	bert
2021-08-10 03:23:02,565 - Discovery - setting:	semi_supervised
2021-08-10 03:23:02,565 - Discovery - config_file_name:	DeepAligned
2021-08-10 03:23:02,565 - Discovery - seed:	5
2021-08-10 03:23:02,565 - Discovery - gpu_id:	0
2021-08-10 03:23:02,565 - Discovery - pipe_results_path:	pipe_results
2021-08-10 03:23:02,565 - Discovery - data_dir:	/home/zhanghanlei/git/submit/TEXTOIR/open_intent_discovery/../data
2021-08-10 03:23:02,565 - Discovery - output_dir:	/home/sharing/disk2/zhanghanlei/save_data_162/TEXTOIR/outputs
2021-08-10 03:23:02,565 - Discovery - model_dir:	models
2021-08-10 03:23:02,565 - Discovery - result_dir:	results
2021-08-10 03:23:02,565 - Discovery - results_file_name:	results_DeepAligned.csv
2021-08-10 03:23:02,565 - Discovery - save_results:	True
2021-08-10 03:23:02,565 - Discovery - task_output_dir:	/home/sharing/disk2/zhanghanlei/save_data_162/TEXTOIR/outputs/open_intent_discovery
2021-08-10 03:23:02,565 - Discovery - method_output_dir:	/home/sharing/disk2/zhanghanlei/save_data_162/TEXTOIR/outputs/open_intent_discovery/DeepAligned_snips_0.75_0.1_bert_5
2021-08-10 03:23:02,565 - Discovery - model_output_dir:	/home/sharing/disk2/zhanghanlei/save_data_162/TEXTOIR/outputs/open_intent_discovery/DeepAligned_snips_0.75_0.1_bert_5/models
2021-08-10 03:23:02,565 - Discovery - bert_model:	/home/sharing/disk1/pretrained_embedding/bert/uncased_L-12_H-768_A-12/
2021-08-10 03:23:02,565 - Discovery - max_seq_length:	None
2021-08-10 03:23:02,565 - Discovery - num_pretrain_epochs:	100
2021-08-10 03:23:02,565 - Discovery - num_train_epochs:	100
2021-08-10 03:23:02,565 - Discovery - num_labels:	None
2021-08-10 03:23:02,565 - Discovery - freeze_bert_parameters:	True
2021-08-10 03:23:02,565 - Discovery - feat_dim:	768
2021-08-10 03:23:02,565 - Discovery - warmup_proportion:	0.1
2021-08-10 03:23:02,565 - Discovery - lr_pre:	5e-05
2021-08-10 03:23:02,565 - Discovery - lr:	5e-05
2021-08-10 03:23:02,565 - Discovery - loss_fct:	CrossEntropyLoss
2021-08-10 03:23:02,565 - Discovery - activation:	tanh
2021-08-10 03:23:02,565 - Discovery - train_batch_size:	128
2021-08-10 03:23:02,565 - Discovery - eval_batch_size:	64
2021-08-10 03:23:02,565 - Discovery - test_batch_size:	64
2021-08-10 03:23:02,565 - Discovery - wait_patient:	20
2021-08-10 03:23:02,565 - Discovery - ============================== End Params ==============================
2021-08-10 03:23:02,565 - Discovery - Data and Model Preparation...
2021-08-10 03:23:02,566 - Discovery - The number of known intents is 5
2021-08-10 03:23:02,567 - Discovery - Lists of known labels are: ['SearchScreeningEvent', 'GetWeather', 'RateBook', 'BookRestaurant', 'AddToPlaylist']
2021-08-10 03:23:04,365 - Discovery - Number of labeled training samples = 933
2021-08-10 03:23:04,365 - Discovery - Number of unlabeled training samples = 12151
2021-08-10 03:23:04,367 - Discovery - Number of evaluation samples = 500
2021-08-10 03:23:04,368 - Discovery - Number of testing samples = 700
2021-08-10 03:23:10,836 - Discovery - Freeze all parameters but the last layer for efficiency
2021-08-10 03:23:17,206 - Discovery - Freeze all parameters but the last layer for efficiency
2021-08-10 03:23:17,467 - Discovery - Pre-raining start...
2021-08-10 03:23:20,175 - Discovery - ***** Epoch: 1: Eval results *****
2021-08-10 03:23:20,175 - Discovery -   best_score = 0
2021-08-10 03:23:20,175 - Discovery -   eval_score = 49.0
2021-08-10 03:23:20,175 - Discovery -   train_loss = 1.6190920621156693
2021-08-10 03:23:22,096 - Discovery - ***** Epoch: 2: Eval results *****
2021-08-10 03:23:22,096 - Discovery -   best_score = 49.0
2021-08-10 03:23:22,096 - Discovery -   eval_score = 94.2
2021-08-10 03:23:22,096 - Discovery -   train_loss = 1.5046642422676086
2021-08-10 03:23:24,008 - Discovery - ***** Epoch: 3: Eval results *****
2021-08-10 03:23:24,008 - Discovery -   best_score = 94.2
2021-08-10 03:23:24,008 - Discovery -   eval_score = 96.6
2021-08-10 03:23:24,008 - Discovery -   train_loss = 1.2026743814349174
2021-08-10 03:23:25,928 - Discovery - ***** Epoch: 4: Eval results *****
2021-08-10 03:23:25,928 - Discovery -   best_score = 96.6
2021-08-10 03:23:25,929 - Discovery -   eval_score = 98.2
2021-08-10 03:23:25,929 - Discovery -   train_loss = 0.6189179681241512
2021-08-10 03:23:27,939 - Discovery - ***** Epoch: 5: Eval results *****
2021-08-10 03:23:27,939 - Discovery -   best_score = 98.2
2021-08-10 03:23:27,939 - Discovery -   eval_score = 98.8
2021-08-10 03:23:27,939 - Discovery -   train_loss = 0.1407478260807693
2021-08-10 03:23:29,098 - Discovery - ***** Epoch: 6: Eval results *****
2021-08-10 03:23:29,098 - Discovery -   best_score = 98.8
2021-08-10 03:23:29,098 - Discovery -   eval_score = 99.0
2021-08-10 03:23:29,098 - Discovery -   train_loss = 0.02749132039025426
2021-08-10 03:23:29,877 - Discovery - ***** Epoch: 7: Eval results *****
2021-08-10 03:23:29,877 - Discovery -   best_score = 99.0
2021-08-10 03:23:29,877 - Discovery -   eval_score = 99.4
2021-08-10 03:23:29,877 - Discovery -   train_loss = 0.01413121898076497
2021-08-10 03:23:30,659 - Discovery - ***** Epoch: 8: Eval results *****
2021-08-10 03:23:30,660 - Discovery -   best_score = 99.4
2021-08-10 03:23:30,660 - Discovery -   eval_score = 99.8
2021-08-10 03:23:30,660 - Discovery -   train_loss = 0.006554241495905444
2021-08-10 03:23:31,425 - Discovery - ***** Epoch: 9: Eval results *****
2021-08-10 03:23:31,425 - Discovery -   best_score = 99.8
2021-08-10 03:23:31,425 - Discovery -   eval_score = 99.4
2021-08-10 03:23:31,425 - Discovery -   train_loss = 0.0030330643567140214
2021-08-10 03:23:32,176 - Discovery - ***** Epoch: 10: Eval results *****
2021-08-10 03:23:32,176 - Discovery -   best_score = 99.8
2021-08-10 03:23:32,176 - Discovery -   eval_score = 99.2
2021-08-10 03:23:32,176 - Discovery -   train_loss = 0.0016067474498413503
2021-08-10 03:23:32,927 - Discovery - ***** Epoch: 11: Eval results *****
2021-08-10 03:23:32,927 - Discovery -   best_score = 99.8
2021-08-10 03:23:32,927 - Discovery -   eval_score = 99.2
2021-08-10 03:23:32,927 - Discovery -   train_loss = 0.0021696864059777
2021-08-10 03:23:33,680 - Discovery - ***** Epoch: 12: Eval results *****
2021-08-10 03:23:33,680 - Discovery -   best_score = 99.8
2021-08-10 03:23:33,681 - Discovery -   eval_score = 99.2
2021-08-10 03:23:33,681 - Discovery -   train_loss = 0.0007988460638443939
2021-08-10 03:23:34,460 - Discovery - ***** Epoch: 13: Eval results *****
2021-08-10 03:23:34,460 - Discovery -   best_score = 99.8
2021-08-10 03:23:34,460 - Discovery -   eval_score = 99.2
2021-08-10 03:23:34,460 - Discovery -   train_loss = 0.000875205012562219
2021-08-10 03:23:35,219 - Discovery - ***** Epoch: 14: Eval results *****
2021-08-10 03:23:35,219 - Discovery -   best_score = 99.8
2021-08-10 03:23:35,219 - Discovery -   eval_score = 99.2
2021-08-10 03:23:35,219 - Discovery -   train_loss = 0.0008902284898795187
2021-08-10 03:23:35,992 - Discovery - ***** Epoch: 15: Eval results *****
2021-08-10 03:23:35,993 - Discovery -   best_score = 99.8
2021-08-10 03:23:35,993 - Discovery -   eval_score = 99.4
2021-08-10 03:23:35,993 - Discovery -   train_loss = 0.0010613963022478856
2021-08-10 03:23:36,754 - Discovery - ***** Epoch: 16: Eval results *****
2021-08-10 03:23:36,754 - Discovery -   best_score = 99.8
2021-08-10 03:23:36,754 - Discovery -   eval_score = 99.4
2021-08-10 03:23:36,754 - Discovery -   train_loss = 0.0006774715984647628
2021-08-10 03:23:37,790 - Discovery - ***** Epoch: 17: Eval results *****
2021-08-10 03:23:37,790 - Discovery -   best_score = 99.8
2021-08-10 03:23:37,790 - Discovery -   eval_score = 99.4
2021-08-10 03:23:37,790 - Discovery -   train_loss = 0.0008203768120438326
2021-08-10 03:23:39,366 - Discovery - ***** Epoch: 18: Eval results *****
2021-08-10 03:23:39,366 - Discovery -   best_score = 99.8
2021-08-10 03:23:39,366 - Discovery -   eval_score = 99.4
2021-08-10 03:23:39,366 - Discovery -   train_loss = 0.0006640307219640817
2021-08-10 03:23:41,002 - Discovery - ***** Epoch: 19: Eval results *****
2021-08-10 03:23:41,002 - Discovery -   best_score = 99.8
2021-08-10 03:23:41,002 - Discovery -   eval_score = 99.4
2021-08-10 03:23:41,002 - Discovery -   train_loss = 0.0005197377322474495
2021-08-10 03:23:42,592 - Discovery - ***** Epoch: 20: Eval results *****
2021-08-10 03:23:42,592 - Discovery -   best_score = 99.8
2021-08-10 03:23:42,592 - Discovery -   eval_score = 99.4
2021-08-10 03:23:42,592 - Discovery -   train_loss = 0.0006113332201493904
2021-08-10 03:23:44,160 - Discovery - ***** Epoch: 21: Eval results *****
2021-08-10 03:23:44,161 - Discovery -   best_score = 99.8
2021-08-10 03:23:44,161 - Discovery -   eval_score = 99.4
2021-08-10 03:23:44,161 - Discovery -   train_loss = 0.0004680413367168512
2021-08-10 03:23:45,730 - Discovery - ***** Epoch: 22: Eval results *****
2021-08-10 03:23:45,731 - Discovery -   best_score = 99.8
2021-08-10 03:23:45,731 - Discovery -   eval_score = 99.4
2021-08-10 03:23:45,731 - Discovery -   train_loss = 0.0005382085873861797
2021-08-10 03:23:47,304 - Discovery - ***** Epoch: 23: Eval results *****
2021-08-10 03:23:47,304 - Discovery -   best_score = 99.8
2021-08-10 03:23:47,304 - Discovery -   eval_score = 99.4
2021-08-10 03:23:47,304 - Discovery -   train_loss = 0.00048000643437262625
2021-08-10 03:23:48,968 - Discovery - ***** Epoch: 24: Eval results *****
2021-08-10 03:23:48,968 - Discovery -   best_score = 99.8
2021-08-10 03:23:48,968 - Discovery -   eval_score = 99.4
2021-08-10 03:23:48,968 - Discovery -   train_loss = 0.0009253768184862565
2021-08-10 03:23:50,534 - Discovery - ***** Epoch: 25: Eval results *****
2021-08-10 03:23:50,534 - Discovery -   best_score = 99.8
2021-08-10 03:23:50,534 - Discovery -   eval_score = 99.2
2021-08-10 03:23:50,534 - Discovery -   train_loss = 0.000753664797230158
2021-08-10 03:23:52,092 - Discovery - ***** Epoch: 26: Eval results *****
2021-08-10 03:23:52,092 - Discovery -   best_score = 99.8
2021-08-10 03:23:52,092 - Discovery -   eval_score = 99.2
2021-08-10 03:23:52,092 - Discovery -   train_loss = 0.0004594235942931846
2021-08-10 03:23:53,651 - Discovery - ***** Epoch: 27: Eval results *****
2021-08-10 03:23:53,651 - Discovery -   best_score = 99.8
2021-08-10 03:23:53,651 - Discovery -   eval_score = 99.2
2021-08-10 03:23:53,651 - Discovery -   train_loss = 0.0006533873020089231
2021-08-10 03:23:55,561 - Discovery - ***** Epoch: 28: Eval results *****
2021-08-10 03:23:55,561 - Discovery -   best_score = 99.8
2021-08-10 03:23:55,561 - Discovery -   eval_score = 99.4
2021-08-10 03:23:55,561 - Discovery -   train_loss = 0.0004833807142858859
2021-08-10 03:23:55,561 - Discovery - Pre-training finished...
2021-08-10 03:23:55,569 - Discovery - Training Begin...
2021-08-10 03:24:59,890 - Discovery - ***** Epoch: 1: Eval results *****
2021-08-10 03:24:59,891 - Discovery -   best_cluster_silhouette_score = 0.5502494
2021-08-10 03:24:59,891 - Discovery -   cluster_silhouette_score = 0.55564845
2021-08-10 03:24:59,891 - Discovery -   train_loss = 1.4353183397968996
2021-08-10 03:25:25,224 - Discovery - ***** Epoch: 2: Eval results *****
2021-08-10 03:25:25,225 - Discovery -   best_cluster_silhouette_score = 0.55564845
2021-08-10 03:25:25,225 - Discovery -   cluster_silhouette_score = 0.6019191
2021-08-10 03:25:25,225 - Discovery -   train_loss = 0.32843455498658336
2021-08-10 03:25:48,754 - Discovery - ***** Epoch: 3: Eval results *****
2021-08-10 03:25:48,754 - Discovery -   best_cluster_silhouette_score = 0.6019191
2021-08-10 03:25:48,754 - Discovery -   cluster_silhouette_score = 0.6353175
2021-08-10 03:25:48,754 - Discovery -   train_loss = 0.16580099062722864
2021-08-10 03:26:14,670 - Discovery - ***** Epoch: 4: Eval results *****
2021-08-10 03:26:14,670 - Discovery -   best_cluster_silhouette_score = 0.6353175
2021-08-10 03:26:14,670 - Discovery -   cluster_silhouette_score = 0.6562897
2021-08-10 03:26:14,670 - Discovery -   train_loss = 0.12836829504197084
2021-08-10 03:26:48,521 - Discovery - ***** Epoch: 5: Eval results *****
2021-08-10 03:26:48,521 - Discovery -   best_cluster_silhouette_score = 0.6562897
2021-08-10 03:26:48,521 - Discovery -   cluster_silhouette_score = 0.6693291
2021-08-10 03:26:48,521 - Discovery -   train_loss = 0.10335531533306953
2021-08-10 03:27:27,264 - Discovery - ***** Epoch: 6: Eval results *****
2021-08-10 03:27:27,264 - Discovery -   best_cluster_silhouette_score = 0.6693291
2021-08-10 03:27:27,264 - Discovery -   cluster_silhouette_score = 0.6842437
2021-08-10 03:27:27,264 - Discovery -   train_loss = 0.09639915386757371
2021-08-10 03:27:59,927 - Discovery - ***** Epoch: 7: Eval results *****
2021-08-10 03:27:59,927 - Discovery -   best_cluster_silhouette_score = 0.6842437
2021-08-10 03:27:59,927 - Discovery -   cluster_silhouette_score = 0.69245523
2021-08-10 03:27:59,927 - Discovery -   train_loss = 0.09289885956106834
2021-08-10 03:28:23,333 - Discovery - ***** Epoch: 8: Eval results *****
2021-08-10 03:28:23,334 - Discovery -   best_cluster_silhouette_score = 0.69245523
2021-08-10 03:28:23,334 - Discovery -   cluster_silhouette_score = 0.6997367
2021-08-10 03:28:23,334 - Discovery -   train_loss = 0.08992628660957211
2021-08-10 03:28:47,979 - Discovery - ***** Epoch: 9: Eval results *****
2021-08-10 03:28:47,980 - Discovery -   best_cluster_silhouette_score = 0.6997367
2021-08-10 03:28:47,980 - Discovery -   cluster_silhouette_score = 0.70481867
2021-08-10 03:28:47,980 - Discovery -   train_loss = 0.07958911234304959
2021-08-10 03:29:16,662 - Discovery - ***** Epoch: 10: Eval results *****
2021-08-10 03:29:16,663 - Discovery -   best_cluster_silhouette_score = 0.70481867
2021-08-10 03:29:16,663 - Discovery -   cluster_silhouette_score = 0.7073846
2021-08-10 03:29:16,663 - Discovery -   train_loss = 0.08613809255331538
2021-08-10 03:29:53,033 - Discovery - ***** Epoch: 11: Eval results *****
2021-08-10 03:29:53,033 - Discovery -   best_cluster_silhouette_score = 0.7073846
2021-08-10 03:29:53,033 - Discovery -   cluster_silhouette_score = 0.71103597
2021-08-10 03:29:53,033 - Discovery -   train_loss = 0.07701266398856832
2021-08-10 03:30:28,770 - Discovery - ***** Epoch: 12: Eval results *****
2021-08-10 03:30:28,770 - Discovery -   best_cluster_silhouette_score = 0.71103597
2021-08-10 03:30:28,770 - Discovery -   cluster_silhouette_score = 0.7132338
2021-08-10 03:30:28,770 - Discovery -   train_loss = 0.07232825321516076
2021-08-10 03:30:54,030 - Discovery - ***** Epoch: 13: Eval results *****
2021-08-10 03:30:54,030 - Discovery -   best_cluster_silhouette_score = 0.7132338
2021-08-10 03:30:54,030 - Discovery -   cluster_silhouette_score = 0.71721876
2021-08-10 03:30:54,030 - Discovery -   train_loss = 0.0686686216057866
2021-08-10 03:31:16,829 - Discovery - ***** Epoch: 14: Eval results *****
2021-08-10 03:31:16,829 - Discovery -   best_cluster_silhouette_score = 0.71721876
2021-08-10 03:31:16,829 - Discovery -   cluster_silhouette_score = 0.7192332
2021-08-10 03:31:16,829 - Discovery -   train_loss = 0.06381174934083071
2021-08-10 03:31:43,363 - Discovery - ***** Epoch: 15: Eval results *****
2021-08-10 03:31:43,363 - Discovery -   best_cluster_silhouette_score = 0.7192332
2021-08-10 03:31:43,363 - Discovery -   cluster_silhouette_score = 0.7234135
2021-08-10 03:31:43,363 - Discovery -   train_loss = 0.06377197289613337
2021-08-10 03:32:17,061 - Discovery - ***** Epoch: 16: Eval results *****
2021-08-10 03:32:17,061 - Discovery -   best_cluster_silhouette_score = 0.7234135
2021-08-10 03:32:17,061 - Discovery -   cluster_silhouette_score = 0.7272023
2021-08-10 03:32:17,061 - Discovery -   train_loss = 0.05805679077499555
2021-08-10 03:32:55,842 - Discovery - ***** Epoch: 17: Eval results *****
2021-08-10 03:32:55,842 - Discovery -   best_cluster_silhouette_score = 0.7272023
2021-08-10 03:32:55,842 - Discovery -   cluster_silhouette_score = 0.7258742
2021-08-10 03:32:55,842 - Discovery -   train_loss = 0.05853788119975875
2021-08-10 03:33:25,358 - Discovery - ***** Epoch: 18: Eval results *****
2021-08-10 03:33:25,359 - Discovery -   best_cluster_silhouette_score = 0.7272023
2021-08-10 03:33:25,359 - Discovery -   cluster_silhouette_score = 0.7278394
2021-08-10 03:33:25,359 - Discovery -   train_loss = 0.05458954763395296
2021-08-10 03:33:48,742 - Discovery - ***** Epoch: 19: Eval results *****
2021-08-10 03:33:48,742 - Discovery -   best_cluster_silhouette_score = 0.7278394
2021-08-10 03:33:48,742 - Discovery -   cluster_silhouette_score = 0.73360294
2021-08-10 03:33:48,742 - Discovery -   train_loss = 0.051442443203572094
2021-08-10 03:34:12,926 - Discovery - ***** Epoch: 20: Eval results *****
2021-08-10 03:34:12,926 - Discovery -   best_cluster_silhouette_score = 0.73360294
2021-08-10 03:34:12,926 - Discovery -   cluster_silhouette_score = 0.7336346
2021-08-10 03:34:12,926 - Discovery -   train_loss = 0.04694936822086021
2021-08-10 03:34:43,054 - Discovery - ***** Epoch: 21: Eval results *****
2021-08-10 03:34:43,054 - Discovery -   best_cluster_silhouette_score = 0.7336346
2021-08-10 03:34:43,054 - Discovery -   cluster_silhouette_score = 0.7363024
2021-08-10 03:34:43,054 - Discovery -   train_loss = 0.04657083934707594
2021-08-10 03:35:20,512 - Discovery - ***** Epoch: 22: Eval results *****
2021-08-10 03:35:20,512 - Discovery -   best_cluster_silhouette_score = 0.7363024
2021-08-10 03:35:20,512 - Discovery -   cluster_silhouette_score = 0.7380457
2021-08-10 03:35:20,512 - Discovery -   train_loss = 0.04573393119267387
2021-08-10 03:35:56,957 - Discovery - ***** Epoch: 23: Eval results *****
2021-08-10 03:35:56,958 - Discovery -   best_cluster_silhouette_score = 0.7380457
2021-08-10 03:35:56,958 - Discovery -   cluster_silhouette_score = 0.74053997
2021-08-10 03:35:56,958 - Discovery -   train_loss = 0.03915870143411437
2021-08-10 03:36:22,346 - Discovery - ***** Epoch: 24: Eval results *****
2021-08-10 03:36:22,346 - Discovery -   best_cluster_silhouette_score = 0.74053997
2021-08-10 03:36:22,347 - Discovery -   cluster_silhouette_score = 0.74220085
2021-08-10 03:36:22,347 - Discovery -   train_loss = 0.04129292615079005
2021-08-10 03:36:45,628 - Discovery - ***** Epoch: 25: Eval results *****
2021-08-10 03:36:45,628 - Discovery -   best_cluster_silhouette_score = 0.74220085
2021-08-10 03:36:45,628 - Discovery -   cluster_silhouette_score = 0.7423779
2021-08-10 03:36:45,628 - Discovery -   train_loss = 0.04197807471975413
2021-08-10 03:37:11,757 - Discovery - ***** Epoch: 26: Eval results *****
2021-08-10 03:37:11,758 - Discovery -   best_cluster_silhouette_score = 0.7423779
2021-08-10 03:37:11,758 - Discovery -   cluster_silhouette_score = 0.7427555
2021-08-10 03:37:11,758 - Discovery -   train_loss = 0.036991019954778326
2021-08-10 03:37:45,874 - Discovery - ***** Epoch: 27: Eval results *****
2021-08-10 03:37:45,874 - Discovery -   best_cluster_silhouette_score = 0.7427555
2021-08-10 03:37:45,874 - Discovery -   cluster_silhouette_score = 0.7444082
2021-08-10 03:37:45,874 - Discovery -   train_loss = 0.03490356357205315
2021-08-10 03:38:10,565 - Discovery - ***** Epoch: 28: Eval results *****
2021-08-10 03:38:10,565 - Discovery -   best_cluster_silhouette_score = 0.7444082
2021-08-10 03:38:10,565 - Discovery -   cluster_silhouette_score = 0.7502188
2021-08-10 03:38:10,565 - Discovery -   train_loss = 0.03507366808480583
2021-08-10 03:38:32,199 - Discovery - ***** Epoch: 29: Eval results *****
2021-08-10 03:38:32,199 - Discovery -   best_cluster_silhouette_score = 0.7502188
2021-08-10 03:38:32,199 - Discovery -   cluster_silhouette_score = 0.7497333
2021-08-10 03:38:32,199 - Discovery -   train_loss = 0.035223746705614935
2021-08-10 03:38:53,823 - Discovery - ***** Epoch: 30: Eval results *****
2021-08-10 03:38:53,823 - Discovery -   best_cluster_silhouette_score = 0.7502188
2021-08-10 03:38:53,824 - Discovery -   cluster_silhouette_score = 0.750269
2021-08-10 03:38:53,824 - Discovery -   train_loss = 0.03193330714870154
2021-08-10 03:39:15,236 - Discovery - ***** Epoch: 31: Eval results *****
2021-08-10 03:39:15,236 - Discovery -   best_cluster_silhouette_score = 0.750269
2021-08-10 03:39:15,236 - Discovery -   cluster_silhouette_score = 0.7536305
2021-08-10 03:39:15,236 - Discovery -   train_loss = 0.030823521649474005
2021-08-10 03:39:36,978 - Discovery - ***** Epoch: 32: Eval results *****
2021-08-10 03:39:36,978 - Discovery -   best_cluster_silhouette_score = 0.7536305
2021-08-10 03:39:36,978 - Discovery -   cluster_silhouette_score = 0.75572735
2021-08-10 03:39:36,978 - Discovery -   train_loss = 0.02617380452891631
2021-08-10 03:39:58,757 - Discovery - ***** Epoch: 33: Eval results *****
2021-08-10 03:39:58,757 - Discovery -   best_cluster_silhouette_score = 0.75572735
2021-08-10 03:39:58,757 - Discovery -   cluster_silhouette_score = 0.75401866
2021-08-10 03:39:58,757 - Discovery -   train_loss = 0.0231645046357513
2021-08-10 03:40:20,505 - Discovery - ***** Epoch: 34: Eval results *****
2021-08-10 03:40:20,506 - Discovery -   best_cluster_silhouette_score = 0.75572735
2021-08-10 03:40:20,506 - Discovery -   cluster_silhouette_score = 0.7579491
2021-08-10 03:40:20,506 - Discovery -   train_loss = 0.025617229226113127
2021-08-10 03:40:42,188 - Discovery - ***** Epoch: 35: Eval results *****
2021-08-10 03:40:42,188 - Discovery -   best_cluster_silhouette_score = 0.7579491
2021-08-10 03:40:42,188 - Discovery -   cluster_silhouette_score = 0.7587823
2021-08-10 03:40:42,188 - Discovery -   train_loss = 0.026465409173538627
2021-08-10 03:41:00,950 - Discovery - ***** Epoch: 36: Eval results *****
2021-08-10 03:41:00,950 - Discovery -   best_cluster_silhouette_score = 0.7587823
2021-08-10 03:41:00,950 - Discovery -   cluster_silhouette_score = 0.7611703
2021-08-10 03:41:00,950 - Discovery -   train_loss = 0.024972570458558746
2021-08-10 03:41:30,261 - Discovery - ***** Epoch: 37: Eval results *****
2021-08-10 03:41:30,262 - Discovery -   best_cluster_silhouette_score = 0.7611703
2021-08-10 03:41:30,262 - Discovery -   cluster_silhouette_score = 0.76129466
2021-08-10 03:41:30,262 - Discovery -   train_loss = 0.025038121083075435
2021-08-10 03:41:59,835 - Discovery - ***** Epoch: 38: Eval results *****
2021-08-10 03:41:59,835 - Discovery -   best_cluster_silhouette_score = 0.76129466
2021-08-10 03:41:59,835 - Discovery -   cluster_silhouette_score = 0.7619957
2021-08-10 03:41:59,836 - Discovery -   train_loss = 0.02203586302727045
2021-08-10 03:42:29,552 - Discovery - ***** Epoch: 39: Eval results *****
2021-08-10 03:42:29,552 - Discovery -   best_cluster_silhouette_score = 0.7619957
2021-08-10 03:42:29,552 - Discovery -   cluster_silhouette_score = 0.7664945
2021-08-10 03:42:29,552 - Discovery -   train_loss = 0.018639045902691755
2021-08-10 03:42:55,827 - Discovery - ***** Epoch: 40: Eval results *****
2021-08-10 03:42:55,827 - Discovery -   best_cluster_silhouette_score = 0.7664945
2021-08-10 03:42:55,827 - Discovery -   cluster_silhouette_score = 0.76721543
2021-08-10 03:42:55,827 - Discovery -   train_loss = 0.017472819388715224
2021-08-10 03:43:28,967 - Discovery - ***** Epoch: 41: Eval results *****
2021-08-10 03:43:28,967 - Discovery -   best_cluster_silhouette_score = 0.76721543
2021-08-10 03:43:28,967 - Discovery -   cluster_silhouette_score = 0.7633242
2021-08-10 03:43:28,967 - Discovery -   train_loss = 0.02369604566845437
2021-08-10 03:44:02,766 - Discovery - ***** Epoch: 42: Eval results *****
2021-08-10 03:44:02,766 - Discovery -   best_cluster_silhouette_score = 0.76721543
2021-08-10 03:44:02,766 - Discovery -   cluster_silhouette_score = 0.7649878
2021-08-10 03:44:02,766 - Discovery -   train_loss = 0.02061388796248792
2021-08-10 03:44:21,243 - Discovery - ***** Epoch: 43: Eval results *****
2021-08-10 03:44:21,243 - Discovery -   best_cluster_silhouette_score = 0.76721543
2021-08-10 03:44:21,243 - Discovery -   cluster_silhouette_score = 0.7634871
2021-08-10 03:44:21,243 - Discovery -   train_loss = 0.02072853373179384
2021-08-10 03:44:49,548 - Discovery - ***** Epoch: 44: Eval results *****
2021-08-10 03:44:49,548 - Discovery -   best_cluster_silhouette_score = 0.76721543
2021-08-10 03:44:49,548 - Discovery -   cluster_silhouette_score = 0.76689565
2021-08-10 03:44:49,548 - Discovery -   train_loss = 0.018420430475301154
2021-08-10 03:45:19,307 - Discovery - ***** Epoch: 45: Eval results *****
2021-08-10 03:45:19,308 - Discovery -   best_cluster_silhouette_score = 0.76721543
2021-08-10 03:45:19,308 - Discovery -   cluster_silhouette_score = 0.7681304
2021-08-10 03:45:19,308 - Discovery -   train_loss = 0.01695467309686649
2021-08-10 03:45:49,046 - Discovery - ***** Epoch: 46: Eval results *****
2021-08-10 03:45:49,046 - Discovery -   best_cluster_silhouette_score = 0.7681304
2021-08-10 03:45:49,046 - Discovery -   cluster_silhouette_score = 0.7687791
2021-08-10 03:45:49,046 - Discovery -   train_loss = 0.015897517649454598
2021-08-10 03:46:18,482 - Discovery - ***** Epoch: 47: Eval results *****
2021-08-10 03:46:18,482 - Discovery -   best_cluster_silhouette_score = 0.7687791
2021-08-10 03:46:18,482 - Discovery -   cluster_silhouette_score = 0.76906013
2021-08-10 03:46:18,482 - Discovery -   train_loss = 0.015763337401932025
2021-08-10 03:46:48,039 - Discovery - ***** Epoch: 48: Eval results *****
2021-08-10 03:46:48,039 - Discovery -   best_cluster_silhouette_score = 0.76906013
2021-08-10 03:46:48,039 - Discovery -   cluster_silhouette_score = 0.7697889
2021-08-10 03:46:48,039 - Discovery -   train_loss = 0.017434384495608204
2021-08-10 03:47:17,944 - Discovery - ***** Epoch: 49: Eval results *****
2021-08-10 03:47:17,945 - Discovery -   best_cluster_silhouette_score = 0.7697889
2021-08-10 03:47:17,945 - Discovery -   cluster_silhouette_score = 0.7684389
2021-08-10 03:47:17,945 - Discovery -   train_loss = 0.017859897817156134
2021-08-10 03:47:47,559 - Discovery - ***** Epoch: 50: Eval results *****
2021-08-10 03:47:47,559 - Discovery -   best_cluster_silhouette_score = 0.7697889
2021-08-10 03:47:47,559 - Discovery -   cluster_silhouette_score = 0.7671005
2021-08-10 03:47:47,559 - Discovery -   train_loss = 0.016266762775717106
2021-08-10 03:48:16,967 - Discovery - ***** Epoch: 51: Eval results *****
2021-08-10 03:48:16,967 - Discovery -   best_cluster_silhouette_score = 0.7697889
2021-08-10 03:48:16,967 - Discovery -   cluster_silhouette_score = 0.7709819
2021-08-10 03:48:16,967 - Discovery -   train_loss = 0.014772502364544424
2021-08-10 03:48:46,673 - Discovery - ***** Epoch: 52: Eval results *****
2021-08-10 03:48:46,673 - Discovery -   best_cluster_silhouette_score = 0.7709819
2021-08-10 03:48:46,673 - Discovery -   cluster_silhouette_score = 0.7727326
2021-08-10 03:48:46,673 - Discovery -   train_loss = 0.013303759643746974
2021-08-10 03:49:16,423 - Discovery - ***** Epoch: 53: Eval results *****
2021-08-10 03:49:16,423 - Discovery -   best_cluster_silhouette_score = 0.7727326
2021-08-10 03:49:16,423 - Discovery -   cluster_silhouette_score = 0.7721318
2021-08-10 03:49:16,423 - Discovery -   train_loss = 0.01666267853816129
2021-08-10 03:49:40,517 - Discovery - ***** Epoch: 54: Eval results *****
2021-08-10 03:49:40,517 - Discovery -   best_cluster_silhouette_score = 0.7727326
2021-08-10 03:49:40,517 - Discovery -   cluster_silhouette_score = 0.7711458
2021-08-10 03:49:40,517 - Discovery -   train_loss = 0.014341233546094848
2021-08-10 03:50:05,998 - Discovery - ***** Epoch: 55: Eval results *****
2021-08-10 03:50:05,998 - Discovery -   best_cluster_silhouette_score = 0.7727326
2021-08-10 03:50:05,998 - Discovery -   cluster_silhouette_score = 0.7709319
2021-08-10 03:50:05,998 - Discovery -   train_loss = 0.013123630159983787
2021-08-10 03:50:32,798 - Discovery - ***** Epoch: 56: Eval results *****
2021-08-10 03:50:32,798 - Discovery -   best_cluster_silhouette_score = 0.7727326
2021-08-10 03:50:32,798 - Discovery -   cluster_silhouette_score = 0.77356154
2021-08-10 03:50:32,798 - Discovery -   train_loss = 0.01204568310958634
2021-08-10 03:50:58,631 - Discovery - ***** Epoch: 57: Eval results *****
2021-08-10 03:50:58,631 - Discovery -   best_cluster_silhouette_score = 0.77356154
2021-08-10 03:50:58,631 - Discovery -   cluster_silhouette_score = 0.7730792
2021-08-10 03:50:58,631 - Discovery -   train_loss = 0.014028428320900664
2021-08-10 03:51:25,353 - Discovery - ***** Epoch: 58: Eval results *****
2021-08-10 03:51:25,353 - Discovery -   best_cluster_silhouette_score = 0.77356154
2021-08-10 03:51:25,353 - Discovery -   cluster_silhouette_score = 0.7711615
2021-08-10 03:51:25,353 - Discovery -   train_loss = 0.014059670338964088
2021-08-10 03:51:51,997 - Discovery - ***** Epoch: 59: Eval results *****
2021-08-10 03:51:51,997 - Discovery -   best_cluster_silhouette_score = 0.77356154
2021-08-10 03:51:51,997 - Discovery -   cluster_silhouette_score = 0.77370286
2021-08-10 03:51:51,997 - Discovery -   train_loss = 0.012305037577409642
2021-08-10 03:52:18,298 - Discovery - ***** Epoch: 60: Eval results *****
2021-08-10 03:52:18,298 - Discovery -   best_cluster_silhouette_score = 0.77370286
2021-08-10 03:52:18,298 - Discovery -   cluster_silhouette_score = 0.7742981
2021-08-10 03:52:18,298 - Discovery -   train_loss = 0.011346876042065983
2021-08-10 03:52:44,902 - Discovery - ***** Epoch: 61: Eval results *****
2021-08-10 03:52:44,902 - Discovery -   best_cluster_silhouette_score = 0.7742981
2021-08-10 03:52:44,902 - Discovery -   cluster_silhouette_score = 0.777748
2021-08-10 03:52:44,902 - Discovery -   train_loss = 0.011489746743235036
2021-08-10 03:53:11,246 - Discovery - ***** Epoch: 62: Eval results *****
2021-08-10 03:53:11,246 - Discovery -   best_cluster_silhouette_score = 0.777748
2021-08-10 03:53:11,246 - Discovery -   cluster_silhouette_score = 0.77574134
2021-08-10 03:53:11,246 - Discovery -   train_loss = 0.012153377546285996
2021-08-10 03:53:38,165 - Discovery - ***** Epoch: 63: Eval results *****
2021-08-10 03:53:38,165 - Discovery -   best_cluster_silhouette_score = 0.777748
2021-08-10 03:53:38,165 - Discovery -   cluster_silhouette_score = 0.77493346
2021-08-10 03:53:38,165 - Discovery -   train_loss = 0.011152071301500116
2021-08-10 03:54:04,621 - Discovery - ***** Epoch: 64: Eval results *****
2021-08-10 03:54:04,622 - Discovery -   best_cluster_silhouette_score = 0.777748
2021-08-10 03:54:04,622 - Discovery -   cluster_silhouette_score = 0.7776747
2021-08-10 03:54:04,622 - Discovery -   train_loss = 0.010866379009156253
2021-08-10 03:54:31,444 - Discovery - ***** Epoch: 65: Eval results *****
2021-08-10 03:54:31,444 - Discovery -   best_cluster_silhouette_score = 0.777748
2021-08-10 03:54:31,444 - Discovery -   cluster_silhouette_score = 0.7786184
2021-08-10 03:54:31,444 - Discovery -   train_loss = 0.009722338152712536
2021-08-10 03:54:58,154 - Discovery - ***** Epoch: 66: Eval results *****
2021-08-10 03:54:58,154 - Discovery -   best_cluster_silhouette_score = 0.7786184
2021-08-10 03:54:58,154 - Discovery -   cluster_silhouette_score = 0.7767152
2021-08-10 03:54:58,154 - Discovery -   train_loss = 0.010326283109817683
2021-08-10 03:55:25,019 - Discovery - ***** Epoch: 67: Eval results *****
2021-08-10 03:55:25,019 - Discovery -   best_cluster_silhouette_score = 0.7786184
2021-08-10 03:55:25,019 - Discovery -   cluster_silhouette_score = 0.7782659
2021-08-10 03:55:25,019 - Discovery -   train_loss = 0.01092059252649722
2021-08-10 03:55:51,768 - Discovery - ***** Epoch: 68: Eval results *****
2021-08-10 03:55:51,768 - Discovery -   best_cluster_silhouette_score = 0.7786184
2021-08-10 03:55:51,768 - Discovery -   cluster_silhouette_score = 0.7782395
2021-08-10 03:55:51,768 - Discovery -   train_loss = 0.009105804632869956
2021-08-10 03:56:18,603 - Discovery - ***** Epoch: 69: Eval results *****
2021-08-10 03:56:18,603 - Discovery -   best_cluster_silhouette_score = 0.7786184
2021-08-10 03:56:18,603 - Discovery -   cluster_silhouette_score = 0.7765951
2021-08-10 03:56:18,603 - Discovery -   train_loss = 0.007321685860730319
2021-08-10 03:56:45,365 - Discovery - ***** Epoch: 70: Eval results *****
2021-08-10 03:56:45,365 - Discovery -   best_cluster_silhouette_score = 0.7786184
2021-08-10 03:56:45,365 - Discovery -   cluster_silhouette_score = 0.77688676
2021-08-10 03:56:45,365 - Discovery -   train_loss = 0.010377883538716806
2021-08-10 03:57:11,247 - Discovery - ***** Epoch: 71: Eval results *****
2021-08-10 03:57:11,247 - Discovery -   best_cluster_silhouette_score = 0.7786184
2021-08-10 03:57:11,247 - Discovery -   cluster_silhouette_score = 0.77795297
2021-08-10 03:57:11,247 - Discovery -   train_loss = 0.00833582615408339
2021-08-10 03:57:38,165 - Discovery - ***** Epoch: 72: Eval results *****
2021-08-10 03:57:38,166 - Discovery -   best_cluster_silhouette_score = 0.7786184
2021-08-10 03:57:38,166 - Discovery -   cluster_silhouette_score = 0.7785679
2021-08-10 03:57:38,166 - Discovery -   train_loss = 0.010088097328547325
2021-08-10 03:58:05,198 - Discovery - ***** Epoch: 73: Eval results *****
2021-08-10 03:58:05,198 - Discovery -   best_cluster_silhouette_score = 0.7786184
2021-08-10 03:58:05,198 - Discovery -   cluster_silhouette_score = 0.7770815
2021-08-10 03:58:05,198 - Discovery -   train_loss = 0.00812873406089106
2021-08-10 03:58:31,580 - Discovery - ***** Epoch: 74: Eval results *****
2021-08-10 03:58:31,581 - Discovery -   best_cluster_silhouette_score = 0.7786184
2021-08-10 03:58:31,581 - Discovery -   cluster_silhouette_score = 0.7777442
2021-08-10 03:58:31,581 - Discovery -   train_loss = 0.008543356990963572
2021-08-10 03:58:58,109 - Discovery - ***** Epoch: 75: Eval results *****
2021-08-10 03:58:58,109 - Discovery -   best_cluster_silhouette_score = 0.7786184
2021-08-10 03:58:58,109 - Discovery -   cluster_silhouette_score = 0.77869236
2021-08-10 03:58:58,109 - Discovery -   train_loss = 0.007509495453579573
2021-08-10 03:59:24,832 - Discovery - ***** Epoch: 76: Eval results *****
2021-08-10 03:59:24,832 - Discovery -   best_cluster_silhouette_score = 0.77869236
2021-08-10 03:59:24,832 - Discovery -   cluster_silhouette_score = 0.7777003
2021-08-10 03:59:24,832 - Discovery -   train_loss = 0.008487338395920656
2021-08-10 03:59:51,541 - Discovery - ***** Epoch: 77: Eval results *****
2021-08-10 03:59:51,541 - Discovery -   best_cluster_silhouette_score = 0.77869236
2021-08-10 03:59:51,541 - Discovery -   cluster_silhouette_score = 0.77935076
2021-08-10 03:59:51,541 - Discovery -   train_loss = 0.006787787152293762
2021-08-10 04:00:18,188 - Discovery - ***** Epoch: 78: Eval results *****
2021-08-10 04:00:18,189 - Discovery -   best_cluster_silhouette_score = 0.77935076
2021-08-10 04:00:18,189 - Discovery -   cluster_silhouette_score = 0.77937824
2021-08-10 04:00:18,189 - Discovery -   train_loss = 0.007265604534093884
2021-08-10 04:00:44,668 - Discovery - ***** Epoch: 79: Eval results *****
2021-08-10 04:00:44,668 - Discovery -   best_cluster_silhouette_score = 0.77937824
2021-08-10 04:00:44,668 - Discovery -   cluster_silhouette_score = 0.7794348
2021-08-10 04:00:44,668 - Discovery -   train_loss = 0.008848766674824766
2021-08-10 04:01:12,063 - Discovery - ***** Epoch: 80: Eval results *****
2021-08-10 04:01:12,064 - Discovery -   best_cluster_silhouette_score = 0.7794348
2021-08-10 04:01:12,064 - Discovery -   cluster_silhouette_score = 0.78051525
2021-08-10 04:01:12,064 - Discovery -   train_loss = 0.00558067713198009
2021-08-10 04:01:38,245 - Discovery - ***** Epoch: 81: Eval results *****
2021-08-10 04:01:38,245 - Discovery -   best_cluster_silhouette_score = 0.78051525
2021-08-10 04:01:38,245 - Discovery -   cluster_silhouette_score = 0.78083336
2021-08-10 04:01:38,245 - Discovery -   train_loss = 0.005311005116894997
2021-08-10 04:02:04,762 - Discovery - ***** Epoch: 82: Eval results *****
2021-08-10 04:02:04,763 - Discovery -   best_cluster_silhouette_score = 0.78083336
2021-08-10 04:02:04,763 - Discovery -   cluster_silhouette_score = 0.7800977
2021-08-10 04:02:04,763 - Discovery -   train_loss = 0.005635290824376144
2021-08-10 04:02:30,911 - Discovery - ***** Epoch: 83: Eval results *****
2021-08-10 04:02:30,911 - Discovery -   best_cluster_silhouette_score = 0.78083336
2021-08-10 04:02:30,912 - Discovery -   cluster_silhouette_score = 0.7804333
2021-08-10 04:02:30,912 - Discovery -   train_loss = 0.008053784731830481
2021-08-10 04:02:58,021 - Discovery - ***** Epoch: 84: Eval results *****
2021-08-10 04:02:58,021 - Discovery -   best_cluster_silhouette_score = 0.78083336
2021-08-10 04:02:58,021 - Discovery -   cluster_silhouette_score = 0.7808783
2021-08-10 04:02:58,021 - Discovery -   train_loss = 0.006343797021436684
2021-08-10 04:03:24,267 - Discovery - ***** Epoch: 85: Eval results *****
2021-08-10 04:03:24,267 - Discovery -   best_cluster_silhouette_score = 0.7808783
2021-08-10 04:03:24,267 - Discovery -   cluster_silhouette_score = 0.78005654
2021-08-10 04:03:24,267 - Discovery -   train_loss = 0.008009211807979385
2021-08-10 04:03:51,311 - Discovery - ***** Epoch: 86: Eval results *****
2021-08-10 04:03:51,311 - Discovery -   best_cluster_silhouette_score = 0.7808783
2021-08-10 04:03:51,311 - Discovery -   cluster_silhouette_score = 0.7807551
2021-08-10 04:03:51,311 - Discovery -   train_loss = 0.005509748815632176
2021-08-10 04:04:18,097 - Discovery - ***** Epoch: 87: Eval results *****
2021-08-10 04:04:18,097 - Discovery -   best_cluster_silhouette_score = 0.7808783
2021-08-10 04:04:18,097 - Discovery -   cluster_silhouette_score = 0.77938926
2021-08-10 04:04:18,097 - Discovery -   train_loss = 0.007177340536887217
2021-08-10 04:04:44,976 - Discovery - ***** Epoch: 88: Eval results *****
2021-08-10 04:04:44,976 - Discovery -   best_cluster_silhouette_score = 0.7808783
2021-08-10 04:04:44,977 - Discovery -   cluster_silhouette_score = 0.78043675
2021-08-10 04:04:44,977 - Discovery -   train_loss = 0.007310267661753121
2021-08-10 04:05:11,831 - Discovery - ***** Epoch: 89: Eval results *****
2021-08-10 04:05:11,831 - Discovery -   best_cluster_silhouette_score = 0.7808783
2021-08-10 04:05:11,831 - Discovery -   cluster_silhouette_score = 0.780435
2021-08-10 04:05:11,831 - Discovery -   train_loss = 0.005968004540087897
2021-08-10 04:05:38,345 - Discovery - ***** Epoch: 90: Eval results *****
2021-08-10 04:05:38,345 - Discovery -   best_cluster_silhouette_score = 0.7808783
2021-08-10 04:05:38,345 - Discovery -   cluster_silhouette_score = 0.7804447
2021-08-10 04:05:38,345 - Discovery -   train_loss = 0.006050884503459652
2021-08-10 04:06:05,228 - Discovery - ***** Epoch: 91: Eval results *****
2021-08-10 04:06:05,228 - Discovery -   best_cluster_silhouette_score = 0.7808783
2021-08-10 04:06:05,229 - Discovery -   cluster_silhouette_score = 0.78078896
2021-08-10 04:06:05,229 - Discovery -   train_loss = 0.006497129417395838
2021-08-10 04:06:31,908 - Discovery - ***** Epoch: 92: Eval results *****
2021-08-10 04:06:31,908 - Discovery -   best_cluster_silhouette_score = 0.7808783
2021-08-10 04:06:31,908 - Discovery -   cluster_silhouette_score = 0.7806345
2021-08-10 04:06:31,908 - Discovery -   train_loss = 0.005812120637025693
2021-08-10 04:06:58,066 - Discovery - ***** Epoch: 93: Eval results *****
2021-08-10 04:06:58,066 - Discovery -   best_cluster_silhouette_score = 0.7808783
2021-08-10 04:06:58,066 - Discovery -   cluster_silhouette_score = 0.78039336
2021-08-10 04:06:58,066 - Discovery -   train_loss = 0.005047667077642207
2021-08-10 04:07:25,061 - Discovery - ***** Epoch: 94: Eval results *****
2021-08-10 04:07:25,062 - Discovery -   best_cluster_silhouette_score = 0.7808783
2021-08-10 04:07:25,062 - Discovery -   cluster_silhouette_score = 0.78016984
2021-08-10 04:07:25,062 - Discovery -   train_loss = 0.005042403034185025
2021-08-10 04:07:51,673 - Discovery - ***** Epoch: 95: Eval results *****
2021-08-10 04:07:51,673 - Discovery -   best_cluster_silhouette_score = 0.7808783
2021-08-10 04:07:51,674 - Discovery -   cluster_silhouette_score = 0.7799628
2021-08-10 04:07:51,674 - Discovery -   train_loss = 0.006547183037185374
2021-08-10 04:08:18,734 - Discovery - ***** Epoch: 96: Eval results *****
2021-08-10 04:08:18,734 - Discovery -   best_cluster_silhouette_score = 0.7808783
2021-08-10 04:08:18,734 - Discovery -   cluster_silhouette_score = 0.7799707
2021-08-10 04:08:18,734 - Discovery -   train_loss = 0.004818801116996538
2021-08-10 04:08:45,258 - Discovery - ***** Epoch: 97: Eval results *****
2021-08-10 04:08:45,258 - Discovery -   best_cluster_silhouette_score = 0.7808783
2021-08-10 04:08:45,258 - Discovery -   cluster_silhouette_score = 0.7802261
2021-08-10 04:08:45,258 - Discovery -   train_loss = 0.007466286667409999
2021-08-10 04:09:11,812 - Discovery - ***** Epoch: 98: Eval results *****
2021-08-10 04:09:11,813 - Discovery -   best_cluster_silhouette_score = 0.7808783
2021-08-10 04:09:11,813 - Discovery -   cluster_silhouette_score = 0.78024405
2021-08-10 04:09:11,813 - Discovery -   train_loss = 0.006231277522760826
2021-08-10 04:09:38,146 - Discovery - ***** Epoch: 99: Eval results *****
2021-08-10 04:09:38,147 - Discovery -   best_cluster_silhouette_score = 0.7808783
2021-08-10 04:09:38,147 - Discovery -   cluster_silhouette_score = 0.7803345
2021-08-10 04:09:38,147 - Discovery -   train_loss = 0.00488066740288259
2021-08-10 04:09:51,304 - Discovery - Training Finished...
2021-08-10 04:09:51,304 - Discovery - Testing begin...
2021-08-10 04:09:52,078 - Discovery - ***** Test: Confusion Matrix *****
2021-08-10 04:09:52,079 - Discovery - [[  0   0   0 123   0   1   0]
 [  0   0  92   0   0   0   0]
 [102   0   2   0   0   0   0]
 [  0  14   0  16   0  56   0]
 [  0   0   0   0   0   0  80]
 [  0  60   1   1  30  15   0]
 [  1   6   0   0  99   1   0]]
2021-08-10 04:09:52,079 - Discovery - ***** Test results *****
2021-08-10 04:09:52,079 - Discovery -   ACC = 87.43
2021-08-10 04:09:52,079 - Discovery -   ARI = 77.0
2021-08-10 04:09:52,079 - Discovery -   NMI = 81.88
2021-08-10 04:09:52,079 - Discovery - Testing finished...
2021-08-10 04:09:52,079 - Discovery - Results saved in results/results_DeepAligned.csv
2021-08-10 04:09:52,115 - Discovery - Open Intent Discovery Finished...
