2021-08-10 01:46:22,584 - Discovery - Open Intent Discovery Begin...
2021-08-10 01:46:22,584 - Discovery - Parameters Initialization...
2021-08-10 01:46:22,585 - Discovery - ============================== Params ==============================
2021-08-10 01:46:22,585 - Discovery - type:	open_intent_discovery
2021-08-10 01:46:22,585 - Discovery - logger_name:	Discovery
2021-08-10 01:46:22,585 - Discovery - log_dir:	logs
2021-08-10 01:46:22,585 - Discovery - dataset:	snips
2021-08-10 01:46:22,585 - Discovery - known_cls_ratio:	0.75
2021-08-10 01:46:22,585 - Discovery - labeled_ratio:	0.1
2021-08-10 01:46:22,585 - Discovery - cluster_num_factor:	1.0
2021-08-10 01:46:22,585 - Discovery - method:	DeepAligned
2021-08-10 01:46:22,585 - Discovery - train:	True
2021-08-10 01:46:22,585 - Discovery - save_model:	False
2021-08-10 01:46:22,585 - Discovery - backbone:	bert
2021-08-10 01:46:22,585 - Discovery - setting:	semi_supervised
2021-08-10 01:46:22,585 - Discovery - config_file_name:	DeepAligned
2021-08-10 01:46:22,585 - Discovery - seed:	3
2021-08-10 01:46:22,585 - Discovery - gpu_id:	0
2021-08-10 01:46:22,585 - Discovery - pipe_results_path:	pipe_results
2021-08-10 01:46:22,585 - Discovery - data_dir:	/home/zhanghanlei/git/submit/TEXTOIR/open_intent_discovery/../data
2021-08-10 01:46:22,585 - Discovery - output_dir:	/home/sharing/disk2/zhanghanlei/save_data_162/TEXTOIR/outputs
2021-08-10 01:46:22,585 - Discovery - model_dir:	models
2021-08-10 01:46:22,585 - Discovery - result_dir:	results
2021-08-10 01:46:22,585 - Discovery - results_file_name:	results_DeepAligned.csv
2021-08-10 01:46:22,585 - Discovery - save_results:	True
2021-08-10 01:46:22,585 - Discovery - task_output_dir:	/home/sharing/disk2/zhanghanlei/save_data_162/TEXTOIR/outputs/open_intent_discovery
2021-08-10 01:46:22,585 - Discovery - method_output_dir:	/home/sharing/disk2/zhanghanlei/save_data_162/TEXTOIR/outputs/open_intent_discovery/DeepAligned_snips_0.75_0.1_bert_3
2021-08-10 01:46:22,586 - Discovery - model_output_dir:	/home/sharing/disk2/zhanghanlei/save_data_162/TEXTOIR/outputs/open_intent_discovery/DeepAligned_snips_0.75_0.1_bert_3/models
2021-08-10 01:46:22,586 - Discovery - bert_model:	/home/sharing/disk1/pretrained_embedding/bert/uncased_L-12_H-768_A-12/
2021-08-10 01:46:22,586 - Discovery - max_seq_length:	None
2021-08-10 01:46:22,586 - Discovery - num_pretrain_epochs:	100
2021-08-10 01:46:22,586 - Discovery - num_train_epochs:	100
2021-08-10 01:46:22,586 - Discovery - num_labels:	None
2021-08-10 01:46:22,586 - Discovery - freeze_bert_parameters:	True
2021-08-10 01:46:22,586 - Discovery - feat_dim:	768
2021-08-10 01:46:22,586 - Discovery - warmup_proportion:	0.1
2021-08-10 01:46:22,586 - Discovery - lr_pre:	5e-05
2021-08-10 01:46:22,586 - Discovery - lr:	5e-05
2021-08-10 01:46:22,586 - Discovery - loss_fct:	CrossEntropyLoss
2021-08-10 01:46:22,586 - Discovery - activation:	tanh
2021-08-10 01:46:22,586 - Discovery - train_batch_size:	128
2021-08-10 01:46:22,586 - Discovery - eval_batch_size:	64
2021-08-10 01:46:22,586 - Discovery - test_batch_size:	64
2021-08-10 01:46:22,586 - Discovery - wait_patient:	20
2021-08-10 01:46:22,586 - Discovery - ============================== End Params ==============================
2021-08-10 01:46:22,586 - Discovery - Data and Model Preparation...
2021-08-10 01:46:22,587 - Discovery - The number of known intents is 5
2021-08-10 01:46:22,587 - Discovery - Lists of known labels are: ['RateBook', 'SearchScreeningEvent', 'SearchCreativeWork', 'PlayMusic', 'BookRestaurant']
2021-08-10 01:46:25,180 - Discovery - Number of labeled training samples = 937
2021-08-10 01:46:25,181 - Discovery - Number of unlabeled training samples = 12147
2021-08-10 01:46:25,183 - Discovery - Number of evaluation samples = 500
2021-08-10 01:46:25,185 - Discovery - Number of testing samples = 700
2021-08-10 01:46:32,891 - Discovery - Freeze all parameters but the last layer for efficiency
2021-08-10 01:46:39,203 - Discovery - Freeze all parameters but the last layer for efficiency
2021-08-10 01:46:39,436 - Discovery - Pre-raining start...
2021-08-10 01:46:42,250 - Discovery - ***** Epoch: 1: Eval results *****
2021-08-10 01:46:42,251 - Discovery -   best_score = 0
2021-08-10 01:46:42,251 - Discovery -   eval_score = 51.2
2021-08-10 01:46:42,251 - Discovery -   train_loss = 1.5974562615156174
2021-08-10 01:46:44,183 - Discovery - ***** Epoch: 2: Eval results *****
2021-08-10 01:46:44,183 - Discovery -   best_score = 51.2
2021-08-10 01:46:44,183 - Discovery -   eval_score = 85.8
2021-08-10 01:46:44,183 - Discovery -   train_loss = 1.4921517372131348
2021-08-10 01:46:46,124 - Discovery - ***** Epoch: 3: Eval results *****
2021-08-10 01:46:46,124 - Discovery -   best_score = 85.8
2021-08-10 01:46:46,124 - Discovery -   eval_score = 86.8
2021-08-10 01:46:46,124 - Discovery -   train_loss = 1.2273041605949402
2021-08-10 01:46:48,075 - Discovery - ***** Epoch: 4: Eval results *****
2021-08-10 01:46:48,075 - Discovery -   best_score = 86.8
2021-08-10 01:46:48,075 - Discovery -   eval_score = 89.0
2021-08-10 01:46:48,075 - Discovery -   train_loss = 0.7514055818319321
2021-08-10 01:46:49,371 - Discovery - ***** Epoch: 5: Eval results *****
2021-08-10 01:46:49,371 - Discovery -   best_score = 89.0
2021-08-10 01:46:49,371 - Discovery -   eval_score = 92.6
2021-08-10 01:46:49,371 - Discovery -   train_loss = 0.3065795674920082
2021-08-10 01:46:50,143 - Discovery - ***** Epoch: 6: Eval results *****
2021-08-10 01:46:50,144 - Discovery -   best_score = 92.6
2021-08-10 01:46:50,144 - Discovery -   eval_score = 94.6
2021-08-10 01:46:50,144 - Discovery -   train_loss = 0.15294968849048018
2021-08-10 01:46:50,948 - Discovery - ***** Epoch: 7: Eval results *****
2021-08-10 01:46:50,948 - Discovery -   best_score = 94.6
2021-08-10 01:46:50,948 - Discovery -   eval_score = 96.8
2021-08-10 01:46:50,948 - Discovery -   train_loss = 0.11518155224621296
2021-08-10 01:46:51,718 - Discovery - ***** Epoch: 8: Eval results *****
2021-08-10 01:46:51,718 - Discovery -   best_score = 96.8
2021-08-10 01:46:51,718 - Discovery -   eval_score = 96.2
2021-08-10 01:46:51,718 - Discovery -   train_loss = 0.07081793993711472
2021-08-10 01:46:52,483 - Discovery - ***** Epoch: 9: Eval results *****
2021-08-10 01:46:52,483 - Discovery -   best_score = 96.8
2021-08-10 01:46:52,483 - Discovery -   eval_score = 97.2
2021-08-10 01:46:52,483 - Discovery -   train_loss = 0.05513217858970165
2021-08-10 01:46:53,260 - Discovery - ***** Epoch: 10: Eval results *****
2021-08-10 01:46:53,261 - Discovery -   best_score = 97.2
2021-08-10 01:46:53,261 - Discovery -   eval_score = 97.8
2021-08-10 01:46:53,261 - Discovery -   train_loss = 0.02991380449384451
2021-08-10 01:46:54,039 - Discovery - ***** Epoch: 11: Eval results *****
2021-08-10 01:46:54,039 - Discovery -   best_score = 97.8
2021-08-10 01:46:54,039 - Discovery -   eval_score = 97.4
2021-08-10 01:46:54,039 - Discovery -   train_loss = 0.026258542202413082
2021-08-10 01:46:54,820 - Discovery - ***** Epoch: 12: Eval results *****
2021-08-10 01:46:54,820 - Discovery -   best_score = 97.8
2021-08-10 01:46:54,820 - Discovery -   eval_score = 98.0
2021-08-10 01:46:54,820 - Discovery -   train_loss = 0.016657913685776293
2021-08-10 01:46:55,613 - Discovery - ***** Epoch: 13: Eval results *****
2021-08-10 01:46:55,613 - Discovery -   best_score = 98.0
2021-08-10 01:46:55,613 - Discovery -   eval_score = 98.0
2021-08-10 01:46:55,613 - Discovery -   train_loss = 0.012105663656257093
2021-08-10 01:46:56,373 - Discovery - ***** Epoch: 14: Eval results *****
2021-08-10 01:46:56,373 - Discovery -   best_score = 98.0
2021-08-10 01:46:56,373 - Discovery -   eval_score = 97.8
2021-08-10 01:46:56,373 - Discovery -   train_loss = 0.008813618624117225
2021-08-10 01:46:57,138 - Discovery - ***** Epoch: 15: Eval results *****
2021-08-10 01:46:57,138 - Discovery -   best_score = 98.0
2021-08-10 01:46:57,138 - Discovery -   eval_score = 98.2
2021-08-10 01:46:57,139 - Discovery -   train_loss = 0.006523344665765762
2021-08-10 01:46:57,903 - Discovery - ***** Epoch: 16: Eval results *****
2021-08-10 01:46:57,904 - Discovery -   best_score = 98.2
2021-08-10 01:46:57,904 - Discovery -   eval_score = 97.2
2021-08-10 01:46:57,904 - Discovery -   train_loss = 0.008636856568045914
2021-08-10 01:46:58,662 - Discovery - ***** Epoch: 17: Eval results *****
2021-08-10 01:46:58,662 - Discovery -   best_score = 98.2
2021-08-10 01:46:58,662 - Discovery -   eval_score = 98.0
2021-08-10 01:46:58,662 - Discovery -   train_loss = 0.005184232912142761
2021-08-10 01:46:59,453 - Discovery - ***** Epoch: 18: Eval results *****
2021-08-10 01:46:59,453 - Discovery -   best_score = 98.2
2021-08-10 01:46:59,453 - Discovery -   eval_score = 97.6
2021-08-10 01:46:59,454 - Discovery -   train_loss = 0.004758466558996588
2021-08-10 01:47:00,223 - Discovery - ***** Epoch: 19: Eval results *****
2021-08-10 01:47:00,223 - Discovery -   best_score = 98.2
2021-08-10 01:47:00,223 - Discovery -   eval_score = 98.2
2021-08-10 01:47:00,223 - Discovery -   train_loss = 0.006200079675181769
2021-08-10 01:47:01,028 - Discovery - ***** Epoch: 20: Eval results *****
2021-08-10 01:47:01,028 - Discovery -   best_score = 98.2
2021-08-10 01:47:01,028 - Discovery -   eval_score = 97.2
2021-08-10 01:47:01,028 - Discovery -   train_loss = 0.004445908460184
2021-08-10 01:47:01,815 - Discovery - ***** Epoch: 21: Eval results *****
2021-08-10 01:47:01,815 - Discovery -   best_score = 98.2
2021-08-10 01:47:01,815 - Discovery -   eval_score = 98.4
2021-08-10 01:47:01,815 - Discovery -   train_loss = 0.0046296758082462475
2021-08-10 01:47:02,589 - Discovery - ***** Epoch: 22: Eval results *****
2021-08-10 01:47:02,590 - Discovery -   best_score = 98.4
2021-08-10 01:47:02,590 - Discovery -   eval_score = 97.6
2021-08-10 01:47:02,590 - Discovery -   train_loss = 0.009921281278366223
2021-08-10 01:47:03,352 - Discovery - ***** Epoch: 23: Eval results *****
2021-08-10 01:47:03,352 - Discovery -   best_score = 98.4
2021-08-10 01:47:03,352 - Discovery -   eval_score = 97.6
2021-08-10 01:47:03,353 - Discovery -   train_loss = 0.013276879268232733
2021-08-10 01:47:04,108 - Discovery - ***** Epoch: 24: Eval results *****
2021-08-10 01:47:04,109 - Discovery -   best_score = 98.4
2021-08-10 01:47:04,109 - Discovery -   eval_score = 98.4
2021-08-10 01:47:04,109 - Discovery -   train_loss = 0.00467034439498093
2021-08-10 01:47:04,871 - Discovery - ***** Epoch: 25: Eval results *****
2021-08-10 01:47:04,872 - Discovery -   best_score = 98.4
2021-08-10 01:47:04,872 - Discovery -   eval_score = 97.4
2021-08-10 01:47:04,872 - Discovery -   train_loss = 0.005433134763734415
2021-08-10 01:47:05,637 - Discovery - ***** Epoch: 26: Eval results *****
2021-08-10 01:47:05,637 - Discovery -   best_score = 98.4
2021-08-10 01:47:05,637 - Discovery -   eval_score = 97.2
2021-08-10 01:47:05,638 - Discovery -   train_loss = 0.0026203925954177976
2021-08-10 01:47:06,427 - Discovery - ***** Epoch: 27: Eval results *****
2021-08-10 01:47:06,428 - Discovery -   best_score = 98.4
2021-08-10 01:47:06,428 - Discovery -   eval_score = 97.6
2021-08-10 01:47:06,428 - Discovery -   train_loss = 0.0037778489422635175
2021-08-10 01:47:07,247 - Discovery - ***** Epoch: 28: Eval results *****
2021-08-10 01:47:07,247 - Discovery -   best_score = 98.4
2021-08-10 01:47:07,248 - Discovery -   eval_score = 97.6
2021-08-10 01:47:07,248 - Discovery -   train_loss = 0.0020406681069289334
2021-08-10 01:47:07,995 - Discovery - ***** Epoch: 29: Eval results *****
2021-08-10 01:47:07,995 - Discovery -   best_score = 98.4
2021-08-10 01:47:07,995 - Discovery -   eval_score = 97.0
2021-08-10 01:47:07,995 - Discovery -   train_loss = 0.00297311452231952
2021-08-10 01:47:09,628 - Discovery - ***** Epoch: 30: Eval results *****
2021-08-10 01:47:09,628 - Discovery -   best_score = 98.4
2021-08-10 01:47:09,628 - Discovery -   eval_score = 97.2
2021-08-10 01:47:09,628 - Discovery -   train_loss = 0.002512343467969913
2021-08-10 01:47:11,264 - Discovery - ***** Epoch: 31: Eval results *****
2021-08-10 01:47:11,264 - Discovery -   best_score = 98.4
2021-08-10 01:47:11,264 - Discovery -   eval_score = 97.0
2021-08-10 01:47:11,264 - Discovery -   train_loss = 0.0016473798459628597
2021-08-10 01:47:12,908 - Discovery - ***** Epoch: 32: Eval results *****
2021-08-10 01:47:12,908 - Discovery -   best_score = 98.4
2021-08-10 01:47:12,908 - Discovery -   eval_score = 97.2
2021-08-10 01:47:12,908 - Discovery -   train_loss = 0.0029040074223303236
2021-08-10 01:47:14,547 - Discovery - ***** Epoch: 33: Eval results *****
2021-08-10 01:47:14,547 - Discovery -   best_score = 98.4
2021-08-10 01:47:14,547 - Discovery -   eval_score = 97.8
2021-08-10 01:47:14,547 - Discovery -   train_loss = 0.0018317431531613693
2021-08-10 01:47:16,187 - Discovery - ***** Epoch: 34: Eval results *****
2021-08-10 01:47:16,188 - Discovery -   best_score = 98.4
2021-08-10 01:47:16,188 - Discovery -   eval_score = 97.8
2021-08-10 01:47:16,188 - Discovery -   train_loss = 0.001767925132298842
2021-08-10 01:47:17,855 - Discovery - ***** Epoch: 35: Eval results *****
2021-08-10 01:47:17,855 - Discovery -   best_score = 98.4
2021-08-10 01:47:17,855 - Discovery -   eval_score = 97.4
2021-08-10 01:47:17,855 - Discovery -   train_loss = 0.001770604940247722
2021-08-10 01:47:19,549 - Discovery - ***** Epoch: 36: Eval results *****
2021-08-10 01:47:19,549 - Discovery -   best_score = 98.4
2021-08-10 01:47:19,549 - Discovery -   eval_score = 97.2
2021-08-10 01:47:19,549 - Discovery -   train_loss = 0.0013431640691123903
2021-08-10 01:47:21,185 - Discovery - ***** Epoch: 37: Eval results *****
2021-08-10 01:47:21,185 - Discovery -   best_score = 98.4
2021-08-10 01:47:21,185 - Discovery -   eval_score = 97.2
2021-08-10 01:47:21,185 - Discovery -   train_loss = 0.0010203229321632534
2021-08-10 01:47:22,880 - Discovery - ***** Epoch: 38: Eval results *****
2021-08-10 01:47:22,881 - Discovery -   best_score = 98.4
2021-08-10 01:47:22,881 - Discovery -   eval_score = 97.2
2021-08-10 01:47:22,881 - Discovery -   train_loss = 0.000849723830469884
2021-08-10 01:47:24,811 - Discovery - ***** Epoch: 39: Eval results *****
2021-08-10 01:47:24,811 - Discovery -   best_score = 98.4
2021-08-10 01:47:24,811 - Discovery -   eval_score = 97.2
2021-08-10 01:47:24,811 - Discovery -   train_loss = 0.0011970979467150755
2021-08-10 01:47:26,751 - Discovery - ***** Epoch: 40: Eval results *****
2021-08-10 01:47:26,752 - Discovery -   best_score = 98.4
2021-08-10 01:47:26,752 - Discovery -   eval_score = 97.2
2021-08-10 01:47:26,752 - Discovery -   train_loss = 0.002783675583486911
2021-08-10 01:47:28,694 - Discovery - ***** Epoch: 41: Eval results *****
2021-08-10 01:47:28,694 - Discovery -   best_score = 98.4
2021-08-10 01:47:28,694 - Discovery -   eval_score = 97.2
2021-08-10 01:47:28,694 - Discovery -   train_loss = 0.0009406941426277626
2021-08-10 01:47:28,694 - Discovery - Pre-training finished...
2021-08-10 01:47:28,709 - Discovery - Training Begin...
2021-08-10 01:48:11,274 - Discovery - ***** Epoch: 1: Eval results *****
2021-08-10 01:48:11,274 - Discovery -   best_cluster_silhouette_score = 0.48536307
2021-08-10 01:48:11,274 - Discovery -   cluster_silhouette_score = 0.5146105
2021-08-10 01:48:11,275 - Discovery -   train_loss = 1.2908869857348284
2021-08-10 01:48:43,037 - Discovery - ***** Epoch: 2: Eval results *****
2021-08-10 01:48:43,037 - Discovery -   best_cluster_silhouette_score = 0.5146105
2021-08-10 01:48:43,037 - Discovery -   cluster_silhouette_score = 0.568567
2021-08-10 01:48:43,037 - Discovery -   train_loss = 0.29940343047808676
2021-08-10 01:49:10,077 - Discovery - ***** Epoch: 3: Eval results *****
2021-08-10 01:49:10,077 - Discovery -   best_cluster_silhouette_score = 0.568567
2021-08-10 01:49:10,077 - Discovery -   cluster_silhouette_score = 0.5987117
2021-08-10 01:49:10,077 - Discovery -   train_loss = 0.15914625804690483
2021-08-10 01:49:35,747 - Discovery - ***** Epoch: 4: Eval results *****
2021-08-10 01:49:35,747 - Discovery -   best_cluster_silhouette_score = 0.5987117
2021-08-10 01:49:35,747 - Discovery -   cluster_silhouette_score = 0.6190737
2021-08-10 01:49:35,747 - Discovery -   train_loss = 0.12695554278573942
2021-08-10 01:50:15,484 - Discovery - ***** Epoch: 5: Eval results *****
2021-08-10 01:50:15,484 - Discovery -   best_cluster_silhouette_score = 0.6190737
2021-08-10 01:50:15,484 - Discovery -   cluster_silhouette_score = 0.63394225
2021-08-10 01:50:15,484 - Discovery -   train_loss = 0.10453914744255033
2021-08-10 01:50:34,568 - Discovery - ***** Epoch: 6: Eval results *****
2021-08-10 01:50:34,568 - Discovery -   best_cluster_silhouette_score = 0.63394225
2021-08-10 01:50:34,568 - Discovery -   cluster_silhouette_score = 0.64648765
2021-08-10 01:50:34,569 - Discovery -   train_loss = 0.0915327186795693
2021-08-10 01:51:07,929 - Discovery - ***** Epoch: 7: Eval results *****
2021-08-10 01:51:07,929 - Discovery -   best_cluster_silhouette_score = 0.64648765
2021-08-10 01:51:07,929 - Discovery -   cluster_silhouette_score = 0.6602031
2021-08-10 01:51:07,929 - Discovery -   train_loss = 0.0902088636496258
2021-08-10 01:51:33,570 - Discovery - ***** Epoch: 8: Eval results *****
2021-08-10 01:51:33,570 - Discovery -   best_cluster_silhouette_score = 0.6602031
2021-08-10 01:51:33,571 - Discovery -   cluster_silhouette_score = 0.66852164
2021-08-10 01:51:33,571 - Discovery -   train_loss = 0.08675417880916479
2021-08-10 01:51:59,353 - Discovery - ***** Epoch: 9: Eval results *****
2021-08-10 01:51:59,353 - Discovery -   best_cluster_silhouette_score = 0.66852164
2021-08-10 01:51:59,353 - Discovery -   cluster_silhouette_score = 0.6792804
2021-08-10 01:51:59,353 - Discovery -   train_loss = 0.07406291154041453
2021-08-10 01:52:33,132 - Discovery - ***** Epoch: 10: Eval results *****
2021-08-10 01:52:33,132 - Discovery -   best_cluster_silhouette_score = 0.6792804
2021-08-10 01:52:33,132 - Discovery -   cluster_silhouette_score = 0.68548405
2021-08-10 01:52:33,132 - Discovery -   train_loss = 0.07090326568600043
2021-08-10 01:52:54,401 - Discovery - ***** Epoch: 11: Eval results *****
2021-08-10 01:52:54,401 - Discovery -   best_cluster_silhouette_score = 0.68548405
2021-08-10 01:52:54,401 - Discovery -   cluster_silhouette_score = 0.69264555
2021-08-10 01:52:54,401 - Discovery -   train_loss = 0.0669760451272347
2021-08-10 01:53:29,860 - Discovery - ***** Epoch: 12: Eval results *****
2021-08-10 01:53:29,861 - Discovery -   best_cluster_silhouette_score = 0.69264555
2021-08-10 01:53:29,861 - Discovery -   cluster_silhouette_score = 0.6996227
2021-08-10 01:53:29,861 - Discovery -   train_loss = 0.05954345227761682
2021-08-10 01:53:52,096 - Discovery - ***** Epoch: 13: Eval results *****
2021-08-10 01:53:52,096 - Discovery -   best_cluster_silhouette_score = 0.6996227
2021-08-10 01:53:52,096 - Discovery -   cluster_silhouette_score = 0.70113605
2021-08-10 01:53:52,096 - Discovery -   train_loss = 0.05708417554557758
2021-08-10 01:54:22,173 - Discovery - ***** Epoch: 14: Eval results *****
2021-08-10 01:54:22,173 - Discovery -   best_cluster_silhouette_score = 0.70113605
2021-08-10 01:54:22,173 - Discovery -   cluster_silhouette_score = 0.709659
2021-08-10 01:54:22,173 - Discovery -   train_loss = 0.05604996206690964
2021-08-10 01:54:50,773 - Discovery - ***** Epoch: 15: Eval results *****
2021-08-10 01:54:50,773 - Discovery -   best_cluster_silhouette_score = 0.709659
2021-08-10 01:54:50,773 - Discovery -   cluster_silhouette_score = 0.71134084
2021-08-10 01:54:50,773 - Discovery -   train_loss = 0.0491463820160665
2021-08-10 01:55:15,096 - Discovery - ***** Epoch: 16: Eval results *****
2021-08-10 01:55:15,096 - Discovery -   best_cluster_silhouette_score = 0.71134084
2021-08-10 01:55:15,097 - Discovery -   cluster_silhouette_score = 0.71985084
2021-08-10 01:55:15,097 - Discovery -   train_loss = 0.045979540495572666
2021-08-10 01:55:53,738 - Discovery - ***** Epoch: 17: Eval results *****
2021-08-10 01:55:53,738 - Discovery -   best_cluster_silhouette_score = 0.71985084
2021-08-10 01:55:53,738 - Discovery -   cluster_silhouette_score = 0.7234123
2021-08-10 01:55:53,738 - Discovery -   train_loss = 0.04329330377615265
2021-08-10 01:56:12,959 - Discovery - ***** Epoch: 18: Eval results *****
2021-08-10 01:56:12,959 - Discovery -   best_cluster_silhouette_score = 0.7234123
2021-08-10 01:56:12,959 - Discovery -   cluster_silhouette_score = 0.7316274
2021-08-10 01:56:12,959 - Discovery -   train_loss = 0.038079718417189656
2021-08-10 01:56:45,253 - Discovery - ***** Epoch: 19: Eval results *****
2021-08-10 01:56:45,253 - Discovery -   best_cluster_silhouette_score = 0.7316274
2021-08-10 01:56:45,253 - Discovery -   cluster_silhouette_score = 0.7326995
2021-08-10 01:56:45,253 - Discovery -   train_loss = 0.0408186099347342
2021-08-10 01:57:10,017 - Discovery - ***** Epoch: 20: Eval results *****
2021-08-10 01:57:10,017 - Discovery -   best_cluster_silhouette_score = 0.7326995
2021-08-10 01:57:10,017 - Discovery -   cluster_silhouette_score = 0.7357701
2021-08-10 01:57:10,017 - Discovery -   train_loss = 0.03421992607283614
2021-08-10 01:57:36,953 - Discovery - ***** Epoch: 21: Eval results *****
2021-08-10 01:57:36,953 - Discovery -   best_cluster_silhouette_score = 0.7357701
2021-08-10 01:57:36,953 - Discovery -   cluster_silhouette_score = 0.7383037
2021-08-10 01:57:36,954 - Discovery -   train_loss = 0.040261758181709545
2021-08-10 01:58:14,187 - Discovery - ***** Epoch: 22: Eval results *****
2021-08-10 01:58:14,187 - Discovery -   best_cluster_silhouette_score = 0.7383037
2021-08-10 01:58:14,187 - Discovery -   cluster_silhouette_score = 0.7378353
2021-08-10 01:58:14,187 - Discovery -   train_loss = 0.03407151888359736
2021-08-10 01:58:32,234 - Discovery - ***** Epoch: 23: Eval results *****
2021-08-10 01:58:32,234 - Discovery -   best_cluster_silhouette_score = 0.7383037
2021-08-10 01:58:32,234 - Discovery -   cluster_silhouette_score = 0.73866814
2021-08-10 01:58:32,235 - Discovery -   train_loss = 0.03247290794529672
2021-08-10 01:59:06,097 - Discovery - ***** Epoch: 24: Eval results *****
2021-08-10 01:59:06,098 - Discovery -   best_cluster_silhouette_score = 0.73866814
2021-08-10 01:59:06,098 - Discovery -   cluster_silhouette_score = 0.7422393
2021-08-10 01:59:06,098 - Discovery -   train_loss = 0.03012792570787726
2021-08-10 01:59:30,379 - Discovery - ***** Epoch: 25: Eval results *****
2021-08-10 01:59:30,380 - Discovery -   best_cluster_silhouette_score = 0.7422393
2021-08-10 01:59:30,380 - Discovery -   cluster_silhouette_score = 0.74256104
2021-08-10 01:59:30,380 - Discovery -   train_loss = 0.026357296009398817
2021-08-10 01:59:58,308 - Discovery - ***** Epoch: 26: Eval results *****
2021-08-10 01:59:58,308 - Discovery -   best_cluster_silhouette_score = 0.74256104
2021-08-10 01:59:58,308 - Discovery -   cluster_silhouette_score = 0.7468177
2021-08-10 01:59:58,308 - Discovery -   train_loss = 0.03181741878874057
2021-08-10 02:00:31,328 - Discovery - ***** Epoch: 27: Eval results *****
2021-08-10 02:00:31,328 - Discovery -   best_cluster_silhouette_score = 0.7468177
2021-08-10 02:00:31,328 - Discovery -   cluster_silhouette_score = 0.7466564
2021-08-10 02:00:31,328 - Discovery -   train_loss = 0.023636682253462056
2021-08-10 02:00:54,245 - Discovery - ***** Epoch: 28: Eval results *****
2021-08-10 02:00:54,245 - Discovery -   best_cluster_silhouette_score = 0.7468177
2021-08-10 02:00:54,245 - Discovery -   cluster_silhouette_score = 0.7471588
2021-08-10 02:00:54,245 - Discovery -   train_loss = 0.025616518242705107
2021-08-10 02:01:31,175 - Discovery - ***** Epoch: 29: Eval results *****
2021-08-10 02:01:31,176 - Discovery -   best_cluster_silhouette_score = 0.7471588
2021-08-10 02:01:31,176 - Discovery -   cluster_silhouette_score = 0.75214255
2021-08-10 02:01:31,176 - Discovery -   train_loss = 0.02495654405194145
2021-08-10 02:01:52,223 - Discovery - ***** Epoch: 30: Eval results *****
2021-08-10 02:01:52,223 - Discovery -   best_cluster_silhouette_score = 0.75214255
2021-08-10 02:01:52,223 - Discovery -   cluster_silhouette_score = 0.75604993
2021-08-10 02:01:52,223 - Discovery -   train_loss = 0.02245964621051296
2021-08-10 02:02:23,033 - Discovery - ***** Epoch: 31: Eval results *****
2021-08-10 02:02:23,033 - Discovery -   best_cluster_silhouette_score = 0.75604993
2021-08-10 02:02:23,033 - Discovery -   cluster_silhouette_score = 0.7501442
2021-08-10 02:02:23,033 - Discovery -   train_loss = 0.024419023205517133
2021-08-10 02:02:49,924 - Discovery - ***** Epoch: 32: Eval results *****
2021-08-10 02:02:49,924 - Discovery -   best_cluster_silhouette_score = 0.75604993
2021-08-10 02:02:49,924 - Discovery -   cluster_silhouette_score = 0.75672203
2021-08-10 02:02:49,924 - Discovery -   train_loss = 0.0215764254810813
2021-08-10 02:03:14,962 - Discovery - ***** Epoch: 33: Eval results *****
2021-08-10 02:03:14,962 - Discovery -   best_cluster_silhouette_score = 0.75672203
2021-08-10 02:03:14,962 - Discovery -   cluster_silhouette_score = 0.7534972
2021-08-10 02:03:14,962 - Discovery -   train_loss = 0.021927476647531488
2021-08-10 02:03:53,584 - Discovery - ***** Epoch: 34: Eval results *****
2021-08-10 02:03:53,584 - Discovery -   best_cluster_silhouette_score = 0.75672203
2021-08-10 02:03:53,584 - Discovery -   cluster_silhouette_score = 0.7586662
2021-08-10 02:03:53,584 - Discovery -   train_loss = 0.02081899392900048
2021-08-10 02:04:12,123 - Discovery - ***** Epoch: 35: Eval results *****
2021-08-10 02:04:12,123 - Discovery -   best_cluster_silhouette_score = 0.7586662
2021-08-10 02:04:12,123 - Discovery -   cluster_silhouette_score = 0.7593131
2021-08-10 02:04:12,123 - Discovery -   train_loss = 0.021715176102165043
2021-08-10 02:04:45,874 - Discovery - ***** Epoch: 36: Eval results *****
2021-08-10 02:04:45,874 - Discovery -   best_cluster_silhouette_score = 0.7593131
2021-08-10 02:04:45,874 - Discovery -   cluster_silhouette_score = 0.750435
2021-08-10 02:04:45,874 - Discovery -   train_loss = 0.01979735817079821
2021-08-10 02:05:10,371 - Discovery - ***** Epoch: 37: Eval results *****
2021-08-10 02:05:10,371 - Discovery -   best_cluster_silhouette_score = 0.7593131
2021-08-10 02:05:10,371 - Discovery -   cluster_silhouette_score = 0.75945276
2021-08-10 02:05:10,371 - Discovery -   train_loss = 0.015904149303927077
2021-08-10 02:05:37,632 - Discovery - ***** Epoch: 38: Eval results *****
2021-08-10 02:05:37,633 - Discovery -   best_cluster_silhouette_score = 0.75945276
2021-08-10 02:05:37,633 - Discovery -   cluster_silhouette_score = 0.7607653
2021-08-10 02:05:37,633 - Discovery -   train_loss = 0.017384535136567066
2021-08-10 02:06:11,678 - Discovery - ***** Epoch: 39: Eval results *****
2021-08-10 02:06:11,678 - Discovery -   best_cluster_silhouette_score = 0.7607653
2021-08-10 02:06:11,678 - Discovery -   cluster_silhouette_score = 0.76563424
2021-08-10 02:06:11,678 - Discovery -   train_loss = 0.016983275897394033
2021-08-10 02:06:33,536 - Discovery - ***** Epoch: 40: Eval results *****
2021-08-10 02:06:33,537 - Discovery -   best_cluster_silhouette_score = 0.76563424
2021-08-10 02:06:33,537 - Discovery -   cluster_silhouette_score = 0.76266384
2021-08-10 02:06:33,537 - Discovery -   train_loss = 0.01710912692052588
2021-08-10 02:07:08,791 - Discovery - ***** Epoch: 41: Eval results *****
2021-08-10 02:07:08,792 - Discovery -   best_cluster_silhouette_score = 0.76563424
2021-08-10 02:07:08,792 - Discovery -   cluster_silhouette_score = 0.76187253
2021-08-10 02:07:08,792 - Discovery -   train_loss = 0.01592402380113535
2021-08-10 02:07:30,978 - Discovery - ***** Epoch: 42: Eval results *****
2021-08-10 02:07:30,979 - Discovery -   best_cluster_silhouette_score = 0.76563424
2021-08-10 02:07:30,979 - Discovery -   cluster_silhouette_score = 0.7613878
2021-08-10 02:07:30,979 - Discovery -   train_loss = 0.01790080842640007
2021-08-10 02:07:59,691 - Discovery - ***** Epoch: 43: Eval results *****
2021-08-10 02:07:59,691 - Discovery -   best_cluster_silhouette_score = 0.76563424
2021-08-10 02:07:59,692 - Discovery -   cluster_silhouette_score = 0.7632662
2021-08-10 02:07:59,692 - Discovery -   train_loss = 0.01295169334077656
2021-08-10 02:08:26,155 - Discovery - ***** Epoch: 44: Eval results *****
2021-08-10 02:08:26,155 - Discovery -   best_cluster_silhouette_score = 0.76563424
2021-08-10 02:08:26,155 - Discovery -   cluster_silhouette_score = 0.7689961
2021-08-10 02:08:26,155 - Discovery -   train_loss = 0.01230036440908398
2021-08-10 02:08:51,043 - Discovery - ***** Epoch: 45: Eval results *****
2021-08-10 02:08:51,043 - Discovery -   best_cluster_silhouette_score = 0.7689961
2021-08-10 02:08:51,043 - Discovery -   cluster_silhouette_score = 0.76509315
2021-08-10 02:08:51,043 - Discovery -   train_loss = 0.014559402764612104
2021-08-10 02:09:28,822 - Discovery - ***** Epoch: 46: Eval results *****
2021-08-10 02:09:28,823 - Discovery -   best_cluster_silhouette_score = 0.7689961
2021-08-10 02:09:28,823 - Discovery -   cluster_silhouette_score = 0.7721953
2021-08-10 02:09:28,823 - Discovery -   train_loss = 0.012768527493587225
2021-08-10 02:09:47,676 - Discovery - ***** Epoch: 47: Eval results *****
2021-08-10 02:09:47,676 - Discovery -   best_cluster_silhouette_score = 0.7721953
2021-08-10 02:09:47,676 - Discovery -   cluster_silhouette_score = 0.77175486
2021-08-10 02:09:47,676 - Discovery -   train_loss = 0.015068416802147041
2021-08-10 02:10:21,054 - Discovery - ***** Epoch: 48: Eval results *****
2021-08-10 02:10:21,054 - Discovery -   best_cluster_silhouette_score = 0.7721953
2021-08-10 02:10:21,054 - Discovery -   cluster_silhouette_score = 0.7699546
2021-08-10 02:10:21,054 - Discovery -   train_loss = 0.012284889396079997
2021-08-10 02:10:43,480 - Discovery - ***** Epoch: 49: Eval results *****
2021-08-10 02:10:43,480 - Discovery -   best_cluster_silhouette_score = 0.7721953
2021-08-10 02:10:43,480 - Discovery -   cluster_silhouette_score = 0.7743321
2021-08-10 02:10:43,480 - Discovery -   train_loss = 0.009161014013779034
2021-08-10 02:11:13,755 - Discovery - ***** Epoch: 50: Eval results *****
2021-08-10 02:11:13,755 - Discovery -   best_cluster_silhouette_score = 0.7743321
2021-08-10 02:11:13,755 - Discovery -   cluster_silhouette_score = 0.7741216
2021-08-10 02:11:13,755 - Discovery -   train_loss = 0.010709734268566182
2021-08-10 02:11:48,154 - Discovery - ***** Epoch: 51: Eval results *****
2021-08-10 02:11:48,154 - Discovery -   best_cluster_silhouette_score = 0.7743321
2021-08-10 02:11:48,154 - Discovery -   cluster_silhouette_score = 0.7778152
2021-08-10 02:11:48,154 - Discovery -   train_loss = 0.00936280114992151
2021-08-10 02:12:07,228 - Discovery - ***** Epoch: 52: Eval results *****
2021-08-10 02:12:07,228 - Discovery -   best_cluster_silhouette_score = 0.7778152
2021-08-10 02:12:07,228 - Discovery -   cluster_silhouette_score = 0.7760028
2021-08-10 02:12:07,228 - Discovery -   train_loss = 0.011731313125389171
2021-08-10 02:12:40,971 - Discovery - ***** Epoch: 53: Eval results *****
2021-08-10 02:12:40,971 - Discovery -   best_cluster_silhouette_score = 0.7778152
2021-08-10 02:12:40,971 - Discovery -   cluster_silhouette_score = 0.77769196
2021-08-10 02:12:40,972 - Discovery -   train_loss = 0.011108926043040979
2021-08-10 02:13:04,383 - Discovery - ***** Epoch: 54: Eval results *****
2021-08-10 02:13:04,383 - Discovery -   best_cluster_silhouette_score = 0.7778152
2021-08-10 02:13:04,384 - Discovery -   cluster_silhouette_score = 0.7746484
2021-08-10 02:13:04,384 - Discovery -   train_loss = 0.011705379036127462
2021-08-10 02:13:33,068 - Discovery - ***** Epoch: 55: Eval results *****
2021-08-10 02:13:33,068 - Discovery -   best_cluster_silhouette_score = 0.7778152
2021-08-10 02:13:33,068 - Discovery -   cluster_silhouette_score = 0.775523
2021-08-10 02:13:33,068 - Discovery -   train_loss = 0.011044379513178392
2021-08-10 02:14:06,883 - Discovery - ***** Epoch: 56: Eval results *****
2021-08-10 02:14:06,884 - Discovery -   best_cluster_silhouette_score = 0.7778152
2021-08-10 02:14:06,884 - Discovery -   cluster_silhouette_score = 0.7766048
2021-08-10 02:14:06,884 - Discovery -   train_loss = 0.009819940117329643
2021-08-10 02:14:29,264 - Discovery - ***** Epoch: 57: Eval results *****
2021-08-10 02:14:29,265 - Discovery -   best_cluster_silhouette_score = 0.7778152
2021-08-10 02:14:29,265 - Discovery -   cluster_silhouette_score = 0.7773085
2021-08-10 02:14:29,265 - Discovery -   train_loss = 0.01021574161273147
2021-08-10 02:15:04,569 - Discovery - ***** Epoch: 58: Eval results *****
2021-08-10 02:15:04,570 - Discovery -   best_cluster_silhouette_score = 0.7778152
2021-08-10 02:15:04,570 - Discovery -   cluster_silhouette_score = 0.7763394
2021-08-10 02:15:04,570 - Discovery -   train_loss = 0.008388996716728322
2021-08-10 02:15:27,010 - Discovery - ***** Epoch: 59: Eval results *****
2021-08-10 02:15:27,011 - Discovery -   best_cluster_silhouette_score = 0.7778152
2021-08-10 02:15:27,011 - Discovery -   cluster_silhouette_score = 0.7776742
2021-08-10 02:15:27,011 - Discovery -   train_loss = 0.010522001247471017
2021-08-10 02:15:56,595 - Discovery - ***** Epoch: 60: Eval results *****
2021-08-10 02:15:56,595 - Discovery -   best_cluster_silhouette_score = 0.7778152
2021-08-10 02:15:56,595 - Discovery -   cluster_silhouette_score = 0.7801465
2021-08-10 02:15:56,595 - Discovery -   train_loss = 0.009267376544865558
2021-08-10 02:16:25,814 - Discovery - ***** Epoch: 61: Eval results *****
2021-08-10 02:16:25,814 - Discovery -   best_cluster_silhouette_score = 0.7801465
2021-08-10 02:16:25,814 - Discovery -   cluster_silhouette_score = 0.780511
2021-08-10 02:16:25,814 - Discovery -   train_loss = 0.0076498715252896945
2021-08-10 02:16:49,619 - Discovery - ***** Epoch: 62: Eval results *****
2021-08-10 02:16:49,619 - Discovery -   best_cluster_silhouette_score = 0.780511
2021-08-10 02:16:49,619 - Discovery -   cluster_silhouette_score = 0.77877253
2021-08-10 02:16:49,619 - Discovery -   train_loss = 0.00903002986421942
2021-08-10 02:17:27,224 - Discovery - ***** Epoch: 63: Eval results *****
2021-08-10 02:17:27,225 - Discovery -   best_cluster_silhouette_score = 0.780511
2021-08-10 02:17:27,225 - Discovery -   cluster_silhouette_score = 0.779493
2021-08-10 02:17:27,225 - Discovery -   train_loss = 0.009841228290506213
2021-08-10 02:17:47,265 - Discovery - ***** Epoch: 64: Eval results *****
2021-08-10 02:17:47,265 - Discovery -   best_cluster_silhouette_score = 0.780511
2021-08-10 02:17:47,265 - Discovery -   cluster_silhouette_score = 0.77741474
2021-08-10 02:17:47,265 - Discovery -   train_loss = 0.008812878408101365
2021-08-10 02:18:18,297 - Discovery - ***** Epoch: 65: Eval results *****
2021-08-10 02:18:18,297 - Discovery -   best_cluster_silhouette_score = 0.780511
2021-08-10 02:18:18,297 - Discovery -   cluster_silhouette_score = 0.7825567
2021-08-10 02:18:18,297 - Discovery -   train_loss = 0.007500405160702304
2021-08-10 02:18:43,496 - Discovery - ***** Epoch: 66: Eval results *****
2021-08-10 02:18:43,496 - Discovery -   best_cluster_silhouette_score = 0.7825567
2021-08-10 02:18:43,496 - Discovery -   cluster_silhouette_score = 0.77863246
2021-08-10 02:18:43,496 - Discovery -   train_loss = 0.008399020672071662
2021-08-10 02:19:08,892 - Discovery - ***** Epoch: 67: Eval results *****
2021-08-10 02:19:08,892 - Discovery -   best_cluster_silhouette_score = 0.7825567
2021-08-10 02:19:08,892 - Discovery -   cluster_silhouette_score = 0.7838883
2021-08-10 02:19:08,892 - Discovery -   train_loss = 0.008525339100106949
2021-08-10 02:19:44,761 - Discovery - ***** Epoch: 68: Eval results *****
2021-08-10 02:19:44,761 - Discovery -   best_cluster_silhouette_score = 0.7838883
2021-08-10 02:19:44,761 - Discovery -   cluster_silhouette_score = 0.78288734
2021-08-10 02:19:44,762 - Discovery -   train_loss = 0.008676950102508095
2021-08-10 02:20:05,174 - Discovery - ***** Epoch: 69: Eval results *****
2021-08-10 02:20:05,175 - Discovery -   best_cluster_silhouette_score = 0.7838883
2021-08-10 02:20:05,175 - Discovery -   cluster_silhouette_score = 0.78167313
2021-08-10 02:20:05,175 - Discovery -   train_loss = 0.006986779773108282
2021-08-10 02:20:38,783 - Discovery - ***** Epoch: 70: Eval results *****
2021-08-10 02:20:38,783 - Discovery -   best_cluster_silhouette_score = 0.7838883
2021-08-10 02:20:38,784 - Discovery -   cluster_silhouette_score = 0.78104866
2021-08-10 02:20:38,784 - Discovery -   train_loss = 0.0073717497212182756
2021-08-10 02:21:00,839 - Discovery - ***** Epoch: 71: Eval results *****
2021-08-10 02:21:00,840 - Discovery -   best_cluster_silhouette_score = 0.7838883
2021-08-10 02:21:00,840 - Discovery -   cluster_silhouette_score = 0.7823342
2021-08-10 02:21:00,840 - Discovery -   train_loss = 0.00608472292437512
2021-08-10 02:21:29,975 - Discovery - ***** Epoch: 72: Eval results *****
2021-08-10 02:21:29,975 - Discovery -   best_cluster_silhouette_score = 0.7838883
2021-08-10 02:21:29,975 - Discovery -   cluster_silhouette_score = 0.7819141
2021-08-10 02:21:29,975 - Discovery -   train_loss = 0.005112255709833529
2021-08-10 02:21:56,973 - Discovery - ***** Epoch: 73: Eval results *****
2021-08-10 02:21:56,974 - Discovery -   best_cluster_silhouette_score = 0.7838883
2021-08-10 02:21:56,974 - Discovery -   cluster_silhouette_score = 0.7830791
2021-08-10 02:21:56,974 - Discovery -   train_loss = 0.005437652938516056
2021-08-10 02:22:21,107 - Discovery - ***** Epoch: 74: Eval results *****
2021-08-10 02:22:21,107 - Discovery -   best_cluster_silhouette_score = 0.7838883
2021-08-10 02:22:21,107 - Discovery -   cluster_silhouette_score = 0.7822737
2021-08-10 02:22:21,107 - Discovery -   train_loss = 0.007071570286339938
2021-08-10 02:22:59,456 - Discovery - ***** Epoch: 75: Eval results *****
2021-08-10 02:22:59,456 - Discovery -   best_cluster_silhouette_score = 0.7838883
2021-08-10 02:22:59,457 - Discovery -   cluster_silhouette_score = 0.7805375
2021-08-10 02:22:59,457 - Discovery -   train_loss = 0.006865992866206724
2021-08-10 02:23:17,908 - Discovery - ***** Epoch: 76: Eval results *****
2021-08-10 02:23:17,908 - Discovery -   best_cluster_silhouette_score = 0.7838883
2021-08-10 02:23:17,908 - Discovery -   cluster_silhouette_score = 0.78243077
2021-08-10 02:23:17,908 - Discovery -   train_loss = 0.0060667702985404155
2021-08-10 02:23:50,174 - Discovery - ***** Epoch: 77: Eval results *****
2021-08-10 02:23:50,174 - Discovery -   best_cluster_silhouette_score = 0.7838883
2021-08-10 02:23:50,174 - Discovery -   cluster_silhouette_score = 0.7852507
2021-08-10 02:23:50,174 - Discovery -   train_loss = 0.006515567749392556
2021-08-10 02:24:14,741 - Discovery - ***** Epoch: 78: Eval results *****
2021-08-10 02:24:14,742 - Discovery -   best_cluster_silhouette_score = 0.7852507
2021-08-10 02:24:14,742 - Discovery -   cluster_silhouette_score = 0.78160006
2021-08-10 02:24:14,742 - Discovery -   train_loss = 0.00533803834449059
2021-08-10 02:24:42,326 - Discovery - ***** Epoch: 79: Eval results *****
2021-08-10 02:24:42,326 - Discovery -   best_cluster_silhouette_score = 0.7852507
2021-08-10 02:24:42,327 - Discovery -   cluster_silhouette_score = 0.7847015
2021-08-10 02:24:42,327 - Discovery -   train_loss = 0.006059905283939426
2021-08-10 02:25:17,007 - Discovery - ***** Epoch: 80: Eval results *****
2021-08-10 02:25:17,008 - Discovery -   best_cluster_silhouette_score = 0.7852507
2021-08-10 02:25:17,008 - Discovery -   cluster_silhouette_score = 0.7840169
2021-08-10 02:25:17,008 - Discovery -   train_loss = 0.005501156366680008
2021-08-10 02:25:37,015 - Discovery - ***** Epoch: 81: Eval results *****
2021-08-10 02:25:37,015 - Discovery -   best_cluster_silhouette_score = 0.7852507
2021-08-10 02:25:37,015 - Discovery -   cluster_silhouette_score = 0.7829901
2021-08-10 02:25:37,015 - Discovery -   train_loss = 0.0056949047194720355
2021-08-10 02:26:12,361 - Discovery - ***** Epoch: 82: Eval results *****
2021-08-10 02:26:12,361 - Discovery -   best_cluster_silhouette_score = 0.7852507
2021-08-10 02:26:12,362 - Discovery -   cluster_silhouette_score = 0.78338194
2021-08-10 02:26:12,362 - Discovery -   train_loss = 0.0065583215381266905
2021-08-10 02:26:34,792 - Discovery - ***** Epoch: 83: Eval results *****
2021-08-10 02:26:34,793 - Discovery -   best_cluster_silhouette_score = 0.7852507
2021-08-10 02:26:34,793 - Discovery -   cluster_silhouette_score = 0.7834716
2021-08-10 02:26:34,793 - Discovery -   train_loss = 0.006351001472952685
2021-08-10 02:27:03,135 - Discovery - ***** Epoch: 84: Eval results *****
2021-08-10 02:27:03,135 - Discovery -   best_cluster_silhouette_score = 0.7852507
2021-08-10 02:27:03,136 - Discovery -   cluster_silhouette_score = 0.7837547
2021-08-10 02:27:03,136 - Discovery -   train_loss = 0.005529137529733419
2021-08-10 02:27:31,461 - Discovery - ***** Epoch: 85: Eval results *****
2021-08-10 02:27:31,461 - Discovery -   best_cluster_silhouette_score = 0.7852507
2021-08-10 02:27:31,461 - Discovery -   cluster_silhouette_score = 0.78373903
2021-08-10 02:27:31,461 - Discovery -   train_loss = 0.004566373932902934
2021-08-10 02:27:55,930 - Discovery - ***** Epoch: 86: Eval results *****
2021-08-10 02:27:55,931 - Discovery -   best_cluster_silhouette_score = 0.7852507
2021-08-10 02:27:55,931 - Discovery -   cluster_silhouette_score = 0.78375995
2021-08-10 02:27:55,931 - Discovery -   train_loss = 0.005348902787587683
2021-08-10 02:28:35,845 - Discovery - ***** Epoch: 87: Eval results *****
2021-08-10 02:28:35,845 - Discovery -   best_cluster_silhouette_score = 0.7852507
2021-08-10 02:28:35,845 - Discovery -   cluster_silhouette_score = 0.78377664
2021-08-10 02:28:35,845 - Discovery -   train_loss = 0.005671083584407489
2021-08-10 02:28:56,778 - Discovery - ***** Epoch: 88: Eval results *****
2021-08-10 02:28:56,778 - Discovery -   best_cluster_silhouette_score = 0.7852507
2021-08-10 02:28:56,778 - Discovery -   cluster_silhouette_score = 0.78475183
2021-08-10 02:28:56,778 - Discovery -   train_loss = 0.005706699470677458
2021-08-10 02:29:18,624 - Discovery - ***** Epoch: 89: Eval results *****
2021-08-10 02:29:18,624 - Discovery -   best_cluster_silhouette_score = 0.7852507
2021-08-10 02:29:18,624 - Discovery -   cluster_silhouette_score = 0.78378165
2021-08-10 02:29:18,624 - Discovery -   train_loss = 0.0038306120338868657
2021-08-10 02:29:40,715 - Discovery - ***** Epoch: 90: Eval results *****
2021-08-10 02:29:40,715 - Discovery -   best_cluster_silhouette_score = 0.7852507
2021-08-10 02:29:40,715 - Discovery -   cluster_silhouette_score = 0.78374535
2021-08-10 02:29:40,715 - Discovery -   train_loss = 0.005166446219148392
2021-08-10 02:30:02,488 - Discovery - ***** Epoch: 91: Eval results *****
2021-08-10 02:30:02,488 - Discovery -   best_cluster_silhouette_score = 0.7852507
2021-08-10 02:30:02,488 - Discovery -   cluster_silhouette_score = 0.7833035
2021-08-10 02:30:02,488 - Discovery -   train_loss = 0.004621324888504002
2021-08-10 02:30:24,347 - Discovery - ***** Epoch: 92: Eval results *****
2021-08-10 02:30:24,347 - Discovery -   best_cluster_silhouette_score = 0.7852507
2021-08-10 02:30:24,347 - Discovery -   cluster_silhouette_score = 0.7844339
2021-08-10 02:30:24,347 - Discovery -   train_loss = 0.005241940919483912
2021-08-10 02:30:42,664 - Discovery - ***** Epoch: 93: Eval results *****
2021-08-10 02:30:42,665 - Discovery -   best_cluster_silhouette_score = 0.7852507
2021-08-10 02:30:42,665 - Discovery -   cluster_silhouette_score = 0.7843663
2021-08-10 02:30:42,665 - Discovery -   train_loss = 0.004532928321283374
2021-08-10 02:31:10,006 - Discovery - ***** Epoch: 94: Eval results *****
2021-08-10 02:31:10,006 - Discovery -   best_cluster_silhouette_score = 0.7852507
2021-08-10 02:31:10,006 - Discovery -   cluster_silhouette_score = 0.7849544
2021-08-10 02:31:10,006 - Discovery -   train_loss = 0.004098136209083429
2021-08-10 02:31:40,958 - Discovery - ***** Epoch: 95: Eval results *****
2021-08-10 02:31:40,958 - Discovery -   best_cluster_silhouette_score = 0.7852507
2021-08-10 02:31:40,958 - Discovery -   cluster_silhouette_score = 0.7846663
2021-08-10 02:31:40,958 - Discovery -   train_loss = 0.004354014048005004
2021-08-10 02:32:11,993 - Discovery - ***** Epoch: 96: Eval results *****
2021-08-10 02:32:11,993 - Discovery -   best_cluster_silhouette_score = 0.7852507
2021-08-10 02:32:11,993 - Discovery -   cluster_silhouette_score = 0.7848808
2021-08-10 02:32:11,993 - Discovery -   train_loss = 0.005167471635219239
2021-08-10 02:32:42,594 - Discovery - ***** Epoch: 97: Eval results *****
2021-08-10 02:32:42,594 - Discovery -   best_cluster_silhouette_score = 0.7852507
2021-08-10 02:32:42,594 - Discovery -   cluster_silhouette_score = 0.7847148
2021-08-10 02:32:42,594 - Discovery -   train_loss = 0.004195328095396054
2021-08-10 02:32:42,595 - Discovery - Training Finished...
2021-08-10 02:32:42,595 - Discovery - Testing begin...
2021-08-10 02:32:43,931 - Discovery - ***** Test: Confusion Matrix *****
2021-08-10 02:32:43,931 - Discovery - [[29  0  9  0 86  0  0]
 [ 0 91  1  0  0  0  0]
 [ 0  9  0 11  0  0 84]
 [71  0  1  0 14  0  0]
 [ 0  0  0  0  0 80  0]
 [ 4  0 96  1  6  0  0]
 [ 0  0 15 92  0  0  0]]
2021-08-10 02:32:43,931 - Discovery - ***** Test results *****
2021-08-10 02:32:43,931 - Discovery -   ACC = 85.71
2021-08-10 02:32:43,931 - Discovery -   ARI = 70.49
2021-08-10 02:32:43,931 - Discovery -   NMI = 77.91
2021-08-10 02:32:43,931 - Discovery - Testing finished...
2021-08-10 02:32:43,931 - Discovery - Results saved in results/results_DeepAligned.csv
2021-08-10 02:32:43,959 - Discovery - Open Intent Discovery Finished...
