2021-08-10 04:09:55,420 - Discovery - Open Intent Discovery Begin...
2021-08-10 04:09:55,420 - Discovery - Parameters Initialization...
2021-08-10 04:09:55,420 - Discovery - ============================== Params ==============================
2021-08-10 04:09:55,420 - Discovery - type:	open_intent_discovery
2021-08-10 04:09:55,420 - Discovery - logger_name:	Discovery
2021-08-10 04:09:55,420 - Discovery - log_dir:	logs
2021-08-10 04:09:55,420 - Discovery - dataset:	snips
2021-08-10 04:09:55,420 - Discovery - known_cls_ratio:	0.75
2021-08-10 04:09:55,420 - Discovery - labeled_ratio:	0.1
2021-08-10 04:09:55,420 - Discovery - cluster_num_factor:	1.0
2021-08-10 04:09:55,420 - Discovery - method:	DeepAligned
2021-08-10 04:09:55,420 - Discovery - train:	True
2021-08-10 04:09:55,420 - Discovery - save_model:	False
2021-08-10 04:09:55,420 - Discovery - backbone:	bert
2021-08-10 04:09:55,420 - Discovery - setting:	semi_supervised
2021-08-10 04:09:55,420 - Discovery - config_file_name:	DeepAligned
2021-08-10 04:09:55,420 - Discovery - seed:	6
2021-08-10 04:09:55,420 - Discovery - gpu_id:	0
2021-08-10 04:09:55,421 - Discovery - pipe_results_path:	pipe_results
2021-08-10 04:09:55,421 - Discovery - data_dir:	/home/zhanghanlei/git/submit/TEXTOIR/open_intent_discovery/../data
2021-08-10 04:09:55,421 - Discovery - output_dir:	/home/sharing/disk2/zhanghanlei/save_data_162/TEXTOIR/outputs
2021-08-10 04:09:55,421 - Discovery - model_dir:	models
2021-08-10 04:09:55,421 - Discovery - result_dir:	results
2021-08-10 04:09:55,421 - Discovery - results_file_name:	results_DeepAligned.csv
2021-08-10 04:09:55,421 - Discovery - save_results:	True
2021-08-10 04:09:55,421 - Discovery - task_output_dir:	/home/sharing/disk2/zhanghanlei/save_data_162/TEXTOIR/outputs/open_intent_discovery
2021-08-10 04:09:55,421 - Discovery - method_output_dir:	/home/sharing/disk2/zhanghanlei/save_data_162/TEXTOIR/outputs/open_intent_discovery/DeepAligned_snips_0.75_0.1_bert_6
2021-08-10 04:09:55,421 - Discovery - model_output_dir:	/home/sharing/disk2/zhanghanlei/save_data_162/TEXTOIR/outputs/open_intent_discovery/DeepAligned_snips_0.75_0.1_bert_6/models
2021-08-10 04:09:55,421 - Discovery - bert_model:	/home/sharing/disk1/pretrained_embedding/bert/uncased_L-12_H-768_A-12/
2021-08-10 04:09:55,421 - Discovery - max_seq_length:	None
2021-08-10 04:09:55,421 - Discovery - num_pretrain_epochs:	100
2021-08-10 04:09:55,421 - Discovery - num_train_epochs:	100
2021-08-10 04:09:55,421 - Discovery - num_labels:	None
2021-08-10 04:09:55,421 - Discovery - freeze_bert_parameters:	True
2021-08-10 04:09:55,421 - Discovery - feat_dim:	768
2021-08-10 04:09:55,421 - Discovery - warmup_proportion:	0.1
2021-08-10 04:09:55,421 - Discovery - lr_pre:	5e-05
2021-08-10 04:09:55,421 - Discovery - lr:	5e-05
2021-08-10 04:09:55,421 - Discovery - loss_fct:	CrossEntropyLoss
2021-08-10 04:09:55,421 - Discovery - activation:	tanh
2021-08-10 04:09:55,421 - Discovery - train_batch_size:	128
2021-08-10 04:09:55,421 - Discovery - eval_batch_size:	64
2021-08-10 04:09:55,421 - Discovery - test_batch_size:	64
2021-08-10 04:09:55,421 - Discovery - wait_patient:	20
2021-08-10 04:09:55,421 - Discovery - ============================== End Params ==============================
2021-08-10 04:09:55,421 - Discovery - Data and Model Preparation...
2021-08-10 04:09:55,421 - Discovery - The number of known intents is 5
2021-08-10 04:09:55,422 - Discovery - Lists of known labels are: ['RateBook', 'SearchCreativeWork', 'SearchScreeningEvent', 'AddToPlaylist', 'PlayMusic']
2021-08-10 04:09:57,080 - Discovery - Number of labeled training samples = 931
2021-08-10 04:09:57,080 - Discovery - Number of unlabeled training samples = 12153
2021-08-10 04:09:57,082 - Discovery - Number of evaluation samples = 500
2021-08-10 04:09:57,083 - Discovery - Number of testing samples = 700
2021-08-10 04:10:02,784 - Discovery - Freeze all parameters but the last layer for efficiency
2021-08-10 04:10:09,780 - Discovery - Freeze all parameters but the last layer for efficiency
2021-08-10 04:10:09,874 - Discovery - Pre-raining start...
2021-08-10 04:10:11,126 - Discovery - ***** Epoch: 1: Eval results *****
2021-08-10 04:10:11,126 - Discovery -   best_score = 0
2021-08-10 04:10:11,126 - Discovery -   eval_score = 45.2
2021-08-10 04:10:11,126 - Discovery -   train_loss = 1.5873661637306213
2021-08-10 04:10:12,645 - Discovery - ***** Epoch: 2: Eval results *****
2021-08-10 04:10:12,645 - Discovery -   best_score = 45.2
2021-08-10 04:10:12,645 - Discovery -   eval_score = 82.0
2021-08-10 04:10:12,645 - Discovery -   train_loss = 1.4916408360004425
2021-08-10 04:10:14,120 - Discovery - ***** Epoch: 3: Eval results *****
2021-08-10 04:10:14,120 - Discovery -   best_score = 82.0
2021-08-10 04:10:14,120 - Discovery -   eval_score = 82.6
2021-08-10 04:10:14,120 - Discovery -   train_loss = 1.2386809140443802
2021-08-10 04:10:15,620 - Discovery - ***** Epoch: 4: Eval results *****
2021-08-10 04:10:15,620 - Discovery -   best_score = 82.6
2021-08-10 04:10:15,621 - Discovery -   eval_score = 88.4
2021-08-10 04:10:15,621 - Discovery -   train_loss = 0.7555833458900452
2021-08-10 04:10:17,213 - Discovery - ***** Epoch: 5: Eval results *****
2021-08-10 04:10:17,213 - Discovery -   best_score = 88.4
2021-08-10 04:10:17,213 - Discovery -   eval_score = 93.4
2021-08-10 04:10:17,213 - Discovery -   train_loss = 0.3174073938280344
2021-08-10 04:10:18,719 - Discovery - ***** Epoch: 6: Eval results *****
2021-08-10 04:10:18,719 - Discovery -   best_score = 93.4
2021-08-10 04:10:18,719 - Discovery -   eval_score = 94.2
2021-08-10 04:10:18,719 - Discovery -   train_loss = 0.17191533092409372
2021-08-10 04:10:20,217 - Discovery - ***** Epoch: 7: Eval results *****
2021-08-10 04:10:20,217 - Discovery -   best_score = 94.2
2021-08-10 04:10:20,217 - Discovery -   eval_score = 95.8
2021-08-10 04:10:20,217 - Discovery -   train_loss = 0.12166323745623231
2021-08-10 04:10:21,731 - Discovery - ***** Epoch: 8: Eval results *****
2021-08-10 04:10:21,731 - Discovery -   best_score = 95.8
2021-08-10 04:10:21,731 - Discovery -   eval_score = 96.0
2021-08-10 04:10:21,731 - Discovery -   train_loss = 0.09254392609000206
2021-08-10 04:10:23,223 - Discovery - ***** Epoch: 9: Eval results *****
2021-08-10 04:10:23,223 - Discovery -   best_score = 96.0
2021-08-10 04:10:23,223 - Discovery -   eval_score = 96.4
2021-08-10 04:10:23,223 - Discovery -   train_loss = 0.06126822717487812
2021-08-10 04:10:24,709 - Discovery - ***** Epoch: 10: Eval results *****
2021-08-10 04:10:24,710 - Discovery -   best_score = 96.4
2021-08-10 04:10:24,710 - Discovery -   eval_score = 97.6
2021-08-10 04:10:24,710 - Discovery -   train_loss = 0.046070251730270684
2021-08-10 04:10:26,213 - Discovery - ***** Epoch: 11: Eval results *****
2021-08-10 04:10:26,213 - Discovery -   best_score = 97.6
2021-08-10 04:10:26,213 - Discovery -   eval_score = 95.4
2021-08-10 04:10:26,213 - Discovery -   train_loss = 0.035412043682299554
2021-08-10 04:10:28,076 - Discovery - ***** Epoch: 12: Eval results *****
2021-08-10 04:10:28,076 - Discovery -   best_score = 97.6
2021-08-10 04:10:28,076 - Discovery -   eval_score = 97.0
2021-08-10 04:10:28,076 - Discovery -   train_loss = 0.03249229089124128
2021-08-10 04:10:29,952 - Discovery - ***** Epoch: 13: Eval results *****
2021-08-10 04:10:29,952 - Discovery -   best_score = 97.6
2021-08-10 04:10:29,952 - Discovery -   eval_score = 98.2
2021-08-10 04:10:29,952 - Discovery -   train_loss = 0.02237254090141505
2021-08-10 04:10:31,874 - Discovery - ***** Epoch: 14: Eval results *****
2021-08-10 04:10:31,874 - Discovery -   best_score = 98.2
2021-08-10 04:10:31,875 - Discovery -   eval_score = 97.2
2021-08-10 04:10:31,875 - Discovery -   train_loss = 0.015429644292453304
2021-08-10 04:10:33,757 - Discovery - ***** Epoch: 15: Eval results *****
2021-08-10 04:10:33,757 - Discovery -   best_score = 98.2
2021-08-10 04:10:33,757 - Discovery -   eval_score = 98.2
2021-08-10 04:10:33,757 - Discovery -   train_loss = 0.009442245296668261
2021-08-10 04:10:35,672 - Discovery - ***** Epoch: 16: Eval results *****
2021-08-10 04:10:35,672 - Discovery -   best_score = 98.2
2021-08-10 04:10:35,672 - Discovery -   eval_score = 97.0
2021-08-10 04:10:35,672 - Discovery -   train_loss = 0.008833955449517816
2021-08-10 04:10:36,747 - Discovery - ***** Epoch: 17: Eval results *****
2021-08-10 04:10:36,747 - Discovery -   best_score = 98.2
2021-08-10 04:10:36,747 - Discovery -   eval_score = 97.6
2021-08-10 04:10:36,747 - Discovery -   train_loss = 0.010668612638255581
2021-08-10 04:10:37,498 - Discovery - ***** Epoch: 18: Eval results *****
2021-08-10 04:10:37,498 - Discovery -   best_score = 98.2
2021-08-10 04:10:37,498 - Discovery -   eval_score = 97.0
2021-08-10 04:10:37,498 - Discovery -   train_loss = 0.008895580758689903
2021-08-10 04:10:38,260 - Discovery - ***** Epoch: 19: Eval results *****
2021-08-10 04:10:38,260 - Discovery -   best_score = 98.2
2021-08-10 04:10:38,260 - Discovery -   eval_score = 96.4
2021-08-10 04:10:38,260 - Discovery -   train_loss = 0.005246233282377943
2021-08-10 04:10:39,034 - Discovery - ***** Epoch: 20: Eval results *****
2021-08-10 04:10:39,034 - Discovery -   best_score = 98.2
2021-08-10 04:10:39,034 - Discovery -   eval_score = 98.0
2021-08-10 04:10:39,034 - Discovery -   train_loss = 0.0043977940222248435
2021-08-10 04:10:39,803 - Discovery - ***** Epoch: 21: Eval results *****
2021-08-10 04:10:39,804 - Discovery -   best_score = 98.2
2021-08-10 04:10:39,804 - Discovery -   eval_score = 97.6
2021-08-10 04:10:39,804 - Discovery -   train_loss = 0.0028306185849942267
2021-08-10 04:10:40,547 - Discovery - ***** Epoch: 22: Eval results *****
2021-08-10 04:10:40,547 - Discovery -   best_score = 98.2
2021-08-10 04:10:40,547 - Discovery -   eval_score = 97.4
2021-08-10 04:10:40,547 - Discovery -   train_loss = 0.002494511427357793
2021-08-10 04:10:41,331 - Discovery - ***** Epoch: 23: Eval results *****
2021-08-10 04:10:41,331 - Discovery -   best_score = 98.2
2021-08-10 04:10:41,331 - Discovery -   eval_score = 97.4
2021-08-10 04:10:41,331 - Discovery -   train_loss = 0.005661501767463051
2021-08-10 04:10:42,839 - Discovery - ***** Epoch: 24: Eval results *****
2021-08-10 04:10:42,839 - Discovery -   best_score = 98.2
2021-08-10 04:10:42,839 - Discovery -   eval_score = 96.4
2021-08-10 04:10:42,839 - Discovery -   train_loss = 0.004942946878145449
2021-08-10 04:10:44,362 - Discovery - ***** Epoch: 25: Eval results *****
2021-08-10 04:10:44,362 - Discovery -   best_score = 98.2
2021-08-10 04:10:44,362 - Discovery -   eval_score = 98.0
2021-08-10 04:10:44,362 - Discovery -   train_loss = 0.0030655561422463506
2021-08-10 04:10:45,842 - Discovery - ***** Epoch: 26: Eval results *****
2021-08-10 04:10:45,842 - Discovery -   best_score = 98.2
2021-08-10 04:10:45,842 - Discovery -   eval_score = 97.8
2021-08-10 04:10:45,842 - Discovery -   train_loss = 0.002259086089907214
2021-08-10 04:10:47,346 - Discovery - ***** Epoch: 27: Eval results *****
2021-08-10 04:10:47,347 - Discovery -   best_score = 98.2
2021-08-10 04:10:47,347 - Discovery -   eval_score = 97.8
2021-08-10 04:10:47,347 - Discovery -   train_loss = 0.0015004037777544
2021-08-10 04:10:48,848 - Discovery - ***** Epoch: 28: Eval results *****
2021-08-10 04:10:48,848 - Discovery -   best_score = 98.2
2021-08-10 04:10:48,848 - Discovery -   eval_score = 97.4
2021-08-10 04:10:48,849 - Discovery -   train_loss = 0.0017868268259917386
2021-08-10 04:10:50,333 - Discovery - ***** Epoch: 29: Eval results *****
2021-08-10 04:10:50,333 - Discovery -   best_score = 98.2
2021-08-10 04:10:50,333 - Discovery -   eval_score = 97.4
2021-08-10 04:10:50,333 - Discovery -   train_loss = 0.00191040998470271
2021-08-10 04:10:51,835 - Discovery - ***** Epoch: 30: Eval results *****
2021-08-10 04:10:51,835 - Discovery -   best_score = 98.2
2021-08-10 04:10:51,835 - Discovery -   eval_score = 97.8
2021-08-10 04:10:51,835 - Discovery -   train_loss = 0.0015571525873383507
2021-08-10 04:10:53,358 - Discovery - ***** Epoch: 31: Eval results *****
2021-08-10 04:10:53,358 - Discovery -   best_score = 98.2
2021-08-10 04:10:53,358 - Discovery -   eval_score = 97.6
2021-08-10 04:10:53,358 - Discovery -   train_loss = 0.002343316584301647
2021-08-10 04:10:54,844 - Discovery - ***** Epoch: 32: Eval results *****
2021-08-10 04:10:54,844 - Discovery -   best_score = 98.2
2021-08-10 04:10:54,844 - Discovery -   eval_score = 97.8
2021-08-10 04:10:54,844 - Discovery -   train_loss = 0.002044342028966639
2021-08-10 04:10:56,348 - Discovery - ***** Epoch: 33: Eval results *****
2021-08-10 04:10:56,348 - Discovery -   best_score = 98.2
2021-08-10 04:10:56,348 - Discovery -   eval_score = 97.8
2021-08-10 04:10:56,348 - Discovery -   train_loss = 0.0016646404255880043
2021-08-10 04:10:56,349 - Discovery - Pre-training finished...
2021-08-10 04:10:56,356 - Discovery - Training Begin...
2021-08-10 04:12:00,323 - Discovery - ***** Epoch: 1: Eval results *****
2021-08-10 04:12:00,324 - Discovery -   best_cluster_silhouette_score = 0.47218236
2021-08-10 04:12:00,324 - Discovery -   cluster_silhouette_score = 0.4942986
2021-08-10 04:12:00,324 - Discovery -   train_loss = 1.4300661712016873
2021-08-10 04:12:35,324 - Discovery - ***** Epoch: 2: Eval results *****
2021-08-10 04:12:35,324 - Discovery -   best_cluster_silhouette_score = 0.4942986
2021-08-10 04:12:35,324 - Discovery -   cluster_silhouette_score = 0.55608743
2021-08-10 04:12:35,324 - Discovery -   train_loss = 0.34016440982378804
2021-08-10 04:13:06,052 - Discovery - ***** Epoch: 3: Eval results *****
2021-08-10 04:13:06,053 - Discovery -   best_cluster_silhouette_score = 0.55608743
2021-08-10 04:13:06,053 - Discovery -   cluster_silhouette_score = 0.5989291
2021-08-10 04:13:06,053 - Discovery -   train_loss = 0.16813007387721424
2021-08-10 04:13:35,595 - Discovery - ***** Epoch: 4: Eval results *****
2021-08-10 04:13:35,595 - Discovery -   best_cluster_silhouette_score = 0.5989291
2021-08-10 04:13:35,595 - Discovery -   cluster_silhouette_score = 0.6277191
2021-08-10 04:13:35,595 - Discovery -   train_loss = 0.12591865315165335
2021-08-10 04:14:03,632 - Discovery - ***** Epoch: 5: Eval results *****
2021-08-10 04:14:03,633 - Discovery -   best_cluster_silhouette_score = 0.6277191
2021-08-10 04:14:03,633 - Discovery -   cluster_silhouette_score = 0.64938176
2021-08-10 04:14:03,633 - Discovery -   train_loss = 0.10610920545256254
2021-08-10 04:14:30,625 - Discovery - ***** Epoch: 6: Eval results *****
2021-08-10 04:14:30,625 - Discovery -   best_cluster_silhouette_score = 0.64938176
2021-08-10 04:14:30,625 - Discovery -   cluster_silhouette_score = 0.6648403
2021-08-10 04:14:30,625 - Discovery -   train_loss = 0.10007843255852032
2021-08-10 04:14:58,056 - Discovery - ***** Epoch: 7: Eval results *****
2021-08-10 04:14:58,056 - Discovery -   best_cluster_silhouette_score = 0.6648403
2021-08-10 04:14:58,056 - Discovery -   cluster_silhouette_score = 0.6785413
2021-08-10 04:14:58,056 - Discovery -   train_loss = 0.0900672884676063
2021-08-10 04:15:25,349 - Discovery - ***** Epoch: 8: Eval results *****
2021-08-10 04:15:25,349 - Discovery -   best_cluster_silhouette_score = 0.6785413
2021-08-10 04:15:25,349 - Discovery -   cluster_silhouette_score = 0.69070005
2021-08-10 04:15:25,349 - Discovery -   train_loss = 0.08312282936864542
2021-08-10 04:15:52,603 - Discovery - ***** Epoch: 9: Eval results *****
2021-08-10 04:15:52,603 - Discovery -   best_cluster_silhouette_score = 0.69070005
2021-08-10 04:15:52,603 - Discovery -   cluster_silhouette_score = 0.70142037
2021-08-10 04:15:52,603 - Discovery -   train_loss = 0.07350037847329112
2021-08-10 04:16:19,412 - Discovery - ***** Epoch: 10: Eval results *****
2021-08-10 04:16:19,412 - Discovery -   best_cluster_silhouette_score = 0.70142037
2021-08-10 04:16:19,412 - Discovery -   cluster_silhouette_score = 0.70585257
2021-08-10 04:16:19,412 - Discovery -   train_loss = 0.07285599295700927
2021-08-10 04:16:46,876 - Discovery - ***** Epoch: 11: Eval results *****
2021-08-10 04:16:46,876 - Discovery -   best_cluster_silhouette_score = 0.70585257
2021-08-10 04:16:46,876 - Discovery -   cluster_silhouette_score = 0.7166273
2021-08-10 04:16:46,876 - Discovery -   train_loss = 0.06631184734168996
2021-08-10 04:17:13,319 - Discovery - ***** Epoch: 12: Eval results *****
2021-08-10 04:17:13,319 - Discovery -   best_cluster_silhouette_score = 0.7166273
2021-08-10 04:17:13,319 - Discovery -   cluster_silhouette_score = 0.72517025
2021-08-10 04:17:13,319 - Discovery -   train_loss = 0.059480872190584545
2021-08-10 04:17:40,108 - Discovery - ***** Epoch: 13: Eval results *****
2021-08-10 04:17:40,109 - Discovery -   best_cluster_silhouette_score = 0.72517025
2021-08-10 04:17:40,109 - Discovery -   cluster_silhouette_score = 0.7242918
2021-08-10 04:17:40,109 - Discovery -   train_loss = 0.054975090209322355
2021-08-10 04:18:07,099 - Discovery - ***** Epoch: 14: Eval results *****
2021-08-10 04:18:07,099 - Discovery -   best_cluster_silhouette_score = 0.72517025
2021-08-10 04:18:07,099 - Discovery -   cluster_silhouette_score = 0.7233998
2021-08-10 04:18:07,099 - Discovery -   train_loss = 0.05928006486908433
2021-08-10 04:18:33,034 - Discovery - ***** Epoch: 15: Eval results *****
2021-08-10 04:18:33,034 - Discovery -   best_cluster_silhouette_score = 0.72517025
2021-08-10 04:18:33,034 - Discovery -   cluster_silhouette_score = 0.7300285
2021-08-10 04:18:33,034 - Discovery -   train_loss = 0.05243905200803815
2021-08-10 04:19:00,052 - Discovery - ***** Epoch: 16: Eval results *****
2021-08-10 04:19:00,052 - Discovery -   best_cluster_silhouette_score = 0.7300285
2021-08-10 04:19:00,052 - Discovery -   cluster_silhouette_score = 0.7297171
2021-08-10 04:19:00,052 - Discovery -   train_loss = 0.0477346262297801
2021-08-10 04:19:26,648 - Discovery - ***** Epoch: 17: Eval results *****
2021-08-10 04:19:26,649 - Discovery -   best_cluster_silhouette_score = 0.7300285
2021-08-10 04:19:26,649 - Discovery -   cluster_silhouette_score = 0.72869194
2021-08-10 04:19:26,649 - Discovery -   train_loss = 0.046669164314206
2021-08-10 04:19:53,390 - Discovery - ***** Epoch: 18: Eval results *****
2021-08-10 04:19:53,391 - Discovery -   best_cluster_silhouette_score = 0.7300285
2021-08-10 04:19:53,391 - Discovery -   cluster_silhouette_score = 0.7361326
2021-08-10 04:19:53,391 - Discovery -   train_loss = 0.04722401448661118
2021-08-10 04:20:20,136 - Discovery - ***** Epoch: 19: Eval results *****
2021-08-10 04:20:20,136 - Discovery -   best_cluster_silhouette_score = 0.7361326
2021-08-10 04:20:20,136 - Discovery -   cluster_silhouette_score = 0.7376517
2021-08-10 04:20:20,136 - Discovery -   train_loss = 0.042192310923303576
2021-08-10 04:20:46,569 - Discovery - ***** Epoch: 20: Eval results *****
2021-08-10 04:20:46,569 - Discovery -   best_cluster_silhouette_score = 0.7376517
2021-08-10 04:20:46,570 - Discovery -   cluster_silhouette_score = 0.7387943
2021-08-10 04:20:46,570 - Discovery -   train_loss = 0.04288567660503017
2021-08-10 04:21:13,720 - Discovery - ***** Epoch: 21: Eval results *****
2021-08-10 04:21:13,720 - Discovery -   best_cluster_silhouette_score = 0.7387943
2021-08-10 04:21:13,720 - Discovery -   cluster_silhouette_score = 0.7404471
2021-08-10 04:21:13,720 - Discovery -   train_loss = 0.0358269051416976
2021-08-10 04:21:40,517 - Discovery - ***** Epoch: 22: Eval results *****
2021-08-10 04:21:40,518 - Discovery -   best_cluster_silhouette_score = 0.7404471
2021-08-10 04:21:40,518 - Discovery -   cluster_silhouette_score = 0.73603106
2021-08-10 04:21:40,518 - Discovery -   train_loss = 0.0395929436272833
2021-08-10 04:22:06,702 - Discovery - ***** Epoch: 23: Eval results *****
2021-08-10 04:22:06,703 - Discovery -   best_cluster_silhouette_score = 0.7404471
2021-08-10 04:22:06,703 - Discovery -   cluster_silhouette_score = 0.7391288
2021-08-10 04:22:06,703 - Discovery -   train_loss = 0.0385181214016166
2021-08-10 04:22:33,610 - Discovery - ***** Epoch: 24: Eval results *****
2021-08-10 04:22:33,610 - Discovery -   best_cluster_silhouette_score = 0.7404471
2021-08-10 04:22:33,610 - Discovery -   cluster_silhouette_score = 0.7340238
2021-08-10 04:22:33,610 - Discovery -   train_loss = 0.039673060451145964
2021-08-10 04:23:00,135 - Discovery - ***** Epoch: 25: Eval results *****
2021-08-10 04:23:00,135 - Discovery -   best_cluster_silhouette_score = 0.7404471
2021-08-10 04:23:00,136 - Discovery -   cluster_silhouette_score = 0.7400806
2021-08-10 04:23:00,136 - Discovery -   train_loss = 0.03371964263316081
2021-08-10 04:23:26,623 - Discovery - ***** Epoch: 26: Eval results *****
2021-08-10 04:23:26,623 - Discovery -   best_cluster_silhouette_score = 0.7404471
2021-08-10 04:23:26,623 - Discovery -   cluster_silhouette_score = 0.7458428
2021-08-10 04:23:26,623 - Discovery -   train_loss = 0.03293388758563364
2021-08-10 04:23:53,463 - Discovery - ***** Epoch: 27: Eval results *****
2021-08-10 04:23:53,463 - Discovery -   best_cluster_silhouette_score = 0.7458428
2021-08-10 04:23:53,463 - Discovery -   cluster_silhouette_score = 0.74743694
2021-08-10 04:23:53,463 - Discovery -   train_loss = 0.03286008557951241
2021-08-10 04:24:17,692 - Discovery - ***** Epoch: 28: Eval results *****
2021-08-10 04:24:17,692 - Discovery -   best_cluster_silhouette_score = 0.74743694
2021-08-10 04:24:17,692 - Discovery -   cluster_silhouette_score = 0.746087
2021-08-10 04:24:17,692 - Discovery -   train_loss = 0.0315790070510171
2021-08-10 04:24:38,218 - Discovery - ***** Epoch: 29: Eval results *****
2021-08-10 04:24:38,218 - Discovery -   best_cluster_silhouette_score = 0.74743694
2021-08-10 04:24:38,218 - Discovery -   cluster_silhouette_score = 0.75240815
2021-08-10 04:24:38,218 - Discovery -   train_loss = 0.0298804678701009
2021-08-10 04:24:55,653 - Discovery - ***** Epoch: 30: Eval results *****
2021-08-10 04:24:55,653 - Discovery -   best_cluster_silhouette_score = 0.75240815
2021-08-10 04:24:55,653 - Discovery -   cluster_silhouette_score = 0.7516583
2021-08-10 04:24:55,653 - Discovery -   train_loss = 0.029227429293367326
2021-08-10 04:25:12,906 - Discovery - ***** Epoch: 31: Eval results *****
2021-08-10 04:25:12,906 - Discovery -   best_cluster_silhouette_score = 0.75240815
2021-08-10 04:25:12,906 - Discovery -   cluster_silhouette_score = 0.7480454
2021-08-10 04:25:12,906 - Discovery -   train_loss = 0.028609492863218743
2021-08-10 04:25:30,070 - Discovery - ***** Epoch: 32: Eval results *****
2021-08-10 04:25:30,070 - Discovery -   best_cluster_silhouette_score = 0.75240815
2021-08-10 04:25:30,070 - Discovery -   cluster_silhouette_score = 0.7534423
2021-08-10 04:25:30,070 - Discovery -   train_loss = 0.029370883285312108
2021-08-10 04:25:47,439 - Discovery - ***** Epoch: 33: Eval results *****
2021-08-10 04:25:47,439 - Discovery -   best_cluster_silhouette_score = 0.7534423
2021-08-10 04:25:47,439 - Discovery -   cluster_silhouette_score = 0.7532295
2021-08-10 04:25:47,439 - Discovery -   train_loss = 0.02761231357620541
2021-08-10 04:26:04,468 - Discovery - ***** Epoch: 34: Eval results *****
2021-08-10 04:26:04,468 - Discovery -   best_cluster_silhouette_score = 0.7534423
2021-08-10 04:26:04,468 - Discovery -   cluster_silhouette_score = 0.75501764
2021-08-10 04:26:04,468 - Discovery -   train_loss = 0.026751800087050002
2021-08-10 04:26:21,681 - Discovery - ***** Epoch: 35: Eval results *****
2021-08-10 04:26:21,681 - Discovery -   best_cluster_silhouette_score = 0.75501764
2021-08-10 04:26:21,681 - Discovery -   cluster_silhouette_score = 0.7569837
2021-08-10 04:26:21,681 - Discovery -   train_loss = 0.022009521277759278
2021-08-10 04:26:38,726 - Discovery - ***** Epoch: 36: Eval results *****
2021-08-10 04:26:38,727 - Discovery -   best_cluster_silhouette_score = 0.7569837
2021-08-10 04:26:38,727 - Discovery -   cluster_silhouette_score = 0.7521581
2021-08-10 04:26:38,727 - Discovery -   train_loss = 0.02301180961618688
2021-08-10 04:26:55,855 - Discovery - ***** Epoch: 37: Eval results *****
2021-08-10 04:26:55,855 - Discovery -   best_cluster_silhouette_score = 0.7569837
2021-08-10 04:26:55,855 - Discovery -   cluster_silhouette_score = 0.75605875
2021-08-10 04:26:55,855 - Discovery -   train_loss = 0.02211959313378597
2021-08-10 04:27:12,901 - Discovery - ***** Epoch: 38: Eval results *****
2021-08-10 04:27:12,901 - Discovery -   best_cluster_silhouette_score = 0.7569837
2021-08-10 04:27:12,901 - Discovery -   cluster_silhouette_score = 0.76009077
2021-08-10 04:27:12,901 - Discovery -   train_loss = 0.019510629610045477
2021-08-10 04:27:30,562 - Discovery - ***** Epoch: 39: Eval results *****
2021-08-10 04:27:30,562 - Discovery -   best_cluster_silhouette_score = 0.76009077
2021-08-10 04:27:30,562 - Discovery -   cluster_silhouette_score = 0.7570977
2021-08-10 04:27:30,562 - Discovery -   train_loss = 0.021294858983522326
2021-08-10 04:27:47,636 - Discovery - ***** Epoch: 40: Eval results *****
2021-08-10 04:27:47,636 - Discovery -   best_cluster_silhouette_score = 0.76009077
2021-08-10 04:27:47,637 - Discovery -   cluster_silhouette_score = 0.75651395
2021-08-10 04:27:47,637 - Discovery -   train_loss = 0.02067289187672358
2021-08-10 04:28:04,806 - Discovery - ***** Epoch: 41: Eval results *****
2021-08-10 04:28:04,806 - Discovery -   best_cluster_silhouette_score = 0.76009077
2021-08-10 04:28:04,806 - Discovery -   cluster_silhouette_score = 0.75770444
2021-08-10 04:28:04,806 - Discovery -   train_loss = 0.018219009213583562
2021-08-10 04:28:22,053 - Discovery - ***** Epoch: 42: Eval results *****
2021-08-10 04:28:22,053 - Discovery -   best_cluster_silhouette_score = 0.76009077
2021-08-10 04:28:22,053 - Discovery -   cluster_silhouette_score = 0.76141787
2021-08-10 04:28:22,053 - Discovery -   train_loss = 0.017747538854838214
2021-08-10 04:28:39,289 - Discovery - ***** Epoch: 43: Eval results *****
2021-08-10 04:28:39,289 - Discovery -   best_cluster_silhouette_score = 0.76141787
2021-08-10 04:28:39,289 - Discovery -   cluster_silhouette_score = 0.76080424
2021-08-10 04:28:39,289 - Discovery -   train_loss = 0.015057874382903022
2021-08-10 04:28:56,587 - Discovery - ***** Epoch: 44: Eval results *****
2021-08-10 04:28:56,587 - Discovery -   best_cluster_silhouette_score = 0.76141787
2021-08-10 04:28:56,587 - Discovery -   cluster_silhouette_score = 0.7620452
2021-08-10 04:28:56,587 - Discovery -   train_loss = 0.016825654541251917
2021-08-10 04:29:13,781 - Discovery - ***** Epoch: 45: Eval results *****
2021-08-10 04:29:13,781 - Discovery -   best_cluster_silhouette_score = 0.7620452
2021-08-10 04:29:13,781 - Discovery -   cluster_silhouette_score = 0.7595416
2021-08-10 04:29:13,781 - Discovery -   train_loss = 0.014591940723583373
2021-08-10 04:29:31,104 - Discovery - ***** Epoch: 46: Eval results *****
2021-08-10 04:29:31,104 - Discovery -   best_cluster_silhouette_score = 0.7620452
2021-08-10 04:29:31,104 - Discovery -   cluster_silhouette_score = 0.7596546
2021-08-10 04:29:31,104 - Discovery -   train_loss = 0.018256781355464307
2021-08-10 04:29:48,407 - Discovery - ***** Epoch: 47: Eval results *****
2021-08-10 04:29:48,408 - Discovery -   best_cluster_silhouette_score = 0.7620452
2021-08-10 04:29:48,408 - Discovery -   cluster_silhouette_score = 0.7645211
2021-08-10 04:29:48,408 - Discovery -   train_loss = 0.016525799983850165
2021-08-10 04:30:05,610 - Discovery - ***** Epoch: 48: Eval results *****
2021-08-10 04:30:05,610 - Discovery -   best_cluster_silhouette_score = 0.7645211
2021-08-10 04:30:05,610 - Discovery -   cluster_silhouette_score = 0.76441514
2021-08-10 04:30:05,610 - Discovery -   train_loss = 0.014342570677117073
2021-08-10 04:30:23,049 - Discovery - ***** Epoch: 49: Eval results *****
2021-08-10 04:30:23,049 - Discovery -   best_cluster_silhouette_score = 0.7645211
2021-08-10 04:30:23,049 - Discovery -   cluster_silhouette_score = 0.7644341
2021-08-10 04:30:23,049 - Discovery -   train_loss = 0.011968707288298937
2021-08-10 04:30:40,161 - Discovery - ***** Epoch: 50: Eval results *****
2021-08-10 04:30:40,161 - Discovery -   best_cluster_silhouette_score = 0.7645211
2021-08-10 04:30:40,161 - Discovery -   cluster_silhouette_score = 0.7673716
2021-08-10 04:30:40,161 - Discovery -   train_loss = 0.01357219632725159
2021-08-10 04:30:57,398 - Discovery - ***** Epoch: 51: Eval results *****
2021-08-10 04:30:57,398 - Discovery -   best_cluster_silhouette_score = 0.7673716
2021-08-10 04:30:57,399 - Discovery -   cluster_silhouette_score = 0.76594186
2021-08-10 04:30:57,399 - Discovery -   train_loss = 0.013385124093580548
2021-08-10 04:31:14,711 - Discovery - ***** Epoch: 52: Eval results *****
2021-08-10 04:31:14,712 - Discovery -   best_cluster_silhouette_score = 0.7673716
2021-08-10 04:31:14,712 - Discovery -   cluster_silhouette_score = 0.7668404
2021-08-10 04:31:14,712 - Discovery -   train_loss = 0.012290305368013418
2021-08-10 04:31:31,812 - Discovery - ***** Epoch: 53: Eval results *****
2021-08-10 04:31:31,812 - Discovery -   best_cluster_silhouette_score = 0.7673716
2021-08-10 04:31:31,812 - Discovery -   cluster_silhouette_score = 0.76879996
2021-08-10 04:31:31,812 - Discovery -   train_loss = 0.013303126429023393
2021-08-10 04:31:49,037 - Discovery - ***** Epoch: 54: Eval results *****
2021-08-10 04:31:49,037 - Discovery -   best_cluster_silhouette_score = 0.76879996
2021-08-10 04:31:49,037 - Discovery -   cluster_silhouette_score = 0.7633836
2021-08-10 04:31:49,037 - Discovery -   train_loss = 0.011402826444008524
2021-08-10 04:32:06,213 - Discovery - ***** Epoch: 55: Eval results *****
2021-08-10 04:32:06,213 - Discovery -   best_cluster_silhouette_score = 0.76879996
2021-08-10 04:32:06,214 - Discovery -   cluster_silhouette_score = 0.7718826
2021-08-10 04:32:06,214 - Discovery -   train_loss = 0.009999890483546216
2021-08-10 04:32:23,323 - Discovery - ***** Epoch: 56: Eval results *****
2021-08-10 04:32:23,323 - Discovery -   best_cluster_silhouette_score = 0.7718826
2021-08-10 04:32:23,323 - Discovery -   cluster_silhouette_score = 0.7703423
2021-08-10 04:32:23,323 - Discovery -   train_loss = 0.0116333408878542
2021-08-10 04:32:40,527 - Discovery - ***** Epoch: 57: Eval results *****
2021-08-10 04:32:40,527 - Discovery -   best_cluster_silhouette_score = 0.7718826
2021-08-10 04:32:40,527 - Discovery -   cluster_silhouette_score = 0.77184796
2021-08-10 04:32:40,527 - Discovery -   train_loss = 0.008481893033321575
2021-08-10 04:32:57,745 - Discovery - ***** Epoch: 58: Eval results *****
2021-08-10 04:32:57,745 - Discovery -   best_cluster_silhouette_score = 0.7718826
2021-08-10 04:32:57,745 - Discovery -   cluster_silhouette_score = 0.7715621
2021-08-10 04:32:57,745 - Discovery -   train_loss = 0.008366158440905777
2021-08-10 04:33:15,060 - Discovery - ***** Epoch: 59: Eval results *****
2021-08-10 04:33:15,060 - Discovery -   best_cluster_silhouette_score = 0.7718826
2021-08-10 04:33:15,060 - Discovery -   cluster_silhouette_score = 0.76824343
2021-08-10 04:33:15,060 - Discovery -   train_loss = 0.00886909633965878
2021-08-10 04:33:32,432 - Discovery - ***** Epoch: 60: Eval results *****
2021-08-10 04:33:32,432 - Discovery -   best_cluster_silhouette_score = 0.7718826
2021-08-10 04:33:32,432 - Discovery -   cluster_silhouette_score = 0.7688838
2021-08-10 04:33:32,432 - Discovery -   train_loss = 0.011992629475006325
2021-08-10 04:33:49,702 - Discovery - ***** Epoch: 61: Eval results *****
2021-08-10 04:33:49,702 - Discovery -   best_cluster_silhouette_score = 0.7718826
2021-08-10 04:33:49,702 - Discovery -   cluster_silhouette_score = 0.7684778
2021-08-10 04:33:49,702 - Discovery -   train_loss = 0.00970846267365647
2021-08-10 04:34:07,008 - Discovery - ***** Epoch: 62: Eval results *****
2021-08-10 04:34:07,008 - Discovery -   best_cluster_silhouette_score = 0.7718826
2021-08-10 04:34:07,009 - Discovery -   cluster_silhouette_score = 0.76779026
2021-08-10 04:34:07,009 - Discovery -   train_loss = 0.009339280972693532
2021-08-10 04:34:23,970 - Discovery - ***** Epoch: 63: Eval results *****
2021-08-10 04:34:23,971 - Discovery -   best_cluster_silhouette_score = 0.7718826
2021-08-10 04:34:23,971 - Discovery -   cluster_silhouette_score = 0.77118844
2021-08-10 04:34:23,971 - Discovery -   train_loss = 0.010661550500267411
2021-08-10 04:34:40,942 - Discovery - ***** Epoch: 64: Eval results *****
2021-08-10 04:34:40,942 - Discovery -   best_cluster_silhouette_score = 0.7718826
2021-08-10 04:34:40,942 - Discovery -   cluster_silhouette_score = 0.7738563
2021-08-10 04:34:40,942 - Discovery -   train_loss = 0.009591895079740901
2021-08-10 04:34:58,393 - Discovery - ***** Epoch: 65: Eval results *****
2021-08-10 04:34:58,394 - Discovery -   best_cluster_silhouette_score = 0.7738563
2021-08-10 04:34:58,394 - Discovery -   cluster_silhouette_score = 0.7738455
2021-08-10 04:34:58,394 - Discovery -   train_loss = 0.00820569447245962
2021-08-10 04:35:15,794 - Discovery - ***** Epoch: 66: Eval results *****
2021-08-10 04:35:15,795 - Discovery -   best_cluster_silhouette_score = 0.7738563
2021-08-10 04:35:15,795 - Discovery -   cluster_silhouette_score = 0.77302474
2021-08-10 04:35:15,795 - Discovery -   train_loss = 0.008047022863694702
2021-08-10 04:35:33,137 - Discovery - ***** Epoch: 67: Eval results *****
2021-08-10 04:35:33,137 - Discovery -   best_cluster_silhouette_score = 0.7738563
2021-08-10 04:35:33,137 - Discovery -   cluster_silhouette_score = 0.7743469
2021-08-10 04:35:33,137 - Discovery -   train_loss = 0.007188830270413004
2021-08-10 04:35:50,293 - Discovery - ***** Epoch: 68: Eval results *****
2021-08-10 04:35:50,293 - Discovery -   best_cluster_silhouette_score = 0.7743469
2021-08-10 04:35:50,293 - Discovery -   cluster_silhouette_score = 0.7745753
2021-08-10 04:35:50,293 - Discovery -   train_loss = 0.008275145679928172
2021-08-10 04:36:07,561 - Discovery - ***** Epoch: 69: Eval results *****
2021-08-10 04:36:07,561 - Discovery -   best_cluster_silhouette_score = 0.7745753
2021-08-10 04:36:07,561 - Discovery -   cluster_silhouette_score = 0.7741636
2021-08-10 04:36:07,561 - Discovery -   train_loss = 0.007303003333856519
2021-08-10 04:36:24,853 - Discovery - ***** Epoch: 70: Eval results *****
2021-08-10 04:36:24,853 - Discovery -   best_cluster_silhouette_score = 0.7745753
2021-08-10 04:36:24,853 - Discovery -   cluster_silhouette_score = 0.77539885
2021-08-10 04:36:24,854 - Discovery -   train_loss = 0.006427009657007819
2021-08-10 04:36:42,150 - Discovery - ***** Epoch: 71: Eval results *****
2021-08-10 04:36:42,150 - Discovery -   best_cluster_silhouette_score = 0.77539885
2021-08-10 04:36:42,150 - Discovery -   cluster_silhouette_score = 0.77605504
2021-08-10 04:36:42,150 - Discovery -   train_loss = 0.005327592924852105
2021-08-10 04:36:59,501 - Discovery - ***** Epoch: 72: Eval results *****
2021-08-10 04:36:59,502 - Discovery -   best_cluster_silhouette_score = 0.77605504
2021-08-10 04:36:59,502 - Discovery -   cluster_silhouette_score = 0.7752672
2021-08-10 04:36:59,502 - Discovery -   train_loss = 0.0069881557659031285
2021-08-10 04:37:16,579 - Discovery - ***** Epoch: 73: Eval results *****
2021-08-10 04:37:16,579 - Discovery -   best_cluster_silhouette_score = 0.77605504
2021-08-10 04:37:16,579 - Discovery -   cluster_silhouette_score = 0.77841765
2021-08-10 04:37:16,579 - Discovery -   train_loss = 0.005763232883094761
2021-08-10 04:37:34,070 - Discovery - ***** Epoch: 74: Eval results *****
2021-08-10 04:37:34,070 - Discovery -   best_cluster_silhouette_score = 0.77841765
2021-08-10 04:37:34,070 - Discovery -   cluster_silhouette_score = 0.77626795
2021-08-10 04:37:34,070 - Discovery -   train_loss = 0.007214232289132852
2021-08-10 04:37:51,308 - Discovery - ***** Epoch: 75: Eval results *****
2021-08-10 04:37:51,308 - Discovery -   best_cluster_silhouette_score = 0.77841765
2021-08-10 04:37:51,308 - Discovery -   cluster_silhouette_score = 0.7776388
2021-08-10 04:37:51,308 - Discovery -   train_loss = 0.00680081448588027
2021-08-10 04:38:08,470 - Discovery - ***** Epoch: 76: Eval results *****
2021-08-10 04:38:08,470 - Discovery -   best_cluster_silhouette_score = 0.77841765
2021-08-10 04:38:08,470 - Discovery -   cluster_silhouette_score = 0.7743466
2021-08-10 04:38:08,470 - Discovery -   train_loss = 0.008392891976504826
2021-08-10 04:38:25,706 - Discovery - ***** Epoch: 77: Eval results *****
2021-08-10 04:38:25,706 - Discovery -   best_cluster_silhouette_score = 0.77841765
2021-08-10 04:38:25,706 - Discovery -   cluster_silhouette_score = 0.7746017
2021-08-10 04:38:25,706 - Discovery -   train_loss = 0.0062995273049116065
2021-08-10 04:38:42,922 - Discovery - ***** Epoch: 78: Eval results *****
2021-08-10 04:38:42,923 - Discovery -   best_cluster_silhouette_score = 0.77841765
2021-08-10 04:38:42,923 - Discovery -   cluster_silhouette_score = 0.77360415
2021-08-10 04:38:42,923 - Discovery -   train_loss = 0.005868397226505709
2021-08-10 04:38:59,988 - Discovery - ***** Epoch: 79: Eval results *****
2021-08-10 04:38:59,989 - Discovery -   best_cluster_silhouette_score = 0.77841765
2021-08-10 04:38:59,989 - Discovery -   cluster_silhouette_score = 0.77511907
2021-08-10 04:38:59,989 - Discovery -   train_loss = 0.0056433167888314435
2021-08-10 04:39:17,355 - Discovery - ***** Epoch: 80: Eval results *****
2021-08-10 04:39:17,355 - Discovery -   best_cluster_silhouette_score = 0.77841765
2021-08-10 04:39:17,355 - Discovery -   cluster_silhouette_score = 0.77518547
2021-08-10 04:39:17,355 - Discovery -   train_loss = 0.006084212234729191
2021-08-10 04:39:34,448 - Discovery - ***** Epoch: 81: Eval results *****
2021-08-10 04:39:34,448 - Discovery -   best_cluster_silhouette_score = 0.77841765
2021-08-10 04:39:34,448 - Discovery -   cluster_silhouette_score = 0.7753778
2021-08-10 04:39:34,448 - Discovery -   train_loss = 0.004709338127054473
2021-08-10 04:39:51,681 - Discovery - ***** Epoch: 82: Eval results *****
2021-08-10 04:39:51,681 - Discovery -   best_cluster_silhouette_score = 0.77841765
2021-08-10 04:39:51,681 - Discovery -   cluster_silhouette_score = 0.77676904
2021-08-10 04:39:51,681 - Discovery -   train_loss = 0.005719100340904987
2021-08-10 04:40:08,932 - Discovery - ***** Epoch: 83: Eval results *****
2021-08-10 04:40:08,932 - Discovery -   best_cluster_silhouette_score = 0.77841765
2021-08-10 04:40:08,932 - Discovery -   cluster_silhouette_score = 0.7771354
2021-08-10 04:40:08,932 - Discovery -   train_loss = 0.004705119293645924
2021-08-10 04:40:25,953 - Discovery - ***** Epoch: 84: Eval results *****
2021-08-10 04:40:25,953 - Discovery -   best_cluster_silhouette_score = 0.77841765
2021-08-10 04:40:25,953 - Discovery -   cluster_silhouette_score = 0.77490187
2021-08-10 04:40:25,953 - Discovery -   train_loss = 0.005822470251516579
2021-08-10 04:40:43,029 - Discovery - ***** Epoch: 85: Eval results *****
2021-08-10 04:40:43,030 - Discovery -   best_cluster_silhouette_score = 0.77841765
2021-08-10 04:40:43,030 - Discovery -   cluster_silhouette_score = 0.7769425
2021-08-10 04:40:43,030 - Discovery -   train_loss = 0.005396383543925764
2021-08-10 04:41:00,516 - Discovery - ***** Epoch: 86: Eval results *****
2021-08-10 04:41:00,516 - Discovery -   best_cluster_silhouette_score = 0.77841765
2021-08-10 04:41:00,516 - Discovery -   cluster_silhouette_score = 0.775722
2021-08-10 04:41:00,516 - Discovery -   train_loss = 0.004823903156436236
2021-08-10 04:41:17,895 - Discovery - ***** Epoch: 87: Eval results *****
2021-08-10 04:41:17,895 - Discovery -   best_cluster_silhouette_score = 0.77841765
2021-08-10 04:41:17,895 - Discovery -   cluster_silhouette_score = 0.77522373
2021-08-10 04:41:17,895 - Discovery -   train_loss = 0.004892624054493742
2021-08-10 04:41:35,145 - Discovery - ***** Epoch: 88: Eval results *****
2021-08-10 04:41:35,145 - Discovery -   best_cluster_silhouette_score = 0.77841765
2021-08-10 04:41:35,146 - Discovery -   cluster_silhouette_score = 0.77498126
2021-08-10 04:41:35,146 - Discovery -   train_loss = 0.00400705877752258
2021-08-10 04:41:52,038 - Discovery - ***** Epoch: 89: Eval results *****
2021-08-10 04:41:52,038 - Discovery -   best_cluster_silhouette_score = 0.77841765
2021-08-10 04:41:52,039 - Discovery -   cluster_silhouette_score = 0.77610385
2021-08-10 04:41:52,039 - Discovery -   train_loss = 0.004690545184910184
2021-08-10 04:42:09,085 - Discovery - ***** Epoch: 90: Eval results *****
2021-08-10 04:42:09,085 - Discovery -   best_cluster_silhouette_score = 0.77841765
2021-08-10 04:42:09,085 - Discovery -   cluster_silhouette_score = 0.7763741
2021-08-10 04:42:09,085 - Discovery -   train_loss = 0.005153854487519496
2021-08-10 04:42:26,230 - Discovery - ***** Epoch: 91: Eval results *****
2021-08-10 04:42:26,230 - Discovery -   best_cluster_silhouette_score = 0.77841765
2021-08-10 04:42:26,230 - Discovery -   cluster_silhouette_score = 0.7757457
2021-08-10 04:42:26,230 - Discovery -   train_loss = 0.005645317967701505
2021-08-10 04:42:43,368 - Discovery - ***** Epoch: 92: Eval results *****
2021-08-10 04:42:43,368 - Discovery -   best_cluster_silhouette_score = 0.77841765
2021-08-10 04:42:43,369 - Discovery -   cluster_silhouette_score = 0.77591735
2021-08-10 04:42:43,369 - Discovery -   train_loss = 0.004590510627662015
2021-08-10 04:43:00,593 - Discovery - ***** Epoch: 93: Eval results *****
2021-08-10 04:43:00,593 - Discovery -   best_cluster_silhouette_score = 0.77841765
2021-08-10 04:43:00,593 - Discovery -   cluster_silhouette_score = 0.7763026
2021-08-10 04:43:00,593 - Discovery -   train_loss = 0.004523942812156041
2021-08-10 04:43:00,594 - Discovery - Training Finished...
2021-08-10 04:43:00,594 - Discovery - Testing begin...
2021-08-10 04:43:01,381 - Discovery - ***** Test: Confusion Matrix *****
2021-08-10 04:43:01,381 - Discovery - [[  0   0   0   1 123   0   0]
 [ 61   3   0   0   0   0  28]
 [  6  51   2   0   0   0  45]
 [  0   0   1  84   1   0   0]
 [  0   0   0   0   0  80   0]
 [  0   1  97   7   0   0   2]
 [  0  91  14   0   0   0   2]]
2021-08-10 04:43:01,381 - Discovery - ***** Test results *****
2021-08-10 04:43:01,382 - Discovery -   ACC = 83.0
2021-08-10 04:43:01,382 - Discovery -   ARI = 71.74
2021-08-10 04:43:01,382 - Discovery -   NMI = 78.79
2021-08-10 04:43:01,382 - Discovery - Testing finished...
2021-08-10 04:43:01,382 - Discovery - Results saved in results/results_DeepAligned.csv
2021-08-10 04:43:01,408 - Discovery - Open Intent Discovery Finished...
