2021-08-10 05:12:36,696 - Discovery - Open Intent Discovery Begin...
2021-08-10 05:12:36,696 - Discovery - Parameters Initialization...
2021-08-10 05:12:36,696 - Discovery - ============================== Params ==============================
2021-08-10 05:12:36,696 - Discovery - type:	open_intent_discovery
2021-08-10 05:12:36,696 - Discovery - logger_name:	Discovery
2021-08-10 05:12:36,696 - Discovery - log_dir:	logs
2021-08-10 05:12:36,696 - Discovery - dataset:	snips
2021-08-10 05:12:36,697 - Discovery - known_cls_ratio:	0.75
2021-08-10 05:12:36,697 - Discovery - labeled_ratio:	0.1
2021-08-10 05:12:36,697 - Discovery - cluster_num_factor:	1.0
2021-08-10 05:12:36,697 - Discovery - method:	DeepAligned
2021-08-10 05:12:36,697 - Discovery - train:	True
2021-08-10 05:12:36,697 - Discovery - save_model:	False
2021-08-10 05:12:36,697 - Discovery - backbone:	bert
2021-08-10 05:12:36,697 - Discovery - setting:	semi_supervised
2021-08-10 05:12:36,697 - Discovery - config_file_name:	DeepAligned
2021-08-10 05:12:36,697 - Discovery - seed:	8
2021-08-10 05:12:36,697 - Discovery - gpu_id:	0
2021-08-10 05:12:36,697 - Discovery - pipe_results_path:	pipe_results
2021-08-10 05:12:36,697 - Discovery - data_dir:	/home/zhanghanlei/git/submit/TEXTOIR/open_intent_discovery/../data
2021-08-10 05:12:36,697 - Discovery - output_dir:	/home/sharing/disk2/zhanghanlei/save_data_162/TEXTOIR/outputs
2021-08-10 05:12:36,697 - Discovery - model_dir:	models
2021-08-10 05:12:36,697 - Discovery - result_dir:	results
2021-08-10 05:12:36,697 - Discovery - results_file_name:	results_DeepAligned.csv
2021-08-10 05:12:36,697 - Discovery - save_results:	True
2021-08-10 05:12:36,697 - Discovery - task_output_dir:	/home/sharing/disk2/zhanghanlei/save_data_162/TEXTOIR/outputs/open_intent_discovery
2021-08-10 05:12:36,697 - Discovery - method_output_dir:	/home/sharing/disk2/zhanghanlei/save_data_162/TEXTOIR/outputs/open_intent_discovery/DeepAligned_snips_0.75_0.1_bert_8
2021-08-10 05:12:36,697 - Discovery - model_output_dir:	/home/sharing/disk2/zhanghanlei/save_data_162/TEXTOIR/outputs/open_intent_discovery/DeepAligned_snips_0.75_0.1_bert_8/models
2021-08-10 05:12:36,697 - Discovery - bert_model:	/home/sharing/disk1/pretrained_embedding/bert/uncased_L-12_H-768_A-12/
2021-08-10 05:12:36,697 - Discovery - max_seq_length:	None
2021-08-10 05:12:36,697 - Discovery - num_pretrain_epochs:	100
2021-08-10 05:12:36,697 - Discovery - num_train_epochs:	100
2021-08-10 05:12:36,697 - Discovery - num_labels:	None
2021-08-10 05:12:36,697 - Discovery - freeze_bert_parameters:	True
2021-08-10 05:12:36,697 - Discovery - feat_dim:	768
2021-08-10 05:12:36,697 - Discovery - warmup_proportion:	0.1
2021-08-10 05:12:36,697 - Discovery - lr_pre:	5e-05
2021-08-10 05:12:36,697 - Discovery - lr:	5e-05
2021-08-10 05:12:36,697 - Discovery - loss_fct:	CrossEntropyLoss
2021-08-10 05:12:36,697 - Discovery - activation:	tanh
2021-08-10 05:12:36,697 - Discovery - train_batch_size:	128
2021-08-10 05:12:36,697 - Discovery - eval_batch_size:	64
2021-08-10 05:12:36,697 - Discovery - test_batch_size:	64
2021-08-10 05:12:36,697 - Discovery - wait_patient:	20
2021-08-10 05:12:36,697 - Discovery - ============================== End Params ==============================
2021-08-10 05:12:36,697 - Discovery - Data and Model Preparation...
2021-08-10 05:12:36,698 - Discovery - The number of known intents is 5
2021-08-10 05:12:36,698 - Discovery - Lists of known labels are: ['GetWeather', 'AddToPlaylist', 'SearchScreeningEvent', 'SearchCreativeWork', 'BookRestaurant']
2021-08-10 05:12:38,202 - Discovery - Number of labeled training samples = 930
2021-08-10 05:12:38,202 - Discovery - Number of unlabeled training samples = 12154
2021-08-10 05:12:38,203 - Discovery - Number of evaluation samples = 500
2021-08-10 05:12:38,204 - Discovery - Number of testing samples = 700
2021-08-10 05:12:43,516 - Discovery - Freeze all parameters but the last layer for efficiency
2021-08-10 05:12:47,784 - Discovery - Freeze all parameters but the last layer for efficiency
2021-08-10 05:12:47,863 - Discovery - Pre-raining start...
2021-08-10 05:12:49,060 - Discovery - ***** Epoch: 1: Eval results *****
2021-08-10 05:12:49,060 - Discovery -   best_score = 0
2021-08-10 05:12:49,060 - Discovery -   eval_score = 66.4
2021-08-10 05:12:49,060 - Discovery -   train_loss = 1.591491311788559
2021-08-10 05:12:49,795 - Discovery - ***** Epoch: 2: Eval results *****
2021-08-10 05:12:49,795 - Discovery -   best_score = 66.4
2021-08-10 05:12:49,795 - Discovery -   eval_score = 82.8
2021-08-10 05:12:49,795 - Discovery -   train_loss = 1.4976927042007446
2021-08-10 05:12:50,549 - Discovery - ***** Epoch: 3: Eval results *****
2021-08-10 05:12:50,549 - Discovery -   best_score = 82.8
2021-08-10 05:12:50,549 - Discovery -   eval_score = 90.6
2021-08-10 05:12:50,549 - Discovery -   train_loss = 1.2439821660518646
2021-08-10 05:12:51,301 - Discovery - ***** Epoch: 4: Eval results *****
2021-08-10 05:12:51,301 - Discovery -   best_score = 90.6
2021-08-10 05:12:51,301 - Discovery -   eval_score = 91.0
2021-08-10 05:12:51,301 - Discovery -   train_loss = 0.7323783598840237
2021-08-10 05:12:52,135 - Discovery - ***** Epoch: 5: Eval results *****
2021-08-10 05:12:52,135 - Discovery -   best_score = 91.0
2021-08-10 05:12:52,135 - Discovery -   eval_score = 96.2
2021-08-10 05:12:52,135 - Discovery -   train_loss = 0.24769869074225426
2021-08-10 05:12:52,871 - Discovery - ***** Epoch: 6: Eval results *****
2021-08-10 05:12:52,871 - Discovery -   best_score = 96.2
2021-08-10 05:12:52,871 - Discovery -   eval_score = 95.4
2021-08-10 05:12:52,871 - Discovery -   train_loss = 0.09430873254314065
2021-08-10 05:12:53,598 - Discovery - ***** Epoch: 7: Eval results *****
2021-08-10 05:12:53,598 - Discovery -   best_score = 96.2
2021-08-10 05:12:53,598 - Discovery -   eval_score = 96.8
2021-08-10 05:12:53,598 - Discovery -   train_loss = 0.05431225016945973
2021-08-10 05:12:54,335 - Discovery - ***** Epoch: 8: Eval results *****
2021-08-10 05:12:54,335 - Discovery -   best_score = 96.8
2021-08-10 05:12:54,335 - Discovery -   eval_score = 96.8
2021-08-10 05:12:54,335 - Discovery -   train_loss = 0.0461525940336287
2021-08-10 05:12:55,061 - Discovery - ***** Epoch: 9: Eval results *****
2021-08-10 05:12:55,061 - Discovery -   best_score = 96.8
2021-08-10 05:12:55,061 - Discovery -   eval_score = 97.8
2021-08-10 05:12:55,061 - Discovery -   train_loss = 0.023623368644621223
2021-08-10 05:12:55,801 - Discovery - ***** Epoch: 10: Eval results *****
2021-08-10 05:12:55,801 - Discovery -   best_score = 97.8
2021-08-10 05:12:55,801 - Discovery -   eval_score = 98.0
2021-08-10 05:12:55,801 - Discovery -   train_loss = 0.018730957352090627
2021-08-10 05:12:56,540 - Discovery - ***** Epoch: 11: Eval results *****
2021-08-10 05:12:56,540 - Discovery -   best_score = 98.0
2021-08-10 05:12:56,540 - Discovery -   eval_score = 97.0
2021-08-10 05:12:56,540 - Discovery -   train_loss = 0.01506383967353031
2021-08-10 05:12:57,266 - Discovery - ***** Epoch: 12: Eval results *****
2021-08-10 05:12:57,266 - Discovery -   best_score = 98.0
2021-08-10 05:12:57,267 - Discovery -   eval_score = 97.4
2021-08-10 05:12:57,267 - Discovery -   train_loss = 0.008239581933594309
2021-08-10 05:12:57,994 - Discovery - ***** Epoch: 13: Eval results *****
2021-08-10 05:12:57,994 - Discovery -   best_score = 98.0
2021-08-10 05:12:57,994 - Discovery -   eval_score = 97.0
2021-08-10 05:12:57,994 - Discovery -   train_loss = 0.008291719845146872
2021-08-10 05:12:58,722 - Discovery - ***** Epoch: 14: Eval results *****
2021-08-10 05:12:58,722 - Discovery -   best_score = 98.0
2021-08-10 05:12:58,722 - Discovery -   eval_score = 97.6
2021-08-10 05:12:58,722 - Discovery -   train_loss = 0.0055940332531463355
2021-08-10 05:12:59,451 - Discovery - ***** Epoch: 15: Eval results *****
2021-08-10 05:12:59,451 - Discovery -   best_score = 98.0
2021-08-10 05:12:59,451 - Discovery -   eval_score = 97.4
2021-08-10 05:12:59,451 - Discovery -   train_loss = 0.006403274965123273
2021-08-10 05:13:00,178 - Discovery - ***** Epoch: 16: Eval results *****
2021-08-10 05:13:00,178 - Discovery -   best_score = 98.0
2021-08-10 05:13:00,178 - Discovery -   eval_score = 97.2
2021-08-10 05:13:00,178 - Discovery -   train_loss = 0.003320631542010233
2021-08-10 05:13:00,907 - Discovery - ***** Epoch: 17: Eval results *****
2021-08-10 05:13:00,907 - Discovery -   best_score = 98.0
2021-08-10 05:13:00,907 - Discovery -   eval_score = 97.8
2021-08-10 05:13:00,907 - Discovery -   train_loss = 0.002671359499800019
2021-08-10 05:13:01,636 - Discovery - ***** Epoch: 18: Eval results *****
2021-08-10 05:13:01,636 - Discovery -   best_score = 98.0
2021-08-10 05:13:01,636 - Discovery -   eval_score = 97.6
2021-08-10 05:13:01,636 - Discovery -   train_loss = 0.0024272384180221707
2021-08-10 05:13:02,364 - Discovery - ***** Epoch: 19: Eval results *****
2021-08-10 05:13:02,364 - Discovery -   best_score = 98.0
2021-08-10 05:13:02,364 - Discovery -   eval_score = 97.4
2021-08-10 05:13:02,364 - Discovery -   train_loss = 0.0023610975040355697
2021-08-10 05:13:03,100 - Discovery - ***** Epoch: 20: Eval results *****
2021-08-10 05:13:03,100 - Discovery -   best_score = 98.0
2021-08-10 05:13:03,100 - Discovery -   eval_score = 97.6
2021-08-10 05:13:03,100 - Discovery -   train_loss = 0.0028194136466481723
2021-08-10 05:13:03,834 - Discovery - ***** Epoch: 21: Eval results *****
2021-08-10 05:13:03,834 - Discovery -   best_score = 98.0
2021-08-10 05:13:03,834 - Discovery -   eval_score = 97.6
2021-08-10 05:13:03,834 - Discovery -   train_loss = 0.0025787964405026287
2021-08-10 05:13:04,570 - Discovery - ***** Epoch: 22: Eval results *****
2021-08-10 05:13:04,570 - Discovery -   best_score = 98.0
2021-08-10 05:13:04,570 - Discovery -   eval_score = 97.2
2021-08-10 05:13:04,570 - Discovery -   train_loss = 0.005168524839973543
2021-08-10 05:13:05,305 - Discovery - ***** Epoch: 23: Eval results *****
2021-08-10 05:13:05,306 - Discovery -   best_score = 98.0
2021-08-10 05:13:05,306 - Discovery -   eval_score = 97.0
2021-08-10 05:13:05,306 - Discovery -   train_loss = 0.0038871533615747467
2021-08-10 05:13:06,040 - Discovery - ***** Epoch: 24: Eval results *****
2021-08-10 05:13:06,040 - Discovery -   best_score = 98.0
2021-08-10 05:13:06,040 - Discovery -   eval_score = 97.6
2021-08-10 05:13:06,040 - Discovery -   train_loss = 0.00168352486070944
2021-08-10 05:13:06,777 - Discovery - ***** Epoch: 25: Eval results *****
2021-08-10 05:13:06,777 - Discovery -   best_score = 98.0
2021-08-10 05:13:06,777 - Discovery -   eval_score = 97.6
2021-08-10 05:13:06,777 - Discovery -   train_loss = 0.0016496933312737383
2021-08-10 05:13:07,513 - Discovery - ***** Epoch: 26: Eval results *****
2021-08-10 05:13:07,513 - Discovery -   best_score = 98.0
2021-08-10 05:13:07,513 - Discovery -   eval_score = 97.2
2021-08-10 05:13:07,513 - Discovery -   train_loss = 0.0009899818905978464
2021-08-10 05:13:08,252 - Discovery - ***** Epoch: 27: Eval results *****
2021-08-10 05:13:08,252 - Discovery -   best_score = 98.0
2021-08-10 05:13:08,252 - Discovery -   eval_score = 97.4
2021-08-10 05:13:08,252 - Discovery -   train_loss = 0.004140578745136736
2021-08-10 05:13:08,999 - Discovery - ***** Epoch: 28: Eval results *****
2021-08-10 05:13:08,999 - Discovery -   best_score = 98.0
2021-08-10 05:13:08,999 - Discovery -   eval_score = 97.6
2021-08-10 05:13:08,999 - Discovery -   train_loss = 0.0007782231987221166
2021-08-10 05:13:09,735 - Discovery - ***** Epoch: 29: Eval results *****
2021-08-10 05:13:09,735 - Discovery -   best_score = 98.0
2021-08-10 05:13:09,735 - Discovery -   eval_score = 97.8
2021-08-10 05:13:09,735 - Discovery -   train_loss = 0.0014827119521214627
2021-08-10 05:13:10,472 - Discovery - ***** Epoch: 30: Eval results *****
2021-08-10 05:13:10,472 - Discovery -   best_score = 98.0
2021-08-10 05:13:10,472 - Discovery -   eval_score = 97.2
2021-08-10 05:13:10,472 - Discovery -   train_loss = 0.001283005636651069
2021-08-10 05:13:10,473 - Discovery - Pre-training finished...
2021-08-10 05:13:10,480 - Discovery - Training Begin...
2021-08-10 05:13:38,108 - Discovery - ***** Epoch: 1: Eval results *****
2021-08-10 05:13:38,109 - Discovery -   best_cluster_silhouette_score = 0.5274513
2021-08-10 05:13:38,109 - Discovery -   cluster_silhouette_score = 0.5327187
2021-08-10 05:13:38,109 - Discovery -   train_loss = 1.457305520483591
2021-08-10 05:13:55,467 - Discovery - ***** Epoch: 2: Eval results *****
2021-08-10 05:13:55,467 - Discovery -   best_cluster_silhouette_score = 0.5327187
2021-08-10 05:13:55,467 - Discovery -   cluster_silhouette_score = 0.59308076
2021-08-10 05:13:55,467 - Discovery -   train_loss = 0.30451069670973474
2021-08-10 05:14:12,823 - Discovery - ***** Epoch: 3: Eval results *****
2021-08-10 05:14:12,823 - Discovery -   best_cluster_silhouette_score = 0.59308076
2021-08-10 05:14:12,824 - Discovery -   cluster_silhouette_score = 0.6324471
2021-08-10 05:14:12,824 - Discovery -   train_loss = 0.1396639050138228
2021-08-10 05:14:30,068 - Discovery - ***** Epoch: 4: Eval results *****
2021-08-10 05:14:30,068 - Discovery -   best_cluster_silhouette_score = 0.6324471
2021-08-10 05:14:30,068 - Discovery -   cluster_silhouette_score = 0.6579256
2021-08-10 05:14:30,068 - Discovery -   train_loss = 0.10318761713151793
2021-08-10 05:14:47,364 - Discovery - ***** Epoch: 5: Eval results *****
2021-08-10 05:14:47,364 - Discovery -   best_cluster_silhouette_score = 0.6579256
2021-08-10 05:14:47,364 - Discovery -   cluster_silhouette_score = 0.6739868
2021-08-10 05:14:47,364 - Discovery -   train_loss = 0.08504374837954935
2021-08-10 05:15:04,816 - Discovery - ***** Epoch: 6: Eval results *****
2021-08-10 05:15:04,816 - Discovery -   best_cluster_silhouette_score = 0.6739868
2021-08-10 05:15:04,816 - Discovery -   cluster_silhouette_score = 0.6853003
2021-08-10 05:15:04,816 - Discovery -   train_loss = 0.07699323130898106
2021-08-10 05:15:22,414 - Discovery - ***** Epoch: 7: Eval results *****
2021-08-10 05:15:22,414 - Discovery -   best_cluster_silhouette_score = 0.6853003
2021-08-10 05:15:22,414 - Discovery -   cluster_silhouette_score = 0.6959064
2021-08-10 05:15:22,414 - Discovery -   train_loss = 0.06817265907392918
2021-08-10 05:15:39,653 - Discovery - ***** Epoch: 8: Eval results *****
2021-08-10 05:15:39,653 - Discovery -   best_cluster_silhouette_score = 0.6959064
2021-08-10 05:15:39,653 - Discovery -   cluster_silhouette_score = 0.7037616
2021-08-10 05:15:39,653 - Discovery -   train_loss = 0.0641305145075165
2021-08-10 05:15:56,988 - Discovery - ***** Epoch: 9: Eval results *****
2021-08-10 05:15:56,988 - Discovery -   best_cluster_silhouette_score = 0.7037616
2021-08-10 05:15:56,988 - Discovery -   cluster_silhouette_score = 0.70773774
2021-08-10 05:15:56,988 - Discovery -   train_loss = 0.06378579399666016
2021-08-10 05:16:14,016 - Discovery - ***** Epoch: 10: Eval results *****
2021-08-10 05:16:14,016 - Discovery -   best_cluster_silhouette_score = 0.70773774
2021-08-10 05:16:14,016 - Discovery -   cluster_silhouette_score = 0.7114556
2021-08-10 05:16:14,016 - Discovery -   train_loss = 0.06112348103841531
2021-08-10 05:16:31,563 - Discovery - ***** Epoch: 11: Eval results *****
2021-08-10 05:16:31,563 - Discovery -   best_cluster_silhouette_score = 0.7114556
2021-08-10 05:16:31,563 - Discovery -   cluster_silhouette_score = 0.7189869
2021-08-10 05:16:31,563 - Discovery -   train_loss = 0.0562198402821222
2021-08-10 05:16:48,845 - Discovery - ***** Epoch: 12: Eval results *****
2021-08-10 05:16:48,845 - Discovery -   best_cluster_silhouette_score = 0.7189869
2021-08-10 05:16:48,845 - Discovery -   cluster_silhouette_score = 0.7265879
2021-08-10 05:16:48,845 - Discovery -   train_loss = 0.04809895088190882
2021-08-10 05:17:06,276 - Discovery - ***** Epoch: 13: Eval results *****
2021-08-10 05:17:06,276 - Discovery -   best_cluster_silhouette_score = 0.7265879
2021-08-10 05:17:06,276 - Discovery -   cluster_silhouette_score = 0.7222864
2021-08-10 05:17:06,276 - Discovery -   train_loss = 0.046405339030350004
2021-08-10 05:17:23,451 - Discovery - ***** Epoch: 14: Eval results *****
2021-08-10 05:17:23,451 - Discovery -   best_cluster_silhouette_score = 0.7265879
2021-08-10 05:17:23,451 - Discovery -   cluster_silhouette_score = 0.72993076
2021-08-10 05:17:23,451 - Discovery -   train_loss = 0.04219159410669676
2021-08-10 05:17:40,833 - Discovery - ***** Epoch: 15: Eval results *****
2021-08-10 05:17:40,833 - Discovery -   best_cluster_silhouette_score = 0.72993076
2021-08-10 05:17:40,833 - Discovery -   cluster_silhouette_score = 0.73215395
2021-08-10 05:17:40,833 - Discovery -   train_loss = 0.04233211925416028
2021-08-10 05:17:58,020 - Discovery - ***** Epoch: 16: Eval results *****
2021-08-10 05:17:58,020 - Discovery -   best_cluster_silhouette_score = 0.73215395
2021-08-10 05:17:58,020 - Discovery -   cluster_silhouette_score = 0.73995566
2021-08-10 05:17:58,020 - Discovery -   train_loss = 0.04091381690763299
2021-08-10 05:18:15,312 - Discovery - ***** Epoch: 17: Eval results *****
2021-08-10 05:18:15,312 - Discovery -   best_cluster_silhouette_score = 0.73995566
2021-08-10 05:18:15,312 - Discovery -   cluster_silhouette_score = 0.7444271
2021-08-10 05:18:15,312 - Discovery -   train_loss = 0.033255965186698926
2021-08-10 05:18:32,601 - Discovery - ***** Epoch: 18: Eval results *****
2021-08-10 05:18:32,602 - Discovery -   best_cluster_silhouette_score = 0.7444271
2021-08-10 05:18:32,602 - Discovery -   cluster_silhouette_score = 0.7420473
2021-08-10 05:18:32,602 - Discovery -   train_loss = 0.033368263560916905
2021-08-10 05:18:49,981 - Discovery - ***** Epoch: 19: Eval results *****
2021-08-10 05:18:49,981 - Discovery -   best_cluster_silhouette_score = 0.7444271
2021-08-10 05:18:49,981 - Discovery -   cluster_silhouette_score = 0.7489985
2021-08-10 05:18:49,981 - Discovery -   train_loss = 0.031476019746036206
2021-08-10 05:19:07,221 - Discovery - ***** Epoch: 20: Eval results *****
2021-08-10 05:19:07,221 - Discovery -   best_cluster_silhouette_score = 0.7489985
2021-08-10 05:19:07,221 - Discovery -   cluster_silhouette_score = 0.75248694
2021-08-10 05:19:07,221 - Discovery -   train_loss = 0.02715837977627672
2021-08-10 05:19:24,324 - Discovery - ***** Epoch: 21: Eval results *****
2021-08-10 05:19:24,325 - Discovery -   best_cluster_silhouette_score = 0.75248694
2021-08-10 05:19:24,325 - Discovery -   cluster_silhouette_score = 0.74728817
2021-08-10 05:19:24,325 - Discovery -   train_loss = 0.03259284363028783
2021-08-10 05:19:41,237 - Discovery - ***** Epoch: 22: Eval results *****
2021-08-10 05:19:41,237 - Discovery -   best_cluster_silhouette_score = 0.75248694
2021-08-10 05:19:41,237 - Discovery -   cluster_silhouette_score = 0.75216293
2021-08-10 05:19:41,237 - Discovery -   train_loss = 0.030670241776003856
2021-08-10 05:19:58,455 - Discovery - ***** Epoch: 23: Eval results *****
2021-08-10 05:19:58,455 - Discovery -   best_cluster_silhouette_score = 0.75248694
2021-08-10 05:19:58,455 - Discovery -   cluster_silhouette_score = 0.75349456
2021-08-10 05:19:58,455 - Discovery -   train_loss = 0.02869661187852543
2021-08-10 05:20:16,120 - Discovery - ***** Epoch: 24: Eval results *****
2021-08-10 05:20:16,121 - Discovery -   best_cluster_silhouette_score = 0.75349456
2021-08-10 05:20:16,121 - Discovery -   cluster_silhouette_score = 0.7561402
2021-08-10 05:20:16,121 - Discovery -   train_loss = 0.028103811915023525
2021-08-10 05:20:33,413 - Discovery - ***** Epoch: 25: Eval results *****
2021-08-10 05:20:33,413 - Discovery -   best_cluster_silhouette_score = 0.7561402
2021-08-10 05:20:33,413 - Discovery -   cluster_silhouette_score = 0.76042414
2021-08-10 05:20:33,413 - Discovery -   train_loss = 0.022455072910886584
2021-08-10 05:20:50,701 - Discovery - ***** Epoch: 26: Eval results *****
2021-08-10 05:20:50,701 - Discovery -   best_cluster_silhouette_score = 0.76042414
2021-08-10 05:20:50,702 - Discovery -   cluster_silhouette_score = 0.7567309
2021-08-10 05:20:50,702 - Discovery -   train_loss = 0.026394436748481347
2021-08-10 05:21:07,932 - Discovery - ***** Epoch: 27: Eval results *****
2021-08-10 05:21:07,932 - Discovery -   best_cluster_silhouette_score = 0.76042414
2021-08-10 05:21:07,932 - Discovery -   cluster_silhouette_score = 0.76334083
2021-08-10 05:21:07,932 - Discovery -   train_loss = 0.023299574130892897
2021-08-10 05:21:25,025 - Discovery - ***** Epoch: 28: Eval results *****
2021-08-10 05:21:25,025 - Discovery -   best_cluster_silhouette_score = 0.76334083
2021-08-10 05:21:25,025 - Discovery -   cluster_silhouette_score = 0.7646664
2021-08-10 05:21:25,025 - Discovery -   train_loss = 0.017959709904830253
2021-08-10 05:21:42,579 - Discovery - ***** Epoch: 29: Eval results *****
2021-08-10 05:21:42,579 - Discovery -   best_cluster_silhouette_score = 0.7646664
2021-08-10 05:21:42,579 - Discovery -   cluster_silhouette_score = 0.7644348
2021-08-10 05:21:42,579 - Discovery -   train_loss = 0.019255089527222064
2021-08-10 05:21:59,822 - Discovery - ***** Epoch: 30: Eval results *****
2021-08-10 05:21:59,822 - Discovery -   best_cluster_silhouette_score = 0.7646664
2021-08-10 05:21:59,822 - Discovery -   cluster_silhouette_score = 0.7642106
2021-08-10 05:21:59,822 - Discovery -   train_loss = 0.018062504752114125
2021-08-10 05:22:17,438 - Discovery - ***** Epoch: 31: Eval results *****
2021-08-10 05:22:17,438 - Discovery -   best_cluster_silhouette_score = 0.7646664
2021-08-10 05:22:17,438 - Discovery -   cluster_silhouette_score = 0.7709251
2021-08-10 05:22:17,438 - Discovery -   train_loss = 0.017707556668664463
2021-08-10 05:22:34,753 - Discovery - ***** Epoch: 32: Eval results *****
2021-08-10 05:22:34,753 - Discovery -   best_cluster_silhouette_score = 0.7709251
2021-08-10 05:22:34,754 - Discovery -   cluster_silhouette_score = 0.76110107
2021-08-10 05:22:34,754 - Discovery -   train_loss = 0.022715382641904706
2021-08-10 05:22:51,810 - Discovery - ***** Epoch: 33: Eval results *****
2021-08-10 05:22:51,810 - Discovery -   best_cluster_silhouette_score = 0.7709251
2021-08-10 05:22:51,810 - Discovery -   cluster_silhouette_score = 0.76791877
2021-08-10 05:22:51,810 - Discovery -   train_loss = 0.01625361677724868
2021-08-10 05:23:08,816 - Discovery - ***** Epoch: 34: Eval results *****
2021-08-10 05:23:08,816 - Discovery -   best_cluster_silhouette_score = 0.7709251
2021-08-10 05:23:08,816 - Discovery -   cluster_silhouette_score = 0.76954645
2021-08-10 05:23:08,816 - Discovery -   train_loss = 0.01452542901846119
2021-08-10 05:23:25,997 - Discovery - ***** Epoch: 35: Eval results *****
2021-08-10 05:23:25,997 - Discovery -   best_cluster_silhouette_score = 0.7709251
2021-08-10 05:23:25,997 - Discovery -   cluster_silhouette_score = 0.7692158
2021-08-10 05:23:25,997 - Discovery -   train_loss = 0.014233794521079262
2021-08-10 05:23:43,454 - Discovery - ***** Epoch: 36: Eval results *****
2021-08-10 05:23:43,454 - Discovery -   best_cluster_silhouette_score = 0.7709251
2021-08-10 05:23:43,454 - Discovery -   cluster_silhouette_score = 0.77277195
2021-08-10 05:23:43,454 - Discovery -   train_loss = 0.014258137000476019
2021-08-10 05:24:00,945 - Discovery - ***** Epoch: 37: Eval results *****
2021-08-10 05:24:00,945 - Discovery -   best_cluster_silhouette_score = 0.77277195
2021-08-10 05:24:00,945 - Discovery -   cluster_silhouette_score = 0.77681434
2021-08-10 05:24:00,945 - Discovery -   train_loss = 0.015145217965060881
2021-08-10 05:24:18,029 - Discovery - ***** Epoch: 38: Eval results *****
2021-08-10 05:24:18,029 - Discovery -   best_cluster_silhouette_score = 0.77681434
2021-08-10 05:24:18,029 - Discovery -   cluster_silhouette_score = 0.77476114
2021-08-10 05:24:18,029 - Discovery -   train_loss = 0.015053887067428221
2021-08-10 05:24:35,007 - Discovery - ***** Epoch: 39: Eval results *****
2021-08-10 05:24:35,007 - Discovery -   best_cluster_silhouette_score = 0.77681434
2021-08-10 05:24:35,007 - Discovery -   cluster_silhouette_score = 0.77613986
2021-08-10 05:24:35,007 - Discovery -   train_loss = 0.013642918981399242
2021-08-10 05:24:52,421 - Discovery - ***** Epoch: 40: Eval results *****
2021-08-10 05:24:52,421 - Discovery -   best_cluster_silhouette_score = 0.77681434
2021-08-10 05:24:52,421 - Discovery -   cluster_silhouette_score = 0.77681696
2021-08-10 05:24:52,421 - Discovery -   train_loss = 0.012048575586076483
2021-08-10 05:25:09,751 - Discovery - ***** Epoch: 41: Eval results *****
2021-08-10 05:25:09,751 - Discovery -   best_cluster_silhouette_score = 0.77681696
2021-08-10 05:25:09,751 - Discovery -   cluster_silhouette_score = 0.77609116
2021-08-10 05:25:09,751 - Discovery -   train_loss = 0.012100843439167999
2021-08-10 05:25:27,181 - Discovery - ***** Epoch: 42: Eval results *****
2021-08-10 05:25:27,181 - Discovery -   best_cluster_silhouette_score = 0.77681696
2021-08-10 05:25:27,181 - Discovery -   cluster_silhouette_score = 0.777801
2021-08-10 05:25:27,181 - Discovery -   train_loss = 0.01056218897026412
2021-08-10 05:25:44,228 - Discovery - ***** Epoch: 43: Eval results *****
2021-08-10 05:25:44,229 - Discovery -   best_cluster_silhouette_score = 0.777801
2021-08-10 05:25:44,229 - Discovery -   cluster_silhouette_score = 0.7751621
2021-08-10 05:25:44,229 - Discovery -   train_loss = 0.008538100563862262
2021-08-10 05:26:01,198 - Discovery - ***** Epoch: 44: Eval results *****
2021-08-10 05:26:01,198 - Discovery -   best_cluster_silhouette_score = 0.777801
2021-08-10 05:26:01,198 - Discovery -   cluster_silhouette_score = 0.77907974
2021-08-10 05:26:01,198 - Discovery -   train_loss = 0.011980582523675076
2021-08-10 05:26:18,315 - Discovery - ***** Epoch: 45: Eval results *****
2021-08-10 05:26:18,315 - Discovery -   best_cluster_silhouette_score = 0.77907974
2021-08-10 05:26:18,315 - Discovery -   cluster_silhouette_score = 0.7791311
2021-08-10 05:26:18,315 - Discovery -   train_loss = 0.01143182896459656
2021-08-10 05:26:35,599 - Discovery - ***** Epoch: 46: Eval results *****
2021-08-10 05:26:35,599 - Discovery -   best_cluster_silhouette_score = 0.7791311
2021-08-10 05:26:35,601 - Discovery -   cluster_silhouette_score = 0.7737699
2021-08-10 05:26:35,601 - Discovery -   train_loss = 0.011990612316102432
2021-08-10 05:26:52,810 - Discovery - ***** Epoch: 47: Eval results *****
2021-08-10 05:26:52,810 - Discovery -   best_cluster_silhouette_score = 0.7791311
2021-08-10 05:26:52,810 - Discovery -   cluster_silhouette_score = 0.77825135
2021-08-10 05:26:52,810 - Discovery -   train_loss = 0.010059534543526169
2021-08-10 05:27:10,223 - Discovery - ***** Epoch: 48: Eval results *****
2021-08-10 05:27:10,223 - Discovery -   best_cluster_silhouette_score = 0.7791311
2021-08-10 05:27:10,223 - Discovery -   cluster_silhouette_score = 0.7768089
2021-08-10 05:27:10,223 - Discovery -   train_loss = 0.008422659565660722
2021-08-10 05:27:27,273 - Discovery - ***** Epoch: 49: Eval results *****
2021-08-10 05:27:27,273 - Discovery -   best_cluster_silhouette_score = 0.7791311
2021-08-10 05:27:27,273 - Discovery -   cluster_silhouette_score = 0.7778098
2021-08-10 05:27:27,273 - Discovery -   train_loss = 0.011358735321125793
2021-08-10 05:27:44,560 - Discovery - ***** Epoch: 50: Eval results *****
2021-08-10 05:27:44,560 - Discovery -   best_cluster_silhouette_score = 0.7791311
2021-08-10 05:27:44,560 - Discovery -   cluster_silhouette_score = 0.78333014
2021-08-10 05:27:44,560 - Discovery -   train_loss = 0.009479745692763934
2021-08-10 05:28:01,837 - Discovery - ***** Epoch: 51: Eval results *****
2021-08-10 05:28:01,837 - Discovery -   best_cluster_silhouette_score = 0.78333014
2021-08-10 05:28:01,837 - Discovery -   cluster_silhouette_score = 0.78008986
2021-08-10 05:28:01,837 - Discovery -   train_loss = 0.007933571407722887
2021-08-10 05:28:19,177 - Discovery - ***** Epoch: 52: Eval results *****
2021-08-10 05:28:19,177 - Discovery -   best_cluster_silhouette_score = 0.78333014
2021-08-10 05:28:19,177 - Discovery -   cluster_silhouette_score = 0.7814113
2021-08-10 05:28:19,177 - Discovery -   train_loss = 0.009737142445338727
2021-08-10 05:28:36,657 - Discovery - ***** Epoch: 53: Eval results *****
2021-08-10 05:28:36,657 - Discovery -   best_cluster_silhouette_score = 0.78333014
2021-08-10 05:28:36,657 - Discovery -   cluster_silhouette_score = 0.7825124
2021-08-10 05:28:36,657 - Discovery -   train_loss = 0.007372631524543694
2021-08-10 05:28:53,598 - Discovery - ***** Epoch: 54: Eval results *****
2021-08-10 05:28:53,598 - Discovery -   best_cluster_silhouette_score = 0.78333014
2021-08-10 05:28:53,599 - Discovery -   cluster_silhouette_score = 0.7818003
2021-08-10 05:28:53,599 - Discovery -   train_loss = 0.008385495747947044
2021-08-10 05:29:10,894 - Discovery - ***** Epoch: 55: Eval results *****
2021-08-10 05:29:10,895 - Discovery -   best_cluster_silhouette_score = 0.78333014
2021-08-10 05:29:10,895 - Discovery -   cluster_silhouette_score = 0.77930754
2021-08-10 05:29:10,895 - Discovery -   train_loss = 0.007407080431556944
2021-08-10 05:29:28,049 - Discovery - ***** Epoch: 56: Eval results *****
2021-08-10 05:29:28,049 - Discovery -   best_cluster_silhouette_score = 0.78333014
2021-08-10 05:29:28,049 - Discovery -   cluster_silhouette_score = 0.78189784
2021-08-10 05:29:28,049 - Discovery -   train_loss = 0.007637284154431822
2021-08-10 05:29:45,333 - Discovery - ***** Epoch: 57: Eval results *****
2021-08-10 05:29:45,333 - Discovery -   best_cluster_silhouette_score = 0.78333014
2021-08-10 05:29:45,333 - Discovery -   cluster_silhouette_score = 0.78208905
2021-08-10 05:29:45,333 - Discovery -   train_loss = 0.005686301294049062
2021-08-10 05:30:02,433 - Discovery - ***** Epoch: 58: Eval results *****
2021-08-10 05:30:02,433 - Discovery -   best_cluster_silhouette_score = 0.78333014
2021-08-10 05:30:02,433 - Discovery -   cluster_silhouette_score = 0.78342
2021-08-10 05:30:02,433 - Discovery -   train_loss = 0.008049368431952158
2021-08-10 05:30:19,867 - Discovery - ***** Epoch: 59: Eval results *****
2021-08-10 05:30:19,867 - Discovery -   best_cluster_silhouette_score = 0.78342
2021-08-10 05:30:19,867 - Discovery -   cluster_silhouette_score = 0.7851119
2021-08-10 05:30:19,867 - Discovery -   train_loss = 0.006560284523852848
2021-08-10 05:30:36,836 - Discovery - ***** Epoch: 60: Eval results *****
2021-08-10 05:30:36,836 - Discovery -   best_cluster_silhouette_score = 0.7851119
2021-08-10 05:30:36,836 - Discovery -   cluster_silhouette_score = 0.7812817
2021-08-10 05:30:36,836 - Discovery -   train_loss = 0.0077549976263380635
2021-08-10 05:30:53,907 - Discovery - ***** Epoch: 61: Eval results *****
2021-08-10 05:30:53,908 - Discovery -   best_cluster_silhouette_score = 0.7851119
2021-08-10 05:30:53,908 - Discovery -   cluster_silhouette_score = 0.7861278
2021-08-10 05:30:53,908 - Discovery -   train_loss = 0.006194362759575173
2021-08-10 05:31:11,190 - Discovery - ***** Epoch: 62: Eval results *****
2021-08-10 05:31:11,190 - Discovery -   best_cluster_silhouette_score = 0.7861278
2021-08-10 05:31:11,190 - Discovery -   cluster_silhouette_score = 0.7858606
2021-08-10 05:31:11,190 - Discovery -   train_loss = 0.006089892008373496
2021-08-10 05:31:28,274 - Discovery - ***** Epoch: 63: Eval results *****
2021-08-10 05:31:28,274 - Discovery -   best_cluster_silhouette_score = 0.7861278
2021-08-10 05:31:28,274 - Discovery -   cluster_silhouette_score = 0.7881942
2021-08-10 05:31:28,274 - Discovery -   train_loss = 0.005373740071660808
2021-08-10 05:31:45,531 - Discovery - ***** Epoch: 64: Eval results *****
2021-08-10 05:31:45,531 - Discovery -   best_cluster_silhouette_score = 0.7881942
2021-08-10 05:31:45,531 - Discovery -   cluster_silhouette_score = 0.7846782
2021-08-10 05:31:45,531 - Discovery -   train_loss = 0.006651763963550939
2021-08-10 05:32:02,816 - Discovery - ***** Epoch: 65: Eval results *****
2021-08-10 05:32:02,817 - Discovery -   best_cluster_silhouette_score = 0.7881942
2021-08-10 05:32:02,817 - Discovery -   cluster_silhouette_score = 0.7877918
2021-08-10 05:32:02,817 - Discovery -   train_loss = 0.006343797656988049
2021-08-10 05:32:19,714 - Discovery - ***** Epoch: 66: Eval results *****
2021-08-10 05:32:19,715 - Discovery -   best_cluster_silhouette_score = 0.7881942
2021-08-10 05:32:19,715 - Discovery -   cluster_silhouette_score = 0.78750426
2021-08-10 05:32:19,715 - Discovery -   train_loss = 0.00519088464712801
2021-08-10 05:32:36,785 - Discovery - ***** Epoch: 67: Eval results *****
2021-08-10 05:32:36,785 - Discovery -   best_cluster_silhouette_score = 0.7881942
2021-08-10 05:32:36,785 - Discovery -   cluster_silhouette_score = 0.7865108
2021-08-10 05:32:36,785 - Discovery -   train_loss = 0.0070324147500022026
2021-08-10 05:32:53,855 - Discovery - ***** Epoch: 68: Eval results *****
2021-08-10 05:32:53,855 - Discovery -   best_cluster_silhouette_score = 0.7881942
2021-08-10 05:32:53,855 - Discovery -   cluster_silhouette_score = 0.7888268
2021-08-10 05:32:53,855 - Discovery -   train_loss = 0.005664076946929518
2021-08-10 05:33:10,888 - Discovery - ***** Epoch: 69: Eval results *****
2021-08-10 05:33:10,888 - Discovery -   best_cluster_silhouette_score = 0.7888268
2021-08-10 05:33:10,888 - Discovery -   cluster_silhouette_score = 0.79030275
2021-08-10 05:33:10,888 - Discovery -   train_loss = 0.005478177889723792
2021-08-10 05:33:28,544 - Discovery - ***** Epoch: 70: Eval results *****
2021-08-10 05:33:28,545 - Discovery -   best_cluster_silhouette_score = 0.79030275
2021-08-10 05:33:28,545 - Discovery -   cluster_silhouette_score = 0.7905284
2021-08-10 05:33:28,545 - Discovery -   train_loss = 0.005362685092072708
2021-08-10 05:33:45,787 - Discovery - ***** Epoch: 71: Eval results *****
2021-08-10 05:33:45,787 - Discovery -   best_cluster_silhouette_score = 0.7905284
2021-08-10 05:33:45,787 - Discovery -   cluster_silhouette_score = 0.7902424
2021-08-10 05:33:45,787 - Discovery -   train_loss = 0.005264274858913692
2021-08-10 05:34:02,767 - Discovery - ***** Epoch: 72: Eval results *****
2021-08-10 05:34:02,767 - Discovery -   best_cluster_silhouette_score = 0.7905284
2021-08-10 05:34:02,767 - Discovery -   cluster_silhouette_score = 0.79043967
2021-08-10 05:34:02,767 - Discovery -   train_loss = 0.005487050438973401
2021-08-10 05:34:19,926 - Discovery - ***** Epoch: 73: Eval results *****
2021-08-10 05:34:19,926 - Discovery -   best_cluster_silhouette_score = 0.7905284
2021-08-10 05:34:19,926 - Discovery -   cluster_silhouette_score = 0.7902737
2021-08-10 05:34:19,926 - Discovery -   train_loss = 0.003962554030436277
2021-08-10 05:34:37,401 - Discovery - ***** Epoch: 74: Eval results *****
2021-08-10 05:34:37,402 - Discovery -   best_cluster_silhouette_score = 0.7905284
2021-08-10 05:34:37,402 - Discovery -   cluster_silhouette_score = 0.7899133
2021-08-10 05:34:37,402 - Discovery -   train_loss = 0.005625413158482949
2021-08-10 05:34:54,695 - Discovery - ***** Epoch: 75: Eval results *****
2021-08-10 05:34:54,695 - Discovery -   best_cluster_silhouette_score = 0.7905284
2021-08-10 05:34:54,695 - Discovery -   cluster_silhouette_score = 0.7920967
2021-08-10 05:34:54,695 - Discovery -   train_loss = 0.0035000103616943464
2021-08-10 05:35:12,259 - Discovery - ***** Epoch: 76: Eval results *****
2021-08-10 05:35:12,260 - Discovery -   best_cluster_silhouette_score = 0.7920967
2021-08-10 05:35:12,260 - Discovery -   cluster_silhouette_score = 0.7910728
2021-08-10 05:35:12,260 - Discovery -   train_loss = 0.005640953709993023
2021-08-10 05:35:29,948 - Discovery - ***** Epoch: 77: Eval results *****
2021-08-10 05:35:29,948 - Discovery -   best_cluster_silhouette_score = 0.7920967
2021-08-10 05:35:29,948 - Discovery -   cluster_silhouette_score = 0.7923263
2021-08-10 05:35:29,948 - Discovery -   train_loss = 0.00337001653315383
2021-08-10 05:35:46,990 - Discovery - ***** Epoch: 78: Eval results *****
2021-08-10 05:35:46,990 - Discovery -   best_cluster_silhouette_score = 0.7923263
2021-08-10 05:35:46,992 - Discovery -   cluster_silhouette_score = 0.7911289
2021-08-10 05:35:46,992 - Discovery -   train_loss = 0.003677597866644823
2021-08-10 05:36:04,126 - Discovery - ***** Epoch: 79: Eval results *****
2021-08-10 05:36:04,126 - Discovery -   best_cluster_silhouette_score = 0.7923263
2021-08-10 05:36:04,126 - Discovery -   cluster_silhouette_score = 0.79277897
2021-08-10 05:36:04,126 - Discovery -   train_loss = 0.003539538074460545
2021-08-10 05:36:21,407 - Discovery - ***** Epoch: 80: Eval results *****
2021-08-10 05:36:21,407 - Discovery -   best_cluster_silhouette_score = 0.79277897
2021-08-10 05:36:21,407 - Discovery -   cluster_silhouette_score = 0.79129606
2021-08-10 05:36:21,407 - Discovery -   train_loss = 0.00447841423694132
2021-08-10 05:36:38,666 - Discovery - ***** Epoch: 81: Eval results *****
2021-08-10 05:36:38,666 - Discovery -   best_cluster_silhouette_score = 0.79277897
2021-08-10 05:36:38,666 - Discovery -   cluster_silhouette_score = 0.79266286
2021-08-10 05:36:38,666 - Discovery -   train_loss = 0.0033866624283123686
2021-08-10 05:36:55,751 - Discovery - ***** Epoch: 82: Eval results *****
2021-08-10 05:36:55,751 - Discovery -   best_cluster_silhouette_score = 0.79277897
2021-08-10 05:36:55,751 - Discovery -   cluster_silhouette_score = 0.7931394
2021-08-10 05:36:55,751 - Discovery -   train_loss = 0.004113207519958892
2021-08-10 05:37:12,940 - Discovery - ***** Epoch: 83: Eval results *****
2021-08-10 05:37:12,940 - Discovery -   best_cluster_silhouette_score = 0.7931394
2021-08-10 05:37:12,940 - Discovery -   cluster_silhouette_score = 0.79436994
2021-08-10 05:37:12,941 - Discovery -   train_loss = 0.003169594114791552
2021-08-10 05:37:30,488 - Discovery - ***** Epoch: 84: Eval results *****
2021-08-10 05:37:30,488 - Discovery -   best_cluster_silhouette_score = 0.79436994
2021-08-10 05:37:30,488 - Discovery -   cluster_silhouette_score = 0.79544544
2021-08-10 05:37:30,488 - Discovery -   train_loss = 0.004301115632099857
2021-08-10 05:37:48,038 - Discovery - ***** Epoch: 85: Eval results *****
2021-08-10 05:37:48,038 - Discovery -   best_cluster_silhouette_score = 0.79544544
2021-08-10 05:37:48,038 - Discovery -   cluster_silhouette_score = 0.79293275
2021-08-10 05:37:48,038 - Discovery -   train_loss = 0.0037685277513217056
2021-08-10 05:38:05,677 - Discovery - ***** Epoch: 86: Eval results *****
2021-08-10 05:38:05,677 - Discovery -   best_cluster_silhouette_score = 0.79544544
2021-08-10 05:38:05,677 - Discovery -   cluster_silhouette_score = 0.7931799
2021-08-10 05:38:05,677 - Discovery -   train_loss = 0.00426590959384678
2021-08-10 05:38:22,915 - Discovery - ***** Epoch: 87: Eval results *****
2021-08-10 05:38:22,915 - Discovery -   best_cluster_silhouette_score = 0.79544544
2021-08-10 05:38:22,915 - Discovery -   cluster_silhouette_score = 0.79406667
2021-08-10 05:38:22,915 - Discovery -   train_loss = 0.0032527718055276743
2021-08-10 05:38:40,091 - Discovery - ***** Epoch: 88: Eval results *****
2021-08-10 05:38:40,091 - Discovery -   best_cluster_silhouette_score = 0.79544544
2021-08-10 05:38:40,091 - Discovery -   cluster_silhouette_score = 0.7957147
2021-08-10 05:38:40,091 - Discovery -   train_loss = 0.002739684722699661
2021-08-10 05:38:57,154 - Discovery - ***** Epoch: 89: Eval results *****
2021-08-10 05:38:57,154 - Discovery -   best_cluster_silhouette_score = 0.7957147
2021-08-10 05:38:57,154 - Discovery -   cluster_silhouette_score = 0.7957275
2021-08-10 05:38:57,155 - Discovery -   train_loss = 0.003191341273034516
2021-08-10 05:39:14,427 - Discovery - ***** Epoch: 90: Eval results *****
2021-08-10 05:39:14,428 - Discovery -   best_cluster_silhouette_score = 0.7957275
2021-08-10 05:39:14,428 - Discovery -   cluster_silhouette_score = 0.79369843
2021-08-10 05:39:14,428 - Discovery -   train_loss = 0.004057018446156221
2021-08-10 05:39:31,456 - Discovery - ***** Epoch: 91: Eval results *****
2021-08-10 05:39:31,457 - Discovery -   best_cluster_silhouette_score = 0.7957275
2021-08-10 05:39:31,457 - Discovery -   cluster_silhouette_score = 0.7933058
2021-08-10 05:39:31,457 - Discovery -   train_loss = 0.004678937672491602
2021-08-10 05:39:48,602 - Discovery - ***** Epoch: 92: Eval results *****
2021-08-10 05:39:48,602 - Discovery -   best_cluster_silhouette_score = 0.7957275
2021-08-10 05:39:48,602 - Discovery -   cluster_silhouette_score = 0.7943806
2021-08-10 05:39:48,602 - Discovery -   train_loss = 0.0035252698540469423
2021-08-10 05:40:05,819 - Discovery - ***** Epoch: 93: Eval results *****
2021-08-10 05:40:05,820 - Discovery -   best_cluster_silhouette_score = 0.7957275
2021-08-10 05:40:05,820 - Discovery -   cluster_silhouette_score = 0.7948571
2021-08-10 05:40:05,820 - Discovery -   train_loss = 0.0018244068574434988
2021-08-10 05:40:22,765 - Discovery - ***** Epoch: 94: Eval results *****
2021-08-10 05:40:22,765 - Discovery -   best_cluster_silhouette_score = 0.7957275
2021-08-10 05:40:22,765 - Discovery -   cluster_silhouette_score = 0.79503906
2021-08-10 05:40:22,765 - Discovery -   train_loss = 0.0032798414831631817
2021-08-10 05:40:39,711 - Discovery - ***** Epoch: 95: Eval results *****
2021-08-10 05:40:39,712 - Discovery -   best_cluster_silhouette_score = 0.7957275
2021-08-10 05:40:39,712 - Discovery -   cluster_silhouette_score = 0.794832
2021-08-10 05:40:39,712 - Discovery -   train_loss = 0.00238301592648851
2021-08-10 05:40:56,907 - Discovery - ***** Epoch: 96: Eval results *****
2021-08-10 05:40:56,907 - Discovery -   best_cluster_silhouette_score = 0.7957275
2021-08-10 05:40:56,907 - Discovery -   cluster_silhouette_score = 0.79519707
2021-08-10 05:40:56,907 - Discovery -   train_loss = 0.0032901465609877084
2021-08-10 05:41:14,015 - Discovery - ***** Epoch: 97: Eval results *****
2021-08-10 05:41:14,015 - Discovery -   best_cluster_silhouette_score = 0.7957275
2021-08-10 05:41:14,015 - Discovery -   cluster_silhouette_score = 0.7955748
2021-08-10 05:41:14,016 - Discovery -   train_loss = 0.0027794880478926006
2021-08-10 05:41:31,179 - Discovery - ***** Epoch: 98: Eval results *****
2021-08-10 05:41:31,179 - Discovery -   best_cluster_silhouette_score = 0.7957275
2021-08-10 05:41:31,179 - Discovery -   cluster_silhouette_score = 0.7956624
2021-08-10 05:41:31,179 - Discovery -   train_loss = 0.002177529023894961
2021-08-10 05:41:48,152 - Discovery - ***** Epoch: 99: Eval results *****
2021-08-10 05:41:48,152 - Discovery -   best_cluster_silhouette_score = 0.7957275
2021-08-10 05:41:48,152 - Discovery -   cluster_silhouette_score = 0.7955875
2021-08-10 05:41:48,152 - Discovery -   train_loss = 0.002594111012248266
2021-08-10 05:41:55,333 - Discovery - Training Finished...
2021-08-10 05:41:55,333 - Discovery - Testing begin...
2021-08-10 05:41:56,084 - Discovery - ***** Test: Confusion Matrix *****
2021-08-10 05:41:56,085 - Discovery - [[124   0   0   0   0   0   0]
 [  0   0   0  92   0   0   0]
 [  0   0   0   2   0 102   0]
 [  2  57   0   0   0   0  27]
 [  2   0   0   0  78   0   0]
 [  0  12   1   0   0   0  94]
 [  0   0  93   0   0   0  14]]
2021-08-10 05:41:56,085 - Discovery - ***** Test results *****
2021-08-10 05:41:56,085 - Discovery -   ACC = 91.43
2021-08-10 05:41:56,085 - Discovery -   ARI = 83.18
2021-08-10 05:41:56,085 - Discovery -   NMI = 87.3
2021-08-10 05:41:56,085 - Discovery - Testing finished...
2021-08-10 05:41:56,085 - Discovery - Results saved in results/results_DeepAligned.csv
2021-08-10 05:41:56,112 - Discovery - Open Intent Discovery Finished...
