2021-08-10 05:41:59,207 - Discovery - Open Intent Discovery Begin...
2021-08-10 05:41:59,207 - Discovery - Parameters Initialization...
2021-08-10 05:41:59,207 - Discovery - ============================== Params ==============================
2021-08-10 05:41:59,207 - Discovery - type:	open_intent_discovery
2021-08-10 05:41:59,207 - Discovery - logger_name:	Discovery
2021-08-10 05:41:59,207 - Discovery - log_dir:	logs
2021-08-10 05:41:59,207 - Discovery - dataset:	snips
2021-08-10 05:41:59,207 - Discovery - known_cls_ratio:	0.75
2021-08-10 05:41:59,207 - Discovery - labeled_ratio:	0.1
2021-08-10 05:41:59,207 - Discovery - cluster_num_factor:	1.0
2021-08-10 05:41:59,207 - Discovery - method:	DeepAligned
2021-08-10 05:41:59,207 - Discovery - train:	True
2021-08-10 05:41:59,207 - Discovery - save_model:	False
2021-08-10 05:41:59,207 - Discovery - backbone:	bert
2021-08-10 05:41:59,207 - Discovery - setting:	semi_supervised
2021-08-10 05:41:59,207 - Discovery - config_file_name:	DeepAligned
2021-08-10 05:41:59,207 - Discovery - seed:	9
2021-08-10 05:41:59,207 - Discovery - gpu_id:	0
2021-08-10 05:41:59,207 - Discovery - pipe_results_path:	pipe_results
2021-08-10 05:41:59,207 - Discovery - data_dir:	/home/zhanghanlei/git/submit/TEXTOIR/open_intent_discovery/../data
2021-08-10 05:41:59,208 - Discovery - output_dir:	/home/sharing/disk2/zhanghanlei/save_data_162/TEXTOIR/outputs
2021-08-10 05:41:59,208 - Discovery - model_dir:	models
2021-08-10 05:41:59,208 - Discovery - result_dir:	results
2021-08-10 05:41:59,208 - Discovery - results_file_name:	results_DeepAligned.csv
2021-08-10 05:41:59,208 - Discovery - save_results:	True
2021-08-10 05:41:59,208 - Discovery - task_output_dir:	/home/sharing/disk2/zhanghanlei/save_data_162/TEXTOIR/outputs/open_intent_discovery
2021-08-10 05:41:59,208 - Discovery - method_output_dir:	/home/sharing/disk2/zhanghanlei/save_data_162/TEXTOIR/outputs/open_intent_discovery/DeepAligned_snips_0.75_0.1_bert_9
2021-08-10 05:41:59,208 - Discovery - model_output_dir:	/home/sharing/disk2/zhanghanlei/save_data_162/TEXTOIR/outputs/open_intent_discovery/DeepAligned_snips_0.75_0.1_bert_9/models
2021-08-10 05:41:59,208 - Discovery - bert_model:	/home/sharing/disk1/pretrained_embedding/bert/uncased_L-12_H-768_A-12/
2021-08-10 05:41:59,208 - Discovery - max_seq_length:	None
2021-08-10 05:41:59,208 - Discovery - num_pretrain_epochs:	100
2021-08-10 05:41:59,208 - Discovery - num_train_epochs:	100
2021-08-10 05:41:59,208 - Discovery - num_labels:	None
2021-08-10 05:41:59,208 - Discovery - freeze_bert_parameters:	True
2021-08-10 05:41:59,208 - Discovery - feat_dim:	768
2021-08-10 05:41:59,208 - Discovery - warmup_proportion:	0.1
2021-08-10 05:41:59,208 - Discovery - lr_pre:	5e-05
2021-08-10 05:41:59,208 - Discovery - lr:	5e-05
2021-08-10 05:41:59,208 - Discovery - loss_fct:	CrossEntropyLoss
2021-08-10 05:41:59,208 - Discovery - activation:	tanh
2021-08-10 05:41:59,208 - Discovery - train_batch_size:	128
2021-08-10 05:41:59,208 - Discovery - eval_batch_size:	64
2021-08-10 05:41:59,208 - Discovery - test_batch_size:	64
2021-08-10 05:41:59,208 - Discovery - wait_patient:	20
2021-08-10 05:41:59,208 - Discovery - ============================== End Params ==============================
2021-08-10 05:41:59,208 - Discovery - Data and Model Preparation...
2021-08-10 05:41:59,208 - Discovery - The number of known intents is 5
2021-08-10 05:41:59,209 - Discovery - Lists of known labels are: ['SearchCreativeWork', 'BookRestaurant', 'GetWeather', 'PlayMusic', 'AddToPlaylist']
2021-08-10 05:42:00,665 - Discovery - Number of labeled training samples = 936
2021-08-10 05:42:00,665 - Discovery - Number of unlabeled training samples = 12148
2021-08-10 05:42:00,667 - Discovery - Number of evaluation samples = 500
2021-08-10 05:42:00,668 - Discovery - Number of testing samples = 700
2021-08-10 05:42:05,967 - Discovery - Freeze all parameters but the last layer for efficiency
2021-08-10 05:42:10,261 - Discovery - Freeze all parameters but the last layer for efficiency
2021-08-10 05:42:10,345 - Discovery - Pre-raining start...
2021-08-10 05:42:11,539 - Discovery - ***** Epoch: 1: Eval results *****
2021-08-10 05:42:11,539 - Discovery -   best_score = 0
2021-08-10 05:42:11,539 - Discovery -   eval_score = 44.0
2021-08-10 05:42:11,539 - Discovery -   train_loss = 1.6130761504173279
2021-08-10 05:42:12,275 - Discovery - ***** Epoch: 2: Eval results *****
2021-08-10 05:42:12,275 - Discovery -   best_score = 44.0
2021-08-10 05:42:12,275 - Discovery -   eval_score = 90.2
2021-08-10 05:42:12,275 - Discovery -   train_loss = 1.5125113278627396
2021-08-10 05:42:13,012 - Discovery - ***** Epoch: 3: Eval results *****
2021-08-10 05:42:13,012 - Discovery -   best_score = 90.2
2021-08-10 05:42:13,012 - Discovery -   eval_score = 91.2
2021-08-10 05:42:13,012 - Discovery -   train_loss = 1.26627516746521
2021-08-10 05:42:13,751 - Discovery - ***** Epoch: 4: Eval results *****
2021-08-10 05:42:13,751 - Discovery -   best_score = 91.2
2021-08-10 05:42:13,751 - Discovery -   eval_score = 91.8
2021-08-10 05:42:13,751 - Discovery -   train_loss = 0.7491412460803986
2021-08-10 05:42:14,598 - Discovery - ***** Epoch: 5: Eval results *****
2021-08-10 05:42:14,598 - Discovery -   best_score = 91.8
2021-08-10 05:42:14,598 - Discovery -   eval_score = 96.4
2021-08-10 05:42:14,598 - Discovery -   train_loss = 0.27415272034704685
2021-08-10 05:42:15,348 - Discovery - ***** Epoch: 6: Eval results *****
2021-08-10 05:42:15,348 - Discovery -   best_score = 96.4
2021-08-10 05:42:15,348 - Discovery -   eval_score = 97.8
2021-08-10 05:42:15,350 - Discovery -   train_loss = 0.10271044913679361
2021-08-10 05:42:16,090 - Discovery - ***** Epoch: 7: Eval results *****
2021-08-10 05:42:16,090 - Discovery -   best_score = 97.8
2021-08-10 05:42:16,090 - Discovery -   eval_score = 98.6
2021-08-10 05:42:16,090 - Discovery -   train_loss = 0.06391956377774477
2021-08-10 05:42:16,842 - Discovery - ***** Epoch: 8: Eval results *****
2021-08-10 05:42:16,842 - Discovery -   best_score = 98.6
2021-08-10 05:42:16,842 - Discovery -   eval_score = 98.8
2021-08-10 05:42:16,842 - Discovery -   train_loss = 0.04643155203666538
2021-08-10 05:42:17,599 - Discovery - ***** Epoch: 9: Eval results *****
2021-08-10 05:42:17,599 - Discovery -   best_score = 98.8
2021-08-10 05:42:17,599 - Discovery -   eval_score = 98.8
2021-08-10 05:42:17,599 - Discovery -   train_loss = 0.028497167892055586
2021-08-10 05:42:18,341 - Discovery - ***** Epoch: 10: Eval results *****
2021-08-10 05:42:18,341 - Discovery -   best_score = 98.8
2021-08-10 05:42:18,341 - Discovery -   eval_score = 98.4
2021-08-10 05:42:18,341 - Discovery -   train_loss = 0.023457582225091755
2021-08-10 05:42:19,079 - Discovery - ***** Epoch: 11: Eval results *****
2021-08-10 05:42:19,079 - Discovery -   best_score = 98.8
2021-08-10 05:42:19,079 - Discovery -   eval_score = 98.8
2021-08-10 05:42:19,079 - Discovery -   train_loss = 0.022814090247265995
2021-08-10 05:42:19,820 - Discovery - ***** Epoch: 12: Eval results *****
2021-08-10 05:42:19,821 - Discovery -   best_score = 98.8
2021-08-10 05:42:19,821 - Discovery -   eval_score = 98.6
2021-08-10 05:42:19,821 - Discovery -   train_loss = 0.012135407829191536
2021-08-10 05:42:20,552 - Discovery - ***** Epoch: 13: Eval results *****
2021-08-10 05:42:20,552 - Discovery -   best_score = 98.8
2021-08-10 05:42:20,552 - Discovery -   eval_score = 98.0
2021-08-10 05:42:20,552 - Discovery -   train_loss = 0.007397247507469729
2021-08-10 05:42:21,281 - Discovery - ***** Epoch: 14: Eval results *****
2021-08-10 05:42:21,281 - Discovery -   best_score = 98.8
2021-08-10 05:42:21,281 - Discovery -   eval_score = 98.0
2021-08-10 05:42:21,281 - Discovery -   train_loss = 0.003917030087905005
2021-08-10 05:42:22,010 - Discovery - ***** Epoch: 15: Eval results *****
2021-08-10 05:42:22,011 - Discovery -   best_score = 98.8
2021-08-10 05:42:22,011 - Discovery -   eval_score = 98.4
2021-08-10 05:42:22,011 - Discovery -   train_loss = 0.003652812636573799
2021-08-10 05:42:22,743 - Discovery - ***** Epoch: 16: Eval results *****
2021-08-10 05:42:22,743 - Discovery -   best_score = 98.8
2021-08-10 05:42:22,743 - Discovery -   eval_score = 98.4
2021-08-10 05:42:22,743 - Discovery -   train_loss = 0.004887280098046176
2021-08-10 05:42:23,488 - Discovery - ***** Epoch: 17: Eval results *****
2021-08-10 05:42:23,488 - Discovery -   best_score = 98.8
2021-08-10 05:42:23,488 - Discovery -   eval_score = 98.6
2021-08-10 05:42:23,488 - Discovery -   train_loss = 0.0033283779630437493
2021-08-10 05:42:24,218 - Discovery - ***** Epoch: 18: Eval results *****
2021-08-10 05:42:24,218 - Discovery -   best_score = 98.8
2021-08-10 05:42:24,218 - Discovery -   eval_score = 98.6
2021-08-10 05:42:24,218 - Discovery -   train_loss = 0.002451041313179303
2021-08-10 05:42:24,948 - Discovery - ***** Epoch: 19: Eval results *****
2021-08-10 05:42:24,948 - Discovery -   best_score = 98.8
2021-08-10 05:42:24,948 - Discovery -   eval_score = 98.8
2021-08-10 05:42:24,949 - Discovery -   train_loss = 0.0038589084215345792
2021-08-10 05:42:25,679 - Discovery - ***** Epoch: 20: Eval results *****
2021-08-10 05:42:25,679 - Discovery -   best_score = 98.8
2021-08-10 05:42:25,679 - Discovery -   eval_score = 98.6
2021-08-10 05:42:25,679 - Discovery -   train_loss = 0.0024386581644648686
2021-08-10 05:42:26,410 - Discovery - ***** Epoch: 21: Eval results *****
2021-08-10 05:42:26,410 - Discovery -   best_score = 98.8
2021-08-10 05:42:26,410 - Discovery -   eval_score = 99.0
2021-08-10 05:42:26,412 - Discovery -   train_loss = 0.002444197758450173
2021-08-10 05:42:27,154 - Discovery - ***** Epoch: 22: Eval results *****
2021-08-10 05:42:27,154 - Discovery -   best_score = 99.0
2021-08-10 05:42:27,154 - Discovery -   eval_score = 98.8
2021-08-10 05:42:27,154 - Discovery -   train_loss = 0.004586828326864634
2021-08-10 05:42:27,888 - Discovery - ***** Epoch: 23: Eval results *****
2021-08-10 05:42:27,888 - Discovery -   best_score = 99.0
2021-08-10 05:42:27,888 - Discovery -   eval_score = 98.8
2021-08-10 05:42:27,888 - Discovery -   train_loss = 0.0024850928602973
2021-08-10 05:42:28,620 - Discovery - ***** Epoch: 24: Eval results *****
2021-08-10 05:42:28,620 - Discovery -   best_score = 99.0
2021-08-10 05:42:28,620 - Discovery -   eval_score = 98.6
2021-08-10 05:42:28,620 - Discovery -   train_loss = 0.002454411005601287
2021-08-10 05:42:29,353 - Discovery - ***** Epoch: 25: Eval results *****
2021-08-10 05:42:29,353 - Discovery -   best_score = 99.0
2021-08-10 05:42:29,353 - Discovery -   eval_score = 99.0
2021-08-10 05:42:29,353 - Discovery -   train_loss = 0.0012872593870270066
2021-08-10 05:42:30,094 - Discovery - ***** Epoch: 26: Eval results *****
2021-08-10 05:42:30,094 - Discovery -   best_score = 99.0
2021-08-10 05:42:30,094 - Discovery -   eval_score = 98.8
2021-08-10 05:42:30,094 - Discovery -   train_loss = 0.0013410167812253349
2021-08-10 05:42:30,851 - Discovery - ***** Epoch: 27: Eval results *****
2021-08-10 05:42:30,851 - Discovery -   best_score = 99.0
2021-08-10 05:42:30,851 - Discovery -   eval_score = 98.6
2021-08-10 05:42:30,851 - Discovery -   train_loss = 0.0013273804943310097
2021-08-10 05:42:31,617 - Discovery - ***** Epoch: 28: Eval results *****
2021-08-10 05:42:31,617 - Discovery -   best_score = 99.0
2021-08-10 05:42:31,618 - Discovery -   eval_score = 98.6
2021-08-10 05:42:31,618 - Discovery -   train_loss = 0.0019689089895109646
2021-08-10 05:42:32,373 - Discovery - ***** Epoch: 29: Eval results *****
2021-08-10 05:42:32,373 - Discovery -   best_score = 99.0
2021-08-10 05:42:32,373 - Discovery -   eval_score = 98.6
2021-08-10 05:42:32,373 - Discovery -   train_loss = 0.0009774982790986542
2021-08-10 05:42:33,116 - Discovery - ***** Epoch: 30: Eval results *****
2021-08-10 05:42:33,116 - Discovery -   best_score = 99.0
2021-08-10 05:42:33,116 - Discovery -   eval_score = 98.8
2021-08-10 05:42:33,116 - Discovery -   train_loss = 0.001165541099908296
2021-08-10 05:42:33,861 - Discovery - ***** Epoch: 31: Eval results *****
2021-08-10 05:42:33,861 - Discovery -   best_score = 99.0
2021-08-10 05:42:33,861 - Discovery -   eval_score = 98.8
2021-08-10 05:42:33,861 - Discovery -   train_loss = 0.0006947637448320165
2021-08-10 05:42:34,616 - Discovery - ***** Epoch: 32: Eval results *****
2021-08-10 05:42:34,616 - Discovery -   best_score = 99.0
2021-08-10 05:42:34,616 - Discovery -   eval_score = 99.0
2021-08-10 05:42:34,616 - Discovery -   train_loss = 0.0012537308357423171
2021-08-10 05:42:35,362 - Discovery - ***** Epoch: 33: Eval results *****
2021-08-10 05:42:35,362 - Discovery -   best_score = 99.0
2021-08-10 05:42:35,362 - Discovery -   eval_score = 99.0
2021-08-10 05:42:35,362 - Discovery -   train_loss = 0.0009301935861003585
2021-08-10 05:42:36,096 - Discovery - ***** Epoch: 34: Eval results *****
2021-08-10 05:42:36,097 - Discovery -   best_score = 99.0
2021-08-10 05:42:36,097 - Discovery -   eval_score = 98.8
2021-08-10 05:42:36,097 - Discovery -   train_loss = 0.0009195324673783034
2021-08-10 05:42:36,831 - Discovery - ***** Epoch: 35: Eval results *****
2021-08-10 05:42:36,831 - Discovery -   best_score = 99.0
2021-08-10 05:42:36,833 - Discovery -   eval_score = 99.0
2021-08-10 05:42:36,833 - Discovery -   train_loss = 0.0007549685069534462
2021-08-10 05:42:37,566 - Discovery - ***** Epoch: 36: Eval results *****
2021-08-10 05:42:37,566 - Discovery -   best_score = 99.0
2021-08-10 05:42:37,566 - Discovery -   eval_score = 99.2
2021-08-10 05:42:37,566 - Discovery -   train_loss = 0.0006486717429652344
2021-08-10 05:42:38,311 - Discovery - ***** Epoch: 37: Eval results *****
2021-08-10 05:42:38,311 - Discovery -   best_score = 99.2
2021-08-10 05:42:38,311 - Discovery -   eval_score = 99.2
2021-08-10 05:42:38,311 - Discovery -   train_loss = 0.0011704533426382113
2021-08-10 05:42:39,044 - Discovery - ***** Epoch: 38: Eval results *****
2021-08-10 05:42:39,044 - Discovery -   best_score = 99.2
2021-08-10 05:42:39,044 - Discovery -   eval_score = 99.2
2021-08-10 05:42:39,044 - Discovery -   train_loss = 0.0007102887102519162
2021-08-10 05:42:39,776 - Discovery - ***** Epoch: 39: Eval results *****
2021-08-10 05:42:39,776 - Discovery -   best_score = 99.2
2021-08-10 05:42:39,776 - Discovery -   eval_score = 99.2
2021-08-10 05:42:39,776 - Discovery -   train_loss = 0.0008772620458330493
2021-08-10 05:42:40,511 - Discovery - ***** Epoch: 40: Eval results *****
2021-08-10 05:42:40,511 - Discovery -   best_score = 99.2
2021-08-10 05:42:40,511 - Discovery -   eval_score = 99.2
2021-08-10 05:42:40,511 - Discovery -   train_loss = 0.0008336794417118654
2021-08-10 05:42:41,244 - Discovery - ***** Epoch: 41: Eval results *****
2021-08-10 05:42:41,244 - Discovery -   best_score = 99.2
2021-08-10 05:42:41,244 - Discovery -   eval_score = 99.2
2021-08-10 05:42:41,244 - Discovery -   train_loss = 0.0013738242851104587
2021-08-10 05:42:41,978 - Discovery - ***** Epoch: 42: Eval results *****
2021-08-10 05:42:41,979 - Discovery -   best_score = 99.2
2021-08-10 05:42:41,979 - Discovery -   eval_score = 99.2
2021-08-10 05:42:41,979 - Discovery -   train_loss = 0.0007062378062983043
2021-08-10 05:42:42,712 - Discovery - ***** Epoch: 43: Eval results *****
2021-08-10 05:42:42,712 - Discovery -   best_score = 99.2
2021-08-10 05:42:42,712 - Discovery -   eval_score = 99.2
2021-08-10 05:42:42,712 - Discovery -   train_loss = 0.0005950662452960387
2021-08-10 05:42:43,446 - Discovery - ***** Epoch: 44: Eval results *****
2021-08-10 05:42:43,446 - Discovery -   best_score = 99.2
2021-08-10 05:42:43,446 - Discovery -   eval_score = 99.2
2021-08-10 05:42:43,446 - Discovery -   train_loss = 0.0009381401214341167
2021-08-10 05:42:44,190 - Discovery - ***** Epoch: 45: Eval results *****
2021-08-10 05:42:44,191 - Discovery -   best_score = 99.2
2021-08-10 05:42:44,191 - Discovery -   eval_score = 99.2
2021-08-10 05:42:44,191 - Discovery -   train_loss = 0.0006277733409660868
2021-08-10 05:42:44,936 - Discovery - ***** Epoch: 46: Eval results *****
2021-08-10 05:42:44,936 - Discovery -   best_score = 99.2
2021-08-10 05:42:44,936 - Discovery -   eval_score = 99.2
2021-08-10 05:42:44,936 - Discovery -   train_loss = 0.0006977994344197214
2021-08-10 05:42:45,669 - Discovery - ***** Epoch: 47: Eval results *****
2021-08-10 05:42:45,669 - Discovery -   best_score = 99.2
2021-08-10 05:42:45,669 - Discovery -   eval_score = 99.2
2021-08-10 05:42:45,669 - Discovery -   train_loss = 0.0005629340084851719
2021-08-10 05:42:46,403 - Discovery - ***** Epoch: 48: Eval results *****
2021-08-10 05:42:46,403 - Discovery -   best_score = 99.2
2021-08-10 05:42:46,403 - Discovery -   eval_score = 99.2
2021-08-10 05:42:46,403 - Discovery -   train_loss = 0.0005560075078392401
2021-08-10 05:42:47,138 - Discovery - ***** Epoch: 49: Eval results *****
2021-08-10 05:42:47,138 - Discovery -   best_score = 99.2
2021-08-10 05:42:47,138 - Discovery -   eval_score = 99.2
2021-08-10 05:42:47,140 - Discovery -   train_loss = 0.0006337410013657063
2021-08-10 05:42:47,872 - Discovery - ***** Epoch: 50: Eval results *****
2021-08-10 05:42:47,872 - Discovery -   best_score = 99.2
2021-08-10 05:42:47,872 - Discovery -   eval_score = 99.2
2021-08-10 05:42:47,872 - Discovery -   train_loss = 0.0006164061815070454
2021-08-10 05:42:48,606 - Discovery - ***** Epoch: 51: Eval results *****
2021-08-10 05:42:48,606 - Discovery -   best_score = 99.2
2021-08-10 05:42:48,606 - Discovery -   eval_score = 99.2
2021-08-10 05:42:48,606 - Discovery -   train_loss = 0.0005532803224923555
2021-08-10 05:42:49,340 - Discovery - ***** Epoch: 52: Eval results *****
2021-08-10 05:42:49,340 - Discovery -   best_score = 99.2
2021-08-10 05:42:49,340 - Discovery -   eval_score = 99.2
2021-08-10 05:42:49,340 - Discovery -   train_loss = 0.0012407941358105745
2021-08-10 05:42:50,075 - Discovery - ***** Epoch: 53: Eval results *****
2021-08-10 05:42:50,075 - Discovery -   best_score = 99.2
2021-08-10 05:42:50,075 - Discovery -   eval_score = 99.2
2021-08-10 05:42:50,075 - Discovery -   train_loss = 0.0006789145772927441
2021-08-10 05:42:50,825 - Discovery - ***** Epoch: 54: Eval results *****
2021-08-10 05:42:50,825 - Discovery -   best_score = 99.2
2021-08-10 05:42:50,825 - Discovery -   eval_score = 99.2
2021-08-10 05:42:50,825 - Discovery -   train_loss = 0.0007176071158028208
2021-08-10 05:42:51,559 - Discovery - ***** Epoch: 55: Eval results *****
2021-08-10 05:42:51,559 - Discovery -   best_score = 99.2
2021-08-10 05:42:51,559 - Discovery -   eval_score = 99.2
2021-08-10 05:42:51,559 - Discovery -   train_loss = 0.0004990783927496523
2021-08-10 05:42:52,292 - Discovery - ***** Epoch: 56: Eval results *****
2021-08-10 05:42:52,292 - Discovery -   best_score = 99.2
2021-08-10 05:42:52,292 - Discovery -   eval_score = 99.0
2021-08-10 05:42:52,294 - Discovery -   train_loss = 0.000758737136493437
2021-08-10 05:42:52,295 - Discovery - Pre-training finished...
2021-08-10 05:42:52,302 - Discovery - Training Begin...
2021-08-10 05:43:20,349 - Discovery - ***** Epoch: 1: Eval results *****
2021-08-10 05:43:20,349 - Discovery -   best_cluster_silhouette_score = 0.55374193
2021-08-10 05:43:20,349 - Discovery -   cluster_silhouette_score = 0.5682088
2021-08-10 05:43:20,349 - Discovery -   train_loss = 1.3433102757028006
2021-08-10 05:43:37,725 - Discovery - ***** Epoch: 2: Eval results *****
2021-08-10 05:43:37,726 - Discovery -   best_cluster_silhouette_score = 0.5682088
2021-08-10 05:43:37,726 - Discovery -   cluster_silhouette_score = 0.62299377
2021-08-10 05:43:37,726 - Discovery -   train_loss = 0.27478010142312465
2021-08-10 05:43:55,054 - Discovery - ***** Epoch: 3: Eval results *****
2021-08-10 05:43:55,054 - Discovery -   best_cluster_silhouette_score = 0.62299377
2021-08-10 05:43:55,055 - Discovery -   cluster_silhouette_score = 0.6583618
2021-08-10 05:43:55,055 - Discovery -   train_loss = 0.11834053456493952
2021-08-10 05:44:12,462 - Discovery - ***** Epoch: 4: Eval results *****
2021-08-10 05:44:12,462 - Discovery -   best_cluster_silhouette_score = 0.6583618
2021-08-10 05:44:12,462 - Discovery -   cluster_silhouette_score = 0.681782
2021-08-10 05:44:12,462 - Discovery -   train_loss = 0.08597377103581591
2021-08-10 05:44:29,867 - Discovery - ***** Epoch: 5: Eval results *****
2021-08-10 05:44:29,868 - Discovery -   best_cluster_silhouette_score = 0.681782
2021-08-10 05:44:29,868 - Discovery -   cluster_silhouette_score = 0.7005455
2021-08-10 05:44:29,868 - Discovery -   train_loss = 0.06829222813429474
2021-08-10 05:44:47,043 - Discovery - ***** Epoch: 6: Eval results *****
2021-08-10 05:44:47,044 - Discovery -   best_cluster_silhouette_score = 0.7005455
2021-08-10 05:44:47,044 - Discovery -   cluster_silhouette_score = 0.71534926
2021-08-10 05:44:47,044 - Discovery -   train_loss = 0.06073035992392637
2021-08-10 05:45:04,193 - Discovery - ***** Epoch: 7: Eval results *****
2021-08-10 05:45:04,194 - Discovery -   best_cluster_silhouette_score = 0.71534926
2021-08-10 05:45:04,194 - Discovery -   cluster_silhouette_score = 0.72325456
2021-08-10 05:45:04,194 - Discovery -   train_loss = 0.05055282087725343
2021-08-10 05:45:21,469 - Discovery - ***** Epoch: 8: Eval results *****
2021-08-10 05:45:21,470 - Discovery -   best_cluster_silhouette_score = 0.72325456
2021-08-10 05:45:21,470 - Discovery -   cluster_silhouette_score = 0.73186475
2021-08-10 05:45:21,470 - Discovery -   train_loss = 0.04457716077331056
2021-08-10 05:45:38,673 - Discovery - ***** Epoch: 9: Eval results *****
2021-08-10 05:45:38,673 - Discovery -   best_cluster_silhouette_score = 0.73186475
2021-08-10 05:45:38,673 - Discovery -   cluster_silhouette_score = 0.7364765
2021-08-10 05:45:38,673 - Discovery -   train_loss = 0.04427621791645595
2021-08-10 05:45:56,203 - Discovery - ***** Epoch: 10: Eval results *****
2021-08-10 05:45:56,203 - Discovery -   best_cluster_silhouette_score = 0.7364765
2021-08-10 05:45:56,203 - Discovery -   cluster_silhouette_score = 0.74838716
2021-08-10 05:45:56,203 - Discovery -   train_loss = 0.036126318686072106
2021-08-10 05:46:13,698 - Discovery - ***** Epoch: 11: Eval results *****
2021-08-10 05:46:13,698 - Discovery -   best_cluster_silhouette_score = 0.74838716
2021-08-10 05:46:13,698 - Discovery -   cluster_silhouette_score = 0.7501683
2021-08-10 05:46:13,698 - Discovery -   train_loss = 0.03283272037571929
2021-08-10 05:46:30,816 - Discovery - ***** Epoch: 12: Eval results *****
2021-08-10 05:46:30,816 - Discovery -   best_cluster_silhouette_score = 0.7501683
2021-08-10 05:46:30,816 - Discovery -   cluster_silhouette_score = 0.75366867
2021-08-10 05:46:30,816 - Discovery -   train_loss = 0.03345016380252081
2021-08-10 05:46:48,163 - Discovery - ***** Epoch: 13: Eval results *****
2021-08-10 05:46:48,163 - Discovery -   best_cluster_silhouette_score = 0.75366867
2021-08-10 05:46:48,163 - Discovery -   cluster_silhouette_score = 0.7597177
2021-08-10 05:46:48,163 - Discovery -   train_loss = 0.026909017110315774
2021-08-10 05:47:05,944 - Discovery - ***** Epoch: 14: Eval results *****
2021-08-10 05:47:05,944 - Discovery -   best_cluster_silhouette_score = 0.7597177
2021-08-10 05:47:05,944 - Discovery -   cluster_silhouette_score = 0.7642403
2021-08-10 05:47:05,944 - Discovery -   train_loss = 0.026440503498430825
2021-08-10 05:47:23,618 - Discovery - ***** Epoch: 15: Eval results *****
2021-08-10 05:47:23,618 - Discovery -   best_cluster_silhouette_score = 0.7642403
2021-08-10 05:47:23,618 - Discovery -   cluster_silhouette_score = 0.77076346
2021-08-10 05:47:23,618 - Discovery -   train_loss = 0.02482739525838095
2021-08-10 05:47:40,868 - Discovery - ***** Epoch: 16: Eval results *****
2021-08-10 05:47:40,868 - Discovery -   best_cluster_silhouette_score = 0.77076346
2021-08-10 05:47:40,868 - Discovery -   cluster_silhouette_score = 0.77081996
2021-08-10 05:47:40,868 - Discovery -   train_loss = 0.023050076446328675
2021-08-10 05:47:58,525 - Discovery - ***** Epoch: 17: Eval results *****
2021-08-10 05:47:58,525 - Discovery -   best_cluster_silhouette_score = 0.77081996
2021-08-10 05:47:58,525 - Discovery -   cluster_silhouette_score = 0.77593786
2021-08-10 05:47:58,525 - Discovery -   train_loss = 0.022547442731628356
2021-08-10 05:48:15,868 - Discovery - ***** Epoch: 18: Eval results *****
2021-08-10 05:48:15,869 - Discovery -   best_cluster_silhouette_score = 0.77593786
2021-08-10 05:48:15,869 - Discovery -   cluster_silhouette_score = 0.7765614
2021-08-10 05:48:15,869 - Discovery -   train_loss = 0.018495935346542414
2021-08-10 05:48:32,985 - Discovery - ***** Epoch: 19: Eval results *****
2021-08-10 05:48:32,986 - Discovery -   best_cluster_silhouette_score = 0.7765614
2021-08-10 05:48:32,986 - Discovery -   cluster_silhouette_score = 0.7794162
2021-08-10 05:48:32,986 - Discovery -   train_loss = 0.01837810653530839
2021-08-10 05:48:50,202 - Discovery - ***** Epoch: 20: Eval results *****
2021-08-10 05:48:50,202 - Discovery -   best_cluster_silhouette_score = 0.7794162
2021-08-10 05:48:50,202 - Discovery -   cluster_silhouette_score = 0.7822684
2021-08-10 05:48:50,202 - Discovery -   train_loss = 0.01849014561361118
2021-08-10 05:49:07,388 - Discovery - ***** Epoch: 21: Eval results *****
2021-08-10 05:49:07,389 - Discovery -   best_cluster_silhouette_score = 0.7822684
2021-08-10 05:49:07,389 - Discovery -   cluster_silhouette_score = 0.78438455
2021-08-10 05:49:07,389 - Discovery -   train_loss = 0.01618176027375174
2021-08-10 05:49:24,700 - Discovery - ***** Epoch: 22: Eval results *****
2021-08-10 05:49:24,700 - Discovery -   best_cluster_silhouette_score = 0.78438455
2021-08-10 05:49:24,700 - Discovery -   cluster_silhouette_score = 0.7851376
2021-08-10 05:49:24,700 - Discovery -   train_loss = 0.015271917878405995
2021-08-10 05:49:41,758 - Discovery - ***** Epoch: 23: Eval results *****
2021-08-10 05:49:41,758 - Discovery -   best_cluster_silhouette_score = 0.7851376
2021-08-10 05:49:41,758 - Discovery -   cluster_silhouette_score = 0.79125416
2021-08-10 05:49:41,758 - Discovery -   train_loss = 0.014341455791597662
2021-08-10 05:49:59,277 - Discovery - ***** Epoch: 24: Eval results *****
2021-08-10 05:49:59,277 - Discovery -   best_cluster_silhouette_score = 0.79125416
2021-08-10 05:49:59,277 - Discovery -   cluster_silhouette_score = 0.79273087
2021-08-10 05:49:59,277 - Discovery -   train_loss = 0.01317213549763552
2021-08-10 05:50:16,540 - Discovery - ***** Epoch: 25: Eval results *****
2021-08-10 05:50:16,540 - Discovery -   best_cluster_silhouette_score = 0.79273087
2021-08-10 05:50:16,540 - Discovery -   cluster_silhouette_score = 0.7931749
2021-08-10 05:50:16,540 - Discovery -   train_loss = 0.012416549430463861
2021-08-10 05:50:33,789 - Discovery - ***** Epoch: 26: Eval results *****
2021-08-10 05:50:33,789 - Discovery -   best_cluster_silhouette_score = 0.7931749
2021-08-10 05:50:33,789 - Discovery -   cluster_silhouette_score = 0.7945251
2021-08-10 05:50:33,790 - Discovery -   train_loss = 0.011911360879238803
2021-08-10 05:50:51,194 - Discovery - ***** Epoch: 27: Eval results *****
2021-08-10 05:50:51,194 - Discovery -   best_cluster_silhouette_score = 0.7945251
2021-08-10 05:50:51,194 - Discovery -   cluster_silhouette_score = 0.7893632
2021-08-10 05:50:51,194 - Discovery -   train_loss = 0.014868992719023932
2021-08-10 05:51:08,216 - Discovery - ***** Epoch: 28: Eval results *****
2021-08-10 05:51:08,216 - Discovery -   best_cluster_silhouette_score = 0.7945251
2021-08-10 05:51:08,216 - Discovery -   cluster_silhouette_score = 0.7959395
2021-08-10 05:51:08,216 - Discovery -   train_loss = 0.013272879904902368
2021-08-10 05:51:25,289 - Discovery - ***** Epoch: 29: Eval results *****
2021-08-10 05:51:25,289 - Discovery -   best_cluster_silhouette_score = 0.7959395
2021-08-10 05:51:25,290 - Discovery -   cluster_silhouette_score = 0.7964805
2021-08-10 05:51:25,290 - Discovery -   train_loss = 0.011313849205074344
2021-08-10 05:51:42,134 - Discovery - ***** Epoch: 30: Eval results *****
2021-08-10 05:51:42,134 - Discovery -   best_cluster_silhouette_score = 0.7964805
2021-08-10 05:51:42,134 - Discovery -   cluster_silhouette_score = 0.79889184
2021-08-10 05:51:42,134 - Discovery -   train_loss = 0.009332857709841404
2021-08-10 05:51:59,008 - Discovery - ***** Epoch: 31: Eval results *****
2021-08-10 05:51:59,008 - Discovery -   best_cluster_silhouette_score = 0.79889184
2021-08-10 05:51:59,009 - Discovery -   cluster_silhouette_score = 0.797799
2021-08-10 05:51:59,009 - Discovery -   train_loss = 0.009833671309130754
2021-08-10 05:52:16,063 - Discovery - ***** Epoch: 32: Eval results *****
2021-08-10 05:52:16,063 - Discovery -   best_cluster_silhouette_score = 0.79889184
2021-08-10 05:52:16,063 - Discovery -   cluster_silhouette_score = 0.7986307
2021-08-10 05:52:16,063 - Discovery -   train_loss = 0.01003347899359583
2021-08-10 05:52:33,247 - Discovery - ***** Epoch: 33: Eval results *****
2021-08-10 05:52:33,247 - Discovery -   best_cluster_silhouette_score = 0.79889184
2021-08-10 05:52:33,247 - Discovery -   cluster_silhouette_score = 0.80378234
2021-08-10 05:52:33,247 - Discovery -   train_loss = 0.010204522173967013
2021-08-10 05:52:50,521 - Discovery - ***** Epoch: 34: Eval results *****
2021-08-10 05:52:50,521 - Discovery -   best_cluster_silhouette_score = 0.80378234
2021-08-10 05:52:50,521 - Discovery -   cluster_silhouette_score = 0.80522984
2021-08-10 05:52:50,521 - Discovery -   train_loss = 0.01007457659876503
2021-08-10 05:53:07,783 - Discovery - ***** Epoch: 35: Eval results *****
2021-08-10 05:53:07,783 - Discovery -   best_cluster_silhouette_score = 0.80522984
2021-08-10 05:53:07,783 - Discovery -   cluster_silhouette_score = 0.80271035
2021-08-10 05:53:07,783 - Discovery -   train_loss = 0.007606823002417725
2021-08-10 05:53:25,173 - Discovery - ***** Epoch: 36: Eval results *****
2021-08-10 05:53:25,173 - Discovery -   best_cluster_silhouette_score = 0.80522984
2021-08-10 05:53:25,175 - Discovery -   cluster_silhouette_score = 0.804523
2021-08-10 05:53:25,175 - Discovery -   train_loss = 0.00922857159443507
2021-08-10 05:53:42,304 - Discovery - ***** Epoch: 37: Eval results *****
2021-08-10 05:53:42,304 - Discovery -   best_cluster_silhouette_score = 0.80522984
2021-08-10 05:53:42,304 - Discovery -   cluster_silhouette_score = 0.81025
2021-08-10 05:53:42,304 - Discovery -   train_loss = 0.005388338080504503
2021-08-10 05:53:59,705 - Discovery - ***** Epoch: 38: Eval results *****
2021-08-10 05:53:59,705 - Discovery -   best_cluster_silhouette_score = 0.81025
2021-08-10 05:53:59,705 - Discovery -   cluster_silhouette_score = 0.8099586
2021-08-10 05:53:59,705 - Discovery -   train_loss = 0.007562005078477685
2021-08-10 05:54:16,678 - Discovery - ***** Epoch: 39: Eval results *****
2021-08-10 05:54:16,678 - Discovery -   best_cluster_silhouette_score = 0.81025
2021-08-10 05:54:16,678 - Discovery -   cluster_silhouette_score = 0.8107344
2021-08-10 05:54:16,678 - Discovery -   train_loss = 0.007045161184172137
2021-08-10 05:54:33,697 - Discovery - ***** Epoch: 40: Eval results *****
2021-08-10 05:54:33,697 - Discovery -   best_cluster_silhouette_score = 0.8107344
2021-08-10 05:54:33,697 - Discovery -   cluster_silhouette_score = 0.8127479
2021-08-10 05:54:33,697 - Discovery -   train_loss = 0.006687530113815882
2021-08-10 05:54:50,706 - Discovery - ***** Epoch: 41: Eval results *****
2021-08-10 05:54:50,706 - Discovery -   best_cluster_silhouette_score = 0.8127479
2021-08-10 05:54:50,706 - Discovery -   cluster_silhouette_score = 0.81274945
2021-08-10 05:54:50,706 - Discovery -   train_loss = 0.00586586902259953
2021-08-10 05:55:07,991 - Discovery - ***** Epoch: 42: Eval results *****
2021-08-10 05:55:07,991 - Discovery -   best_cluster_silhouette_score = 0.81274945
2021-08-10 05:55:07,991 - Discovery -   cluster_silhouette_score = 0.81613773
2021-08-10 05:55:07,991 - Discovery -   train_loss = 0.0049432066715807315
2021-08-10 05:55:25,714 - Discovery - ***** Epoch: 43: Eval results *****
2021-08-10 05:55:25,714 - Discovery -   best_cluster_silhouette_score = 0.81613773
2021-08-10 05:55:25,714 - Discovery -   cluster_silhouette_score = 0.814228
2021-08-10 05:55:25,714 - Discovery -   train_loss = 0.0054571996311582535
2021-08-10 05:55:43,500 - Discovery - ***** Epoch: 44: Eval results *****
2021-08-10 05:55:43,500 - Discovery -   best_cluster_silhouette_score = 0.81613773
2021-08-10 05:55:43,500 - Discovery -   cluster_silhouette_score = 0.81429625
2021-08-10 05:55:43,500 - Discovery -   train_loss = 0.006036057363284607
2021-08-10 05:56:00,584 - Discovery - ***** Epoch: 45: Eval results *****
2021-08-10 05:56:00,584 - Discovery -   best_cluster_silhouette_score = 0.81613773
2021-08-10 05:56:00,584 - Discovery -   cluster_silhouette_score = 0.81038016
2021-08-10 05:56:00,584 - Discovery -   train_loss = 0.005835498430685918
2021-08-10 05:56:18,174 - Discovery - ***** Epoch: 46: Eval results *****
2021-08-10 05:56:18,174 - Discovery -   best_cluster_silhouette_score = 0.81613773
2021-08-10 05:56:18,174 - Discovery -   cluster_silhouette_score = 0.8159
2021-08-10 05:56:18,174 - Discovery -   train_loss = 0.0062001512809181855
2021-08-10 05:56:35,146 - Discovery - ***** Epoch: 47: Eval results *****
2021-08-10 05:56:35,146 - Discovery -   best_cluster_silhouette_score = 0.81613773
2021-08-10 05:56:35,146 - Discovery -   cluster_silhouette_score = 0.82021713
2021-08-10 05:56:35,146 - Discovery -   train_loss = 0.004045257381574947
2021-08-10 05:56:52,321 - Discovery - ***** Epoch: 48: Eval results *****
2021-08-10 05:56:52,322 - Discovery -   best_cluster_silhouette_score = 0.82021713
2021-08-10 05:56:52,322 - Discovery -   cluster_silhouette_score = 0.81414425
2021-08-10 05:56:52,322 - Discovery -   train_loss = 0.005418474469620687
2021-08-10 05:57:09,252 - Discovery - ***** Epoch: 49: Eval results *****
2021-08-10 05:57:09,253 - Discovery -   best_cluster_silhouette_score = 0.82021713
2021-08-10 05:57:09,253 - Discovery -   cluster_silhouette_score = 0.8154681
2021-08-10 05:57:09,253 - Discovery -   train_loss = 0.004623964856982285
2021-08-10 05:57:26,452 - Discovery - ***** Epoch: 50: Eval results *****
2021-08-10 05:57:26,452 - Discovery -   best_cluster_silhouette_score = 0.82021713
2021-08-10 05:57:26,452 - Discovery -   cluster_silhouette_score = 0.8172681
2021-08-10 05:57:26,452 - Discovery -   train_loss = 0.003935968816434078
2021-08-10 05:57:43,651 - Discovery - ***** Epoch: 51: Eval results *****
2021-08-10 05:57:43,651 - Discovery -   best_cluster_silhouette_score = 0.82021713
2021-08-10 05:57:43,651 - Discovery -   cluster_silhouette_score = 0.82112724
2021-08-10 05:57:43,651 - Discovery -   train_loss = 0.0056114430678188935
2021-08-10 05:58:00,701 - Discovery - ***** Epoch: 52: Eval results *****
2021-08-10 05:58:00,701 - Discovery -   best_cluster_silhouette_score = 0.82112724
2021-08-10 05:58:00,701 - Discovery -   cluster_silhouette_score = 0.82241774
2021-08-10 05:58:00,701 - Discovery -   train_loss = 0.003457260663673119
2021-08-10 05:58:17,962 - Discovery - ***** Epoch: 53: Eval results *****
2021-08-10 05:58:17,963 - Discovery -   best_cluster_silhouette_score = 0.82241774
2021-08-10 05:58:17,963 - Discovery -   cluster_silhouette_score = 0.8228974
2021-08-10 05:58:17,963 - Discovery -   train_loss = 0.0032240929225718523
2021-08-10 05:58:34,947 - Discovery - ***** Epoch: 54: Eval results *****
2021-08-10 05:58:34,947 - Discovery -   best_cluster_silhouette_score = 0.8228974
2021-08-10 05:58:34,947 - Discovery -   cluster_silhouette_score = 0.82109827
2021-08-10 05:58:34,948 - Discovery -   train_loss = 0.004822332153955217
2021-08-10 05:58:52,112 - Discovery - ***** Epoch: 55: Eval results *****
2021-08-10 05:58:52,112 - Discovery -   best_cluster_silhouette_score = 0.8228974
2021-08-10 05:58:52,112 - Discovery -   cluster_silhouette_score = 0.8210014
2021-08-10 05:58:52,112 - Discovery -   train_loss = 0.003428574846482449
2021-08-10 05:59:09,444 - Discovery - ***** Epoch: 56: Eval results *****
2021-08-10 05:59:09,444 - Discovery -   best_cluster_silhouette_score = 0.8228974
2021-08-10 05:59:09,444 - Discovery -   cluster_silhouette_score = 0.8247972
2021-08-10 05:59:09,445 - Discovery -   train_loss = 0.004121628666608266
2021-08-10 05:59:26,562 - Discovery - ***** Epoch: 57: Eval results *****
2021-08-10 05:59:26,562 - Discovery -   best_cluster_silhouette_score = 0.8247972
2021-08-10 05:59:26,562 - Discovery -   cluster_silhouette_score = 0.8216073
2021-08-10 05:59:26,562 - Discovery -   train_loss = 0.0038626589437591214
2021-08-10 05:59:43,715 - Discovery - ***** Epoch: 58: Eval results *****
2021-08-10 05:59:43,716 - Discovery -   best_cluster_silhouette_score = 0.8247972
2021-08-10 05:59:43,716 - Discovery -   cluster_silhouette_score = 0.8243193
2021-08-10 05:59:43,716 - Discovery -   train_loss = 0.003415918764589045
2021-08-10 06:00:00,980 - Discovery - ***** Epoch: 59: Eval results *****
2021-08-10 06:00:00,980 - Discovery -   best_cluster_silhouette_score = 0.8247972
2021-08-10 06:00:00,980 - Discovery -   cluster_silhouette_score = 0.8223243
2021-08-10 06:00:00,980 - Discovery -   train_loss = 0.0023998524044251558
2021-08-10 06:00:18,114 - Discovery - ***** Epoch: 60: Eval results *****
2021-08-10 06:00:18,115 - Discovery -   best_cluster_silhouette_score = 0.8247972
2021-08-10 06:00:18,115 - Discovery -   cluster_silhouette_score = 0.82041436
2021-08-10 06:00:18,115 - Discovery -   train_loss = 0.0022399127319658874
2021-08-10 06:00:35,394 - Discovery - ***** Epoch: 61: Eval results *****
2021-08-10 06:00:35,394 - Discovery -   best_cluster_silhouette_score = 0.8247972
2021-08-10 06:00:35,394 - Discovery -   cluster_silhouette_score = 0.82477385
2021-08-10 06:00:35,394 - Discovery -   train_loss = 0.004638944014499147
2021-08-10 06:00:52,513 - Discovery - ***** Epoch: 62: Eval results *****
2021-08-10 06:00:52,513 - Discovery -   best_cluster_silhouette_score = 0.8247972
2021-08-10 06:00:52,513 - Discovery -   cluster_silhouette_score = 0.8266149
2021-08-10 06:00:52,513 - Discovery -   train_loss = 0.0031529806171234774
2021-08-10 06:01:10,117 - Discovery - ***** Epoch: 63: Eval results *****
2021-08-10 06:01:10,118 - Discovery -   best_cluster_silhouette_score = 0.8266149
2021-08-10 06:01:10,118 - Discovery -   cluster_silhouette_score = 0.8242691
2021-08-10 06:01:10,118 - Discovery -   train_loss = 0.00273063025195776
2021-08-10 06:01:27,287 - Discovery - ***** Epoch: 64: Eval results *****
2021-08-10 06:01:27,288 - Discovery -   best_cluster_silhouette_score = 0.8266149
2021-08-10 06:01:27,288 - Discovery -   cluster_silhouette_score = 0.8244357
2021-08-10 06:01:27,288 - Discovery -   train_loss = 0.0037024401247003217
2021-08-10 06:01:44,906 - Discovery - ***** Epoch: 65: Eval results *****
2021-08-10 06:01:44,906 - Discovery -   best_cluster_silhouette_score = 0.8266149
2021-08-10 06:01:44,906 - Discovery -   cluster_silhouette_score = 0.82521546
2021-08-10 06:01:44,906 - Discovery -   train_loss = 0.0023338989810936166
2021-08-10 06:02:01,906 - Discovery - ***** Epoch: 66: Eval results *****
2021-08-10 06:02:01,906 - Discovery -   best_cluster_silhouette_score = 0.8266149
2021-08-10 06:02:01,906 - Discovery -   cluster_silhouette_score = 0.82645786
2021-08-10 06:02:01,906 - Discovery -   train_loss = 0.0019756915546379795
2021-08-10 06:02:19,279 - Discovery - ***** Epoch: 67: Eval results *****
2021-08-10 06:02:19,280 - Discovery -   best_cluster_silhouette_score = 0.8266149
2021-08-10 06:02:19,280 - Discovery -   cluster_silhouette_score = 0.8262841
2021-08-10 06:02:19,280 - Discovery -   train_loss = 0.002552861405648992
2021-08-10 06:02:36,534 - Discovery - ***** Epoch: 68: Eval results *****
2021-08-10 06:02:36,534 - Discovery -   best_cluster_silhouette_score = 0.8266149
2021-08-10 06:02:36,534 - Discovery -   cluster_silhouette_score = 0.8269326
2021-08-10 06:02:36,534 - Discovery -   train_loss = 0.0019987569282323607
2021-08-10 06:02:53,581 - Discovery - ***** Epoch: 69: Eval results *****
2021-08-10 06:02:53,581 - Discovery -   best_cluster_silhouette_score = 0.8269326
2021-08-10 06:02:53,582 - Discovery -   cluster_silhouette_score = 0.8293879
2021-08-10 06:02:53,582 - Discovery -   train_loss = 0.002414473799874331
2021-08-10 06:03:10,699 - Discovery - ***** Epoch: 70: Eval results *****
2021-08-10 06:03:10,700 - Discovery -   best_cluster_silhouette_score = 0.8293879
2021-08-10 06:03:10,700 - Discovery -   cluster_silhouette_score = 0.8315324
2021-08-10 06:03:10,700 - Discovery -   train_loss = 0.0024558730697605727
2021-08-10 06:03:28,087 - Discovery - ***** Epoch: 71: Eval results *****
2021-08-10 06:03:28,088 - Discovery -   best_cluster_silhouette_score = 0.8315324
2021-08-10 06:03:28,088 - Discovery -   cluster_silhouette_score = 0.8317212
2021-08-10 06:03:28,088 - Discovery -   train_loss = 0.003581666951663244
2021-08-10 06:03:45,451 - Discovery - ***** Epoch: 72: Eval results *****
2021-08-10 06:03:45,451 - Discovery -   best_cluster_silhouette_score = 0.8317212
2021-08-10 06:03:45,451 - Discovery -   cluster_silhouette_score = 0.8295511
2021-08-10 06:03:45,451 - Discovery -   train_loss = 0.002431157523160348
2021-08-10 06:04:02,464 - Discovery - ***** Epoch: 73: Eval results *****
2021-08-10 06:04:02,464 - Discovery -   best_cluster_silhouette_score = 0.8317212
2021-08-10 06:04:02,464 - Discovery -   cluster_silhouette_score = 0.83094853
2021-08-10 06:04:02,464 - Discovery -   train_loss = 0.0029441847468969903
2021-08-10 06:04:19,594 - Discovery - ***** Epoch: 74: Eval results *****
2021-08-10 06:04:19,594 - Discovery -   best_cluster_silhouette_score = 0.8317212
2021-08-10 06:04:19,594 - Discovery -   cluster_silhouette_score = 0.830514
2021-08-10 06:04:19,594 - Discovery -   train_loss = 0.0021230739855913343
2021-08-10 06:04:36,682 - Discovery - ***** Epoch: 75: Eval results *****
2021-08-10 06:04:36,682 - Discovery -   best_cluster_silhouette_score = 0.8317212
2021-08-10 06:04:36,682 - Discovery -   cluster_silhouette_score = 0.8308204
2021-08-10 06:04:36,682 - Discovery -   train_loss = 0.003089195827493154
2021-08-10 06:04:54,228 - Discovery - ***** Epoch: 76: Eval results *****
2021-08-10 06:04:54,228 - Discovery -   best_cluster_silhouette_score = 0.8317212
2021-08-10 06:04:54,228 - Discovery -   cluster_silhouette_score = 0.8314497
2021-08-10 06:04:54,228 - Discovery -   train_loss = 0.0020115169842664753
2021-08-10 06:05:11,782 - Discovery - ***** Epoch: 77: Eval results *****
2021-08-10 06:05:11,783 - Discovery -   best_cluster_silhouette_score = 0.8317212
2021-08-10 06:05:11,783 - Discovery -   cluster_silhouette_score = 0.8307542
2021-08-10 06:05:11,783 - Discovery -   train_loss = 0.002323409637382019
2021-08-10 06:05:29,089 - Discovery - ***** Epoch: 78: Eval results *****
2021-08-10 06:05:29,089 - Discovery -   best_cluster_silhouette_score = 0.8317212
2021-08-10 06:05:29,089 - Discovery -   cluster_silhouette_score = 0.8300673
2021-08-10 06:05:29,089 - Discovery -   train_loss = 0.0015201449359576976
2021-08-10 06:05:46,518 - Discovery - ***** Epoch: 79: Eval results *****
2021-08-10 06:05:46,518 - Discovery -   best_cluster_silhouette_score = 0.8317212
2021-08-10 06:05:46,518 - Discovery -   cluster_silhouette_score = 0.83179885
2021-08-10 06:05:46,518 - Discovery -   train_loss = 0.0023923182565940984
2021-08-10 06:06:03,804 - Discovery - ***** Epoch: 80: Eval results *****
2021-08-10 06:06:03,805 - Discovery -   best_cluster_silhouette_score = 0.83179885
2021-08-10 06:06:03,805 - Discovery -   cluster_silhouette_score = 0.83162606
2021-08-10 06:06:03,805 - Discovery -   train_loss = 0.002594999901526376
2021-08-10 06:06:21,437 - Discovery - ***** Epoch: 81: Eval results *****
2021-08-10 06:06:21,437 - Discovery -   best_cluster_silhouette_score = 0.83179885
2021-08-10 06:06:21,437 - Discovery -   cluster_silhouette_score = 0.83081883
2021-08-10 06:06:21,437 - Discovery -   train_loss = 0.002729189537294764
2021-08-10 06:06:38,499 - Discovery - ***** Epoch: 82: Eval results *****
2021-08-10 06:06:38,499 - Discovery -   best_cluster_silhouette_score = 0.83179885
2021-08-10 06:06:38,499 - Discovery -   cluster_silhouette_score = 0.82964194
2021-08-10 06:06:38,500 - Discovery -   train_loss = 0.002926750722217195
2021-08-10 06:06:55,493 - Discovery - ***** Epoch: 83: Eval results *****
2021-08-10 06:06:55,493 - Discovery -   best_cluster_silhouette_score = 0.83179885
2021-08-10 06:06:55,493 - Discovery -   cluster_silhouette_score = 0.8308211
2021-08-10 06:06:55,494 - Discovery -   train_loss = 0.0020317306521638848
2021-08-10 06:07:12,494 - Discovery - ***** Epoch: 84: Eval results *****
2021-08-10 06:07:12,494 - Discovery -   best_cluster_silhouette_score = 0.83179885
2021-08-10 06:07:12,494 - Discovery -   cluster_silhouette_score = 0.83177465
2021-08-10 06:07:12,494 - Discovery -   train_loss = 0.002042789217704162
2021-08-10 06:07:29,434 - Discovery - ***** Epoch: 85: Eval results *****
2021-08-10 06:07:29,434 - Discovery -   best_cluster_silhouette_score = 0.83179885
2021-08-10 06:07:29,434 - Discovery -   cluster_silhouette_score = 0.8307682
2021-08-10 06:07:29,434 - Discovery -   train_loss = 0.002509827082700142
2021-08-10 06:07:46,388 - Discovery - ***** Epoch: 86: Eval results *****
2021-08-10 06:07:46,388 - Discovery -   best_cluster_silhouette_score = 0.83179885
2021-08-10 06:07:46,388 - Discovery -   cluster_silhouette_score = 0.83003783
2021-08-10 06:07:46,388 - Discovery -   train_loss = 0.0012981503064508518
2021-08-10 06:08:03,308 - Discovery - ***** Epoch: 87: Eval results *****
2021-08-10 06:08:03,308 - Discovery -   best_cluster_silhouette_score = 0.83179885
2021-08-10 06:08:03,308 - Discovery -   cluster_silhouette_score = 0.8308201
2021-08-10 06:08:03,308 - Discovery -   train_loss = 0.0016901456600712619
2021-08-10 06:08:20,406 - Discovery - ***** Epoch: 88: Eval results *****
2021-08-10 06:08:20,406 - Discovery -   best_cluster_silhouette_score = 0.83179885
2021-08-10 06:08:20,406 - Discovery -   cluster_silhouette_score = 0.8312365
2021-08-10 06:08:20,406 - Discovery -   train_loss = 0.0015198117792713727
2021-08-10 06:08:37,308 - Discovery - ***** Epoch: 89: Eval results *****
2021-08-10 06:08:37,308 - Discovery -   best_cluster_silhouette_score = 0.83179885
2021-08-10 06:08:37,308 - Discovery -   cluster_silhouette_score = 0.831233
2021-08-10 06:08:37,308 - Discovery -   train_loss = 0.001658757531277816
2021-08-10 06:08:54,297 - Discovery - ***** Epoch: 90: Eval results *****
2021-08-10 06:08:54,297 - Discovery -   best_cluster_silhouette_score = 0.83179885
2021-08-10 06:08:54,297 - Discovery -   cluster_silhouette_score = 0.83141536
2021-08-10 06:08:54,297 - Discovery -   train_loss = 0.0011434264928609692
2021-08-10 06:09:11,235 - Discovery - ***** Epoch: 91: Eval results *****
2021-08-10 06:09:11,236 - Discovery -   best_cluster_silhouette_score = 0.83179885
2021-08-10 06:09:11,236 - Discovery -   cluster_silhouette_score = 0.8314134
2021-08-10 06:09:11,236 - Discovery -   train_loss = 0.0018086537530834198
2021-08-10 06:09:28,271 - Discovery - ***** Epoch: 92: Eval results *****
2021-08-10 06:09:28,271 - Discovery -   best_cluster_silhouette_score = 0.83179885
2021-08-10 06:09:28,271 - Discovery -   cluster_silhouette_score = 0.8320487
2021-08-10 06:09:28,271 - Discovery -   train_loss = 0.001286730128307222
2021-08-10 06:09:45,388 - Discovery - ***** Epoch: 93: Eval results *****
2021-08-10 06:09:45,389 - Discovery -   best_cluster_silhouette_score = 0.8320487
2021-08-10 06:09:45,389 - Discovery -   cluster_silhouette_score = 0.83167446
2021-08-10 06:09:45,389 - Discovery -   train_loss = 0.0013209019698390797
2021-08-10 06:10:02,570 - Discovery - ***** Epoch: 94: Eval results *****
2021-08-10 06:10:02,570 - Discovery -   best_cluster_silhouette_score = 0.8320487
2021-08-10 06:10:02,570 - Discovery -   cluster_silhouette_score = 0.8308168
2021-08-10 06:10:02,570 - Discovery -   train_loss = 0.0018007092950179002
2021-08-10 06:10:19,778 - Discovery - ***** Epoch: 95: Eval results *****
2021-08-10 06:10:19,778 - Discovery -   best_cluster_silhouette_score = 0.8320487
2021-08-10 06:10:19,778 - Discovery -   cluster_silhouette_score = 0.83158267
2021-08-10 06:10:19,778 - Discovery -   train_loss = 0.001347431796991427
2021-08-10 06:10:36,995 - Discovery - ***** Epoch: 96: Eval results *****
2021-08-10 06:10:36,996 - Discovery -   best_cluster_silhouette_score = 0.8320487
2021-08-10 06:10:36,996 - Discovery -   cluster_silhouette_score = 0.8315029
2021-08-10 06:10:36,996 - Discovery -   train_loss = 0.0012218177234722884
2021-08-10 06:10:53,869 - Discovery - ***** Epoch: 97: Eval results *****
2021-08-10 06:10:53,869 - Discovery -   best_cluster_silhouette_score = 0.8320487
2021-08-10 06:10:53,869 - Discovery -   cluster_silhouette_score = 0.83169675
2021-08-10 06:10:53,869 - Discovery -   train_loss = 0.0012494471987876963
2021-08-10 06:11:10,816 - Discovery - ***** Epoch: 98: Eval results *****
2021-08-10 06:11:10,817 - Discovery -   best_cluster_silhouette_score = 0.8320487
2021-08-10 06:11:10,817 - Discovery -   cluster_silhouette_score = 0.8315272
2021-08-10 06:11:10,817 - Discovery -   train_loss = 0.0013138936695752121
2021-08-10 06:11:27,575 - Discovery - ***** Epoch: 99: Eval results *****
2021-08-10 06:11:27,575 - Discovery -   best_cluster_silhouette_score = 0.8320487
2021-08-10 06:11:27,575 - Discovery -   cluster_silhouette_score = 0.83157957
2021-08-10 06:11:27,575 - Discovery -   train_loss = 0.0010309729164449874
2021-08-10 06:11:34,700 - Discovery - Training Finished...
2021-08-10 06:11:34,700 - Discovery - Testing begin...
2021-08-10 06:11:35,440 - Discovery - ***** Test: Confusion Matrix *****
2021-08-10 06:11:35,440 - Discovery - [[  0   0 124   0   0   0   0]
 [  0   0   0   0   0  92   0]
 [  0   0   0 102   0   2   0]
 [  1  84   1   0   0   0   0]
 [  0   0   1   0   1   0  78]
 [  4  10   0   0  93   0   0]
 [ 58   1   0   8  38   0   2]]
2021-08-10 06:11:35,441 - Discovery - ***** Test results *****
2021-08-10 06:11:35,441 - Discovery -   ACC = 90.14
2021-08-10 06:11:35,441 - Discovery -   ARI = 81.3
2021-08-10 06:11:35,441 - Discovery -   NMI = 85.51
2021-08-10 06:11:35,441 - Discovery - Testing finished...
2021-08-10 06:11:35,441 - Discovery - Results saved in results/results_DeepAligned.csv
2021-08-10 06:11:35,468 - Discovery - Open Intent Discovery Finished...
