2021-08-09 23:32:05,694 - Discovery - Open Intent Discovery Begin...
2021-08-09 23:32:05,695 - Discovery - Parameters Initialization...
2021-08-09 23:32:05,695 - Discovery - ============================== Params ==============================
2021-08-09 23:32:05,695 - Discovery - type:	open_intent_discovery
2021-08-09 23:32:05,695 - Discovery - logger_name:	Discovery
2021-08-09 23:32:05,695 - Discovery - log_dir:	logs
2021-08-09 23:32:05,695 - Discovery - dataset:	snips
2021-08-09 23:32:05,695 - Discovery - known_cls_ratio:	0.75
2021-08-09 23:32:05,695 - Discovery - labeled_ratio:	0.1
2021-08-09 23:32:05,695 - Discovery - cluster_num_factor:	1.0
2021-08-09 23:32:05,695 - Discovery - method:	DeepAligned
2021-08-09 23:32:05,695 - Discovery - train:	True
2021-08-09 23:32:05,695 - Discovery - save_model:	False
2021-08-09 23:32:05,695 - Discovery - backbone:	bert
2021-08-09 23:32:05,695 - Discovery - setting:	semi_supervised
2021-08-09 23:32:05,695 - Discovery - config_file_name:	DeepAligned
2021-08-09 23:32:05,695 - Discovery - seed:	0
2021-08-09 23:32:05,695 - Discovery - gpu_id:	0
2021-08-09 23:32:05,696 - Discovery - pipe_results_path:	pipe_results
2021-08-09 23:32:05,696 - Discovery - data_dir:	/home/zhanghanlei/git/submit/TEXTOIR/open_intent_discovery/../data
2021-08-09 23:32:05,696 - Discovery - output_dir:	/home/sharing/disk2/zhanghanlei/save_data_162/TEXTOIR/outputs
2021-08-09 23:32:05,696 - Discovery - model_dir:	models
2021-08-09 23:32:05,696 - Discovery - result_dir:	results
2021-08-09 23:32:05,696 - Discovery - results_file_name:	results_DeepAligned.csv
2021-08-09 23:32:05,696 - Discovery - save_results:	True
2021-08-09 23:32:05,696 - Discovery - task_output_dir:	/home/sharing/disk2/zhanghanlei/save_data_162/TEXTOIR/outputs/open_intent_discovery
2021-08-09 23:32:05,696 - Discovery - method_output_dir:	/home/sharing/disk2/zhanghanlei/save_data_162/TEXTOIR/outputs/open_intent_discovery/DeepAligned_snips_0.75_0.1_bert_0
2021-08-09 23:32:05,696 - Discovery - model_output_dir:	/home/sharing/disk2/zhanghanlei/save_data_162/TEXTOIR/outputs/open_intent_discovery/DeepAligned_snips_0.75_0.1_bert_0/models
2021-08-09 23:32:05,696 - Discovery - bert_model:	/home/sharing/disk1/pretrained_embedding/bert/uncased_L-12_H-768_A-12/
2021-08-09 23:32:05,696 - Discovery - max_seq_length:	None
2021-08-09 23:32:05,696 - Discovery - num_pretrain_epochs:	100
2021-08-09 23:32:05,696 - Discovery - num_train_epochs:	100
2021-08-09 23:32:05,696 - Discovery - num_labels:	None
2021-08-09 23:32:05,696 - Discovery - freeze_bert_parameters:	True
2021-08-09 23:32:05,696 - Discovery - feat_dim:	768
2021-08-09 23:32:05,696 - Discovery - warmup_proportion:	0.1
2021-08-09 23:32:05,696 - Discovery - lr_pre:	5e-05
2021-08-09 23:32:05,696 - Discovery - lr:	5e-05
2021-08-09 23:32:05,696 - Discovery - loss_fct:	CrossEntropyLoss
2021-08-09 23:32:05,696 - Discovery - activation:	tanh
2021-08-09 23:32:05,696 - Discovery - train_batch_size:	128
2021-08-09 23:32:05,696 - Discovery - eval_batch_size:	64
2021-08-09 23:32:05,696 - Discovery - test_batch_size:	64
2021-08-09 23:32:05,696 - Discovery - wait_patient:	20
2021-08-09 23:32:05,696 - Discovery - ============================== End Params ==============================
2021-08-09 23:32:05,696 - Discovery - Data and Model Preparation...
2021-08-09 23:32:05,696 - Discovery - The number of known intents is 5
2021-08-09 23:32:05,697 - Discovery - Lists of known labels are: ['SearchScreeningEvent', 'GetWeather', 'BookRestaurant', 'PlayMusic', 'AddToPlaylist']
2021-08-09 23:32:07,377 - Discovery - Number of labeled training samples = 936
2021-08-09 23:32:07,377 - Discovery - Number of unlabeled training samples = 12148
2021-08-09 23:32:07,379 - Discovery - Number of evaluation samples = 500
2021-08-09 23:32:07,380 - Discovery - Number of testing samples = 700
2021-08-09 23:32:13,568 - Discovery - Freeze all parameters but the last layer for efficiency
2021-08-09 23:32:18,647 - Discovery - Freeze all parameters but the last layer for efficiency
2021-08-09 23:32:18,887 - Discovery - Pre-raining start...
2021-08-09 23:32:21,033 - Discovery - ***** Epoch: 1: Eval results *****
2021-08-09 23:32:21,033 - Discovery -   best_score = 0
2021-08-09 23:32:21,033 - Discovery -   eval_score = 49.4
2021-08-09 23:32:21,033 - Discovery -   train_loss = 1.6015402972698212
2021-08-09 23:32:22,446 - Discovery - ***** Epoch: 2: Eval results *****
2021-08-09 23:32:22,447 - Discovery -   best_score = 49.4
2021-08-09 23:32:22,447 - Discovery -   eval_score = 87.0
2021-08-09 23:32:22,447 - Discovery -   train_loss = 1.4998028129339218
2021-08-09 23:32:23,862 - Discovery - ***** Epoch: 3: Eval results *****
2021-08-09 23:32:23,862 - Discovery -   best_score = 87.0
2021-08-09 23:32:23,863 - Discovery -   eval_score = 91.0
2021-08-09 23:32:23,863 - Discovery -   train_loss = 1.2200199738144875
2021-08-09 23:32:25,291 - Discovery - ***** Epoch: 4: Eval results *****
2021-08-09 23:32:25,292 - Discovery -   best_score = 91.0
2021-08-09 23:32:25,292 - Discovery -   eval_score = 94.4
2021-08-09 23:32:25,292 - Discovery -   train_loss = 0.6801227107644081
2021-08-09 23:32:26,829 - Discovery - ***** Epoch: 5: Eval results *****
2021-08-09 23:32:26,829 - Discovery -   best_score = 94.4
2021-08-09 23:32:26,829 - Discovery -   eval_score = 97.0
2021-08-09 23:32:26,829 - Discovery -   train_loss = 0.20480456575751305
2021-08-09 23:32:28,245 - Discovery - ***** Epoch: 6: Eval results *****
2021-08-09 23:32:28,245 - Discovery -   best_score = 97.0
2021-08-09 23:32:28,246 - Discovery -   eval_score = 98.6
2021-08-09 23:32:28,246 - Discovery -   train_loss = 0.06451005302369595
2021-08-09 23:32:29,671 - Discovery - ***** Epoch: 7: Eval results *****
2021-08-09 23:32:29,671 - Discovery -   best_score = 98.6
2021-08-09 23:32:29,671 - Discovery -   eval_score = 99.0
2021-08-09 23:32:29,672 - Discovery -   train_loss = 0.025821891613304615
2021-08-09 23:32:31,096 - Discovery - ***** Epoch: 8: Eval results *****
2021-08-09 23:32:31,096 - Discovery -   best_score = 99.0
2021-08-09 23:32:31,096 - Discovery -   eval_score = 99.0
2021-08-09 23:32:31,096 - Discovery -   train_loss = 0.013913445582147688
2021-08-09 23:32:32,666 - Discovery - ***** Epoch: 9: Eval results *****
2021-08-09 23:32:32,666 - Discovery -   best_score = 99.0
2021-08-09 23:32:32,667 - Discovery -   eval_score = 99.4
2021-08-09 23:32:32,667 - Discovery -   train_loss = 0.004689107241574675
2021-08-09 23:32:34,494 - Discovery - ***** Epoch: 10: Eval results *****
2021-08-09 23:32:34,494 - Discovery -   best_score = 99.4
2021-08-09 23:32:34,494 - Discovery -   eval_score = 99.4
2021-08-09 23:32:34,494 - Discovery -   train_loss = 0.0019505119271343574
2021-08-09 23:32:36,305 - Discovery - ***** Epoch: 11: Eval results *****
2021-08-09 23:32:36,305 - Discovery -   best_score = 99.4
2021-08-09 23:32:36,305 - Discovery -   eval_score = 99.4
2021-08-09 23:32:36,305 - Discovery -   train_loss = 0.001647676581342239
2021-08-09 23:32:38,126 - Discovery - ***** Epoch: 12: Eval results *****
2021-08-09 23:32:38,126 - Discovery -   best_score = 99.4
2021-08-09 23:32:38,126 - Discovery -   eval_score = 99.4
2021-08-09 23:32:38,126 - Discovery -   train_loss = 0.0015266739719663747
2021-08-09 23:32:39,932 - Discovery - ***** Epoch: 13: Eval results *****
2021-08-09 23:32:39,932 - Discovery -   best_score = 99.4
2021-08-09 23:32:39,932 - Discovery -   eval_score = 99.2
2021-08-09 23:32:39,932 - Discovery -   train_loss = 0.0012924952825414948
2021-08-09 23:32:41,745 - Discovery - ***** Epoch: 14: Eval results *****
2021-08-09 23:32:41,746 - Discovery -   best_score = 99.4
2021-08-09 23:32:41,746 - Discovery -   eval_score = 98.8
2021-08-09 23:32:41,746 - Discovery -   train_loss = 0.002245974726974964
2021-08-09 23:32:43,490 - Discovery - ***** Epoch: 15: Eval results *****
2021-08-09 23:32:43,491 - Discovery -   best_score = 99.4
2021-08-09 23:32:43,491 - Discovery -   eval_score = 99.6
2021-08-09 23:32:43,491 - Discovery -   train_loss = 0.0023675703778280877
2021-08-09 23:32:44,246 - Discovery - ***** Epoch: 16: Eval results *****
2021-08-09 23:32:44,246 - Discovery -   best_score = 99.6
2021-08-09 23:32:44,246 - Discovery -   eval_score = 99.6
2021-08-09 23:32:44,246 - Discovery -   train_loss = 0.0008344781526830047
2021-08-09 23:32:44,985 - Discovery - ***** Epoch: 17: Eval results *****
2021-08-09 23:32:44,985 - Discovery -   best_score = 99.6
2021-08-09 23:32:44,985 - Discovery -   eval_score = 99.6
2021-08-09 23:32:44,985 - Discovery -   train_loss = 0.0008175571456376929
2021-08-09 23:32:45,741 - Discovery - ***** Epoch: 18: Eval results *****
2021-08-09 23:32:45,741 - Discovery -   best_score = 99.6
2021-08-09 23:32:45,741 - Discovery -   eval_score = 99.0
2021-08-09 23:32:45,741 - Discovery -   train_loss = 0.004500481467403006
2021-08-09 23:32:46,483 - Discovery - ***** Epoch: 19: Eval results *****
2021-08-09 23:32:46,483 - Discovery -   best_score = 99.6
2021-08-09 23:32:46,483 - Discovery -   eval_score = 98.8
2021-08-09 23:32:46,483 - Discovery -   train_loss = 0.0011239696177653968
2021-08-09 23:32:47,232 - Discovery - ***** Epoch: 20: Eval results *****
2021-08-09 23:32:47,233 - Discovery -   best_score = 99.6
2021-08-09 23:32:47,233 - Discovery -   eval_score = 98.8
2021-08-09 23:32:47,233 - Discovery -   train_loss = 0.0007799584382155444
2021-08-09 23:32:47,977 - Discovery - ***** Epoch: 21: Eval results *****
2021-08-09 23:32:47,977 - Discovery -   best_score = 99.6
2021-08-09 23:32:47,977 - Discovery -   eval_score = 99.0
2021-08-09 23:32:47,977 - Discovery -   train_loss = 0.0007522717787651345
2021-08-09 23:32:48,726 - Discovery - ***** Epoch: 22: Eval results *****
2021-08-09 23:32:48,726 - Discovery -   best_score = 99.6
2021-08-09 23:32:48,726 - Discovery -   eval_score = 99.4
2021-08-09 23:32:48,726 - Discovery -   train_loss = 0.0006760654432582669
2021-08-09 23:32:49,491 - Discovery - ***** Epoch: 23: Eval results *****
2021-08-09 23:32:49,491 - Discovery -   best_score = 99.6
2021-08-09 23:32:49,491 - Discovery -   eval_score = 99.2
2021-08-09 23:32:49,491 - Discovery -   train_loss = 0.001092280239390675
2021-08-09 23:32:50,253 - Discovery - ***** Epoch: 24: Eval results *****
2021-08-09 23:32:50,253 - Discovery -   best_score = 99.6
2021-08-09 23:32:50,253 - Discovery -   eval_score = 99.4
2021-08-09 23:32:50,253 - Discovery -   train_loss = 0.0007992198006832041
2021-08-09 23:32:51,034 - Discovery - ***** Epoch: 25: Eval results *****
2021-08-09 23:32:51,034 - Discovery -   best_score = 99.6
2021-08-09 23:32:51,035 - Discovery -   eval_score = 99.6
2021-08-09 23:32:51,035 - Discovery -   train_loss = 0.0005941133931628428
2021-08-09 23:32:51,787 - Discovery - ***** Epoch: 26: Eval results *****
2021-08-09 23:32:51,787 - Discovery -   best_score = 99.6
2021-08-09 23:32:51,787 - Discovery -   eval_score = 99.6
2021-08-09 23:32:51,787 - Discovery -   train_loss = 0.0005907615923206322
2021-08-09 23:32:52,541 - Discovery - ***** Epoch: 27: Eval results *****
2021-08-09 23:32:52,541 - Discovery -   best_score = 99.6
2021-08-09 23:32:52,541 - Discovery -   eval_score = 99.6
2021-08-09 23:32:52,541 - Discovery -   train_loss = 0.0005146590629010461
2021-08-09 23:32:53,287 - Discovery - ***** Epoch: 28: Eval results *****
2021-08-09 23:32:53,287 - Discovery -   best_score = 99.6
2021-08-09 23:32:53,287 - Discovery -   eval_score = 99.2
2021-08-09 23:32:53,287 - Discovery -   train_loss = 0.0009864856947388034
2021-08-09 23:32:54,041 - Discovery - ***** Epoch: 29: Eval results *****
2021-08-09 23:32:54,041 - Discovery -   best_score = 99.6
2021-08-09 23:32:54,041 - Discovery -   eval_score = 99.2
2021-08-09 23:32:54,041 - Discovery -   train_loss = 0.0005232747280388139
2021-08-09 23:32:54,797 - Discovery - ***** Epoch: 30: Eval results *****
2021-08-09 23:32:54,797 - Discovery -   best_score = 99.6
2021-08-09 23:32:54,797 - Discovery -   eval_score = 99.2
2021-08-09 23:32:54,797 - Discovery -   train_loss = 0.0007378856680588797
2021-08-09 23:32:55,558 - Discovery - ***** Epoch: 31: Eval results *****
2021-08-09 23:32:55,558 - Discovery -   best_score = 99.6
2021-08-09 23:32:55,558 - Discovery -   eval_score = 99.2
2021-08-09 23:32:55,558 - Discovery -   train_loss = 0.000627917776000686
2021-08-09 23:32:56,388 - Discovery - ***** Epoch: 32: Eval results *****
2021-08-09 23:32:56,389 - Discovery -   best_score = 99.6
2021-08-09 23:32:56,389 - Discovery -   eval_score = 99.2
2021-08-09 23:32:56,389 - Discovery -   train_loss = 0.0010562987554294523
2021-08-09 23:32:57,163 - Discovery - ***** Epoch: 33: Eval results *****
2021-08-09 23:32:57,163 - Discovery -   best_score = 99.6
2021-08-09 23:32:57,163 - Discovery -   eval_score = 99.4
2021-08-09 23:32:57,163 - Discovery -   train_loss = 0.0006937108446436469
2021-08-09 23:32:57,910 - Discovery - ***** Epoch: 34: Eval results *****
2021-08-09 23:32:57,910 - Discovery -   best_score = 99.6
2021-08-09 23:32:57,910 - Discovery -   eval_score = 99.2
2021-08-09 23:32:57,910 - Discovery -   train_loss = 0.0013861562001693528
2021-08-09 23:32:58,668 - Discovery - ***** Epoch: 35: Eval results *****
2021-08-09 23:32:58,668 - Discovery -   best_score = 99.6
2021-08-09 23:32:58,668 - Discovery -   eval_score = 99.2
2021-08-09 23:32:58,668 - Discovery -   train_loss = 0.0005982758302707225
2021-08-09 23:32:58,669 - Discovery - Pre-training finished...
2021-08-09 23:32:58,678 - Discovery - Training Begin...
2021-08-09 23:33:43,728 - Discovery - ***** Epoch: 1: Eval results *****
2021-08-09 23:33:43,728 - Discovery -   best_cluster_silhouette_score = 0.5449934
2021-08-09 23:33:43,728 - Discovery -   cluster_silhouette_score = 0.5504279
2021-08-09 23:33:43,729 - Discovery -   train_loss = 1.4167381345647052
2021-08-09 23:34:08,093 - Discovery - ***** Epoch: 2: Eval results *****
2021-08-09 23:34:08,093 - Discovery -   best_cluster_silhouette_score = 0.5504279
2021-08-09 23:34:08,094 - Discovery -   cluster_silhouette_score = 0.60901594
2021-08-09 23:34:08,094 - Discovery -   train_loss = 0.2816532737421758
2021-08-09 23:34:28,968 - Discovery - ***** Epoch: 3: Eval results *****
2021-08-09 23:34:28,968 - Discovery -   best_cluster_silhouette_score = 0.60901594
2021-08-09 23:34:28,968 - Discovery -   cluster_silhouette_score = 0.65666634
2021-08-09 23:34:28,968 - Discovery -   train_loss = 0.12096996066495053
2021-08-09 23:35:01,757 - Discovery - ***** Epoch: 4: Eval results *****
2021-08-09 23:35:01,757 - Discovery -   best_cluster_silhouette_score = 0.65666634
2021-08-09 23:35:01,757 - Discovery -   cluster_silhouette_score = 0.68387735
2021-08-09 23:35:01,757 - Discovery -   train_loss = 0.07983156675201597
2021-08-09 23:35:28,510 - Discovery - ***** Epoch: 5: Eval results *****
2021-08-09 23:35:28,510 - Discovery -   best_cluster_silhouette_score = 0.68387735
2021-08-09 23:35:28,511 - Discovery -   cluster_silhouette_score = 0.7058049
2021-08-09 23:35:28,511 - Discovery -   train_loss = 0.06413359216694693
2021-08-09 23:35:54,020 - Discovery - ***** Epoch: 6: Eval results *****
2021-08-09 23:35:54,021 - Discovery -   best_cluster_silhouette_score = 0.7058049
2021-08-09 23:35:54,021 - Discovery -   cluster_silhouette_score = 0.7169823
2021-08-09 23:35:54,021 - Discovery -   train_loss = 0.059531126958001584
2021-08-09 23:36:18,715 - Discovery - ***** Epoch: 7: Eval results *****
2021-08-09 23:36:18,715 - Discovery -   best_cluster_silhouette_score = 0.7169823
2021-08-09 23:36:18,715 - Discovery -   cluster_silhouette_score = 0.72865903
2021-08-09 23:36:18,715 - Discovery -   train_loss = 0.04833320047236183
2021-08-09 23:36:43,927 - Discovery - ***** Epoch: 8: Eval results *****
2021-08-09 23:36:43,927 - Discovery -   best_cluster_silhouette_score = 0.72865903
2021-08-09 23:36:43,928 - Discovery -   cluster_silhouette_score = 0.7365261
2021-08-09 23:36:43,928 - Discovery -   train_loss = 0.04568424963763038
2021-08-09 23:37:11,408 - Discovery - ***** Epoch: 9: Eval results *****
2021-08-09 23:37:11,409 - Discovery -   best_cluster_silhouette_score = 0.7365261
2021-08-09 23:37:11,409 - Discovery -   cluster_silhouette_score = 0.744029
2021-08-09 23:37:11,409 - Discovery -   train_loss = 0.03758716460959353
2021-08-09 23:37:37,285 - Discovery - ***** Epoch: 10: Eval results *****
2021-08-09 23:37:37,285 - Discovery -   best_cluster_silhouette_score = 0.744029
2021-08-09 23:37:37,285 - Discovery -   cluster_silhouette_score = 0.7512254
2021-08-09 23:37:37,285 - Discovery -   train_loss = 0.038276337539252726
2021-08-09 23:38:01,941 - Discovery - ***** Epoch: 11: Eval results *****
2021-08-09 23:38:01,941 - Discovery -   best_cluster_silhouette_score = 0.7512254
2021-08-09 23:38:01,941 - Discovery -   cluster_silhouette_score = 0.7524024
2021-08-09 23:38:01,941 - Discovery -   train_loss = 0.035748350207956095
2021-08-09 23:38:26,343 - Discovery - ***** Epoch: 12: Eval results *****
2021-08-09 23:38:26,344 - Discovery -   best_cluster_silhouette_score = 0.7524024
2021-08-09 23:38:26,344 - Discovery -   cluster_silhouette_score = 0.759278
2021-08-09 23:38:26,344 - Discovery -   train_loss = 0.031985415681491346
2021-08-09 23:38:52,740 - Discovery - ***** Epoch: 13: Eval results *****
2021-08-09 23:38:52,741 - Discovery -   best_cluster_silhouette_score = 0.759278
2021-08-09 23:38:52,741 - Discovery -   cluster_silhouette_score = 0.76050776
2021-08-09 23:38:52,741 - Discovery -   train_loss = 0.032403878587890345
2021-08-09 23:39:19,089 - Discovery - ***** Epoch: 14: Eval results *****
2021-08-09 23:39:19,089 - Discovery -   best_cluster_silhouette_score = 0.76050776
2021-08-09 23:39:19,089 - Discovery -   cluster_silhouette_score = 0.7639306
2021-08-09 23:39:19,089 - Discovery -   train_loss = 0.03196547177136487
2021-08-09 23:39:43,058 - Discovery - ***** Epoch: 15: Eval results *****
2021-08-09 23:39:43,058 - Discovery -   best_cluster_silhouette_score = 0.7639306
2021-08-09 23:39:43,059 - Discovery -   cluster_silhouette_score = 0.7610654
2021-08-09 23:39:43,059 - Discovery -   train_loss = 0.027851786599517123
2021-08-09 23:40:08,337 - Discovery - ***** Epoch: 16: Eval results *****
2021-08-09 23:40:08,337 - Discovery -   best_cluster_silhouette_score = 0.7639306
2021-08-09 23:40:08,337 - Discovery -   cluster_silhouette_score = 0.76930666
2021-08-09 23:40:08,337 - Discovery -   train_loss = 0.022892234019044496
2021-08-09 23:40:30,474 - Discovery - ***** Epoch: 17: Eval results *****
2021-08-09 23:40:30,474 - Discovery -   best_cluster_silhouette_score = 0.76930666
2021-08-09 23:40:30,474 - Discovery -   cluster_silhouette_score = 0.7702539
2021-08-09 23:40:30,474 - Discovery -   train_loss = 0.022603793730914087
2021-08-09 23:41:00,376 - Discovery - ***** Epoch: 18: Eval results *****
2021-08-09 23:41:00,376 - Discovery -   best_cluster_silhouette_score = 0.7702539
2021-08-09 23:41:00,377 - Discovery -   cluster_silhouette_score = 0.7718313
2021-08-09 23:41:00,377 - Discovery -   train_loss = 0.023656352713604646
2021-08-09 23:41:27,055 - Discovery - ***** Epoch: 19: Eval results *****
2021-08-09 23:41:27,056 - Discovery -   best_cluster_silhouette_score = 0.7718313
2021-08-09 23:41:27,056 - Discovery -   cluster_silhouette_score = 0.7690436
2021-08-09 23:41:27,056 - Discovery -   train_loss = 0.022271533108438428
2021-08-09 23:41:51,268 - Discovery - ***** Epoch: 20: Eval results *****
2021-08-09 23:41:51,268 - Discovery -   best_cluster_silhouette_score = 0.7718313
2021-08-09 23:41:51,268 - Discovery -   cluster_silhouette_score = 0.77743393
2021-08-09 23:41:51,268 - Discovery -   train_loss = 0.02170408309806925
2021-08-09 23:42:16,382 - Discovery - ***** Epoch: 21: Eval results *****
2021-08-09 23:42:16,383 - Discovery -   best_cluster_silhouette_score = 0.77743393
2021-08-09 23:42:16,383 - Discovery -   cluster_silhouette_score = 0.7768811
2021-08-09 23:42:16,383 - Discovery -   train_loss = 0.020124170928628372
2021-08-09 23:42:37,080 - Discovery - ***** Epoch: 22: Eval results *****
2021-08-09 23:42:37,080 - Discovery -   best_cluster_silhouette_score = 0.77743393
2021-08-09 23:42:37,080 - Discovery -   cluster_silhouette_score = 0.7818262
2021-08-09 23:42:37,080 - Discovery -   train_loss = 0.01904887993688903
2021-08-09 23:43:13,608 - Discovery - ***** Epoch: 23: Eval results *****
2021-08-09 23:43:13,609 - Discovery -   best_cluster_silhouette_score = 0.7818262
2021-08-09 23:43:13,609 - Discovery -   cluster_silhouette_score = 0.78250533
2021-08-09 23:43:13,609 - Discovery -   train_loss = 0.016797425511894403
2021-08-09 23:43:38,230 - Discovery - ***** Epoch: 24: Eval results *****
2021-08-09 23:43:38,230 - Discovery -   best_cluster_silhouette_score = 0.78250533
2021-08-09 23:43:38,230 - Discovery -   cluster_silhouette_score = 0.7851382
2021-08-09 23:43:38,230 - Discovery -   train_loss = 0.017408198976801095
2021-08-09 23:44:02,663 - Discovery - ***** Epoch: 25: Eval results *****
2021-08-09 23:44:02,664 - Discovery -   best_cluster_silhouette_score = 0.7851382
2021-08-09 23:44:02,664 - Discovery -   cluster_silhouette_score = 0.78795594
2021-08-09 23:44:02,664 - Discovery -   train_loss = 0.01681123495223995
2021-08-09 23:44:27,242 - Discovery - ***** Epoch: 26: Eval results *****
2021-08-09 23:44:27,243 - Discovery -   best_cluster_silhouette_score = 0.78795594
2021-08-09 23:44:27,243 - Discovery -   cluster_silhouette_score = 0.78942883
2021-08-09 23:44:27,243 - Discovery -   train_loss = 0.014262532440378122
2021-08-09 23:44:45,880 - Discovery - ***** Epoch: 27: Eval results *****
2021-08-09 23:44:45,880 - Discovery -   best_cluster_silhouette_score = 0.78942883
2021-08-09 23:44:45,880 - Discovery -   cluster_silhouette_score = 0.7860078
2021-08-09 23:44:45,880 - Discovery -   train_loss = 0.014923350513942123
2021-08-09 23:45:19,749 - Discovery - ***** Epoch: 28: Eval results *****
2021-08-09 23:45:19,749 - Discovery -   best_cluster_silhouette_score = 0.78942883
2021-08-09 23:45:19,749 - Discovery -   cluster_silhouette_score = 0.79080814
2021-08-09 23:45:19,749 - Discovery -   train_loss = 0.014513031814080094
2021-08-09 23:45:44,389 - Discovery - ***** Epoch: 29: Eval results *****
2021-08-09 23:45:44,389 - Discovery -   best_cluster_silhouette_score = 0.79080814
2021-08-09 23:45:44,389 - Discovery -   cluster_silhouette_score = 0.79138315
2021-08-09 23:45:44,389 - Discovery -   train_loss = 0.013417175349901493
2021-08-09 23:46:09,263 - Discovery - ***** Epoch: 30: Eval results *****
2021-08-09 23:46:09,263 - Discovery -   best_cluster_silhouette_score = 0.79138315
2021-08-09 23:46:09,263 - Discovery -   cluster_silhouette_score = 0.79323804
2021-08-09 23:46:09,263 - Discovery -   train_loss = 0.013074828839767046
2021-08-09 23:46:33,469 - Discovery - ***** Epoch: 31: Eval results *****
2021-08-09 23:46:33,470 - Discovery -   best_cluster_silhouette_score = 0.79323804
2021-08-09 23:46:33,470 - Discovery -   cluster_silhouette_score = 0.79887545
2021-08-09 23:46:33,470 - Discovery -   train_loss = 0.012648588905347742
2021-08-09 23:46:54,259 - Discovery - ***** Epoch: 32: Eval results *****
2021-08-09 23:46:54,260 - Discovery -   best_cluster_silhouette_score = 0.79887545
2021-08-09 23:46:54,260 - Discovery -   cluster_silhouette_score = 0.7952877
2021-08-09 23:46:54,260 - Discovery -   train_loss = 0.009987359656980577
2021-08-09 23:47:27,467 - Discovery - ***** Epoch: 33: Eval results *****
2021-08-09 23:47:27,468 - Discovery -   best_cluster_silhouette_score = 0.79887545
2021-08-09 23:47:27,468 - Discovery -   cluster_silhouette_score = 0.79671943
2021-08-09 23:47:27,468 - Discovery -   train_loss = 0.012039233331237378
2021-08-09 23:47:51,681 - Discovery - ***** Epoch: 34: Eval results *****
2021-08-09 23:47:51,681 - Discovery -   best_cluster_silhouette_score = 0.79887545
2021-08-09 23:47:51,681 - Discovery -   cluster_silhouette_score = 0.7978234
2021-08-09 23:47:51,681 - Discovery -   train_loss = 0.009035093022495716
2021-08-09 23:48:16,178 - Discovery - ***** Epoch: 35: Eval results *****
2021-08-09 23:48:16,179 - Discovery -   best_cluster_silhouette_score = 0.79887545
2021-08-09 23:48:16,179 - Discovery -   cluster_silhouette_score = 0.80079156
2021-08-09 23:48:16,179 - Discovery -   train_loss = 0.0089894135559466
2021-08-09 23:48:41,675 - Discovery - ***** Epoch: 36: Eval results *****
2021-08-09 23:48:41,675 - Discovery -   best_cluster_silhouette_score = 0.80079156
2021-08-09 23:48:41,675 - Discovery -   cluster_silhouette_score = 0.7985993
2021-08-09 23:48:41,675 - Discovery -   train_loss = 0.008664237839696495
2021-08-09 23:49:05,455 - Discovery - ***** Epoch: 37: Eval results *****
2021-08-09 23:49:05,455 - Discovery -   best_cluster_silhouette_score = 0.80079156
2021-08-09 23:49:05,455 - Discovery -   cluster_silhouette_score = 0.7992409
2021-08-09 23:49:05,455 - Discovery -   train_loss = 0.009811735665722347
2021-08-09 23:49:34,544 - Discovery - ***** Epoch: 38: Eval results *****
2021-08-09 23:49:34,545 - Discovery -   best_cluster_silhouette_score = 0.80079156
2021-08-09 23:49:34,545 - Discovery -   cluster_silhouette_score = 0.80289835
2021-08-09 23:49:34,545 - Discovery -   train_loss = 0.010037780978979127
2021-08-09 23:49:59,271 - Discovery - ***** Epoch: 39: Eval results *****
2021-08-09 23:49:59,271 - Discovery -   best_cluster_silhouette_score = 0.80289835
2021-08-09 23:49:59,271 - Discovery -   cluster_silhouette_score = 0.80340284
2021-08-09 23:49:59,271 - Discovery -   train_loss = 0.008774858443360341
2021-08-09 23:50:23,666 - Discovery - ***** Epoch: 40: Eval results *****
2021-08-09 23:50:23,666 - Discovery -   best_cluster_silhouette_score = 0.80340284
2021-08-09 23:50:23,666 - Discovery -   cluster_silhouette_score = 0.80529565
2021-08-09 23:50:23,666 - Discovery -   train_loss = 0.00957723013074499
2021-08-09 23:50:50,138 - Discovery - ***** Epoch: 41: Eval results *****
2021-08-09 23:50:50,138 - Discovery -   best_cluster_silhouette_score = 0.80529565
2021-08-09 23:50:50,138 - Discovery -   cluster_silhouette_score = 0.80834687
2021-08-09 23:50:50,138 - Discovery -   train_loss = 0.0095544941471867
2021-08-09 23:51:14,724 - Discovery - ***** Epoch: 42: Eval results *****
2021-08-09 23:51:14,724 - Discovery -   best_cluster_silhouette_score = 0.80834687
2021-08-09 23:51:14,724 - Discovery -   cluster_silhouette_score = 0.8093286
2021-08-09 23:51:14,724 - Discovery -   train_loss = 0.006444484763510313
2021-08-09 23:51:43,355 - Discovery - ***** Epoch: 43: Eval results *****
2021-08-09 23:51:43,355 - Discovery -   best_cluster_silhouette_score = 0.8093286
2021-08-09 23:51:43,355 - Discovery -   cluster_silhouette_score = 0.8050852
2021-08-09 23:51:43,355 - Discovery -   train_loss = 0.007372913265869799
2021-08-09 23:52:08,732 - Discovery - ***** Epoch: 44: Eval results *****
2021-08-09 23:52:08,733 - Discovery -   best_cluster_silhouette_score = 0.8093286
2021-08-09 23:52:08,733 - Discovery -   cluster_silhouette_score = 0.8093173
2021-08-09 23:52:08,733 - Discovery -   train_loss = 0.006955114947134647
2021-08-09 23:52:33,692 - Discovery - ***** Epoch: 45: Eval results *****
2021-08-09 23:52:33,692 - Discovery -   best_cluster_silhouette_score = 0.8093286
2021-08-09 23:52:33,692 - Discovery -   cluster_silhouette_score = 0.80653757
2021-08-09 23:52:33,692 - Discovery -   train_loss = 0.0064500281837309974
2021-08-09 23:52:56,954 - Discovery - ***** Epoch: 46: Eval results *****
2021-08-09 23:52:56,954 - Discovery -   best_cluster_silhouette_score = 0.8093286
2021-08-09 23:52:56,954 - Discovery -   cluster_silhouette_score = 0.80852
2021-08-09 23:52:56,954 - Discovery -   train_loss = 0.006319351706268702
2021-08-09 23:53:22,915 - Discovery - ***** Epoch: 47: Eval results *****
2021-08-09 23:53:22,915 - Discovery -   best_cluster_silhouette_score = 0.8093286
2021-08-09 23:53:22,915 - Discovery -   cluster_silhouette_score = 0.8068597
2021-08-09 23:53:22,916 - Discovery -   train_loss = 0.0068292435783061005
2021-08-09 23:53:50,466 - Discovery - ***** Epoch: 48: Eval results *****
2021-08-09 23:53:50,466 - Discovery -   best_cluster_silhouette_score = 0.8093286
2021-08-09 23:53:50,466 - Discovery -   cluster_silhouette_score = 0.807556
2021-08-09 23:53:50,466 - Discovery -   train_loss = 0.007126136861647732
2021-08-09 23:54:15,895 - Discovery - ***** Epoch: 49: Eval results *****
2021-08-09 23:54:15,896 - Discovery -   best_cluster_silhouette_score = 0.8093286
2021-08-09 23:54:15,896 - Discovery -   cluster_silhouette_score = 0.80924773
2021-08-09 23:54:15,896 - Discovery -   train_loss = 0.00517768901560876
2021-08-09 23:54:41,193 - Discovery - ***** Epoch: 50: Eval results *****
2021-08-09 23:54:41,193 - Discovery -   best_cluster_silhouette_score = 0.8093286
2021-08-09 23:54:41,193 - Discovery -   cluster_silhouette_score = 0.80773115
2021-08-09 23:54:41,193 - Discovery -   train_loss = 0.0047618396260500975
2021-08-09 23:55:03,425 - Discovery - ***** Epoch: 51: Eval results *****
2021-08-09 23:55:03,425 - Discovery -   best_cluster_silhouette_score = 0.8093286
2021-08-09 23:55:03,425 - Discovery -   cluster_silhouette_score = 0.8095217
2021-08-09 23:55:03,425 - Discovery -   train_loss = 0.004745268409077679
2021-08-09 23:55:31,139 - Discovery - ***** Epoch: 52: Eval results *****
2021-08-09 23:55:31,139 - Discovery -   best_cluster_silhouette_score = 0.8095217
2021-08-09 23:55:31,139 - Discovery -   cluster_silhouette_score = 0.8087408
2021-08-09 23:55:31,139 - Discovery -   train_loss = 0.005349072822690625
2021-08-09 23:55:57,446 - Discovery - ***** Epoch: 53: Eval results *****
2021-08-09 23:55:57,446 - Discovery -   best_cluster_silhouette_score = 0.8095217
2021-08-09 23:55:57,446 - Discovery -   cluster_silhouette_score = 0.80873007
2021-08-09 23:55:57,446 - Discovery -   train_loss = 0.00734906891587352
2021-08-09 23:56:21,664 - Discovery - ***** Epoch: 54: Eval results *****
2021-08-09 23:56:21,664 - Discovery -   best_cluster_silhouette_score = 0.8095217
2021-08-09 23:56:21,664 - Discovery -   cluster_silhouette_score = 0.8049435
2021-08-09 23:56:21,664 - Discovery -   train_loss = 0.004954157958847857
2021-08-09 23:56:46,353 - Discovery - ***** Epoch: 55: Eval results *****
2021-08-09 23:56:46,353 - Discovery -   best_cluster_silhouette_score = 0.8095217
2021-08-09 23:56:46,353 - Discovery -   cluster_silhouette_score = 0.8094721
2021-08-09 23:56:46,353 - Discovery -   train_loss = 0.0047003396312964435
2021-08-09 23:57:08,509 - Discovery - ***** Epoch: 56: Eval results *****
2021-08-09 23:57:08,510 - Discovery -   best_cluster_silhouette_score = 0.8095217
2021-08-09 23:57:08,510 - Discovery -   cluster_silhouette_score = 0.81226593
2021-08-09 23:57:08,510 - Discovery -   train_loss = 0.0052353769845034795
2021-08-09 23:57:37,145 - Discovery - ***** Epoch: 57: Eval results *****
2021-08-09 23:57:37,145 - Discovery -   best_cluster_silhouette_score = 0.81226593
2021-08-09 23:57:37,145 - Discovery -   cluster_silhouette_score = 0.8116306
2021-08-09 23:57:37,145 - Discovery -   train_loss = 0.004844449419111185
2021-08-09 23:58:01,430 - Discovery - ***** Epoch: 58: Eval results *****
2021-08-09 23:58:01,430 - Discovery -   best_cluster_silhouette_score = 0.81226593
2021-08-09 23:58:01,431 - Discovery -   cluster_silhouette_score = 0.81468076
2021-08-09 23:58:01,431 - Discovery -   train_loss = 0.0035129498424723653
2021-08-09 23:58:26,082 - Discovery - ***** Epoch: 59: Eval results *****
2021-08-09 23:58:26,082 - Discovery -   best_cluster_silhouette_score = 0.81468076
2021-08-09 23:58:26,082 - Discovery -   cluster_silhouette_score = 0.8143081
2021-08-09 23:58:26,082 - Discovery -   train_loss = 0.00516937114365452
2021-08-09 23:58:52,833 - Discovery - ***** Epoch: 60: Eval results *****
2021-08-09 23:58:52,833 - Discovery -   best_cluster_silhouette_score = 0.81468076
2021-08-09 23:58:52,834 - Discovery -   cluster_silhouette_score = 0.8137835
2021-08-09 23:58:52,834 - Discovery -   train_loss = 0.0037170482902687033
2021-08-09 23:59:16,814 - Discovery - ***** Epoch: 61: Eval results *****
2021-08-09 23:59:16,814 - Discovery -   best_cluster_silhouette_score = 0.81468076
2021-08-09 23:59:16,815 - Discovery -   cluster_silhouette_score = 0.8150428
2021-08-09 23:59:16,815 - Discovery -   train_loss = 0.005117838011712098
2021-08-09 23:59:45,441 - Discovery - ***** Epoch: 62: Eval results *****
2021-08-09 23:59:45,441 - Discovery -   best_cluster_silhouette_score = 0.8150428
2021-08-09 23:59:45,441 - Discovery -   cluster_silhouette_score = 0.8163982
2021-08-09 23:59:45,442 - Discovery -   train_loss = 0.0038066164589570656
2021-08-10 00:00:09,886 - Discovery - ***** Epoch: 63: Eval results *****
2021-08-10 00:00:09,887 - Discovery -   best_cluster_silhouette_score = 0.8163982
2021-08-10 00:00:09,887 - Discovery -   cluster_silhouette_score = 0.81684846
2021-08-10 00:00:09,887 - Discovery -   train_loss = 0.002936260493618303
2021-08-10 00:00:33,011 - Discovery - ***** Epoch: 64: Eval results *****
2021-08-10 00:00:33,011 - Discovery -   best_cluster_silhouette_score = 0.81684846
2021-08-10 00:00:33,011 - Discovery -   cluster_silhouette_score = 0.81390923
2021-08-10 00:00:33,011 - Discovery -   train_loss = 0.004218092322703032
2021-08-10 00:00:58,398 - Discovery - ***** Epoch: 65: Eval results *****
2021-08-10 00:00:58,398 - Discovery -   best_cluster_silhouette_score = 0.81684846
2021-08-10 00:00:58,398 - Discovery -   cluster_silhouette_score = 0.8174325
2021-08-10 00:00:58,398 - Discovery -   train_loss = 0.0032047310793414615
2021-08-10 00:01:20,219 - Discovery - ***** Epoch: 66: Eval results *****
2021-08-10 00:01:20,219 - Discovery -   best_cluster_silhouette_score = 0.8174325
2021-08-10 00:01:20,219 - Discovery -   cluster_silhouette_score = 0.81706274
2021-08-10 00:01:20,220 - Discovery -   train_loss = 0.004077212364932475
2021-08-10 00:01:48,123 - Discovery - ***** Epoch: 67: Eval results *****
2021-08-10 00:01:48,123 - Discovery -   best_cluster_silhouette_score = 0.8174325
2021-08-10 00:01:48,123 - Discovery -   cluster_silhouette_score = 0.8150875
2021-08-10 00:01:48,123 - Discovery -   train_loss = 0.0030886866902134005
2021-08-10 00:02:13,296 - Discovery - ***** Epoch: 68: Eval results *****
2021-08-10 00:02:13,297 - Discovery -   best_cluster_silhouette_score = 0.8174325
2021-08-10 00:02:13,297 - Discovery -   cluster_silhouette_score = 0.8167283
2021-08-10 00:02:13,297 - Discovery -   train_loss = 0.003011864826317144
2021-08-10 00:02:38,377 - Discovery - ***** Epoch: 69: Eval results *****
2021-08-10 00:02:38,377 - Discovery -   best_cluster_silhouette_score = 0.8174325
2021-08-10 00:02:38,377 - Discovery -   cluster_silhouette_score = 0.8153624
2021-08-10 00:02:38,377 - Discovery -   train_loss = 0.004482618215122572
2021-08-10 00:03:02,046 - Discovery - ***** Epoch: 70: Eval results *****
2021-08-10 00:03:02,047 - Discovery -   best_cluster_silhouette_score = 0.8174325
2021-08-10 00:03:02,047 - Discovery -   cluster_silhouette_score = 0.81919116
2021-08-10 00:03:02,047 - Discovery -   train_loss = 0.003364827818992673
2021-08-10 00:03:24,847 - Discovery - ***** Epoch: 71: Eval results *****
2021-08-10 00:03:24,847 - Discovery -   best_cluster_silhouette_score = 0.81919116
2021-08-10 00:03:24,847 - Discovery -   cluster_silhouette_score = 0.81650656
2021-08-10 00:03:24,847 - Discovery -   train_loss = 0.003176913709467044
2021-08-10 00:03:53,019 - Discovery - ***** Epoch: 72: Eval results *****
2021-08-10 00:03:53,020 - Discovery -   best_cluster_silhouette_score = 0.81919116
2021-08-10 00:03:53,020 - Discovery -   cluster_silhouette_score = 0.8181404
2021-08-10 00:03:53,020 - Discovery -   train_loss = 0.0021056303583428565
2021-08-10 00:04:19,081 - Discovery - ***** Epoch: 73: Eval results *****
2021-08-10 00:04:19,082 - Discovery -   best_cluster_silhouette_score = 0.81919116
2021-08-10 00:04:19,082 - Discovery -   cluster_silhouette_score = 0.8201086
2021-08-10 00:04:19,082 - Discovery -   train_loss = 0.003407058460299277
2021-08-10 00:04:42,591 - Discovery - ***** Epoch: 74: Eval results *****
2021-08-10 00:04:42,591 - Discovery -   best_cluster_silhouette_score = 0.8201086
2021-08-10 00:04:42,591 - Discovery -   cluster_silhouette_score = 0.8201373
2021-08-10 00:04:42,591 - Discovery -   train_loss = 0.0032200483407896436
2021-08-10 00:05:08,391 - Discovery - ***** Epoch: 75: Eval results *****
2021-08-10 00:05:08,391 - Discovery -   best_cluster_silhouette_score = 0.8201373
2021-08-10 00:05:08,391 - Discovery -   cluster_silhouette_score = 0.82100564
2021-08-10 00:05:08,391 - Discovery -   train_loss = 0.0019287561922327354
2021-08-10 00:05:29,975 - Discovery - ***** Epoch: 76: Eval results *****
2021-08-10 00:05:29,975 - Discovery -   best_cluster_silhouette_score = 0.82100564
2021-08-10 00:05:29,975 - Discovery -   cluster_silhouette_score = 0.81686765
2021-08-10 00:05:29,975 - Discovery -   train_loss = 0.003028968711678494
2021-08-10 00:05:57,554 - Discovery - ***** Epoch: 77: Eval results *****
2021-08-10 00:05:57,555 - Discovery -   best_cluster_silhouette_score = 0.82100564
2021-08-10 00:05:57,555 - Discovery -   cluster_silhouette_score = 0.8194422
2021-08-10 00:05:57,555 - Discovery -   train_loss = 0.0028606661355686067
2021-08-10 00:06:22,525 - Discovery - ***** Epoch: 78: Eval results *****
2021-08-10 00:06:22,525 - Discovery -   best_cluster_silhouette_score = 0.82100564
2021-08-10 00:06:22,525 - Discovery -   cluster_silhouette_score = 0.8198117
2021-08-10 00:06:22,525 - Discovery -   train_loss = 0.0028915973639369857
2021-08-10 00:06:47,436 - Discovery - ***** Epoch: 79: Eval results *****
2021-08-10 00:06:47,437 - Discovery -   best_cluster_silhouette_score = 0.82100564
2021-08-10 00:06:47,437 - Discovery -   cluster_silhouette_score = 0.8182023
2021-08-10 00:06:47,437 - Discovery -   train_loss = 0.002705369610180462
2021-08-10 00:07:12,628 - Discovery - ***** Epoch: 80: Eval results *****
2021-08-10 00:07:12,628 - Discovery -   best_cluster_silhouette_score = 0.82100564
2021-08-10 00:07:12,628 - Discovery -   cluster_silhouette_score = 0.8193909
2021-08-10 00:07:12,628 - Discovery -   train_loss = 0.003604379168147045
2021-08-10 00:07:35,089 - Discovery - ***** Epoch: 81: Eval results *****
2021-08-10 00:07:35,090 - Discovery -   best_cluster_silhouette_score = 0.82100564
2021-08-10 00:07:35,090 - Discovery -   cluster_silhouette_score = 0.82118076
2021-08-10 00:07:35,090 - Discovery -   train_loss = 0.002308172403909074
2021-08-10 00:08:05,717 - Discovery - ***** Epoch: 82: Eval results *****
2021-08-10 00:08:05,717 - Discovery -   best_cluster_silhouette_score = 0.82118076
2021-08-10 00:08:05,717 - Discovery -   cluster_silhouette_score = 0.82191205
2021-08-10 00:08:05,717 - Discovery -   train_loss = 0.0018769210351308077
2021-08-10 00:08:32,984 - Discovery - ***** Epoch: 83: Eval results *****
2021-08-10 00:08:32,984 - Discovery -   best_cluster_silhouette_score = 0.82191205
2021-08-10 00:08:32,984 - Discovery -   cluster_silhouette_score = 0.8188585
2021-08-10 00:08:32,984 - Discovery -   train_loss = 0.002880436672799564
2021-08-10 00:08:58,140 - Discovery - ***** Epoch: 84: Eval results *****
2021-08-10 00:08:58,140 - Discovery -   best_cluster_silhouette_score = 0.82191205
2021-08-10 00:08:58,140 - Discovery -   cluster_silhouette_score = 0.81923324
2021-08-10 00:08:58,140 - Discovery -   train_loss = 0.002087062456940631
2021-08-10 00:09:23,218 - Discovery - ***** Epoch: 85: Eval results *****
2021-08-10 00:09:23,218 - Discovery -   best_cluster_silhouette_score = 0.82191205
2021-08-10 00:09:23,218 - Discovery -   cluster_silhouette_score = 0.8205904
2021-08-10 00:09:23,218 - Discovery -   train_loss = 0.0018004376958469064
2021-08-10 00:09:42,531 - Discovery - ***** Epoch: 86: Eval results *****
2021-08-10 00:09:42,531 - Discovery -   best_cluster_silhouette_score = 0.82191205
2021-08-10 00:09:42,532 - Discovery -   cluster_silhouette_score = 0.82125807
2021-08-10 00:09:42,532 - Discovery -   train_loss = 0.002188504815103884
2021-08-10 00:10:19,454 - Discovery - ***** Epoch: 87: Eval results *****
2021-08-10 00:10:19,454 - Discovery -   best_cluster_silhouette_score = 0.82191205
2021-08-10 00:10:19,454 - Discovery -   cluster_silhouette_score = 0.8202741
2021-08-10 00:10:19,454 - Discovery -   train_loss = 0.0037888332892303807
2021-08-10 00:10:43,150 - Discovery - ***** Epoch: 88: Eval results *****
2021-08-10 00:10:43,150 - Discovery -   best_cluster_silhouette_score = 0.82191205
2021-08-10 00:10:43,150 - Discovery -   cluster_silhouette_score = 0.8209364
2021-08-10 00:10:43,150 - Discovery -   train_loss = 0.0014373488927923214
2021-08-10 00:11:08,020 - Discovery - ***** Epoch: 89: Eval results *****
2021-08-10 00:11:08,020 - Discovery -   best_cluster_silhouette_score = 0.82191205
2021-08-10 00:11:08,020 - Discovery -   cluster_silhouette_score = 0.8221063
2021-08-10 00:11:08,020 - Discovery -   train_loss = 0.0024431070003594108
2021-08-10 00:11:32,161 - Discovery - ***** Epoch: 90: Eval results *****
2021-08-10 00:11:32,162 - Discovery -   best_cluster_silhouette_score = 0.8221063
2021-08-10 00:11:32,162 - Discovery -   cluster_silhouette_score = 0.82159853
2021-08-10 00:11:32,162 - Discovery -   train_loss = 0.0020736888256879045
2021-08-10 00:11:51,100 - Discovery - ***** Epoch: 91: Eval results *****
2021-08-10 00:11:51,100 - Discovery -   best_cluster_silhouette_score = 0.8221063
2021-08-10 00:11:51,100 - Discovery -   cluster_silhouette_score = 0.82203186
2021-08-10 00:11:51,100 - Discovery -   train_loss = 0.002052751688115147
2021-08-10 00:12:27,924 - Discovery - ***** Epoch: 92: Eval results *****
2021-08-10 00:12:27,924 - Discovery -   best_cluster_silhouette_score = 0.8221063
2021-08-10 00:12:27,924 - Discovery -   cluster_silhouette_score = 0.8222277
2021-08-10 00:12:27,924 - Discovery -   train_loss = 0.0014321709260240946
2021-08-10 00:12:52,121 - Discovery - ***** Epoch: 93: Eval results *****
2021-08-10 00:12:52,121 - Discovery -   best_cluster_silhouette_score = 0.8222277
2021-08-10 00:12:52,121 - Discovery -   cluster_silhouette_score = 0.82224584
2021-08-10 00:12:52,121 - Discovery -   train_loss = 0.0021824632010233897
2021-08-10 00:13:16,787 - Discovery - ***** Epoch: 94: Eval results *****
2021-08-10 00:13:16,788 - Discovery -   best_cluster_silhouette_score = 0.82224584
2021-08-10 00:13:16,788 - Discovery -   cluster_silhouette_score = 0.8222958
2021-08-10 00:13:16,788 - Discovery -   train_loss = 0.001363664848963929
2021-08-10 00:13:42,128 - Discovery - ***** Epoch: 95: Eval results *****
2021-08-10 00:13:42,128 - Discovery -   best_cluster_silhouette_score = 0.8222958
2021-08-10 00:13:42,128 - Discovery -   cluster_silhouette_score = 0.82197386
2021-08-10 00:13:42,128 - Discovery -   train_loss = 0.0022322587725125452
2021-08-10 00:14:00,962 - Discovery - ***** Epoch: 96: Eval results *****
2021-08-10 00:14:00,962 - Discovery -   best_cluster_silhouette_score = 0.8222958
2021-08-10 00:14:00,962 - Discovery -   cluster_silhouette_score = 0.82235855
2021-08-10 00:14:00,962 - Discovery -   train_loss = 0.0025042984941217017
2021-08-10 00:14:34,771 - Discovery - ***** Epoch: 97: Eval results *****
2021-08-10 00:14:34,772 - Discovery -   best_cluster_silhouette_score = 0.82235855
2021-08-10 00:14:34,772 - Discovery -   cluster_silhouette_score = 0.82248086
2021-08-10 00:14:34,772 - Discovery -   train_loss = 0.0012434781028080853
2021-08-10 00:15:00,105 - Discovery - ***** Epoch: 98: Eval results *****
2021-08-10 00:15:00,105 - Discovery -   best_cluster_silhouette_score = 0.82248086
2021-08-10 00:15:00,105 - Discovery -   cluster_silhouette_score = 0.8224068
2021-08-10 00:15:00,105 - Discovery -   train_loss = 0.0013993030297040129
2021-08-10 00:15:24,528 - Discovery - ***** Epoch: 99: Eval results *****
2021-08-10 00:15:24,528 - Discovery -   best_cluster_silhouette_score = 0.82248086
2021-08-10 00:15:24,528 - Discovery -   cluster_silhouette_score = 0.8224039
2021-08-10 00:15:24,528 - Discovery -   train_loss = 0.0019465808863175164
2021-08-10 00:15:31,976 - Discovery - Training Finished...
2021-08-10 00:15:31,976 - Discovery - Testing begin...
2021-08-10 00:15:33,138 - Discovery - ***** Test: Confusion Matrix *****
2021-08-10 00:15:33,139 - Discovery - [[  0 124   0   0   0   0   0]
 [  0   0   0   0  92   0   0]
 [  0   0   0   0   1 103   0]
 [  0   1  85   0   0   0   0]
 [ 77   2   0   0   1   0   0]
 [  0   0  21  12   0   0  74]
 [  0   0   0  96   0   0  11]]
2021-08-10 00:15:33,139 - Discovery - ***** Test results *****
2021-08-10 00:15:33,139 - Discovery -   ACC = 93.0
2021-08-10 00:15:33,139 - Discovery -   ARI = 85.99
2021-08-10 00:15:33,139 - Discovery -   NMI = 88.95
2021-08-10 00:15:33,139 - Discovery - Testing finished...
2021-08-10 00:15:33,139 - Discovery - Results saved in results/results_DeepAligned.csv
2021-08-10 00:15:33,166 - Discovery - Open Intent Discovery Finished...
