2021-08-10 04:43:04,501 - Discovery - Open Intent Discovery Begin...
2021-08-10 04:43:04,501 - Discovery - Parameters Initialization...
2021-08-10 04:43:04,502 - Discovery - ============================== Params ==============================
2021-08-10 04:43:04,502 - Discovery - type:	open_intent_discovery
2021-08-10 04:43:04,502 - Discovery - logger_name:	Discovery
2021-08-10 04:43:04,502 - Discovery - log_dir:	logs
2021-08-10 04:43:04,502 - Discovery - dataset:	snips
2021-08-10 04:43:04,502 - Discovery - known_cls_ratio:	0.75
2021-08-10 04:43:04,502 - Discovery - labeled_ratio:	0.1
2021-08-10 04:43:04,502 - Discovery - cluster_num_factor:	1.0
2021-08-10 04:43:04,502 - Discovery - method:	DeepAligned
2021-08-10 04:43:04,502 - Discovery - train:	True
2021-08-10 04:43:04,502 - Discovery - save_model:	False
2021-08-10 04:43:04,502 - Discovery - backbone:	bert
2021-08-10 04:43:04,502 - Discovery - setting:	semi_supervised
2021-08-10 04:43:04,502 - Discovery - config_file_name:	DeepAligned
2021-08-10 04:43:04,502 - Discovery - seed:	7
2021-08-10 04:43:04,502 - Discovery - gpu_id:	0
2021-08-10 04:43:04,502 - Discovery - pipe_results_path:	pipe_results
2021-08-10 04:43:04,502 - Discovery - data_dir:	/home/zhanghanlei/git/submit/TEXTOIR/open_intent_discovery/../data
2021-08-10 04:43:04,502 - Discovery - output_dir:	/home/sharing/disk2/zhanghanlei/save_data_162/TEXTOIR/outputs
2021-08-10 04:43:04,502 - Discovery - model_dir:	models
2021-08-10 04:43:04,502 - Discovery - result_dir:	results
2021-08-10 04:43:04,502 - Discovery - results_file_name:	results_DeepAligned.csv
2021-08-10 04:43:04,502 - Discovery - save_results:	True
2021-08-10 04:43:04,502 - Discovery - task_output_dir:	/home/sharing/disk2/zhanghanlei/save_data_162/TEXTOIR/outputs/open_intent_discovery
2021-08-10 04:43:04,502 - Discovery - method_output_dir:	/home/sharing/disk2/zhanghanlei/save_data_162/TEXTOIR/outputs/open_intent_discovery/DeepAligned_snips_0.75_0.1_bert_7
2021-08-10 04:43:04,502 - Discovery - model_output_dir:	/home/sharing/disk2/zhanghanlei/save_data_162/TEXTOIR/outputs/open_intent_discovery/DeepAligned_snips_0.75_0.1_bert_7/models
2021-08-10 04:43:04,502 - Discovery - bert_model:	/home/sharing/disk1/pretrained_embedding/bert/uncased_L-12_H-768_A-12/
2021-08-10 04:43:04,502 - Discovery - max_seq_length:	None
2021-08-10 04:43:04,502 - Discovery - num_pretrain_epochs:	100
2021-08-10 04:43:04,502 - Discovery - num_train_epochs:	100
2021-08-10 04:43:04,502 - Discovery - num_labels:	None
2021-08-10 04:43:04,502 - Discovery - freeze_bert_parameters:	True
2021-08-10 04:43:04,502 - Discovery - feat_dim:	768
2021-08-10 04:43:04,502 - Discovery - warmup_proportion:	0.1
2021-08-10 04:43:04,502 - Discovery - lr_pre:	5e-05
2021-08-10 04:43:04,502 - Discovery - lr:	5e-05
2021-08-10 04:43:04,503 - Discovery - loss_fct:	CrossEntropyLoss
2021-08-10 04:43:04,503 - Discovery - activation:	tanh
2021-08-10 04:43:04,503 - Discovery - train_batch_size:	128
2021-08-10 04:43:04,503 - Discovery - eval_batch_size:	64
2021-08-10 04:43:04,503 - Discovery - test_batch_size:	64
2021-08-10 04:43:04,503 - Discovery - wait_patient:	20
2021-08-10 04:43:04,503 - Discovery - ============================== End Params ==============================
2021-08-10 04:43:04,503 - Discovery - Data and Model Preparation...
2021-08-10 04:43:04,503 - Discovery - The number of known intents is 5
2021-08-10 04:43:04,504 - Discovery - Lists of known labels are: ['GetWeather', 'SearchCreativeWork', 'AddToPlaylist', 'SearchScreeningEvent', 'PlayMusic']
2021-08-10 04:43:05,984 - Discovery - Number of labeled training samples = 933
2021-08-10 04:43:05,984 - Discovery - Number of unlabeled training samples = 12151
2021-08-10 04:43:05,986 - Discovery - Number of evaluation samples = 500
2021-08-10 04:43:05,987 - Discovery - Number of testing samples = 700
2021-08-10 04:43:11,411 - Discovery - Freeze all parameters but the last layer for efficiency
2021-08-10 04:43:15,719 - Discovery - Freeze all parameters but the last layer for efficiency
2021-08-10 04:43:15,799 - Discovery - Pre-raining start...
2021-08-10 04:43:16,995 - Discovery - ***** Epoch: 1: Eval results *****
2021-08-10 04:43:16,995 - Discovery -   best_score = 0
2021-08-10 04:43:16,995 - Discovery -   eval_score = 46.2
2021-08-10 04:43:16,995 - Discovery -   train_loss = 1.604756698012352
2021-08-10 04:43:17,729 - Discovery - ***** Epoch: 2: Eval results *****
2021-08-10 04:43:17,729 - Discovery -   best_score = 46.2
2021-08-10 04:43:17,729 - Discovery -   eval_score = 80.6
2021-08-10 04:43:17,729 - Discovery -   train_loss = 1.5124666541814804
2021-08-10 04:43:18,464 - Discovery - ***** Epoch: 3: Eval results *****
2021-08-10 04:43:18,464 - Discovery -   best_score = 80.6
2021-08-10 04:43:18,464 - Discovery -   eval_score = 83.0
2021-08-10 04:43:18,464 - Discovery -   train_loss = 1.28201262652874
2021-08-10 04:43:19,199 - Discovery - ***** Epoch: 4: Eval results *****
2021-08-10 04:43:19,199 - Discovery -   best_score = 83.0
2021-08-10 04:43:19,199 - Discovery -   eval_score = 87.4
2021-08-10 04:43:19,199 - Discovery -   train_loss = 0.8223990797996521
2021-08-10 04:43:20,033 - Discovery - ***** Epoch: 5: Eval results *****
2021-08-10 04:43:20,033 - Discovery -   best_score = 87.4
2021-08-10 04:43:20,033 - Discovery -   eval_score = 93.2
2021-08-10 04:43:20,033 - Discovery -   train_loss = 0.343454547226429
2021-08-10 04:43:20,820 - Discovery - ***** Epoch: 6: Eval results *****
2021-08-10 04:43:20,820 - Discovery -   best_score = 93.2
2021-08-10 04:43:20,820 - Discovery -   eval_score = 94.4
2021-08-10 04:43:20,820 - Discovery -   train_loss = 0.16839789971709251
2021-08-10 04:43:21,558 - Discovery - ***** Epoch: 7: Eval results *****
2021-08-10 04:43:21,558 - Discovery -   best_score = 94.4
2021-08-10 04:43:21,558 - Discovery -   eval_score = 95.6
2021-08-10 04:43:21,558 - Discovery -   train_loss = 0.10345396911725402
2021-08-10 04:43:22,294 - Discovery - ***** Epoch: 8: Eval results *****
2021-08-10 04:43:22,294 - Discovery -   best_score = 95.6
2021-08-10 04:43:22,294 - Discovery -   eval_score = 95.4
2021-08-10 04:43:22,295 - Discovery -   train_loss = 0.06573127675801516
2021-08-10 04:43:23,022 - Discovery - ***** Epoch: 9: Eval results *****
2021-08-10 04:43:23,022 - Discovery -   best_score = 95.6
2021-08-10 04:43:23,022 - Discovery -   eval_score = 95.8
2021-08-10 04:43:23,022 - Discovery -   train_loss = 0.04525754996575415
2021-08-10 04:43:23,759 - Discovery - ***** Epoch: 10: Eval results *****
2021-08-10 04:43:23,759 - Discovery -   best_score = 95.8
2021-08-10 04:43:23,759 - Discovery -   eval_score = 95.8
2021-08-10 04:43:23,759 - Discovery -   train_loss = 0.03155909280758351
2021-08-10 04:43:24,489 - Discovery - ***** Epoch: 11: Eval results *****
2021-08-10 04:43:24,489 - Discovery -   best_score = 95.8
2021-08-10 04:43:24,489 - Discovery -   eval_score = 95.2
2021-08-10 04:43:24,489 - Discovery -   train_loss = 0.021476661786437035
2021-08-10 04:43:25,219 - Discovery - ***** Epoch: 12: Eval results *****
2021-08-10 04:43:25,219 - Discovery -   best_score = 95.8
2021-08-10 04:43:25,219 - Discovery -   eval_score = 95.6
2021-08-10 04:43:25,219 - Discovery -   train_loss = 0.019721168209798634
2021-08-10 04:43:25,968 - Discovery - ***** Epoch: 13: Eval results *****
2021-08-10 04:43:25,968 - Discovery -   best_score = 95.8
2021-08-10 04:43:25,969 - Discovery -   eval_score = 95.8
2021-08-10 04:43:25,969 - Discovery -   train_loss = 0.01417408202541992
2021-08-10 04:43:26,718 - Discovery - ***** Epoch: 14: Eval results *****
2021-08-10 04:43:26,718 - Discovery -   best_score = 95.8
2021-08-10 04:43:26,718 - Discovery -   eval_score = 96.0
2021-08-10 04:43:26,718 - Discovery -   train_loss = 0.010245071636745706
2021-08-10 04:43:27,467 - Discovery - ***** Epoch: 15: Eval results *****
2021-08-10 04:43:27,467 - Discovery -   best_score = 96.0
2021-08-10 04:43:27,467 - Discovery -   eval_score = 95.2
2021-08-10 04:43:27,467 - Discovery -   train_loss = 0.009634842281229794
2021-08-10 04:43:28,196 - Discovery - ***** Epoch: 16: Eval results *****
2021-08-10 04:43:28,196 - Discovery -   best_score = 96.0
2021-08-10 04:43:28,196 - Discovery -   eval_score = 95.8
2021-08-10 04:43:28,196 - Discovery -   train_loss = 0.014490710076643154
2021-08-10 04:43:28,925 - Discovery - ***** Epoch: 17: Eval results *****
2021-08-10 04:43:28,925 - Discovery -   best_score = 96.0
2021-08-10 04:43:28,925 - Discovery -   eval_score = 95.2
2021-08-10 04:43:28,925 - Discovery -   train_loss = 0.010207661995082162
2021-08-10 04:43:29,653 - Discovery - ***** Epoch: 18: Eval results *****
2021-08-10 04:43:29,653 - Discovery -   best_score = 96.0
2021-08-10 04:43:29,653 - Discovery -   eval_score = 95.6
2021-08-10 04:43:29,653 - Discovery -   train_loss = 0.013073736132355407
2021-08-10 04:43:30,384 - Discovery - ***** Epoch: 19: Eval results *****
2021-08-10 04:43:30,384 - Discovery -   best_score = 96.0
2021-08-10 04:43:30,384 - Discovery -   eval_score = 96.4
2021-08-10 04:43:30,384 - Discovery -   train_loss = 0.009230145864421502
2021-08-10 04:43:31,125 - Discovery - ***** Epoch: 20: Eval results *****
2021-08-10 04:43:31,125 - Discovery -   best_score = 96.4
2021-08-10 04:43:31,125 - Discovery -   eval_score = 95.8
2021-08-10 04:43:31,125 - Discovery -   train_loss = 0.008950903546065092
2021-08-10 04:43:31,855 - Discovery - ***** Epoch: 21: Eval results *****
2021-08-10 04:43:31,855 - Discovery -   best_score = 96.4
2021-08-10 04:43:31,855 - Discovery -   eval_score = 96.4
2021-08-10 04:43:31,855 - Discovery -   train_loss = 0.010304710085620172
2021-08-10 04:43:32,584 - Discovery - ***** Epoch: 22: Eval results *****
2021-08-10 04:43:32,584 - Discovery -   best_score = 96.4
2021-08-10 04:43:32,584 - Discovery -   eval_score = 97.0
2021-08-10 04:43:32,584 - Discovery -   train_loss = 0.001927680044900626
2021-08-10 04:43:33,324 - Discovery - ***** Epoch: 23: Eval results *****
2021-08-10 04:43:33,325 - Discovery -   best_score = 97.0
2021-08-10 04:43:33,325 - Discovery -   eval_score = 96.6
2021-08-10 04:43:33,325 - Discovery -   train_loss = 0.003137947634968441
2021-08-10 04:43:34,055 - Discovery - ***** Epoch: 24: Eval results *****
2021-08-10 04:43:34,055 - Discovery -   best_score = 97.0
2021-08-10 04:43:34,055 - Discovery -   eval_score = 95.8
2021-08-10 04:43:34,055 - Discovery -   train_loss = 0.0021319307998055592
2021-08-10 04:43:34,790 - Discovery - ***** Epoch: 25: Eval results *****
2021-08-10 04:43:34,790 - Discovery -   best_score = 97.0
2021-08-10 04:43:34,790 - Discovery -   eval_score = 96.2
2021-08-10 04:43:34,790 - Discovery -   train_loss = 0.0019190459934179671
2021-08-10 04:43:35,531 - Discovery - ***** Epoch: 26: Eval results *****
2021-08-10 04:43:35,531 - Discovery -   best_score = 97.0
2021-08-10 04:43:35,531 - Discovery -   eval_score = 97.0
2021-08-10 04:43:35,532 - Discovery -   train_loss = 0.0026100192044395953
2021-08-10 04:43:36,263 - Discovery - ***** Epoch: 27: Eval results *****
2021-08-10 04:43:36,263 - Discovery -   best_score = 97.0
2021-08-10 04:43:36,263 - Discovery -   eval_score = 97.0
2021-08-10 04:43:36,263 - Discovery -   train_loss = 0.0013971357984701172
2021-08-10 04:43:36,994 - Discovery - ***** Epoch: 28: Eval results *****
2021-08-10 04:43:36,994 - Discovery -   best_score = 97.0
2021-08-10 04:43:36,994 - Discovery -   eval_score = 96.0
2021-08-10 04:43:36,994 - Discovery -   train_loss = 0.0028534001685329713
2021-08-10 04:43:37,726 - Discovery - ***** Epoch: 29: Eval results *****
2021-08-10 04:43:37,726 - Discovery -   best_score = 97.0
2021-08-10 04:43:37,726 - Discovery -   eval_score = 96.0
2021-08-10 04:43:37,726 - Discovery -   train_loss = 0.0017507074226159602
2021-08-10 04:43:38,458 - Discovery - ***** Epoch: 30: Eval results *****
2021-08-10 04:43:38,458 - Discovery -   best_score = 97.0
2021-08-10 04:43:38,458 - Discovery -   eval_score = 96.6
2021-08-10 04:43:38,458 - Discovery -   train_loss = 0.0013304632739163935
2021-08-10 04:43:39,191 - Discovery - ***** Epoch: 31: Eval results *****
2021-08-10 04:43:39,191 - Discovery -   best_score = 97.0
2021-08-10 04:43:39,191 - Discovery -   eval_score = 96.6
2021-08-10 04:43:39,191 - Discovery -   train_loss = 0.0018131718898075633
2021-08-10 04:43:39,932 - Discovery - ***** Epoch: 32: Eval results *****
2021-08-10 04:43:39,932 - Discovery -   best_score = 97.0
2021-08-10 04:43:39,932 - Discovery -   eval_score = 96.2
2021-08-10 04:43:39,932 - Discovery -   train_loss = 0.0010258263500873
2021-08-10 04:43:40,664 - Discovery - ***** Epoch: 33: Eval results *****
2021-08-10 04:43:40,664 - Discovery -   best_score = 97.0
2021-08-10 04:43:40,664 - Discovery -   eval_score = 95.6
2021-08-10 04:43:40,664 - Discovery -   train_loss = 0.003459118313912768
2021-08-10 04:43:41,397 - Discovery - ***** Epoch: 34: Eval results *****
2021-08-10 04:43:41,397 - Discovery -   best_score = 97.0
2021-08-10 04:43:41,397 - Discovery -   eval_score = 95.2
2021-08-10 04:43:41,397 - Discovery -   train_loss = 0.0015195728337857872
2021-08-10 04:43:42,141 - Discovery - ***** Epoch: 35: Eval results *****
2021-08-10 04:43:42,141 - Discovery -   best_score = 97.0
2021-08-10 04:43:42,141 - Discovery -   eval_score = 96.6
2021-08-10 04:43:42,141 - Discovery -   train_loss = 0.0020610301944543608
2021-08-10 04:43:42,873 - Discovery - ***** Epoch: 36: Eval results *****
2021-08-10 04:43:42,873 - Discovery -   best_score = 97.0
2021-08-10 04:43:42,873 - Discovery -   eval_score = 96.6
2021-08-10 04:43:42,874 - Discovery -   train_loss = 0.0008480970573145896
2021-08-10 04:43:43,607 - Discovery - ***** Epoch: 37: Eval results *****
2021-08-10 04:43:43,607 - Discovery -   best_score = 97.0
2021-08-10 04:43:43,607 - Discovery -   eval_score = 96.4
2021-08-10 04:43:43,607 - Discovery -   train_loss = 0.001747729562339373
2021-08-10 04:43:44,339 - Discovery - ***** Epoch: 38: Eval results *****
2021-08-10 04:43:44,339 - Discovery -   best_score = 97.0
2021-08-10 04:43:44,339 - Discovery -   eval_score = 96.6
2021-08-10 04:43:44,339 - Discovery -   train_loss = 0.0012695643526967615
2021-08-10 04:43:45,073 - Discovery - ***** Epoch: 39: Eval results *****
2021-08-10 04:43:45,073 - Discovery -   best_score = 97.0
2021-08-10 04:43:45,073 - Discovery -   eval_score = 96.6
2021-08-10 04:43:45,073 - Discovery -   train_loss = 0.0011039603487006389
2021-08-10 04:43:45,806 - Discovery - ***** Epoch: 40: Eval results *****
2021-08-10 04:43:45,806 - Discovery -   best_score = 97.0
2021-08-10 04:43:45,806 - Discovery -   eval_score = 96.6
2021-08-10 04:43:45,806 - Discovery -   train_loss = 0.0015042852974147536
2021-08-10 04:43:46,539 - Discovery - ***** Epoch: 41: Eval results *****
2021-08-10 04:43:46,539 - Discovery -   best_score = 97.0
2021-08-10 04:43:46,539 - Discovery -   eval_score = 96.6
2021-08-10 04:43:46,539 - Discovery -   train_loss = 0.0008604712638771161
2021-08-10 04:43:47,273 - Discovery - ***** Epoch: 42: Eval results *****
2021-08-10 04:43:47,273 - Discovery -   best_score = 97.0
2021-08-10 04:43:47,273 - Discovery -   eval_score = 96.4
2021-08-10 04:43:47,273 - Discovery -   train_loss = 0.001162582433607895
2021-08-10 04:43:47,274 - Discovery - Pre-training finished...
2021-08-10 04:43:47,281 - Discovery - Training Begin...
2021-08-10 04:44:15,237 - Discovery - ***** Epoch: 1: Eval results *****
2021-08-10 04:44:15,237 - Discovery -   best_cluster_silhouette_score = 0.5000472
2021-08-10 04:44:15,237 - Discovery -   cluster_silhouette_score = 0.5204736
2021-08-10 04:44:15,237 - Discovery -   train_loss = 1.2743800739640172
2021-08-10 04:44:32,719 - Discovery - ***** Epoch: 2: Eval results *****
2021-08-10 04:44:32,719 - Discovery -   best_cluster_silhouette_score = 0.5204736
2021-08-10 04:44:32,719 - Discovery -   cluster_silhouette_score = 0.567671
2021-08-10 04:44:32,719 - Discovery -   train_loss = 0.3311126282782231
2021-08-10 04:44:50,037 - Discovery - ***** Epoch: 3: Eval results *****
2021-08-10 04:44:50,037 - Discovery -   best_cluster_silhouette_score = 0.567671
2021-08-10 04:44:50,037 - Discovery -   cluster_silhouette_score = 0.59986794
2021-08-10 04:44:50,037 - Discovery -   train_loss = 0.17543279466409128
2021-08-10 04:45:07,123 - Discovery - ***** Epoch: 4: Eval results *****
2021-08-10 04:45:07,124 - Discovery -   best_cluster_silhouette_score = 0.59986794
2021-08-10 04:45:07,124 - Discovery -   cluster_silhouette_score = 0.62520164
2021-08-10 04:45:07,124 - Discovery -   train_loss = 0.13402417038106224
2021-08-10 04:45:24,425 - Discovery - ***** Epoch: 5: Eval results *****
2021-08-10 04:45:24,425 - Discovery -   best_cluster_silhouette_score = 0.62520164
2021-08-10 04:45:24,426 - Discovery -   cluster_silhouette_score = 0.63964516
2021-08-10 04:45:24,426 - Discovery -   train_loss = 0.1110630559472783
2021-08-10 04:45:41,972 - Discovery - ***** Epoch: 6: Eval results *****
2021-08-10 04:45:41,972 - Discovery -   best_cluster_silhouette_score = 0.63964516
2021-08-10 04:45:41,972 - Discovery -   cluster_silhouette_score = 0.6474045
2021-08-10 04:45:41,972 - Discovery -   train_loss = 0.10131950593707197
2021-08-10 04:45:59,106 - Discovery - ***** Epoch: 7: Eval results *****
2021-08-10 04:45:59,106 - Discovery -   best_cluster_silhouette_score = 0.6474045
2021-08-10 04:45:59,106 - Discovery -   cluster_silhouette_score = 0.66341627
2021-08-10 04:45:59,106 - Discovery -   train_loss = 0.09707432303541494
2021-08-10 04:46:16,181 - Discovery - ***** Epoch: 8: Eval results *****
2021-08-10 04:46:16,181 - Discovery -   best_cluster_silhouette_score = 0.66341627
2021-08-10 04:46:16,181 - Discovery -   cluster_silhouette_score = 0.6714272
2021-08-10 04:46:16,181 - Discovery -   train_loss = 0.08631937348654548
2021-08-10 04:46:33,402 - Discovery - ***** Epoch: 9: Eval results *****
2021-08-10 04:46:33,402 - Discovery -   best_cluster_silhouette_score = 0.6714272
2021-08-10 04:46:33,402 - Discovery -   cluster_silhouette_score = 0.67949927
2021-08-10 04:46:33,402 - Discovery -   train_loss = 0.07976557562145793
2021-08-10 04:46:50,667 - Discovery - ***** Epoch: 10: Eval results *****
2021-08-10 04:46:50,667 - Discovery -   best_cluster_silhouette_score = 0.67949927
2021-08-10 04:46:50,667 - Discovery -   cluster_silhouette_score = 0.6859278
2021-08-10 04:46:50,667 - Discovery -   train_loss = 0.0734368739468814
2021-08-10 04:47:07,983 - Discovery - ***** Epoch: 11: Eval results *****
2021-08-10 04:47:07,983 - Discovery -   best_cluster_silhouette_score = 0.6859278
2021-08-10 04:47:07,983 - Discovery -   cluster_silhouette_score = 0.694865
2021-08-10 04:47:07,983 - Discovery -   train_loss = 0.0665143871017578
2021-08-10 04:47:25,372 - Discovery - ***** Epoch: 12: Eval results *****
2021-08-10 04:47:25,372 - Discovery -   best_cluster_silhouette_score = 0.694865
2021-08-10 04:47:25,372 - Discovery -   cluster_silhouette_score = 0.6974058
2021-08-10 04:47:25,372 - Discovery -   train_loss = 0.06975349428661132
2021-08-10 04:47:42,991 - Discovery - ***** Epoch: 13: Eval results *****
2021-08-10 04:47:42,991 - Discovery -   best_cluster_silhouette_score = 0.6974058
2021-08-10 04:47:42,991 - Discovery -   cluster_silhouette_score = 0.70367926
2021-08-10 04:47:42,991 - Discovery -   train_loss = 0.060972601790161965
2021-08-10 04:48:00,225 - Discovery - ***** Epoch: 14: Eval results *****
2021-08-10 04:48:00,225 - Discovery -   best_cluster_silhouette_score = 0.70367926
2021-08-10 04:48:00,225 - Discovery -   cluster_silhouette_score = 0.7100272
2021-08-10 04:48:00,225 - Discovery -   train_loss = 0.054080522163698755
2021-08-10 04:48:17,404 - Discovery - ***** Epoch: 15: Eval results *****
2021-08-10 04:48:17,404 - Discovery -   best_cluster_silhouette_score = 0.7100272
2021-08-10 04:48:17,404 - Discovery -   cluster_silhouette_score = 0.7075983
2021-08-10 04:48:17,404 - Discovery -   train_loss = 0.056760166968372695
2021-08-10 04:48:34,437 - Discovery - ***** Epoch: 16: Eval results *****
2021-08-10 04:48:34,437 - Discovery -   best_cluster_silhouette_score = 0.7100272
2021-08-10 04:48:34,437 - Discovery -   cluster_silhouette_score = 0.7136634
2021-08-10 04:48:34,437 - Discovery -   train_loss = 0.04974603247308868
2021-08-10 04:48:51,757 - Discovery - ***** Epoch: 17: Eval results *****
2021-08-10 04:48:51,757 - Discovery -   best_cluster_silhouette_score = 0.7136634
2021-08-10 04:48:51,757 - Discovery -   cluster_silhouette_score = 0.71539325
2021-08-10 04:48:51,757 - Discovery -   train_loss = 0.042416720390003354
2021-08-10 04:49:09,326 - Discovery - ***** Epoch: 18: Eval results *****
2021-08-10 04:49:09,327 - Discovery -   best_cluster_silhouette_score = 0.71539325
2021-08-10 04:49:09,327 - Discovery -   cluster_silhouette_score = 0.7185937
2021-08-10 04:49:09,327 - Discovery -   train_loss = 0.048146859413799516
2021-08-10 04:49:26,393 - Discovery - ***** Epoch: 19: Eval results *****
2021-08-10 04:49:26,393 - Discovery -   best_cluster_silhouette_score = 0.7185937
2021-08-10 04:49:26,395 - Discovery -   cluster_silhouette_score = 0.72232056
2021-08-10 04:49:26,395 - Discovery -   train_loss = 0.04154636201367361
2021-08-10 04:49:43,500 - Discovery - ***** Epoch: 20: Eval results *****
2021-08-10 04:49:43,500 - Discovery -   best_cluster_silhouette_score = 0.72232056
2021-08-10 04:49:43,500 - Discovery -   cluster_silhouette_score = 0.72739977
2021-08-10 04:49:43,500 - Discovery -   train_loss = 0.03818017015746768
2021-08-10 04:50:00,805 - Discovery - ***** Epoch: 21: Eval results *****
2021-08-10 04:50:00,806 - Discovery -   best_cluster_silhouette_score = 0.72739977
2021-08-10 04:50:00,806 - Discovery -   cluster_silhouette_score = 0.73054075
2021-08-10 04:50:00,806 - Discovery -   train_loss = 0.03907486278839518
2021-08-10 04:50:18,213 - Discovery - ***** Epoch: 22: Eval results *****
2021-08-10 04:50:18,213 - Discovery -   best_cluster_silhouette_score = 0.73054075
2021-08-10 04:50:18,213 - Discovery -   cluster_silhouette_score = 0.73393786
2021-08-10 04:50:18,213 - Discovery -   train_loss = 0.038181416746861874
2021-08-10 04:50:35,503 - Discovery - ***** Epoch: 23: Eval results *****
2021-08-10 04:50:35,503 - Discovery -   best_cluster_silhouette_score = 0.73393786
2021-08-10 04:50:35,503 - Discovery -   cluster_silhouette_score = 0.73408026
2021-08-10 04:50:35,503 - Discovery -   train_loss = 0.03293978181403148
2021-08-10 04:50:52,429 - Discovery - ***** Epoch: 24: Eval results *****
2021-08-10 04:50:52,430 - Discovery -   best_cluster_silhouette_score = 0.73408026
2021-08-10 04:50:52,430 - Discovery -   cluster_silhouette_score = 0.7346055
2021-08-10 04:50:52,430 - Discovery -   train_loss = 0.03478219533379832
2021-08-10 04:51:09,666 - Discovery - ***** Epoch: 25: Eval results *****
2021-08-10 04:51:09,666 - Discovery -   best_cluster_silhouette_score = 0.7346055
2021-08-10 04:51:09,666 - Discovery -   cluster_silhouette_score = 0.73756665
2021-08-10 04:51:09,666 - Discovery -   train_loss = 0.03435962355737484
2021-08-10 04:51:26,624 - Discovery - ***** Epoch: 26: Eval results *****
2021-08-10 04:51:26,624 - Discovery -   best_cluster_silhouette_score = 0.73756665
2021-08-10 04:51:26,625 - Discovery -   cluster_silhouette_score = 0.7380958
2021-08-10 04:51:26,625 - Discovery -   train_loss = 0.029800231892895858
2021-08-10 04:51:43,784 - Discovery - ***** Epoch: 27: Eval results *****
2021-08-10 04:51:43,784 - Discovery -   best_cluster_silhouette_score = 0.7380958
2021-08-10 04:51:43,784 - Discovery -   cluster_silhouette_score = 0.73401123
2021-08-10 04:51:43,784 - Discovery -   train_loss = 0.032046052279432295
2021-08-10 04:52:01,538 - Discovery - ***** Epoch: 28: Eval results *****
2021-08-10 04:52:01,538 - Discovery -   best_cluster_silhouette_score = 0.7380958
2021-08-10 04:52:01,538 - Discovery -   cluster_silhouette_score = 0.7388585
2021-08-10 04:52:01,538 - Discovery -   train_loss = 0.027846382565805416
2021-08-10 04:52:18,552 - Discovery - ***** Epoch: 29: Eval results *****
2021-08-10 04:52:18,552 - Discovery -   best_cluster_silhouette_score = 0.7388585
2021-08-10 04:52:18,552 - Discovery -   cluster_silhouette_score = 0.73738855
2021-08-10 04:52:18,552 - Discovery -   train_loss = 0.026762990920139857
2021-08-10 04:52:35,573 - Discovery - ***** Epoch: 30: Eval results *****
2021-08-10 04:52:35,573 - Discovery -   best_cluster_silhouette_score = 0.7388585
2021-08-10 04:52:35,573 - Discovery -   cluster_silhouette_score = 0.73962694
2021-08-10 04:52:35,573 - Discovery -   train_loss = 0.022112571311101895
2021-08-10 04:52:52,729 - Discovery - ***** Epoch: 31: Eval results *****
2021-08-10 04:52:52,729 - Discovery -   best_cluster_silhouette_score = 0.73962694
2021-08-10 04:52:52,729 - Discovery -   cluster_silhouette_score = 0.73425347
2021-08-10 04:52:52,729 - Discovery -   train_loss = 0.023861778281358957
2021-08-10 04:53:09,827 - Discovery - ***** Epoch: 32: Eval results *****
2021-08-10 04:53:09,827 - Discovery -   best_cluster_silhouette_score = 0.73962694
2021-08-10 04:53:09,827 - Discovery -   cluster_silhouette_score = 0.73627305
2021-08-10 04:53:09,827 - Discovery -   train_loss = 0.02292426028294552
2021-08-10 04:53:27,003 - Discovery - ***** Epoch: 33: Eval results *****
2021-08-10 04:53:27,003 - Discovery -   best_cluster_silhouette_score = 0.73962694
2021-08-10 04:53:27,003 - Discovery -   cluster_silhouette_score = 0.7406255
2021-08-10 04:53:27,003 - Discovery -   train_loss = 0.02202080456524165
2021-08-10 04:53:44,312 - Discovery - ***** Epoch: 34: Eval results *****
2021-08-10 04:53:44,312 - Discovery -   best_cluster_silhouette_score = 0.7406255
2021-08-10 04:53:44,312 - Discovery -   cluster_silhouette_score = 0.740269
2021-08-10 04:53:44,312 - Discovery -   train_loss = 0.026852462875026108
2021-08-10 04:54:01,561 - Discovery - ***** Epoch: 35: Eval results *****
2021-08-10 04:54:01,562 - Discovery -   best_cluster_silhouette_score = 0.7406255
2021-08-10 04:54:01,562 - Discovery -   cluster_silhouette_score = 0.74246126
2021-08-10 04:54:01,562 - Discovery -   train_loss = 0.016765674973162146
2021-08-10 04:54:19,217 - Discovery - ***** Epoch: 36: Eval results *****
2021-08-10 04:54:19,218 - Discovery -   best_cluster_silhouette_score = 0.74246126
2021-08-10 04:54:19,218 - Discovery -   cluster_silhouette_score = 0.74546224
2021-08-10 04:54:19,218 - Discovery -   train_loss = 0.018044240932371378
2021-08-10 04:54:36,377 - Discovery - ***** Epoch: 37: Eval results *****
2021-08-10 04:54:36,377 - Discovery -   best_cluster_silhouette_score = 0.74546224
2021-08-10 04:54:36,377 - Discovery -   cluster_silhouette_score = 0.7459546
2021-08-10 04:54:36,377 - Discovery -   train_loss = 0.015476648013946121
2021-08-10 04:54:53,396 - Discovery - ***** Epoch: 38: Eval results *****
2021-08-10 04:54:53,396 - Discovery -   best_cluster_silhouette_score = 0.7459546
2021-08-10 04:54:53,396 - Discovery -   cluster_silhouette_score = 0.74828297
2021-08-10 04:54:53,396 - Discovery -   train_loss = 0.01753091361024417
2021-08-10 04:55:10,852 - Discovery - ***** Epoch: 39: Eval results *****
2021-08-10 04:55:10,852 - Discovery -   best_cluster_silhouette_score = 0.74828297
2021-08-10 04:55:10,852 - Discovery -   cluster_silhouette_score = 0.74896896
2021-08-10 04:55:10,852 - Discovery -   train_loss = 0.01709626180270135
2021-08-10 04:55:28,096 - Discovery - ***** Epoch: 40: Eval results *****
2021-08-10 04:55:28,097 - Discovery -   best_cluster_silhouette_score = 0.74896896
2021-08-10 04:55:28,097 - Discovery -   cluster_silhouette_score = 0.74872607
2021-08-10 04:55:28,097 - Discovery -   train_loss = 0.016364428775895893
2021-08-10 04:55:45,301 - Discovery - ***** Epoch: 41: Eval results *****
2021-08-10 04:55:45,301 - Discovery -   best_cluster_silhouette_score = 0.74896896
2021-08-10 04:55:45,301 - Discovery -   cluster_silhouette_score = 0.7503722
2021-08-10 04:55:45,301 - Discovery -   train_loss = 0.015450748695214324
2021-08-10 04:56:02,957 - Discovery - ***** Epoch: 42: Eval results *****
2021-08-10 04:56:02,957 - Discovery -   best_cluster_silhouette_score = 0.7503722
2021-08-10 04:56:02,957 - Discovery -   cluster_silhouette_score = 0.750604
2021-08-10 04:56:02,957 - Discovery -   train_loss = 0.01414476699383423
2021-08-10 04:56:20,571 - Discovery - ***** Epoch: 43: Eval results *****
2021-08-10 04:56:20,571 - Discovery -   best_cluster_silhouette_score = 0.750604
2021-08-10 04:56:20,571 - Discovery -   cluster_silhouette_score = 0.7550767
2021-08-10 04:56:20,571 - Discovery -   train_loss = 0.012259417641297598
2021-08-10 04:56:38,050 - Discovery - ***** Epoch: 44: Eval results *****
2021-08-10 04:56:38,050 - Discovery -   best_cluster_silhouette_score = 0.7550767
2021-08-10 04:56:38,050 - Discovery -   cluster_silhouette_score = 0.756017
2021-08-10 04:56:38,050 - Discovery -   train_loss = 0.014574015907659558
2021-08-10 04:56:55,209 - Discovery - ***** Epoch: 45: Eval results *****
2021-08-10 04:56:55,209 - Discovery -   best_cluster_silhouette_score = 0.756017
2021-08-10 04:56:55,209 - Discovery -   cluster_silhouette_score = 0.75248396
2021-08-10 04:56:55,209 - Discovery -   train_loss = 0.012689921336115148
2021-08-10 04:57:12,550 - Discovery - ***** Epoch: 46: Eval results *****
2021-08-10 04:57:12,550 - Discovery -   best_cluster_silhouette_score = 0.756017
2021-08-10 04:57:12,550 - Discovery -   cluster_silhouette_score = 0.7584763
2021-08-10 04:57:12,550 - Discovery -   train_loss = 0.012174012880880856
2021-08-10 04:57:29,532 - Discovery - ***** Epoch: 47: Eval results *****
2021-08-10 04:57:29,532 - Discovery -   best_cluster_silhouette_score = 0.7584763
2021-08-10 04:57:29,532 - Discovery -   cluster_silhouette_score = 0.7560642
2021-08-10 04:57:29,532 - Discovery -   train_loss = 0.01262747975145704
2021-08-10 04:57:46,641 - Discovery - ***** Epoch: 48: Eval results *****
2021-08-10 04:57:46,641 - Discovery -   best_cluster_silhouette_score = 0.7584763
2021-08-10 04:57:46,641 - Discovery -   cluster_silhouette_score = 0.7568504
2021-08-10 04:57:46,641 - Discovery -   train_loss = 0.0127645222652699
2021-08-10 04:58:03,832 - Discovery - ***** Epoch: 49: Eval results *****
2021-08-10 04:58:03,832 - Discovery -   best_cluster_silhouette_score = 0.7584763
2021-08-10 04:58:03,832 - Discovery -   cluster_silhouette_score = 0.75634795
2021-08-10 04:58:03,832 - Discovery -   train_loss = 0.015926871777727444
2021-08-10 04:58:21,052 - Discovery - ***** Epoch: 50: Eval results *****
2021-08-10 04:58:21,052 - Discovery -   best_cluster_silhouette_score = 0.7584763
2021-08-10 04:58:21,052 - Discovery -   cluster_silhouette_score = 0.7541281
2021-08-10 04:58:21,052 - Discovery -   train_loss = 0.010967507283796684
2021-08-10 04:58:38,049 - Discovery - ***** Epoch: 51: Eval results *****
2021-08-10 04:58:38,049 - Discovery -   best_cluster_silhouette_score = 0.7584763
2021-08-10 04:58:38,049 - Discovery -   cluster_silhouette_score = 0.7573826
2021-08-10 04:58:38,049 - Discovery -   train_loss = 0.012205966593241612
2021-08-10 04:58:54,920 - Discovery - ***** Epoch: 52: Eval results *****
2021-08-10 04:58:54,920 - Discovery -   best_cluster_silhouette_score = 0.7584763
2021-08-10 04:58:54,920 - Discovery -   cluster_silhouette_score = 0.7590782
2021-08-10 04:58:54,920 - Discovery -   train_loss = 0.010780731879174145
2021-08-10 04:59:12,369 - Discovery - ***** Epoch: 53: Eval results *****
2021-08-10 04:59:12,369 - Discovery -   best_cluster_silhouette_score = 0.7590782
2021-08-10 04:59:12,369 - Discovery -   cluster_silhouette_score = 0.7590327
2021-08-10 04:59:12,369 - Discovery -   train_loss = 0.009805027168554659
2021-08-10 04:59:29,613 - Discovery - ***** Epoch: 54: Eval results *****
2021-08-10 04:59:29,613 - Discovery -   best_cluster_silhouette_score = 0.7590782
2021-08-10 04:59:29,613 - Discovery -   cluster_silhouette_score = 0.7610194
2021-08-10 04:59:29,613 - Discovery -   train_loss = 0.011418109359581348
2021-08-10 04:59:46,683 - Discovery - ***** Epoch: 55: Eval results *****
2021-08-10 04:59:46,683 - Discovery -   best_cluster_silhouette_score = 0.7610194
2021-08-10 04:59:46,683 - Discovery -   cluster_silhouette_score = 0.75927407
2021-08-10 04:59:46,683 - Discovery -   train_loss = 0.009174054259452991
2021-08-10 05:00:03,985 - Discovery - ***** Epoch: 56: Eval results *****
2021-08-10 05:00:03,985 - Discovery -   best_cluster_silhouette_score = 0.7610194
2021-08-10 05:00:03,985 - Discovery -   cluster_silhouette_score = 0.75712305
2021-08-10 05:00:03,985 - Discovery -   train_loss = 0.010902150762403041
2021-08-10 05:00:21,170 - Discovery - ***** Epoch: 57: Eval results *****
2021-08-10 05:00:21,170 - Discovery -   best_cluster_silhouette_score = 0.7610194
2021-08-10 05:00:21,170 - Discovery -   cluster_silhouette_score = 0.7579805
2021-08-10 05:00:21,170 - Discovery -   train_loss = 0.006780223041610087
2021-08-10 05:00:38,358 - Discovery - ***** Epoch: 58: Eval results *****
2021-08-10 05:00:38,359 - Discovery -   best_cluster_silhouette_score = 0.7610194
2021-08-10 05:00:38,359 - Discovery -   cluster_silhouette_score = 0.76143175
2021-08-10 05:00:38,359 - Discovery -   train_loss = 0.008573324858234716
2021-08-10 05:00:55,495 - Discovery - ***** Epoch: 59: Eval results *****
2021-08-10 05:00:55,495 - Discovery -   best_cluster_silhouette_score = 0.76143175
2021-08-10 05:00:55,495 - Discovery -   cluster_silhouette_score = 0.7612592
2021-08-10 05:00:55,495 - Discovery -   train_loss = 0.007821048339854279
2021-08-10 05:01:12,572 - Discovery - ***** Epoch: 60: Eval results *****
2021-08-10 05:01:12,572 - Discovery -   best_cluster_silhouette_score = 0.76143175
2021-08-10 05:01:12,572 - Discovery -   cluster_silhouette_score = 0.7610997
2021-08-10 05:01:12,572 - Discovery -   train_loss = 0.008580558348839279
2021-08-10 05:01:29,889 - Discovery - ***** Epoch: 61: Eval results *****
2021-08-10 05:01:29,889 - Discovery -   best_cluster_silhouette_score = 0.76143175
2021-08-10 05:01:29,889 - Discovery -   cluster_silhouette_score = 0.759156
2021-08-10 05:01:29,889 - Discovery -   train_loss = 0.009420856960893165
2021-08-10 05:01:47,255 - Discovery - ***** Epoch: 62: Eval results *****
2021-08-10 05:01:47,256 - Discovery -   best_cluster_silhouette_score = 0.76143175
2021-08-10 05:01:47,256 - Discovery -   cluster_silhouette_score = 0.7609963
2021-08-10 05:01:47,256 - Discovery -   train_loss = 0.0075806596220891415
2021-08-10 05:02:04,654 - Discovery - ***** Epoch: 63: Eval results *****
2021-08-10 05:02:04,654 - Discovery -   best_cluster_silhouette_score = 0.76143175
2021-08-10 05:02:04,654 - Discovery -   cluster_silhouette_score = 0.7573367
2021-08-10 05:02:04,654 - Discovery -   train_loss = 0.009487868995898522
2021-08-10 05:02:22,015 - Discovery - ***** Epoch: 64: Eval results *****
2021-08-10 05:02:22,015 - Discovery -   best_cluster_silhouette_score = 0.76143175
2021-08-10 05:02:22,015 - Discovery -   cluster_silhouette_score = 0.760896
2021-08-10 05:02:22,015 - Discovery -   train_loss = 0.006717336210447648
2021-08-10 05:02:39,153 - Discovery - ***** Epoch: 65: Eval results *****
2021-08-10 05:02:39,153 - Discovery -   best_cluster_silhouette_score = 0.76143175
2021-08-10 05:02:39,153 - Discovery -   cluster_silhouette_score = 0.76415104
2021-08-10 05:02:39,153 - Discovery -   train_loss = 0.006971729234173482
2021-08-10 05:02:56,250 - Discovery - ***** Epoch: 66: Eval results *****
2021-08-10 05:02:56,250 - Discovery -   best_cluster_silhouette_score = 0.76415104
2021-08-10 05:02:56,250 - Discovery -   cluster_silhouette_score = 0.76532936
2021-08-10 05:02:56,250 - Discovery -   train_loss = 0.005878385046759204
2021-08-10 05:03:13,648 - Discovery - ***** Epoch: 67: Eval results *****
2021-08-10 05:03:13,649 - Discovery -   best_cluster_silhouette_score = 0.76532936
2021-08-10 05:03:13,649 - Discovery -   cluster_silhouette_score = 0.76488775
2021-08-10 05:03:13,649 - Discovery -   train_loss = 0.007700787417156039
2021-08-10 05:03:30,706 - Discovery - ***** Epoch: 68: Eval results *****
2021-08-10 05:03:30,706 - Discovery -   best_cluster_silhouette_score = 0.76532936
2021-08-10 05:03:30,706 - Discovery -   cluster_silhouette_score = 0.7669768
2021-08-10 05:03:30,706 - Discovery -   train_loss = 0.006819769305454508
2021-08-10 05:03:48,135 - Discovery - ***** Epoch: 69: Eval results *****
2021-08-10 05:03:48,135 - Discovery -   best_cluster_silhouette_score = 0.7669768
2021-08-10 05:03:48,135 - Discovery -   cluster_silhouette_score = 0.76653045
2021-08-10 05:03:48,135 - Discovery -   train_loss = 0.007680886854606656
2021-08-10 05:04:05,311 - Discovery - ***** Epoch: 70: Eval results *****
2021-08-10 05:04:05,311 - Discovery -   best_cluster_silhouette_score = 0.7669768
2021-08-10 05:04:05,311 - Discovery -   cluster_silhouette_score = 0.7672469
2021-08-10 05:04:05,311 - Discovery -   train_loss = 0.007517218200907504
2021-08-10 05:04:22,945 - Discovery - ***** Epoch: 71: Eval results *****
2021-08-10 05:04:22,945 - Discovery -   best_cluster_silhouette_score = 0.7672469
2021-08-10 05:04:22,945 - Discovery -   cluster_silhouette_score = 0.7682318
2021-08-10 05:04:22,945 - Discovery -   train_loss = 0.005059318938929739
2021-08-10 05:04:40,416 - Discovery - ***** Epoch: 72: Eval results *****
2021-08-10 05:04:40,416 - Discovery -   best_cluster_silhouette_score = 0.7682318
2021-08-10 05:04:40,416 - Discovery -   cluster_silhouette_score = 0.7661467
2021-08-10 05:04:40,416 - Discovery -   train_loss = 0.006198147299974418
2021-08-10 05:04:57,543 - Discovery - ***** Epoch: 73: Eval results *****
2021-08-10 05:04:57,543 - Discovery -   best_cluster_silhouette_score = 0.7682318
2021-08-10 05:04:57,543 - Discovery -   cluster_silhouette_score = 0.7672111
2021-08-10 05:04:57,543 - Discovery -   train_loss = 0.005331642861209315
2021-08-10 05:05:15,232 - Discovery - ***** Epoch: 74: Eval results *****
2021-08-10 05:05:15,232 - Discovery -   best_cluster_silhouette_score = 0.7682318
2021-08-10 05:05:15,232 - Discovery -   cluster_silhouette_score = 0.7659148
2021-08-10 05:05:15,232 - Discovery -   train_loss = 0.006784619037381224
2021-08-10 05:05:32,399 - Discovery - ***** Epoch: 75: Eval results *****
2021-08-10 05:05:32,399 - Discovery -   best_cluster_silhouette_score = 0.7682318
2021-08-10 05:05:32,399 - Discovery -   cluster_silhouette_score = 0.7646862
2021-08-10 05:05:32,399 - Discovery -   train_loss = 0.006267006177243548
2021-08-10 05:05:49,607 - Discovery - ***** Epoch: 76: Eval results *****
2021-08-10 05:05:49,607 - Discovery -   best_cluster_silhouette_score = 0.7682318
2021-08-10 05:05:49,607 - Discovery -   cluster_silhouette_score = 0.76423913
2021-08-10 05:05:49,607 - Discovery -   train_loss = 0.006083712859232673
2021-08-10 05:06:06,956 - Discovery - ***** Epoch: 77: Eval results *****
2021-08-10 05:06:06,956 - Discovery -   best_cluster_silhouette_score = 0.7682318
2021-08-10 05:06:06,956 - Discovery -   cluster_silhouette_score = 0.7681597
2021-08-10 05:06:06,956 - Discovery -   train_loss = 0.004143013260527898
2021-08-10 05:06:24,088 - Discovery - ***** Epoch: 78: Eval results *****
2021-08-10 05:06:24,088 - Discovery -   best_cluster_silhouette_score = 0.7682318
2021-08-10 05:06:24,088 - Discovery -   cluster_silhouette_score = 0.76757187
2021-08-10 05:06:24,088 - Discovery -   train_loss = 0.00625885468042663
2021-08-10 05:06:41,108 - Discovery - ***** Epoch: 79: Eval results *****
2021-08-10 05:06:41,108 - Discovery -   best_cluster_silhouette_score = 0.7682318
2021-08-10 05:06:41,108 - Discovery -   cluster_silhouette_score = 0.76785904
2021-08-10 05:06:41,108 - Discovery -   train_loss = 0.005411707172967105
2021-08-10 05:06:58,441 - Discovery - ***** Epoch: 80: Eval results *****
2021-08-10 05:06:58,441 - Discovery -   best_cluster_silhouette_score = 0.7682318
2021-08-10 05:06:58,441 - Discovery -   cluster_silhouette_score = 0.7696017
2021-08-10 05:06:58,441 - Discovery -   train_loss = 0.004149210176215048
2021-08-10 05:07:15,356 - Discovery - ***** Epoch: 81: Eval results *****
2021-08-10 05:07:15,356 - Discovery -   best_cluster_silhouette_score = 0.7696017
2021-08-10 05:07:15,356 - Discovery -   cluster_silhouette_score = 0.7691222
2021-08-10 05:07:15,356 - Discovery -   train_loss = 0.004855486856294836
2021-08-10 05:07:32,898 - Discovery - ***** Epoch: 82: Eval results *****
2021-08-10 05:07:32,898 - Discovery -   best_cluster_silhouette_score = 0.7696017
2021-08-10 05:07:32,898 - Discovery -   cluster_silhouette_score = 0.76798385
2021-08-10 05:07:32,898 - Discovery -   train_loss = 0.0069341259252379455
2021-08-10 05:07:50,137 - Discovery - ***** Epoch: 83: Eval results *****
2021-08-10 05:07:50,137 - Discovery -   best_cluster_silhouette_score = 0.7696017
2021-08-10 05:07:50,137 - Discovery -   cluster_silhouette_score = 0.76873785
2021-08-10 05:07:50,137 - Discovery -   train_loss = 0.004915238122106248
2021-08-10 05:08:07,205 - Discovery - ***** Epoch: 84: Eval results *****
2021-08-10 05:08:07,205 - Discovery -   best_cluster_silhouette_score = 0.7696017
2021-08-10 05:08:07,205 - Discovery -   cluster_silhouette_score = 0.7669776
2021-08-10 05:08:07,205 - Discovery -   train_loss = 0.005153506411252503
2021-08-10 05:08:24,140 - Discovery - ***** Epoch: 85: Eval results *****
2021-08-10 05:08:24,140 - Discovery -   best_cluster_silhouette_score = 0.7696017
2021-08-10 05:08:24,140 - Discovery -   cluster_silhouette_score = 0.7700642
2021-08-10 05:08:24,140 - Discovery -   train_loss = 0.0038814129488987993
2021-08-10 05:08:41,796 - Discovery - ***** Epoch: 86: Eval results *****
2021-08-10 05:08:41,797 - Discovery -   best_cluster_silhouette_score = 0.7700642
2021-08-10 05:08:41,797 - Discovery -   cluster_silhouette_score = 0.770851
2021-08-10 05:08:41,797 - Discovery -   train_loss = 0.004204248330530143
2021-08-10 05:08:58,871 - Discovery - ***** Epoch: 87: Eval results *****
2021-08-10 05:08:58,872 - Discovery -   best_cluster_silhouette_score = 0.770851
2021-08-10 05:08:58,872 - Discovery -   cluster_silhouette_score = 0.76840645
2021-08-10 05:08:58,872 - Discovery -   train_loss = 0.0057660328505873834
2021-08-10 05:09:16,033 - Discovery - ***** Epoch: 88: Eval results *****
2021-08-10 05:09:16,033 - Discovery -   best_cluster_silhouette_score = 0.770851
2021-08-10 05:09:16,033 - Discovery -   cluster_silhouette_score = 0.76985097
2021-08-10 05:09:16,033 - Discovery -   train_loss = 0.003439630914779857
2021-08-10 05:09:33,528 - Discovery - ***** Epoch: 89: Eval results *****
2021-08-10 05:09:33,528 - Discovery -   best_cluster_silhouette_score = 0.770851
2021-08-10 05:09:33,528 - Discovery -   cluster_silhouette_score = 0.7694266
2021-08-10 05:09:33,529 - Discovery -   train_loss = 0.0030697830486830745
2021-08-10 05:09:50,995 - Discovery - ***** Epoch: 90: Eval results *****
2021-08-10 05:09:50,995 - Discovery -   best_cluster_silhouette_score = 0.770851
2021-08-10 05:09:50,995 - Discovery -   cluster_silhouette_score = 0.7699246
2021-08-10 05:09:50,995 - Discovery -   train_loss = 0.003212447735491984
2021-08-10 05:10:08,068 - Discovery - ***** Epoch: 91: Eval results *****
2021-08-10 05:10:08,068 - Discovery -   best_cluster_silhouette_score = 0.770851
2021-08-10 05:10:08,068 - Discovery -   cluster_silhouette_score = 0.77062607
2021-08-10 05:10:08,068 - Discovery -   train_loss = 0.005310237642740141
2021-08-10 05:10:25,204 - Discovery - ***** Epoch: 92: Eval results *****
2021-08-10 05:10:25,204 - Discovery -   best_cluster_silhouette_score = 0.770851
2021-08-10 05:10:25,205 - Discovery -   cluster_silhouette_score = 0.76988363
2021-08-10 05:10:25,205 - Discovery -   train_loss = 0.003607966846157599
2021-08-10 05:10:42,365 - Discovery - ***** Epoch: 93: Eval results *****
2021-08-10 05:10:42,365 - Discovery -   best_cluster_silhouette_score = 0.770851
2021-08-10 05:10:42,365 - Discovery -   cluster_silhouette_score = 0.7699858
2021-08-10 05:10:42,365 - Discovery -   train_loss = 0.004659816492685157
2021-08-10 05:10:59,739 - Discovery - ***** Epoch: 94: Eval results *****
2021-08-10 05:10:59,739 - Discovery -   best_cluster_silhouette_score = 0.770851
2021-08-10 05:10:59,739 - Discovery -   cluster_silhouette_score = 0.7704577
2021-08-10 05:10:59,739 - Discovery -   train_loss = 0.005408856422221909
2021-08-10 05:11:16,969 - Discovery - ***** Epoch: 95: Eval results *****
2021-08-10 05:11:16,969 - Discovery -   best_cluster_silhouette_score = 0.770851
2021-08-10 05:11:16,969 - Discovery -   cluster_silhouette_score = 0.771003
2021-08-10 05:11:16,969 - Discovery -   train_loss = 0.004108469120924868
2021-08-10 05:11:34,041 - Discovery - ***** Epoch: 96: Eval results *****
2021-08-10 05:11:34,042 - Discovery -   best_cluster_silhouette_score = 0.771003
2021-08-10 05:11:34,042 - Discovery -   cluster_silhouette_score = 0.7706388
2021-08-10 05:11:34,042 - Discovery -   train_loss = 0.00451196835094326
2021-08-10 05:11:51,015 - Discovery - ***** Epoch: 97: Eval results *****
2021-08-10 05:11:51,016 - Discovery -   best_cluster_silhouette_score = 0.771003
2021-08-10 05:11:51,016 - Discovery -   cluster_silhouette_score = 0.7701516
2021-08-10 05:11:51,016 - Discovery -   train_loss = 0.0045781859780353205
2021-08-10 05:12:08,347 - Discovery - ***** Epoch: 98: Eval results *****
2021-08-10 05:12:08,347 - Discovery -   best_cluster_silhouette_score = 0.771003
2021-08-10 05:12:08,347 - Discovery -   cluster_silhouette_score = 0.77026534
2021-08-10 05:12:08,347 - Discovery -   train_loss = 0.0035562269498839367
2021-08-10 05:12:25,637 - Discovery - ***** Epoch: 99: Eval results *****
2021-08-10 05:12:25,637 - Discovery -   best_cluster_silhouette_score = 0.771003
2021-08-10 05:12:25,637 - Discovery -   cluster_silhouette_score = 0.77023643
2021-08-10 05:12:25,637 - Discovery -   train_loss = 0.0048269868851102465
2021-08-10 05:12:32,873 - Discovery - Training Finished...
2021-08-10 05:12:32,873 - Discovery - Testing begin...
2021-08-10 05:12:33,630 - Discovery - ***** Test: Confusion Matrix *****
2021-08-10 05:12:33,630 - Discovery - [[  1   0 123   0   0   0   0]
 [  0  19   0  23   0   2  48]
 [  0   0   0   0 102   0   2]
 [ 81   0   1   0   0   4   0]
 [  0  64   2   0   0   4  10]
 [  5   0   0   4   0  98   0]
 [  1   0   0  91   1  11   3]]
2021-08-10 05:12:33,630 - Discovery - ***** Test results *****
2021-08-10 05:12:33,630 - Discovery -   ACC = 86.71
2021-08-10 05:12:33,630 - Discovery -   ARI = 75.98
2021-08-10 05:12:33,630 - Discovery -   NMI = 78.21
2021-08-10 05:12:33,630 - Discovery - Testing finished...
2021-08-10 05:12:33,630 - Discovery - Results saved in results/results_DeepAligned.csv
2021-08-10 05:12:33,657 - Discovery - Open Intent Discovery Finished...
