2021-07-27 07:21:07,517 - Discovery - Open Intent Discovery Begin...
2021-07-27 07:21:07,517 - Discovery - Parameters Initialization...
2021-07-27 07:21:07,517 - Discovery - ============================== Params ==============================
2021-07-27 07:21:07,517 - Discovery - type:	open_intent_discovery
2021-07-27 07:21:07,517 - Discovery - logger_name:	Discovery
2021-07-27 07:21:07,517 - Discovery - log_dir:	logs
2021-07-27 07:21:07,517 - Discovery - dataset:	banking
2021-07-27 07:21:07,517 - Discovery - known_cls_ratio:	0.75
2021-07-27 07:21:07,518 - Discovery - labeled_ratio:	0.1
2021-07-27 07:21:07,518 - Discovery - cluster_num_factor:	1.0
2021-07-27 07:21:07,518 - Discovery - method:	KM
2021-07-27 07:21:07,518 - Discovery - train:	True
2021-07-27 07:21:07,518 - Discovery - save_model:	False
2021-07-27 07:21:07,518 - Discovery - backbone:	glove
2021-07-27 07:21:07,518 - Discovery - num_train_epochs:	100
2021-07-27 07:21:07,518 - Discovery - setting:	unsupervised
2021-07-27 07:21:07,518 - Discovery - config_file_name:	KM
2021-07-27 07:21:07,518 - Discovery - seed:	3
2021-07-27 07:21:07,518 - Discovery - gpu_id:	0
2021-07-27 07:21:07,518 - Discovery - pipe_results_path:	pipe_results
2021-07-27 07:21:07,518 - Discovery - data_dir:	/home/zhanghanlei/git/TEXTOIR/open_intent_discovery/../data
2021-07-27 07:21:07,518 - Discovery - output_dir:	/home/sharing/disk2/zhanghanlei/save_data_162/TEXTOIR/outputs
2021-07-27 07:21:07,518 - Discovery - model_dir:	models
2021-07-27 07:21:07,518 - Discovery - result_dir:	results
2021-07-27 07:21:07,518 - Discovery - results_file_name:	results_KM.csv
2021-07-27 07:21:07,518 - Discovery - save_results:	True
2021-07-27 07:21:07,518 - Discovery - method_output_dir:	/home/sharing/disk2/zhanghanlei/save_data_162/TEXTOIR/outputs/open_intent_discovery/KM_banking_0.75_0.1_glove_3
2021-07-27 07:21:07,518 - Discovery - model_output_dir:	/home/sharing/disk2/zhanghanlei/save_data_162/TEXTOIR/outputs/open_intent_discovery/KM_banking_0.75_0.1_glove_3/models
2021-07-27 07:21:07,518 - Discovery - glove_model:	/home/sharing/disk1/pretrained_embedding/glove
2021-07-27 07:21:07,518 - Discovery - max_num_words:	10000
2021-07-27 07:21:07,518 - Discovery - ============================== End Params ==============================
2021-07-27 07:21:07,518 - Discovery - Data and Model Preparation...
2021-07-27 07:21:09,007 - Discovery - Building GloVe (D=300)...
2021-07-27 07:21:28,072 - Discovery - Building finished!
2021-07-27 07:21:28,186 - Discovery - Training Begin...
2021-07-27 07:21:28,186 - Discovery - K-Means does not need training...
2021-07-27 07:21:28,186 - Discovery - Training Finished...
2021-07-27 07:21:28,186 - Discovery - Testing begin...
2021-07-27 07:21:28,186 - Discovery - K-Means start...
2021-07-27 07:21:33,194 - Discovery - K-Means finished...
2021-07-27 07:21:33,207 - Discovery - ***** Test: Confusion Matrix *****
2021-07-27 07:21:33,207 - Discovery - [[ 0  0  0 ...  0  2  0]
 [ 0  0  0 ...  0  1  0]
 [ 0  0  0 ...  0  0  0]
 ...
 [ 0  0  0 ...  0  2  0]
 [ 0  0  1 ...  0  0  5]
 [20  0  0 ...  0  0  0]]
2021-07-27 07:21:33,208 - Discovery - ***** Test results *****
2021-07-27 07:21:33,208 - Discovery -   ACC = 26.69
2021-07-27 07:21:33,208 - Discovery -   ARI = 11.82
2021-07-27 07:21:33,208 - Discovery -   NMI = 47.75
2021-07-27 07:21:33,208 - Discovery - Testing finished...
2021-07-27 07:21:33,208 - Discovery - Results saved in results/results_KM.csv
2021-07-27 07:21:33,230 - Discovery - Open Intent Discovery Finished...
