2021-07-27 07:21:36,316 - Discovery - Open Intent Discovery Begin...
2021-07-27 07:21:36,316 - Discovery - Parameters Initialization...
2021-07-27 07:21:36,316 - Discovery - ============================== Params ==============================
2021-07-27 07:21:36,316 - Discovery - type:	open_intent_discovery
2021-07-27 07:21:36,316 - Discovery - logger_name:	Discovery
2021-07-27 07:21:36,316 - Discovery - log_dir:	logs
2021-07-27 07:21:36,316 - Discovery - dataset:	banking
2021-07-27 07:21:36,316 - Discovery - known_cls_ratio:	0.75
2021-07-27 07:21:36,316 - Discovery - labeled_ratio:	0.1
2021-07-27 07:21:36,316 - Discovery - cluster_num_factor:	1.0
2021-07-27 07:21:36,316 - Discovery - method:	KM
2021-07-27 07:21:36,316 - Discovery - train:	True
2021-07-27 07:21:36,316 - Discovery - save_model:	False
2021-07-27 07:21:36,316 - Discovery - backbone:	glove
2021-07-27 07:21:36,316 - Discovery - num_train_epochs:	100
2021-07-27 07:21:36,316 - Discovery - setting:	unsupervised
2021-07-27 07:21:36,316 - Discovery - config_file_name:	KM
2021-07-27 07:21:36,316 - Discovery - seed:	4
2021-07-27 07:21:36,316 - Discovery - gpu_id:	0
2021-07-27 07:21:36,316 - Discovery - pipe_results_path:	pipe_results
2021-07-27 07:21:36,316 - Discovery - data_dir:	/home/zhanghanlei/git/TEXTOIR/open_intent_discovery/../data
2021-07-27 07:21:36,316 - Discovery - output_dir:	/home/sharing/disk2/zhanghanlei/save_data_162/TEXTOIR/outputs
2021-07-27 07:21:36,316 - Discovery - model_dir:	models
2021-07-27 07:21:36,316 - Discovery - result_dir:	results
2021-07-27 07:21:36,316 - Discovery - results_file_name:	results_KM.csv
2021-07-27 07:21:36,317 - Discovery - save_results:	True
2021-07-27 07:21:36,317 - Discovery - method_output_dir:	/home/sharing/disk2/zhanghanlei/save_data_162/TEXTOIR/outputs/open_intent_discovery/KM_banking_0.75_0.1_glove_4
2021-07-27 07:21:36,317 - Discovery - model_output_dir:	/home/sharing/disk2/zhanghanlei/save_data_162/TEXTOIR/outputs/open_intent_discovery/KM_banking_0.75_0.1_glove_4/models
2021-07-27 07:21:36,317 - Discovery - glove_model:	/home/sharing/disk1/pretrained_embedding/glove
2021-07-27 07:21:36,317 - Discovery - max_num_words:	10000
2021-07-27 07:21:36,317 - Discovery - ============================== End Params ==============================
2021-07-27 07:21:36,317 - Discovery - Data and Model Preparation...
2021-07-27 07:21:37,774 - Discovery - Building GloVe (D=300)...
2021-07-27 07:21:56,913 - Discovery - Building finished!
2021-07-27 07:21:57,027 - Discovery - Training Begin...
2021-07-27 07:21:57,028 - Discovery - K-Means does not need training...
2021-07-27 07:21:57,028 - Discovery - Training Finished...
2021-07-27 07:21:57,028 - Discovery - Testing begin...
2021-07-27 07:21:57,028 - Discovery - K-Means start...
2021-07-27 07:22:02,852 - Discovery - K-Means finished...
2021-07-27 07:22:02,864 - Discovery - ***** Test: Confusion Matrix *****
2021-07-27 07:22:02,864 - Discovery - [[12  1  0 ...  0  0  0]
 [ 0  0  0 ...  0  1  0]
 [ 0  1  0 ...  0  1  0]
 ...
 [ 0  0  0 ...  0  0  0]
 [ 1  0  0 ...  0  0  0]
 [ 1  1  0 ...  0  0  0]]
2021-07-27 07:22:02,865 - Discovery - ***** Test results *****
2021-07-27 07:22:02,865 - Discovery -   ACC = 27.99
2021-07-27 07:22:02,865 - Discovery -   ARI = 12.49
2021-07-27 07:22:02,865 - Discovery -   NMI = 49.31
2021-07-27 07:22:02,865 - Discovery - Testing finished...
2021-07-27 07:22:02,865 - Discovery - Results saved in results/results_KM.csv
2021-07-27 07:22:02,888 - Discovery - Open Intent Discovery Finished...
