2021-07-27 07:22:05,936 - Discovery - Open Intent Discovery Begin...
2021-07-27 07:22:05,936 - Discovery - Parameters Initialization...
2021-07-27 07:22:05,936 - Discovery - ============================== Params ==============================
2021-07-27 07:22:05,936 - Discovery - type:	open_intent_discovery
2021-07-27 07:22:05,936 - Discovery - logger_name:	Discovery
2021-07-27 07:22:05,936 - Discovery - log_dir:	logs
2021-07-27 07:22:05,936 - Discovery - dataset:	banking
2021-07-27 07:22:05,936 - Discovery - known_cls_ratio:	0.75
2021-07-27 07:22:05,936 - Discovery - labeled_ratio:	0.1
2021-07-27 07:22:05,936 - Discovery - cluster_num_factor:	1.0
2021-07-27 07:22:05,936 - Discovery - method:	KM
2021-07-27 07:22:05,936 - Discovery - train:	True
2021-07-27 07:22:05,936 - Discovery - save_model:	False
2021-07-27 07:22:05,936 - Discovery - backbone:	glove
2021-07-27 07:22:05,936 - Discovery - num_train_epochs:	100
2021-07-27 07:22:05,936 - Discovery - setting:	unsupervised
2021-07-27 07:22:05,936 - Discovery - config_file_name:	KM
2021-07-27 07:22:05,936 - Discovery - seed:	5
2021-07-27 07:22:05,936 - Discovery - gpu_id:	0
2021-07-27 07:22:05,936 - Discovery - pipe_results_path:	pipe_results
2021-07-27 07:22:05,936 - Discovery - data_dir:	/home/zhanghanlei/git/TEXTOIR/open_intent_discovery/../data
2021-07-27 07:22:05,936 - Discovery - output_dir:	/home/sharing/disk2/zhanghanlei/save_data_162/TEXTOIR/outputs
2021-07-27 07:22:05,936 - Discovery - model_dir:	models
2021-07-27 07:22:05,936 - Discovery - result_dir:	results
2021-07-27 07:22:05,936 - Discovery - results_file_name:	results_KM.csv
2021-07-27 07:22:05,936 - Discovery - save_results:	True
2021-07-27 07:22:05,936 - Discovery - method_output_dir:	/home/sharing/disk2/zhanghanlei/save_data_162/TEXTOIR/outputs/open_intent_discovery/KM_banking_0.75_0.1_glove_5
2021-07-27 07:22:05,936 - Discovery - model_output_dir:	/home/sharing/disk2/zhanghanlei/save_data_162/TEXTOIR/outputs/open_intent_discovery/KM_banking_0.75_0.1_glove_5/models
2021-07-27 07:22:05,936 - Discovery - glove_model:	/home/sharing/disk1/pretrained_embedding/glove
2021-07-27 07:22:05,936 - Discovery - max_num_words:	10000
2021-07-27 07:22:05,936 - Discovery - ============================== End Params ==============================
2021-07-27 07:22:05,936 - Discovery - Data and Model Preparation...
2021-07-27 07:22:07,402 - Discovery - Building GloVe (D=300)...
2021-07-27 07:22:26,614 - Discovery - Building finished!
2021-07-27 07:22:26,730 - Discovery - Training Begin...
2021-07-27 07:22:26,730 - Discovery - K-Means does not need training...
2021-07-27 07:22:26,730 - Discovery - Training Finished...
2021-07-27 07:22:26,730 - Discovery - Testing begin...
2021-07-27 07:22:26,730 - Discovery - K-Means start...
2021-07-27 07:22:31,952 - Discovery - K-Means finished...
2021-07-27 07:22:31,964 - Discovery - ***** Test: Confusion Matrix *****
2021-07-27 07:22:31,965 - Discovery - [[0 0 0 ... 0 0 2]
 [0 0 0 ... 0 1 1]
 [0 0 0 ... 0 0 2]
 ...
 [0 0 2 ... 0 0 0]
 [0 0 0 ... 0 0 0]
 [0 0 0 ... 0 0 2]]
2021-07-27 07:22:31,965 - Discovery - ***** Test results *****
2021-07-27 07:22:31,965 - Discovery -   ACC = 27.6
2021-07-27 07:22:31,965 - Discovery -   ARI = 12.76
2021-07-27 07:22:31,965 - Discovery -   NMI = 48.91
2021-07-27 07:22:31,965 - Discovery - Testing finished...
2021-07-27 07:22:31,965 - Discovery - Results saved in results/results_KM.csv
2021-07-27 07:22:31,988 - Discovery - Open Intent Discovery Finished...
