2021-07-27 12:01:48,322 - Discovery - Open Intent Discovery Begin...
2021-07-27 12:01:48,322 - Discovery - Parameters Initialization...
2021-07-27 12:01:48,323 - Discovery - ============================== Params ==============================
2021-07-27 12:01:48,323 - Discovery - type:	open_intent_discovery
2021-07-27 12:01:48,323 - Discovery - logger_name:	Discovery
2021-07-27 12:01:48,323 - Discovery - log_dir:	logs
2021-07-27 12:01:48,323 - Discovery - dataset:	banking
2021-07-27 12:01:48,323 - Discovery - known_cls_ratio:	0.75
2021-07-27 12:01:48,323 - Discovery - labeled_ratio:	0.1
2021-07-27 12:01:48,323 - Discovery - cluster_num_factor:	1.0
2021-07-27 12:01:48,323 - Discovery - method:	KM
2021-07-27 12:01:48,323 - Discovery - train:	True
2021-07-27 12:01:48,323 - Discovery - save_model:	False
2021-07-27 12:01:48,323 - Discovery - backbone:	glove
2021-07-27 12:01:48,323 - Discovery - setting:	unsupervised
2021-07-27 12:01:48,323 - Discovery - config_file_name:	KM
2021-07-27 12:01:48,323 - Discovery - seed:	1
2021-07-27 12:01:48,323 - Discovery - gpu_id:	0
2021-07-27 12:01:48,323 - Discovery - pipe_results_path:	pipe_results
2021-07-27 12:01:48,323 - Discovery - data_dir:	/home/zhanghanlei/git/TEXTOIR/open_intent_discovery/../data
2021-07-27 12:01:48,323 - Discovery - output_dir:	/home/sharing/disk2/zhanghanlei/save_data_162/TEXTOIR/outputs
2021-07-27 12:01:48,323 - Discovery - model_dir:	models
2021-07-27 12:01:48,323 - Discovery - result_dir:	results
2021-07-27 12:01:48,323 - Discovery - results_file_name:	results_KM.csv
2021-07-27 12:01:48,323 - Discovery - save_results:	True
2021-07-27 12:01:48,323 - Discovery - method_output_dir:	/home/sharing/disk2/zhanghanlei/save_data_162/TEXTOIR/outputs/open_intent_discovery/KM_banking_0.75_0.1_glove_1
2021-07-27 12:01:48,323 - Discovery - model_output_dir:	/home/sharing/disk2/zhanghanlei/save_data_162/TEXTOIR/outputs/open_intent_discovery/KM_banking_0.75_0.1_glove_1/models
2021-07-27 12:01:48,323 - Discovery - glove_model:	/home/sharing/disk1/pretrained_embedding/glove
2021-07-27 12:01:48,323 - Discovery - max_num_words:	10000
2021-07-27 12:01:48,323 - Discovery - ============================== End Params ==============================
2021-07-27 12:01:48,323 - Discovery - Data and Model Preparation...
