2021-07-27 07:23:33,844 - Discovery - Open Intent Discovery Begin...
2021-07-27 07:23:33,845 - Discovery - Parameters Initialization...
2021-07-27 07:23:33,845 - Discovery - ============================== Params ==============================
2021-07-27 07:23:33,845 - Discovery - type:	open_intent_discovery
2021-07-27 07:23:33,845 - Discovery - logger_name:	Discovery
2021-07-27 07:23:33,845 - Discovery - log_dir:	logs
2021-07-27 07:23:33,845 - Discovery - dataset:	banking
2021-07-27 07:23:33,845 - Discovery - known_cls_ratio:	0.75
2021-07-27 07:23:33,845 - Discovery - labeled_ratio:	0.1
2021-07-27 07:23:33,845 - Discovery - cluster_num_factor:	1.0
2021-07-27 07:23:33,845 - Discovery - method:	KM
2021-07-27 07:23:33,845 - Discovery - train:	True
2021-07-27 07:23:33,845 - Discovery - save_model:	False
2021-07-27 07:23:33,845 - Discovery - backbone:	glove
2021-07-27 07:23:33,845 - Discovery - num_train_epochs:	100
2021-07-27 07:23:33,845 - Discovery - setting:	unsupervised
2021-07-27 07:23:33,845 - Discovery - config_file_name:	KM
2021-07-27 07:23:33,845 - Discovery - seed:	8
2021-07-27 07:23:33,845 - Discovery - gpu_id:	0
2021-07-27 07:23:33,845 - Discovery - pipe_results_path:	pipe_results
2021-07-27 07:23:33,845 - Discovery - data_dir:	/home/zhanghanlei/git/TEXTOIR/open_intent_discovery/../data
2021-07-27 07:23:33,845 - Discovery - output_dir:	/home/sharing/disk2/zhanghanlei/save_data_162/TEXTOIR/outputs
2021-07-27 07:23:33,845 - Discovery - model_dir:	models
2021-07-27 07:23:33,845 - Discovery - result_dir:	results
2021-07-27 07:23:33,845 - Discovery - results_file_name:	results_KM.csv
2021-07-27 07:23:33,845 - Discovery - save_results:	True
2021-07-27 07:23:33,845 - Discovery - method_output_dir:	/home/sharing/disk2/zhanghanlei/save_data_162/TEXTOIR/outputs/open_intent_discovery/KM_banking_0.75_0.1_glove_8
2021-07-27 07:23:33,845 - Discovery - model_output_dir:	/home/sharing/disk2/zhanghanlei/save_data_162/TEXTOIR/outputs/open_intent_discovery/KM_banking_0.75_0.1_glove_8/models
2021-07-27 07:23:33,845 - Discovery - glove_model:	/home/sharing/disk1/pretrained_embedding/glove
2021-07-27 07:23:33,845 - Discovery - max_num_words:	10000
2021-07-27 07:23:33,845 - Discovery - ============================== End Params ==============================
2021-07-27 07:23:33,845 - Discovery - Data and Model Preparation...
2021-07-27 07:23:35,369 - Discovery - Building GloVe (D=300)...
2021-07-27 07:23:54,566 - Discovery - Building finished!
2021-07-27 07:23:54,681 - Discovery - Training Begin...
2021-07-27 07:23:54,681 - Discovery - K-Means does not need training...
2021-07-27 07:23:54,681 - Discovery - Training Finished...
2021-07-27 07:23:54,682 - Discovery - Testing begin...
2021-07-27 07:23:54,682 - Discovery - K-Means start...
2021-07-27 07:23:59,980 - Discovery - K-Means finished...
2021-07-27 07:23:59,992 - Discovery - ***** Test: Confusion Matrix *****
2021-07-27 07:23:59,993 - Discovery - [[ 0  0  0 ...  0  0  0]
 [ 4 10  0 ...  0  0  0]
 [ 0  1  0 ...  0  0  0]
 ...
 [ 0  0  0 ...  0  0  0]
 [ 0  0  0 ...  0  0  1]
 [ 0  0  0 ...  0  0  0]]
2021-07-27 07:23:59,993 - Discovery - ***** Test results *****
2021-07-27 07:23:59,993 - Discovery -   ACC = 29.68
2021-07-27 07:23:59,994 - Discovery -   ARI = 13.22
2021-07-27 07:23:59,994 - Discovery -   NMI = 49.21
2021-07-27 07:23:59,994 - Discovery - Testing finished...
2021-07-27 07:23:59,994 - Discovery - Results saved in results/results_KM.csv
2021-07-27 07:24:00,017 - Discovery - Open Intent Discovery Finished...
