2021-07-27 07:19:39,721 - Discovery - Open Intent Discovery Begin...
2021-07-27 07:19:39,721 - Discovery - Parameters Initialization...
2021-07-27 07:19:39,721 - Discovery - ============================== Params ==============================
2021-07-27 07:19:39,721 - Discovery - type:	open_intent_discovery
2021-07-27 07:19:39,721 - Discovery - logger_name:	Discovery
2021-07-27 07:19:39,721 - Discovery - log_dir:	logs
2021-07-27 07:19:39,721 - Discovery - dataset:	banking
2021-07-27 07:19:39,721 - Discovery - known_cls_ratio:	0.75
2021-07-27 07:19:39,721 - Discovery - labeled_ratio:	0.1
2021-07-27 07:19:39,721 - Discovery - cluster_num_factor:	1.0
2021-07-27 07:19:39,721 - Discovery - method:	KM
2021-07-27 07:19:39,721 - Discovery - train:	True
2021-07-27 07:19:39,721 - Discovery - save_model:	False
2021-07-27 07:19:39,721 - Discovery - backbone:	glove
2021-07-27 07:19:39,721 - Discovery - num_train_epochs:	100
2021-07-27 07:19:39,721 - Discovery - setting:	unsupervised
2021-07-27 07:19:39,721 - Discovery - config_file_name:	KM
2021-07-27 07:19:39,721 - Discovery - seed:	0
2021-07-27 07:19:39,721 - Discovery - gpu_id:	0
2021-07-27 07:19:39,721 - Discovery - pipe_results_path:	pipe_results
2021-07-27 07:19:39,721 - Discovery - data_dir:	/home/zhanghanlei/git/TEXTOIR/open_intent_discovery/../data
2021-07-27 07:19:39,721 - Discovery - output_dir:	/home/sharing/disk2/zhanghanlei/save_data_162/TEXTOIR/outputs
2021-07-27 07:19:39,721 - Discovery - model_dir:	models
2021-07-27 07:19:39,721 - Discovery - result_dir:	results
2021-07-27 07:19:39,721 - Discovery - results_file_name:	results_KM.csv
2021-07-27 07:19:39,721 - Discovery - save_results:	True
2021-07-27 07:19:39,721 - Discovery - method_output_dir:	/home/sharing/disk2/zhanghanlei/save_data_162/TEXTOIR/outputs/open_intent_discovery/KM_banking_0.75_0.1_glove_0
2021-07-27 07:19:39,721 - Discovery - model_output_dir:	/home/sharing/disk2/zhanghanlei/save_data_162/TEXTOIR/outputs/open_intent_discovery/KM_banking_0.75_0.1_glove_0/models
2021-07-27 07:19:39,721 - Discovery - glove_model:	/home/sharing/disk1/pretrained_embedding/glove
2021-07-27 07:19:39,721 - Discovery - max_num_words:	10000
2021-07-27 07:19:39,721 - Discovery - ============================== End Params ==============================
2021-07-27 07:19:39,721 - Discovery - Data and Model Preparation...
2021-07-27 07:19:41,210 - Discovery - Building GloVe (D=300)...
2021-07-27 07:20:00,356 - Discovery - Building finished!
2021-07-27 07:20:00,480 - Discovery - Training Begin...
2021-07-27 07:20:00,480 - Discovery - K-Means does not need training...
2021-07-27 07:20:00,480 - Discovery - Training Finished...
2021-07-27 07:20:00,480 - Discovery - Testing begin...
2021-07-27 07:20:00,480 - Discovery - K-Means start...
2021-07-27 07:20:05,605 - Discovery - K-Means finished...
2021-07-27 07:20:05,617 - Discovery - ***** Test: Confusion Matrix *****
2021-07-27 07:20:05,618 - Discovery - [[0 0 0 ... 0 0 0]
 [0 0 0 ... 0 0 0]
 [0 0 6 ... 0 0 5]
 ...
 [0 0 1 ... 0 0 0]
 [0 0 1 ... 0 0 0]
 [0 0 0 ... 1 0 0]]
2021-07-27 07:20:05,618 - Discovery - ***** Test results *****
2021-07-27 07:20:05,618 - Discovery -   ACC = 28.05
2021-07-27 07:20:05,618 - Discovery -   ARI = 13.11
2021-07-27 07:20:05,618 - Discovery -   NMI = 49.05
2021-07-27 07:20:05,619 - Discovery - Testing finished...
2021-07-27 07:20:05,619 - Discovery - Results saved in results/results_KM.csv
2021-07-27 07:20:05,640 - Discovery - Open Intent Discovery Finished...
