2021-07-27 07:23:04,606 - Discovery - Open Intent Discovery Begin...
2021-07-27 07:23:04,606 - Discovery - Parameters Initialization...
2021-07-27 07:23:04,607 - Discovery - ============================== Params ==============================
2021-07-27 07:23:04,607 - Discovery - type:	open_intent_discovery
2021-07-27 07:23:04,607 - Discovery - logger_name:	Discovery
2021-07-27 07:23:04,607 - Discovery - log_dir:	logs
2021-07-27 07:23:04,607 - Discovery - dataset:	banking
2021-07-27 07:23:04,607 - Discovery - known_cls_ratio:	0.75
2021-07-27 07:23:04,607 - Discovery - labeled_ratio:	0.1
2021-07-27 07:23:04,607 - Discovery - cluster_num_factor:	1.0
2021-07-27 07:23:04,607 - Discovery - method:	KM
2021-07-27 07:23:04,607 - Discovery - train:	True
2021-07-27 07:23:04,607 - Discovery - save_model:	False
2021-07-27 07:23:04,607 - Discovery - backbone:	glove
2021-07-27 07:23:04,607 - Discovery - num_train_epochs:	100
2021-07-27 07:23:04,607 - Discovery - setting:	unsupervised
2021-07-27 07:23:04,607 - Discovery - config_file_name:	KM
2021-07-27 07:23:04,607 - Discovery - seed:	7
2021-07-27 07:23:04,607 - Discovery - gpu_id:	0
2021-07-27 07:23:04,607 - Discovery - pipe_results_path:	pipe_results
2021-07-27 07:23:04,607 - Discovery - data_dir:	/home/zhanghanlei/git/TEXTOIR/open_intent_discovery/../data
2021-07-27 07:23:04,607 - Discovery - output_dir:	/home/sharing/disk2/zhanghanlei/save_data_162/TEXTOIR/outputs
2021-07-27 07:23:04,607 - Discovery - model_dir:	models
2021-07-27 07:23:04,607 - Discovery - result_dir:	results
2021-07-27 07:23:04,607 - Discovery - results_file_name:	results_KM.csv
2021-07-27 07:23:04,607 - Discovery - save_results:	True
2021-07-27 07:23:04,607 - Discovery - method_output_dir:	/home/sharing/disk2/zhanghanlei/save_data_162/TEXTOIR/outputs/open_intent_discovery/KM_banking_0.75_0.1_glove_7
2021-07-27 07:23:04,607 - Discovery - model_output_dir:	/home/sharing/disk2/zhanghanlei/save_data_162/TEXTOIR/outputs/open_intent_discovery/KM_banking_0.75_0.1_glove_7/models
2021-07-27 07:23:04,607 - Discovery - glove_model:	/home/sharing/disk1/pretrained_embedding/glove
2021-07-27 07:23:04,607 - Discovery - max_num_words:	10000
2021-07-27 07:23:04,607 - Discovery - ============================== End Params ==============================
2021-07-27 07:23:04,607 - Discovery - Data and Model Preparation...
2021-07-27 07:23:06,121 - Discovery - Building GloVe (D=300)...
2021-07-27 07:23:25,326 - Discovery - Building finished!
2021-07-27 07:23:25,442 - Discovery - Training Begin...
2021-07-27 07:23:25,442 - Discovery - K-Means does not need training...
2021-07-27 07:23:25,442 - Discovery - Training Finished...
2021-07-27 07:23:25,442 - Discovery - Testing begin...
2021-07-27 07:23:25,442 - Discovery - K-Means start...
2021-07-27 07:23:30,717 - Discovery - K-Means finished...
2021-07-27 07:23:30,729 - Discovery - ***** Test: Confusion Matrix *****
2021-07-27 07:23:30,730 - Discovery - [[0 2 0 ... 0 0 0]
 [0 1 0 ... 0 0 0]
 [0 0 0 ... 0 0 0]
 ...
 [0 2 0 ... 0 0 0]
 [0 0 0 ... 1 0 0]
 [0 0 0 ... 0 0 1]]
2021-07-27 07:23:30,730 - Discovery - ***** Test results *****
2021-07-27 07:23:30,730 - Discovery -   ACC = 28.41
2021-07-27 07:23:30,731 - Discovery -   ARI = 13.41
2021-07-27 07:23:30,731 - Discovery -   NMI = 49.49
2021-07-27 07:23:30,731 - Discovery - Testing finished...
2021-07-27 07:23:30,731 - Discovery - Results saved in results/results_KM.csv
2021-07-27 07:23:30,754 - Discovery - Open Intent Discovery Finished...
