2021-07-27 07:27:30,022 - Discovery - Open Intent Discovery Begin...
2021-07-27 07:27:30,022 - Discovery - Parameters Initialization...
2021-07-27 07:27:30,023 - Discovery - ============================== Params ==============================
2021-07-27 07:27:30,023 - Discovery - type:	open_intent_discovery
2021-07-27 07:27:30,023 - Discovery - logger_name:	Discovery
2021-07-27 07:27:30,023 - Discovery - log_dir:	logs
2021-07-27 07:27:30,023 - Discovery - dataset:	clinc
2021-07-27 07:27:30,023 - Discovery - known_cls_ratio:	0.75
2021-07-27 07:27:30,023 - Discovery - labeled_ratio:	0.1
2021-07-27 07:27:30,023 - Discovery - cluster_num_factor:	1.0
2021-07-27 07:27:30,023 - Discovery - method:	KM
2021-07-27 07:27:30,023 - Discovery - train:	True
2021-07-27 07:27:30,023 - Discovery - save_model:	False
2021-07-27 07:27:30,023 - Discovery - backbone:	glove
2021-07-27 07:27:30,023 - Discovery - num_train_epochs:	100
2021-07-27 07:27:30,023 - Discovery - setting:	unsupervised
2021-07-27 07:27:30,023 - Discovery - config_file_name:	KM
2021-07-27 07:27:30,023 - Discovery - seed:	0
2021-07-27 07:27:30,023 - Discovery - gpu_id:	0
2021-07-27 07:27:30,023 - Discovery - pipe_results_path:	pipe_results
2021-07-27 07:27:30,023 - Discovery - data_dir:	/home/zhanghanlei/git/TEXTOIR/open_intent_discovery/../data
2021-07-27 07:27:30,023 - Discovery - output_dir:	/home/sharing/disk2/zhanghanlei/save_data_162/TEXTOIR/outputs
2021-07-27 07:27:30,023 - Discovery - model_dir:	models
2021-07-27 07:27:30,023 - Discovery - result_dir:	results
2021-07-27 07:27:30,023 - Discovery - results_file_name:	results_KM.csv
2021-07-27 07:27:30,023 - Discovery - save_results:	True
2021-07-27 07:27:30,023 - Discovery - method_output_dir:	/home/sharing/disk2/zhanghanlei/save_data_162/TEXTOIR/outputs/open_intent_discovery/KM_clinc_0.75_0.1_glove_0
2021-07-27 07:27:30,023 - Discovery - model_output_dir:	/home/sharing/disk2/zhanghanlei/save_data_162/TEXTOIR/outputs/open_intent_discovery/KM_clinc_0.75_0.1_glove_0/models
2021-07-27 07:27:30,023 - Discovery - glove_model:	/home/sharing/disk1/pretrained_embedding/glove
2021-07-27 07:27:30,023 - Discovery - max_num_words:	10000
2021-07-27 07:27:30,023 - Discovery - ============================== End Params ==============================
2021-07-27 07:27:30,023 - Discovery - Data and Model Preparation...
2021-07-27 07:27:31,916 - Discovery - Building GloVe (D=300)...
2021-07-27 07:27:51,185 - Discovery - Building finished!
2021-07-27 07:27:51,300 - Discovery - Training Begin...
2021-07-27 07:27:51,300 - Discovery - K-Means does not need training...
2021-07-27 07:27:51,300 - Discovery - Training Finished...
2021-07-27 07:27:51,300 - Discovery - Testing begin...
2021-07-27 07:27:51,300 - Discovery - K-Means start...
2021-07-27 07:28:11,950 - Discovery - K-Means finished...
2021-07-27 07:28:11,961 - Discovery - ***** Test: Confusion Matrix *****
2021-07-27 07:28:11,961 - Discovery - [[0 0 0 ... 0 0 0]
 [0 0 2 ... 0 0 0]
 [0 1 0 ... 0 0 0]
 ...
 [0 0 0 ... 0 0 0]
 [0 0 0 ... 0 0 0]
 [1 0 0 ... 0 0 0]]
2021-07-27 07:28:11,962 - Discovery - ***** Test results *****
2021-07-27 07:28:11,962 - Discovery -   ACC = 46.93
2021-07-27 07:28:11,962 - Discovery -   ARI = 28.27
2021-07-27 07:28:11,962 - Discovery -   NMI = 71.18
2021-07-27 07:28:11,962 - Discovery - Testing finished...
2021-07-27 07:28:11,962 - Discovery - Results saved in results/results_KM.csv
2021-07-27 07:28:11,985 - Discovery - Open Intent Discovery Finished...
