2021-07-27 07:32:45,107 - Discovery - Open Intent Discovery Begin...
2021-07-27 07:32:45,108 - Discovery - Parameters Initialization...
2021-07-27 07:32:45,108 - Discovery - ============================== Params ==============================
2021-07-27 07:32:45,108 - Discovery - type:	open_intent_discovery
2021-07-27 07:32:45,108 - Discovery - logger_name:	Discovery
2021-07-27 07:32:45,108 - Discovery - log_dir:	logs
2021-07-27 07:32:45,108 - Discovery - dataset:	clinc
2021-07-27 07:32:45,108 - Discovery - known_cls_ratio:	0.75
2021-07-27 07:32:45,108 - Discovery - labeled_ratio:	0.1
2021-07-27 07:32:45,108 - Discovery - cluster_num_factor:	1.0
2021-07-27 07:32:45,108 - Discovery - method:	KM
2021-07-27 07:32:45,108 - Discovery - train:	True
2021-07-27 07:32:45,108 - Discovery - save_model:	False
2021-07-27 07:32:45,108 - Discovery - backbone:	glove
2021-07-27 07:32:45,108 - Discovery - num_train_epochs:	100
2021-07-27 07:32:45,108 - Discovery - setting:	unsupervised
2021-07-27 07:32:45,108 - Discovery - config_file_name:	KM
2021-07-27 07:32:45,108 - Discovery - seed:	7
2021-07-27 07:32:45,108 - Discovery - gpu_id:	0
2021-07-27 07:32:45,108 - Discovery - pipe_results_path:	pipe_results
2021-07-27 07:32:45,108 - Discovery - data_dir:	/home/zhanghanlei/git/TEXTOIR/open_intent_discovery/../data
2021-07-27 07:32:45,108 - Discovery - output_dir:	/home/sharing/disk2/zhanghanlei/save_data_162/TEXTOIR/outputs
2021-07-27 07:32:45,108 - Discovery - model_dir:	models
2021-07-27 07:32:45,108 - Discovery - result_dir:	results
2021-07-27 07:32:45,109 - Discovery - results_file_name:	results_KM.csv
2021-07-27 07:32:45,109 - Discovery - save_results:	True
2021-07-27 07:32:45,109 - Discovery - method_output_dir:	/home/sharing/disk2/zhanghanlei/save_data_162/TEXTOIR/outputs/open_intent_discovery/KM_clinc_0.75_0.1_glove_7
2021-07-27 07:32:45,109 - Discovery - model_output_dir:	/home/sharing/disk2/zhanghanlei/save_data_162/TEXTOIR/outputs/open_intent_discovery/KM_clinc_0.75_0.1_glove_7/models
2021-07-27 07:32:45,109 - Discovery - glove_model:	/home/sharing/disk1/pretrained_embedding/glove
2021-07-27 07:32:45,109 - Discovery - max_num_words:	10000
2021-07-27 07:32:45,109 - Discovery - ============================== End Params ==============================
2021-07-27 07:32:45,109 - Discovery - Data and Model Preparation...
2021-07-27 07:32:46,990 - Discovery - Building GloVe (D=300)...
2021-07-27 07:33:06,614 - Discovery - Building finished!
2021-07-27 07:33:06,733 - Discovery - Training Begin...
2021-07-27 07:33:06,733 - Discovery - K-Means does not need training...
2021-07-27 07:33:06,733 - Discovery - Training Finished...
2021-07-27 07:33:06,733 - Discovery - Testing begin...
2021-07-27 07:33:06,733 - Discovery - K-Means start...
2021-07-27 07:33:26,287 - Discovery - K-Means finished...
2021-07-27 07:33:26,298 - Discovery - ***** Test: Confusion Matrix *****
2021-07-27 07:33:26,298 - Discovery - [[0 0 0 ... 0 0 0]
 [0 0 0 ... 0 0 0]
 [0 0 0 ... 0 0 0]
 ...
 [0 0 0 ... 2 0 0]
 [0 0 0 ... 0 0 0]
 [0 0 0 ... 0 0 0]]
2021-07-27 07:33:26,299 - Discovery - ***** Test results *****
2021-07-27 07:33:26,299 - Discovery -   ACC = 47.11
2021-07-27 07:33:26,299 - Discovery -   ARI = 28.1
2021-07-27 07:33:26,299 - Discovery -   NMI = 71.2
2021-07-27 07:33:26,299 - Discovery - Testing finished...
2021-07-27 07:33:26,299 - Discovery - Results saved in results/results_KM.csv
2021-07-27 07:33:26,324 - Discovery - Open Intent Discovery Finished...
