2021-07-27 07:28:59,486 - Discovery - Open Intent Discovery Begin...
2021-07-27 07:28:59,486 - Discovery - Parameters Initialization...
2021-07-27 07:28:59,486 - Discovery - ============================== Params ==============================
2021-07-27 07:28:59,486 - Discovery - type:	open_intent_discovery
2021-07-27 07:28:59,486 - Discovery - logger_name:	Discovery
2021-07-27 07:28:59,486 - Discovery - log_dir:	logs
2021-07-27 07:28:59,486 - Discovery - dataset:	clinc
2021-07-27 07:28:59,486 - Discovery - known_cls_ratio:	0.75
2021-07-27 07:28:59,486 - Discovery - labeled_ratio:	0.1
2021-07-27 07:28:59,486 - Discovery - cluster_num_factor:	1.0
2021-07-27 07:28:59,486 - Discovery - method:	KM
2021-07-27 07:28:59,486 - Discovery - train:	True
2021-07-27 07:28:59,486 - Discovery - save_model:	False
2021-07-27 07:28:59,486 - Discovery - backbone:	glove
2021-07-27 07:28:59,486 - Discovery - num_train_epochs:	100
2021-07-27 07:28:59,487 - Discovery - setting:	unsupervised
2021-07-27 07:28:59,487 - Discovery - config_file_name:	KM
2021-07-27 07:28:59,487 - Discovery - seed:	2
2021-07-27 07:28:59,487 - Discovery - gpu_id:	0
2021-07-27 07:28:59,487 - Discovery - pipe_results_path:	pipe_results
2021-07-27 07:28:59,487 - Discovery - data_dir:	/home/zhanghanlei/git/TEXTOIR/open_intent_discovery/../data
2021-07-27 07:28:59,487 - Discovery - output_dir:	/home/sharing/disk2/zhanghanlei/save_data_162/TEXTOIR/outputs
2021-07-27 07:28:59,487 - Discovery - model_dir:	models
2021-07-27 07:28:59,487 - Discovery - result_dir:	results
2021-07-27 07:28:59,487 - Discovery - results_file_name:	results_KM.csv
2021-07-27 07:28:59,487 - Discovery - save_results:	True
2021-07-27 07:28:59,487 - Discovery - method_output_dir:	/home/sharing/disk2/zhanghanlei/save_data_162/TEXTOIR/outputs/open_intent_discovery/KM_clinc_0.75_0.1_glove_2
2021-07-27 07:28:59,487 - Discovery - model_output_dir:	/home/sharing/disk2/zhanghanlei/save_data_162/TEXTOIR/outputs/open_intent_discovery/KM_clinc_0.75_0.1_glove_2/models
2021-07-27 07:28:59,487 - Discovery - glove_model:	/home/sharing/disk1/pretrained_embedding/glove
2021-07-27 07:28:59,487 - Discovery - max_num_words:	10000
2021-07-27 07:28:59,487 - Discovery - ============================== End Params ==============================
2021-07-27 07:28:59,487 - Discovery - Data and Model Preparation...
2021-07-27 07:29:01,355 - Discovery - Building GloVe (D=300)...
2021-07-27 07:29:20,707 - Discovery - Building finished!
2021-07-27 07:29:20,823 - Discovery - Training Begin...
2021-07-27 07:29:20,823 - Discovery - K-Means does not need training...
2021-07-27 07:29:20,823 - Discovery - Training Finished...
2021-07-27 07:29:20,824 - Discovery - Testing begin...
2021-07-27 07:29:20,824 - Discovery - K-Means start...
2021-07-27 07:29:41,716 - Discovery - K-Means finished...
2021-07-27 07:29:41,728 - Discovery - ***** Test: Confusion Matrix *****
2021-07-27 07:29:41,728 - Discovery - [[0 0 0 ... 0 0 0]
 [0 0 0 ... 0 0 0]
 [0 0 0 ... 0 0 0]
 ...
 [0 0 0 ... 0 0 0]
 [0 0 0 ... 0 0 0]
 [0 0 0 ... 0 0 0]]
2021-07-27 07:29:41,729 - Discovery - ***** Test results *****
2021-07-27 07:29:41,729 - Discovery -   ACC = 45.47
2021-07-27 07:29:41,729 - Discovery -   ARI = 26.94
2021-07-27 07:29:41,729 - Discovery -   NMI = 70.56
2021-07-27 07:29:41,729 - Discovery - Testing finished...
2021-07-27 07:29:41,729 - Discovery - Results saved in results/results_KM.csv
2021-07-27 07:29:41,753 - Discovery - Open Intent Discovery Finished...
