2021-07-27 07:32:00,349 - Discovery - Open Intent Discovery Begin...
2021-07-27 07:32:00,350 - Discovery - Parameters Initialization...
2021-07-27 07:32:00,350 - Discovery - ============================== Params ==============================
2021-07-27 07:32:00,350 - Discovery - type:	open_intent_discovery
2021-07-27 07:32:00,350 - Discovery - logger_name:	Discovery
2021-07-27 07:32:00,350 - Discovery - log_dir:	logs
2021-07-27 07:32:00,350 - Discovery - dataset:	clinc
2021-07-27 07:32:00,350 - Discovery - known_cls_ratio:	0.75
2021-07-27 07:32:00,350 - Discovery - labeled_ratio:	0.1
2021-07-27 07:32:00,350 - Discovery - cluster_num_factor:	1.0
2021-07-27 07:32:00,350 - Discovery - method:	KM
2021-07-27 07:32:00,350 - Discovery - train:	True
2021-07-27 07:32:00,350 - Discovery - save_model:	False
2021-07-27 07:32:00,350 - Discovery - backbone:	glove
2021-07-27 07:32:00,350 - Discovery - num_train_epochs:	100
2021-07-27 07:32:00,350 - Discovery - setting:	unsupervised
2021-07-27 07:32:00,350 - Discovery - config_file_name:	KM
2021-07-27 07:32:00,350 - Discovery - seed:	6
2021-07-27 07:32:00,350 - Discovery - gpu_id:	0
2021-07-27 07:32:00,350 - Discovery - pipe_results_path:	pipe_results
2021-07-27 07:32:00,350 - Discovery - data_dir:	/home/zhanghanlei/git/TEXTOIR/open_intent_discovery/../data
2021-07-27 07:32:00,350 - Discovery - output_dir:	/home/sharing/disk2/zhanghanlei/save_data_162/TEXTOIR/outputs
2021-07-27 07:32:00,350 - Discovery - model_dir:	models
2021-07-27 07:32:00,350 - Discovery - result_dir:	results
2021-07-27 07:32:00,350 - Discovery - results_file_name:	results_KM.csv
2021-07-27 07:32:00,350 - Discovery - save_results:	True
2021-07-27 07:32:00,350 - Discovery - method_output_dir:	/home/sharing/disk2/zhanghanlei/save_data_162/TEXTOIR/outputs/open_intent_discovery/KM_clinc_0.75_0.1_glove_6
2021-07-27 07:32:00,350 - Discovery - model_output_dir:	/home/sharing/disk2/zhanghanlei/save_data_162/TEXTOIR/outputs/open_intent_discovery/KM_clinc_0.75_0.1_glove_6/models
2021-07-27 07:32:00,350 - Discovery - glove_model:	/home/sharing/disk1/pretrained_embedding/glove
2021-07-27 07:32:00,350 - Discovery - max_num_words:	10000
2021-07-27 07:32:00,350 - Discovery - ============================== End Params ==============================
2021-07-27 07:32:00,350 - Discovery - Data and Model Preparation...
2021-07-27 07:32:02,200 - Discovery - Building GloVe (D=300)...
2021-07-27 07:32:21,081 - Discovery - Building finished!
2021-07-27 07:32:21,198 - Discovery - Training Begin...
2021-07-27 07:32:21,198 - Discovery - K-Means does not need training...
2021-07-27 07:32:21,198 - Discovery - Training Finished...
2021-07-27 07:32:21,198 - Discovery - Testing begin...
2021-07-27 07:32:21,198 - Discovery - K-Means start...
2021-07-27 07:32:41,814 - Discovery - K-Means finished...
2021-07-27 07:32:41,827 - Discovery - ***** Test: Confusion Matrix *****
2021-07-27 07:32:41,827 - Discovery - [[0 0 0 ... 0 0 0]
 [0 0 0 ... 0 0 0]
 [0 0 0 ... 0 0 0]
 ...
 [0 0 0 ... 0 0 0]
 [0 0 0 ... 0 0 0]
 [0 0 0 ... 0 0 0]]
2021-07-27 07:32:41,828 - Discovery - ***** Test results *****
2021-07-27 07:32:41,828 - Discovery -   ACC = 44.76
2021-07-27 07:32:41,828 - Discovery -   ARI = 26.78
2021-07-27 07:32:41,828 - Discovery -   NMI = 70.9
2021-07-27 07:32:41,828 - Discovery - Testing finished...
2021-07-27 07:32:41,828 - Discovery - Results saved in results/results_KM.csv
2021-07-27 07:32:41,860 - Discovery - Open Intent Discovery Finished...
