2021-07-27 14:44:34,019 - Discovery - Open Intent Discovery Begin...
2021-07-27 14:44:34,019 - Discovery - Parameters Initialization...
2021-07-27 14:44:34,020 - Discovery - ============================== Params ==============================
2021-07-27 14:44:34,020 - Discovery - type:	open_intent_discovery
2021-07-27 14:44:34,020 - Discovery - logger_name:	Discovery
2021-07-27 14:44:34,020 - Discovery - log_dir:	logs
2021-07-27 14:44:34,020 - Discovery - dataset:	banking
2021-07-27 14:44:34,020 - Discovery - known_cls_ratio:	0.75
2021-07-27 14:44:34,020 - Discovery - labeled_ratio:	0.1
2021-07-27 14:44:34,020 - Discovery - cluster_num_factor:	1.0
2021-07-27 14:44:34,020 - Discovery - method:	SAE-KM
2021-07-27 14:44:34,020 - Discovery - train:	True
2021-07-27 14:44:34,020 - Discovery - save_model:	False
2021-07-27 14:44:34,020 - Discovery - backbone:	sae
2021-07-27 14:44:34,020 - Discovery - setting:	unsupervised
2021-07-27 14:44:34,020 - Discovery - config_file_name:	SAE-KM
2021-07-27 14:44:34,020 - Discovery - seed:	0
2021-07-27 14:44:34,020 - Discovery - gpu_id:	0
2021-07-27 14:44:34,020 - Discovery - pipe_results_path:	pipe_results
2021-07-27 14:44:34,020 - Discovery - data_dir:	/home/zhanghanlei/git/TEXTOIR/open_intent_discovery/../data
2021-07-27 14:44:34,020 - Discovery - output_dir:	/home/sharing/disk2/zhanghanlei/save_data_162/TEXTOIR/outputs
2021-07-27 14:44:34,020 - Discovery - model_dir:	models
2021-07-27 14:44:34,020 - Discovery - result_dir:	results
2021-07-27 14:44:34,020 - Discovery - results_file_name:	results_SAE-KM.csv
2021-07-27 14:44:34,020 - Discovery - save_results:	True
2021-07-27 14:44:34,020 - Discovery - method_output_dir:	/home/sharing/disk2/zhanghanlei/save_data_162/TEXTOIR/outputs/open_intent_discovery/SAE-KM_banking_0.75_0.1_sae_0
2021-07-27 14:44:34,020 - Discovery - model_output_dir:	/home/sharing/disk2/zhanghanlei/save_data_162/TEXTOIR/outputs/open_intent_discovery/SAE-KM_banking_0.75_0.1_sae_0/models
2021-07-27 14:44:34,020 - Discovery - num_train_epochs:	5000
2021-07-27 14:44:34,020 - Discovery - feat_dim:	2000
2021-07-27 14:44:34,020 - Discovery - batch_size:	4096
2021-07-27 14:44:34,020 - Discovery - ============================== End Params ==============================
2021-07-27 14:44:34,020 - Discovery - Data and Model Preparation...
2021-07-27 14:44:34,500 - Discovery - Building TF-IDF Vectors...
2021-07-27 14:44:34,615 - Discovery - Training Begin...
2021-07-27 14:44:34,615 - Discovery - SAE (emb) training start...
2021-07-27 15:10:42,672 - Discovery - Training Finished...
2021-07-27 15:10:42,672 - Discovery - Testing begin...
2021-07-27 15:10:42,850 - Discovery - K-Means start...
2021-07-27 15:10:46,773 - Discovery - K-Means finished...
2021-07-27 15:10:46,789 - Discovery - Testing finished...
2021-07-27 15:10:46,789 - Discovery - Results saved in results/results_SAE-KM.csv
2021-07-27 15:10:46,819 - Discovery - Open Intent Discovery Finished...
