2021-07-27 17:16:10,135 - Discovery - Open Intent Discovery Begin...
2021-07-27 17:16:10,135 - Discovery - Parameters Initialization...
2021-07-27 17:16:10,135 - Discovery - ============================== Params ==============================
2021-07-27 17:16:10,135 - Discovery - type:	open_intent_discovery
2021-07-27 17:16:10,135 - Discovery - logger_name:	Discovery
2021-07-27 17:16:10,135 - Discovery - log_dir:	logs
2021-07-27 17:16:10,135 - Discovery - dataset:	banking
2021-07-27 17:16:10,136 - Discovery - known_cls_ratio:	0.75
2021-07-27 17:16:10,136 - Discovery - labeled_ratio:	0.1
2021-07-27 17:16:10,136 - Discovery - cluster_num_factor:	1.0
2021-07-27 17:16:10,136 - Discovery - method:	SAE-KM
2021-07-27 17:16:10,136 - Discovery - train:	False
2021-07-27 17:16:10,136 - Discovery - save_model:	False
2021-07-27 17:16:10,136 - Discovery - backbone:	sae
2021-07-27 17:16:10,136 - Discovery - setting:	unsupervised
2021-07-27 17:16:10,136 - Discovery - config_file_name:	SAE-KM
2021-07-27 17:16:10,136 - Discovery - seed:	0
2021-07-27 17:16:10,136 - Discovery - gpu_id:	0
2021-07-27 17:16:10,136 - Discovery - pipe_results_path:	pipe_results
2021-07-27 17:16:10,136 - Discovery - data_dir:	/home/zhanghanlei/git/TEXTOIR/open_intent_discovery/../data
2021-07-27 17:16:10,136 - Discovery - output_dir:	/home/sharing/disk2/zhanghanlei/save_data_162/TEXTOIR/outputs
2021-07-27 17:16:10,136 - Discovery - model_dir:	models
2021-07-27 17:16:10,136 - Discovery - result_dir:	results
2021-07-27 17:16:10,136 - Discovery - results_file_name:	results_SAE-KM.csv
2021-07-27 17:16:10,136 - Discovery - save_results:	True
2021-07-27 17:16:10,136 - Discovery - method_output_dir:	/home/sharing/disk2/zhanghanlei/save_data_162/TEXTOIR/outputs/open_intent_discovery/SAE-KM_banking_0.75_0.1_sae_0
2021-07-27 17:16:10,136 - Discovery - model_output_dir:	/home/sharing/disk2/zhanghanlei/save_data_162/TEXTOIR/outputs/open_intent_discovery/SAE-KM_banking_0.75_0.1_sae_0/models
2021-07-27 17:16:10,136 - Discovery - num_train_epochs:	5000
2021-07-27 17:16:10,136 - Discovery - feat_dim:	2000
2021-07-27 17:16:10,136 - Discovery - batch_size:	4096
2021-07-27 17:16:10,136 - Discovery - ============================== End Params ==============================
2021-07-27 17:16:10,136 - Discovery - Data and Model Preparation...
