2021-06-16 21:15:09,346 - Discovery - Open Intent Discovery Begin...
2021-06-16 21:15:09,346 - Discovery - Parameters Initialization...
2021-06-16 21:15:09,347 - Discovery - ============================== Params ==============================
2021-06-16 21:15:09,347 - Discovery - type:	open_intent_discovery
2021-06-16 21:15:09,347 - Discovery - dataset:	banking
2021-06-16 21:15:09,347 - Discovery - known_cls_ratio:	0.75
2021-06-16 21:15:09,347 - Discovery - labeled_ratio:	0.1
2021-06-16 21:15:09,347 - Discovery - cluster_num_factor:	1.0
2021-06-16 21:15:09,347 - Discovery - method:	DeepAligned
2021-06-16 21:15:09,347 - Discovery - train:	True
2021-06-16 21:15:09,347 - Discovery - save_model:	True
2021-06-16 21:15:09,347 - Discovery - backbone:	bert
2021-06-16 21:15:09,347 - Discovery - num_train_epochs:	100
2021-06-16 21:15:09,347 - Discovery - setting:	semi_supervised
2021-06-16 21:15:09,347 - Discovery - config_file_name:	DeepAligned
2021-06-16 21:15:09,347 - Discovery - seed:	2
2021-06-16 21:15:09,347 - Discovery - gpu_id:	1
2021-06-16 21:15:09,347 - Discovery - pipe_results_path:	pipe_results
2021-06-16 21:15:09,347 - Discovery - data_dir:	/home/zhanghanlei/git/TEXTOIR/open_intent_discovery/data
2021-06-16 21:15:09,347 - Discovery - output_dir:	outputs
2021-06-16 21:15:09,347 - Discovery - model_dir:	models
2021-06-16 21:15:09,347 - Discovery - result_dir:	results
2021-06-16 21:15:09,347 - Discovery - results_file_name:	results_DeepAligned.csv
2021-06-16 21:15:09,347 - Discovery - save_results:	True
2021-06-16 21:15:09,347 - Discovery - method_output_dir:	outputs/open_intent_discovery/DeepAligned_banking_0.75_0.1_bert_2
2021-06-16 21:15:09,347 - Discovery - model_output_dir:	outputs/open_intent_discovery/DeepAligned_banking_0.75_0.1_bert_2/models
2021-06-16 21:15:09,347 - Discovery - bert_model:	/home/sharing/disk1/pretrained_embedding/bert/uncased_L-12_H-768_A-12/
2021-06-16 21:15:09,347 - Discovery - max_seq_length:	None
2021-06-16 21:15:09,347 - Discovery - freeze_bert_parameters:	True
2021-06-16 21:15:09,347 - Discovery - feat_dim:	768
2021-06-16 21:15:09,347 - Discovery - warmup_proportion:	0.1
2021-06-16 21:15:09,347 - Discovery - lr_pre:	5e-05
2021-06-16 21:15:09,347 - Discovery - lr:	5e-05
2021-06-16 21:15:09,347 - Discovery - loss_fct:	CrossEntropyLoss
2021-06-16 21:15:09,347 - Discovery - train_batch_size:	128
2021-06-16 21:15:09,347 - Discovery - eval_batch_size:	64
2021-06-16 21:15:09,347 - Discovery - test_batch_size:	64
2021-06-16 21:15:09,347 - Discovery - num_pretrain_epochs:	100
2021-06-16 21:15:09,347 - Discovery - wait_patient:	20
2021-06-16 21:15:09,347 - Discovery - ============================== End Params ==============================
2021-06-16 21:15:09,347 - Discovery - Data and Model Preparation...
2021-06-16 21:15:10,157 - Discovery - Number of labeled samples = 689
2021-06-16 21:15:10,158 - Discovery - Number of unlabeled samples = 8314
2021-06-16 21:15:19,896 - Discovery - Pre-raining start...
2021-06-16 21:15:21,436 - Discovery - ***** Epoch: 1: Eval results *****
2021-06-16 21:15:21,436 - Discovery -   best_acc = 0
2021-06-16 21:15:21,436 - Discovery -   eval_acc = 2.48
2021-06-16 21:15:21,436 - Discovery -   train_loss = 4.0646107991536455
2021-06-16 21:15:22,514 - Discovery - ***** Epoch: 2: Eval results *****
2021-06-16 21:15:22,514 - Discovery -   best_acc = 2.48
2021-06-16 21:15:22,514 - Discovery -   eval_acc = 4.96
2021-06-16 21:15:22,514 - Discovery -   train_loss = 4.045717875162761
2021-06-16 21:15:23,592 - Discovery - ***** Epoch: 3: Eval results *****
2021-06-16 21:15:23,592 - Discovery -   best_acc = 4.96
2021-06-16 21:15:23,592 - Discovery -   eval_acc = 9.14
2021-06-16 21:15:23,592 - Discovery -   train_loss = 3.9993844827016196
2021-06-16 21:15:24,682 - Discovery - ***** Epoch: 4: Eval results *****
2021-06-16 21:15:24,683 - Discovery -   best_acc = 9.14
2021-06-16 21:15:24,683 - Discovery -   eval_acc = 13.84
2021-06-16 21:15:24,683 - Discovery -   train_loss = 3.9219596783320108
2021-06-16 21:15:25,774 - Discovery - ***** Epoch: 5: Eval results *****
2021-06-16 21:15:25,774 - Discovery -   best_acc = 13.84
2021-06-16 21:15:25,774 - Discovery -   eval_acc = 23.11
2021-06-16 21:15:25,774 - Discovery -   train_loss = 3.7718979120254517
2021-06-16 21:15:26,877 - Discovery - ***** Epoch: 6: Eval results *****
2021-06-16 21:15:26,877 - Discovery -   best_acc = 23.11
2021-06-16 21:15:26,877 - Discovery -   eval_acc = 31.85
2021-06-16 21:15:26,877 - Discovery -   train_loss = 3.471090793609619
2021-06-16 21:15:27,971 - Discovery - ***** Epoch: 7: Eval results *****
2021-06-16 21:15:27,972 - Discovery -   best_acc = 31.85
2021-06-16 21:15:27,972 - Discovery -   eval_acc = 44.13
2021-06-16 21:15:27,972 - Discovery -   train_loss = 3.0030272404352822
2021-06-16 21:15:29,077 - Discovery - ***** Epoch: 8: Eval results *****
2021-06-16 21:15:29,077 - Discovery -   best_acc = 44.13
2021-06-16 21:15:29,077 - Discovery -   eval_acc = 52.61
2021-06-16 21:15:29,077 - Discovery -   train_loss = 2.4787681500116983
2021-06-16 21:15:30,196 - Discovery - ***** Epoch: 9: Eval results *****
2021-06-16 21:15:30,197 - Discovery -   best_acc = 52.61
2021-06-16 21:15:30,197 - Discovery -   eval_acc = 60.84
2021-06-16 21:15:30,197 - Discovery -   train_loss = 1.978580156962077
2021-06-16 21:15:31,297 - Discovery - ***** Epoch: 10: Eval results *****
2021-06-16 21:15:31,297 - Discovery -   best_acc = 60.84
2021-06-16 21:15:31,297 - Discovery -   eval_acc = 66.45
2021-06-16 21:15:31,298 - Discovery -   train_loss = 1.5483285188674927
2021-06-16 21:15:32,397 - Discovery - ***** Epoch: 11: Eval results *****
2021-06-16 21:15:32,397 - Discovery -   best_acc = 66.45
2021-06-16 21:15:32,397 - Discovery -   eval_acc = 71.41
2021-06-16 21:15:32,397 - Discovery -   train_loss = 1.234326442082723
2021-06-16 21:15:33,492 - Discovery - ***** Epoch: 12: Eval results *****
2021-06-16 21:15:33,492 - Discovery -   best_acc = 71.41
2021-06-16 21:15:33,492 - Discovery -   eval_acc = 73.11
2021-06-16 21:15:33,492 - Discovery -   train_loss = 0.9840614398320516
2021-06-16 21:15:34,586 - Discovery - ***** Epoch: 13: Eval results *****
2021-06-16 21:15:34,587 - Discovery -   best_acc = 73.11
2021-06-16 21:15:34,587 - Discovery -   eval_acc = 75.33
2021-06-16 21:15:34,587 - Discovery -   train_loss = 0.775340755780538
2021-06-16 21:15:35,683 - Discovery - ***** Epoch: 14: Eval results *****
2021-06-16 21:15:35,683 - Discovery -   best_acc = 75.33
2021-06-16 21:15:35,683 - Discovery -   eval_acc = 77.15
2021-06-16 21:15:35,683 - Discovery -   train_loss = 0.6321438352266947
2021-06-16 21:15:36,790 - Discovery - ***** Epoch: 15: Eval results *****
2021-06-16 21:15:36,790 - Discovery -   best_acc = 77.15
2021-06-16 21:15:36,790 - Discovery -   eval_acc = 76.76
2021-06-16 21:15:36,791 - Discovery -   train_loss = 0.49020668864250183
2021-06-16 21:15:37,899 - Discovery - ***** Epoch: 16: Eval results *****
2021-06-16 21:15:37,899 - Discovery -   best_acc = 77.15
2021-06-16 21:15:37,899 - Discovery -   eval_acc = 78.59
2021-06-16 21:15:37,899 - Discovery -   train_loss = 0.3985169132550557
2021-06-16 21:15:39,031 - Discovery - ***** Epoch: 17: Eval results *****
2021-06-16 21:15:39,031 - Discovery -   best_acc = 78.59
2021-06-16 21:15:39,031 - Discovery -   eval_acc = 78.33
2021-06-16 21:15:39,031 - Discovery -   train_loss = 0.3440865973631541
2021-06-16 21:15:40,132 - Discovery - ***** Epoch: 18: Eval results *****
2021-06-16 21:15:40,132 - Discovery -   best_acc = 78.59
2021-06-16 21:15:40,132 - Discovery -   eval_acc = 78.46
2021-06-16 21:15:40,132 - Discovery -   train_loss = 0.28249354163805646
2021-06-16 21:15:41,212 - Discovery - ***** Epoch: 19: Eval results *****
2021-06-16 21:15:41,212 - Discovery -   best_acc = 78.59
2021-06-16 21:15:41,212 - Discovery -   eval_acc = 79.5
2021-06-16 21:15:41,212 - Discovery -   train_loss = 0.24696602175633112
2021-06-16 21:15:42,352 - Discovery - ***** Epoch: 20: Eval results *****
2021-06-16 21:15:42,352 - Discovery -   best_acc = 79.5
2021-06-16 21:15:42,352 - Discovery -   eval_acc = 80.29
2021-06-16 21:15:42,352 - Discovery -   train_loss = 0.21331707884867987
2021-06-16 21:15:43,442 - Discovery - ***** Epoch: 21: Eval results *****
2021-06-16 21:15:43,442 - Discovery -   best_acc = 80.29
2021-06-16 21:15:43,442 - Discovery -   eval_acc = 80.55
2021-06-16 21:15:43,442 - Discovery -   train_loss = 0.1809746598203977
2021-06-16 21:15:44,531 - Discovery - ***** Epoch: 22: Eval results *****
2021-06-16 21:15:44,531 - Discovery -   best_acc = 80.55
2021-06-16 21:15:44,531 - Discovery -   eval_acc = 80.81
2021-06-16 21:15:44,531 - Discovery -   train_loss = 0.162326010564963
2021-06-16 21:15:45,620 - Discovery - ***** Epoch: 23: Eval results *****
2021-06-16 21:15:45,620 - Discovery -   best_acc = 80.81
2021-06-16 21:15:45,620 - Discovery -   eval_acc = 80.81
2021-06-16 21:15:45,620 - Discovery -   train_loss = 0.13904853661855063
2021-06-16 21:15:46,699 - Discovery - ***** Epoch: 24: Eval results *****
2021-06-16 21:15:46,700 - Discovery -   best_acc = 80.81
2021-06-16 21:15:46,701 - Discovery -   eval_acc = 80.03
2021-06-16 21:15:46,701 - Discovery -   train_loss = 0.12693829337755838
2021-06-16 21:15:47,780 - Discovery - ***** Epoch: 25: Eval results *****
2021-06-16 21:15:47,780 - Discovery -   best_acc = 80.81
2021-06-16 21:15:47,780 - Discovery -   eval_acc = 80.03
2021-06-16 21:15:47,780 - Discovery -   train_loss = 0.11862089733282725
2021-06-16 21:15:48,862 - Discovery - ***** Epoch: 26: Eval results *****
2021-06-16 21:15:48,862 - Discovery -   best_acc = 80.81
2021-06-16 21:15:48,862 - Discovery -   eval_acc = 80.68
2021-06-16 21:15:48,862 - Discovery -   train_loss = 0.10635796686013539
2021-06-16 21:15:49,943 - Discovery - ***** Epoch: 27: Eval results *****
2021-06-16 21:15:49,943 - Discovery -   best_acc = 80.81
2021-06-16 21:15:49,943 - Discovery -   eval_acc = 81.07
2021-06-16 21:15:49,943 - Discovery -   train_loss = 0.09783996889988582
2021-06-16 21:15:51,036 - Discovery - ***** Epoch: 28: Eval results *****
2021-06-16 21:15:51,036 - Discovery -   best_acc = 81.07
2021-06-16 21:15:51,036 - Discovery -   eval_acc = 80.42
2021-06-16 21:15:51,036 - Discovery -   train_loss = 0.09149852022528648
2021-06-16 21:15:52,118 - Discovery - ***** Epoch: 29: Eval results *****
2021-06-16 21:15:52,118 - Discovery -   best_acc = 81.07
2021-06-16 21:15:52,118 - Discovery -   eval_acc = 80.55
2021-06-16 21:15:52,118 - Discovery -   train_loss = 0.080705842624108
2021-06-16 21:15:53,199 - Discovery - ***** Epoch: 30: Eval results *****
2021-06-16 21:15:53,199 - Discovery -   best_acc = 81.07
2021-06-16 21:15:53,199 - Discovery -   eval_acc = 81.33
2021-06-16 21:15:53,199 - Discovery -   train_loss = 0.08045577878753345
2021-06-16 21:15:54,292 - Discovery - ***** Epoch: 31: Eval results *****
2021-06-16 21:15:54,292 - Discovery -   best_acc = 81.33
2021-06-16 21:15:54,292 - Discovery -   eval_acc = 81.72
2021-06-16 21:15:54,292 - Discovery -   train_loss = 0.07293791075547536
2021-06-16 21:15:55,385 - Discovery - ***** Epoch: 32: Eval results *****
2021-06-16 21:15:55,385 - Discovery -   best_acc = 81.72
2021-06-16 21:15:55,385 - Discovery -   eval_acc = 81.46
2021-06-16 21:15:55,385 - Discovery -   train_loss = 0.0696696105102698
2021-06-16 21:15:56,465 - Discovery - ***** Epoch: 33: Eval results *****
2021-06-16 21:15:56,465 - Discovery -   best_acc = 81.72
2021-06-16 21:15:56,466 - Discovery -   eval_acc = 80.94
2021-06-16 21:15:56,466 - Discovery -   train_loss = 0.06537422599891822
2021-06-16 21:15:57,547 - Discovery - ***** Epoch: 34: Eval results *****
2021-06-16 21:15:57,547 - Discovery -   best_acc = 81.72
2021-06-16 21:15:57,549 - Discovery -   eval_acc = 81.07
2021-06-16 21:15:57,549 - Discovery -   train_loss = 0.06215896767874559
2021-06-16 21:15:58,629 - Discovery - ***** Epoch: 35: Eval results *****
2021-06-16 21:15:58,629 - Discovery -   best_acc = 81.72
2021-06-16 21:15:58,629 - Discovery -   eval_acc = 81.33
2021-06-16 21:15:58,629 - Discovery -   train_loss = 0.058717843145132065
2021-06-16 21:15:59,710 - Discovery - ***** Epoch: 36: Eval results *****
2021-06-16 21:15:59,710 - Discovery -   best_acc = 81.72
2021-06-16 21:15:59,710 - Discovery -   eval_acc = 81.46
2021-06-16 21:15:59,710 - Discovery -   train_loss = 0.05500770856936773
2021-06-16 21:16:00,790 - Discovery - ***** Epoch: 37: Eval results *****
2021-06-16 21:16:00,790 - Discovery -   best_acc = 81.72
2021-06-16 21:16:00,790 - Discovery -   eval_acc = 81.33
2021-06-16 21:16:00,790 - Discovery -   train_loss = 0.054371376211444535
2021-06-16 21:16:01,872 - Discovery - ***** Epoch: 38: Eval results *****
2021-06-16 21:16:01,872 - Discovery -   best_acc = 81.72
2021-06-16 21:16:01,872 - Discovery -   eval_acc = 81.33
2021-06-16 21:16:01,872 - Discovery -   train_loss = 0.05190797708928585
2021-06-16 21:16:02,954 - Discovery - ***** Epoch: 39: Eval results *****
2021-06-16 21:16:02,954 - Discovery -   best_acc = 81.72
2021-06-16 21:16:02,954 - Discovery -   eval_acc = 81.46
2021-06-16 21:16:02,955 - Discovery -   train_loss = 0.04711625538766384
2021-06-16 21:16:04,038 - Discovery - ***** Epoch: 40: Eval results *****
2021-06-16 21:16:04,038 - Discovery -   best_acc = 81.72
2021-06-16 21:16:04,038 - Discovery -   eval_acc = 81.07
2021-06-16 21:16:04,038 - Discovery -   train_loss = 0.048100814844171204
2021-06-16 21:16:05,127 - Discovery - ***** Epoch: 41: Eval results *****
2021-06-16 21:16:05,127 - Discovery -   best_acc = 81.72
2021-06-16 21:16:05,127 - Discovery -   eval_acc = 81.46
2021-06-16 21:16:05,127 - Discovery -   train_loss = 0.04463240007559458
2021-06-16 21:16:06,213 - Discovery - ***** Epoch: 42: Eval results *****
2021-06-16 21:16:06,213 - Discovery -   best_acc = 81.72
2021-06-16 21:16:06,213 - Discovery -   eval_acc = 81.72
2021-06-16 21:16:06,213 - Discovery -   train_loss = 0.043342906360824905
2021-06-16 21:16:07,300 - Discovery - ***** Epoch: 43: Eval results *****
2021-06-16 21:16:07,300 - Discovery -   best_acc = 81.72
2021-06-16 21:16:07,300 - Discovery -   eval_acc = 81.33
2021-06-16 21:16:07,300 - Discovery -   train_loss = 0.04738646869858106
2021-06-16 21:16:08,387 - Discovery - ***** Epoch: 44: Eval results *****
2021-06-16 21:16:08,388 - Discovery -   best_acc = 81.72
2021-06-16 21:16:08,388 - Discovery -   eval_acc = 81.85
2021-06-16 21:16:08,388 - Discovery -   train_loss = 0.042985176046689354
2021-06-16 21:16:09,486 - Discovery - ***** Epoch: 45: Eval results *****
2021-06-16 21:16:09,486 - Discovery -   best_acc = 81.85
2021-06-16 21:16:09,486 - Discovery -   eval_acc = 81.72
2021-06-16 21:16:09,486 - Discovery -   train_loss = 0.042666284988323845
2021-06-16 21:16:10,572 - Discovery - ***** Epoch: 46: Eval results *****
2021-06-16 21:16:10,572 - Discovery -   best_acc = 81.85
2021-06-16 21:16:10,572 - Discovery -   eval_acc = 81.2
2021-06-16 21:16:10,572 - Discovery -   train_loss = 0.04030379963417848
2021-06-16 21:16:11,660 - Discovery - ***** Epoch: 47: Eval results *****
2021-06-16 21:16:11,660 - Discovery -   best_acc = 81.85
2021-06-16 21:16:11,660 - Discovery -   eval_acc = 81.59
2021-06-16 21:16:11,660 - Discovery -   train_loss = 0.038302709658940635
2021-06-16 21:16:12,747 - Discovery - ***** Epoch: 48: Eval results *****
2021-06-16 21:16:12,747 - Discovery -   best_acc = 81.85
2021-06-16 21:16:12,749 - Discovery -   eval_acc = 81.07
2021-06-16 21:16:12,749 - Discovery -   train_loss = 0.0380223523825407
2021-06-16 21:16:13,837 - Discovery - ***** Epoch: 49: Eval results *****
2021-06-16 21:16:13,837 - Discovery -   best_acc = 81.85
2021-06-16 21:16:13,837 - Discovery -   eval_acc = 81.33
2021-06-16 21:16:13,837 - Discovery -   train_loss = 0.037704254811008774
2021-06-16 21:16:14,925 - Discovery - ***** Epoch: 50: Eval results *****
2021-06-16 21:16:14,926 - Discovery -   best_acc = 81.85
2021-06-16 21:16:14,926 - Discovery -   eval_acc = 81.59
2021-06-16 21:16:14,926 - Discovery -   train_loss = 0.03491365537047386
2021-06-16 21:16:16,013 - Discovery - ***** Epoch: 51: Eval results *****
2021-06-16 21:16:16,014 - Discovery -   best_acc = 81.85
2021-06-16 21:16:16,014 - Discovery -   eval_acc = 81.33
2021-06-16 21:16:16,014 - Discovery -   train_loss = 0.035226582239071526
2021-06-16 21:16:17,103 - Discovery - ***** Epoch: 52: Eval results *****
2021-06-16 21:16:17,103 - Discovery -   best_acc = 81.85
2021-06-16 21:16:17,103 - Discovery -   eval_acc = 81.59
2021-06-16 21:16:17,103 - Discovery -   train_loss = 0.034392510230342545
2021-06-16 21:16:18,190 - Discovery - ***** Epoch: 53: Eval results *****
2021-06-16 21:16:18,190 - Discovery -   best_acc = 81.85
2021-06-16 21:16:18,190 - Discovery -   eval_acc = 81.98
2021-06-16 21:16:18,190 - Discovery -   train_loss = 0.03170141143103441
2021-06-16 21:16:19,289 - Discovery - ***** Epoch: 54: Eval results *****
2021-06-16 21:16:19,289 - Discovery -   best_acc = 81.98
2021-06-16 21:16:19,289 - Discovery -   eval_acc = 82.11
2021-06-16 21:16:19,289 - Discovery -   train_loss = 0.033250088803470135
2021-06-16 21:16:20,389 - Discovery - ***** Epoch: 55: Eval results *****
2021-06-16 21:16:20,390 - Discovery -   best_acc = 82.11
2021-06-16 21:16:20,390 - Discovery -   eval_acc = 81.85
2021-06-16 21:16:20,390 - Discovery -   train_loss = 0.03199669190992912
2021-06-16 21:16:21,484 - Discovery - ***** Epoch: 56: Eval results *****
2021-06-16 21:16:21,485 - Discovery -   best_acc = 82.11
2021-06-16 21:16:21,485 - Discovery -   eval_acc = 81.72
2021-06-16 21:16:21,485 - Discovery -   train_loss = 0.03272545151412487
2021-06-16 21:16:22,573 - Discovery - ***** Epoch: 57: Eval results *****
2021-06-16 21:16:22,573 - Discovery -   best_acc = 82.11
2021-06-16 21:16:22,573 - Discovery -   eval_acc = 81.72
2021-06-16 21:16:22,573 - Discovery -   train_loss = 0.036021603271365166
2021-06-16 21:16:23,663 - Discovery - ***** Epoch: 58: Eval results *****
2021-06-16 21:16:23,664 - Discovery -   best_acc = 82.11
2021-06-16 21:16:23,665 - Discovery -   eval_acc = 81.46
2021-06-16 21:16:23,666 - Discovery -   train_loss = 0.030901316242913406
2021-06-16 21:16:24,758 - Discovery - ***** Epoch: 59: Eval results *****
2021-06-16 21:16:24,758 - Discovery -   best_acc = 82.11
2021-06-16 21:16:24,758 - Discovery -   eval_acc = 81.59
2021-06-16 21:16:24,758 - Discovery -   train_loss = 0.02897017014523347
2021-06-16 21:16:25,852 - Discovery - ***** Epoch: 60: Eval results *****
2021-06-16 21:16:25,852 - Discovery -   best_acc = 82.11
2021-06-16 21:16:25,852 - Discovery -   eval_acc = 81.33
2021-06-16 21:16:25,852 - Discovery -   train_loss = 0.031068657835324604
2021-06-16 21:16:26,954 - Discovery - ***** Epoch: 61: Eval results *****
2021-06-16 21:16:26,954 - Discovery -   best_acc = 82.11
2021-06-16 21:16:26,954 - Discovery -   eval_acc = 81.07
2021-06-16 21:16:26,954 - Discovery -   train_loss = 0.02865655192484458
2021-06-16 21:16:28,058 - Discovery - ***** Epoch: 62: Eval results *****
2021-06-16 21:16:28,058 - Discovery -   best_acc = 82.11
2021-06-16 21:16:28,058 - Discovery -   eval_acc = 81.2
2021-06-16 21:16:28,058 - Discovery -   train_loss = 0.028237035187582176
2021-06-16 21:16:29,161 - Discovery - ***** Epoch: 63: Eval results *****
2021-06-16 21:16:29,161 - Discovery -   best_acc = 82.11
2021-06-16 21:16:29,161 - Discovery -   eval_acc = 81.07
2021-06-16 21:16:29,161 - Discovery -   train_loss = 0.029359958755473297
2021-06-16 21:16:30,265 - Discovery - ***** Epoch: 64: Eval results *****
2021-06-16 21:16:30,265 - Discovery -   best_acc = 82.11
2021-06-16 21:16:30,265 - Discovery -   eval_acc = 81.46
2021-06-16 21:16:30,265 - Discovery -   train_loss = 0.029157639481127262
2021-06-16 21:16:31,369 - Discovery - ***** Epoch: 65: Eval results *****
2021-06-16 21:16:31,369 - Discovery -   best_acc = 82.11
2021-06-16 21:16:31,369 - Discovery -   eval_acc = 81.46
2021-06-16 21:16:31,369 - Discovery -   train_loss = 0.028077352171142895
2021-06-16 21:16:32,475 - Discovery - ***** Epoch: 66: Eval results *****
2021-06-16 21:16:32,475 - Discovery -   best_acc = 82.11
2021-06-16 21:16:32,475 - Discovery -   eval_acc = 81.33
2021-06-16 21:16:32,475 - Discovery -   train_loss = 0.02643089648336172
2021-06-16 21:16:33,584 - Discovery - ***** Epoch: 67: Eval results *****
2021-06-16 21:16:33,584 - Discovery -   best_acc = 82.11
2021-06-16 21:16:33,584 - Discovery -   eval_acc = 81.33
2021-06-16 21:16:33,584 - Discovery -   train_loss = 0.02799558701614539
2021-06-16 21:16:34,708 - Discovery - ***** Epoch: 68: Eval results *****
2021-06-16 21:16:34,708 - Discovery -   best_acc = 82.11
2021-06-16 21:16:34,708 - Discovery -   eval_acc = 81.46
2021-06-16 21:16:34,708 - Discovery -   train_loss = 0.02763406652957201
2021-06-16 21:16:35,834 - Discovery - ***** Epoch: 69: Eval results *****
2021-06-16 21:16:35,834 - Discovery -   best_acc = 82.11
2021-06-16 21:16:35,834 - Discovery -   eval_acc = 81.46
2021-06-16 21:16:35,834 - Discovery -   train_loss = 0.02686259088416894
2021-06-16 21:16:36,942 - Discovery - ***** Epoch: 70: Eval results *****
2021-06-16 21:16:36,942 - Discovery -   best_acc = 82.11
2021-06-16 21:16:36,942 - Discovery -   eval_acc = 81.2
2021-06-16 21:16:36,942 - Discovery -   train_loss = 0.025807193480432034
2021-06-16 21:16:38,046 - Discovery - ***** Epoch: 71: Eval results *****
2021-06-16 21:16:38,046 - Discovery -   best_acc = 82.11
2021-06-16 21:16:38,046 - Discovery -   eval_acc = 81.33
2021-06-16 21:16:38,046 - Discovery -   train_loss = 0.025758864358067513
2021-06-16 21:16:39,157 - Discovery - ***** Epoch: 72: Eval results *****
2021-06-16 21:16:39,158 - Discovery -   best_acc = 82.11
2021-06-16 21:16:39,158 - Discovery -   eval_acc = 81.59
2021-06-16 21:16:39,158 - Discovery -   train_loss = 0.026830346633990605
2021-06-16 21:16:40,265 - Discovery - ***** Epoch: 73: Eval results *****
2021-06-16 21:16:40,265 - Discovery -   best_acc = 82.11
2021-06-16 21:16:40,266 - Discovery -   eval_acc = 81.59
2021-06-16 21:16:40,266 - Discovery -   train_loss = 0.02553505264222622
2021-06-16 21:16:41,375 - Discovery - ***** Epoch: 74: Eval results *****
2021-06-16 21:16:41,375 - Discovery -   best_acc = 82.11
2021-06-16 21:16:41,375 - Discovery -   eval_acc = 81.33
2021-06-16 21:16:41,375 - Discovery -   train_loss = 0.027554100068906944
2021-06-16 21:16:41,988 - Discovery - Pre-training finished...
2021-06-16 21:16:41,997 - Discovery - Training Begin...
2021-06-16 21:17:42,900 - Discovery - ***** Epoch: 1: Eval results *****
2021-06-16 21:17:42,900 - Discovery -   best_cluster_silhouette_score = 0.22826417
2021-06-16 21:17:42,902 - Discovery -   cluster_silhouette_score = 0.22409147
2021-06-16 21:17:42,902 - Discovery -   train_loss = 4.171314934609642
2021-06-16 21:18:13,629 - Discovery - ***** Epoch: 2: Eval results *****
2021-06-16 21:18:13,630 - Discovery -   best_cluster_silhouette_score = 0.22826417
2021-06-16 21:18:13,630 - Discovery -   cluster_silhouette_score = 0.21827127
2021-06-16 21:18:13,630 - Discovery -   train_loss = 3.2364048420543403
2021-06-16 21:18:43,647 - Discovery - ***** Epoch: 3: Eval results *****
2021-06-16 21:18:43,647 - Discovery -   best_cluster_silhouette_score = 0.22826417
2021-06-16 21:18:43,647 - Discovery -   cluster_silhouette_score = 0.25005665
2021-06-16 21:18:43,647 - Discovery -   train_loss = 2.310182316202513
2021-06-16 21:19:16,950 - Discovery - ***** Epoch: 4: Eval results *****
2021-06-16 21:19:16,950 - Discovery -   best_cluster_silhouette_score = 0.25005665
2021-06-16 21:19:16,950 - Discovery -   cluster_silhouette_score = 0.2791981
2021-06-16 21:19:16,950 - Discovery -   train_loss = 1.5682780490794652
2021-06-16 21:19:47,274 - Discovery - ***** Epoch: 5: Eval results *****
2021-06-16 21:19:47,274 - Discovery -   best_cluster_silhouette_score = 0.2791981
2021-06-16 21:19:47,274 - Discovery -   cluster_silhouette_score = 0.30905953
2021-06-16 21:19:47,274 - Discovery -   train_loss = 1.1442785204296382
2021-06-16 21:20:24,904 - Discovery - ***** Epoch: 6: Eval results *****
2021-06-16 21:20:24,905 - Discovery -   best_cluster_silhouette_score = 0.30905953
2021-06-16 21:20:24,905 - Discovery -   cluster_silhouette_score = 0.33832356
2021-06-16 21:20:24,905 - Discovery -   train_loss = 0.8648875254980275
2021-06-16 21:20:55,016 - Discovery - ***** Epoch: 7: Eval results *****
2021-06-16 21:20:55,016 - Discovery -   best_cluster_silhouette_score = 0.33832356
2021-06-16 21:20:55,016 - Discovery -   cluster_silhouette_score = 0.35021552
2021-06-16 21:20:55,016 - Discovery -   train_loss = 0.6746226225940275
2021-06-16 21:21:33,682 - Discovery - ***** Epoch: 8: Eval results *****
2021-06-16 21:21:33,683 - Discovery -   best_cluster_silhouette_score = 0.35021552
2021-06-16 21:21:33,683 - Discovery -   cluster_silhouette_score = 0.37303796
2021-06-16 21:21:33,683 - Discovery -   train_loss = 0.6111076407029595
2021-06-16 21:22:04,313 - Discovery - ***** Epoch: 9: Eval results *****
2021-06-16 21:22:04,313 - Discovery -   best_cluster_silhouette_score = 0.37303796
2021-06-16 21:22:04,313 - Discovery -   cluster_silhouette_score = 0.39184678
2021-06-16 21:22:04,313 - Discovery -   train_loss = 0.4444642268436056
2021-06-16 21:22:40,359 - Discovery - ***** Epoch: 10: Eval results *****
2021-06-16 21:22:40,359 - Discovery -   best_cluster_silhouette_score = 0.39184678
2021-06-16 21:22:40,359 - Discovery -   cluster_silhouette_score = 0.3929834
2021-06-16 21:22:40,359 - Discovery -   train_loss = 0.3374501569590098
2021-06-16 21:23:10,380 - Discovery - ***** Epoch: 11: Eval results *****
2021-06-16 21:23:10,380 - Discovery -   best_cluster_silhouette_score = 0.3929834
2021-06-16 21:23:10,380 - Discovery -   cluster_silhouette_score = 0.40714213
2021-06-16 21:23:10,380 - Discovery -   train_loss = 0.3587509916282036
2021-06-16 21:23:39,542 - Discovery - ***** Epoch: 12: Eval results *****
2021-06-16 21:23:39,542 - Discovery -   best_cluster_silhouette_score = 0.40714213
2021-06-16 21:23:39,542 - Discovery -   cluster_silhouette_score = 0.4178465
2021-06-16 21:23:39,542 - Discovery -   train_loss = 0.33722510703012976
2021-06-16 21:24:18,189 - Discovery - ***** Epoch: 13: Eval results *****
2021-06-16 21:24:18,189 - Discovery -   best_cluster_silhouette_score = 0.4178465
2021-06-16 21:24:18,189 - Discovery -   cluster_silhouette_score = 0.42387357
2021-06-16 21:24:18,189 - Discovery -   train_loss = 0.31363604081348634
2021-06-16 21:24:47,708 - Discovery - ***** Epoch: 14: Eval results *****
2021-06-16 21:24:47,708 - Discovery -   best_cluster_silhouette_score = 0.42387357
2021-06-16 21:24:47,708 - Discovery -   cluster_silhouette_score = 0.43260533
2021-06-16 21:24:47,708 - Discovery -   train_loss = 0.33519527483993855
2021-06-16 21:25:24,389 - Discovery - ***** Epoch: 15: Eval results *****
2021-06-16 21:25:24,389 - Discovery -   best_cluster_silhouette_score = 0.43260533
2021-06-16 21:25:24,389 - Discovery -   cluster_silhouette_score = 0.4402235
2021-06-16 21:25:24,390 - Discovery -   train_loss = 0.2490708472233423
2021-06-16 21:25:53,762 - Discovery - ***** Epoch: 16: Eval results *****
2021-06-16 21:25:53,762 - Discovery -   best_cluster_silhouette_score = 0.4402235
2021-06-16 21:25:53,762 - Discovery -   cluster_silhouette_score = 0.44193563
2021-06-16 21:25:53,762 - Discovery -   train_loss = 0.22427785937005365
2021-06-16 21:26:22,880 - Discovery - ***** Epoch: 17: Eval results *****
2021-06-16 21:26:22,880 - Discovery -   best_cluster_silhouette_score = 0.44193563
2021-06-16 21:26:22,880 - Discovery -   cluster_silhouette_score = 0.45776874
2021-06-16 21:26:22,880 - Discovery -   train_loss = 0.22759330807857112
2021-06-16 21:26:58,148 - Discovery - ***** Epoch: 18: Eval results *****
2021-06-16 21:26:58,148 - Discovery -   best_cluster_silhouette_score = 0.45776874
2021-06-16 21:26:58,148 - Discovery -   cluster_silhouette_score = 0.4597323
2021-06-16 21:26:58,149 - Discovery -   train_loss = 0.2252454505839818
2021-06-16 21:27:28,259 - Discovery - ***** Epoch: 19: Eval results *****
2021-06-16 21:27:28,260 - Discovery -   best_cluster_silhouette_score = 0.4597323
2021-06-16 21:27:28,260 - Discovery -   cluster_silhouette_score = 0.46489993
2021-06-16 21:27:28,260 - Discovery -   train_loss = 0.17666596609731794
2021-06-16 21:28:07,850 - Discovery - ***** Epoch: 20: Eval results *****
2021-06-16 21:28:07,850 - Discovery -   best_cluster_silhouette_score = 0.46489993
2021-06-16 21:28:07,850 - Discovery -   cluster_silhouette_score = 0.46374136
2021-06-16 21:28:07,850 - Discovery -   train_loss = 0.1753337822434768
2021-06-16 21:28:37,673 - Discovery - ***** Epoch: 21: Eval results *****
2021-06-16 21:28:37,673 - Discovery -   best_cluster_silhouette_score = 0.46489993
2021-06-16 21:28:37,673 - Discovery -   cluster_silhouette_score = 0.4572014
2021-06-16 21:28:37,673 - Discovery -   train_loss = 0.16657733140696943
2021-06-16 21:29:08,814 - Discovery - ***** Epoch: 22: Eval results *****
2021-06-16 21:29:08,814 - Discovery -   best_cluster_silhouette_score = 0.46489993
2021-06-16 21:29:08,814 - Discovery -   cluster_silhouette_score = 0.44705802
2021-06-16 21:29:08,814 - Discovery -   train_loss = 0.19599430866434542
2021-06-16 21:29:38,677 - Discovery - ***** Epoch: 23: Eval results *****
2021-06-16 21:29:38,677 - Discovery -   best_cluster_silhouette_score = 0.46489993
2021-06-16 21:29:38,678 - Discovery -   cluster_silhouette_score = 0.46213758
2021-06-16 21:29:38,678 - Discovery -   train_loss = 0.20325938276421857
2021-06-16 21:30:08,811 - Discovery - ***** Epoch: 24: Eval results *****
2021-06-16 21:30:08,811 - Discovery -   best_cluster_silhouette_score = 0.46489993
2021-06-16 21:30:08,811 - Discovery -   cluster_silhouette_score = 0.46496627
2021-06-16 21:30:08,811 - Discovery -   train_loss = 0.19509494666692237
2021-06-16 21:30:43,305 - Discovery - ***** Epoch: 25: Eval results *****
2021-06-16 21:30:43,306 - Discovery -   best_cluster_silhouette_score = 0.46496627
2021-06-16 21:30:43,306 - Discovery -   cluster_silhouette_score = 0.47470087
2021-06-16 21:30:43,306 - Discovery -   train_loss = 0.21880313738341062
2021-06-16 21:31:13,983 - Discovery - ***** Epoch: 26: Eval results *****
2021-06-16 21:31:13,983 - Discovery -   best_cluster_silhouette_score = 0.47470087
2021-06-16 21:31:13,983 - Discovery -   cluster_silhouette_score = 0.4737509
2021-06-16 21:31:13,983 - Discovery -   train_loss = 0.18568627441852864
2021-06-16 21:31:55,308 - Discovery - ***** Epoch: 27: Eval results *****
2021-06-16 21:31:55,308 - Discovery -   best_cluster_silhouette_score = 0.47470087
2021-06-16 21:31:55,310 - Discovery -   cluster_silhouette_score = 0.4772372
2021-06-16 21:31:55,310 - Discovery -   train_loss = 0.20922894718151697
2021-06-16 21:32:25,559 - Discovery - ***** Epoch: 28: Eval results *****
2021-06-16 21:32:25,559 - Discovery -   best_cluster_silhouette_score = 0.4772372
2021-06-16 21:32:25,559 - Discovery -   cluster_silhouette_score = 0.4881627
2021-06-16 21:32:25,559 - Discovery -   train_loss = 0.19192412214904603
2021-06-16 21:32:54,950 - Discovery - ***** Epoch: 29: Eval results *****
2021-06-16 21:32:54,951 - Discovery -   best_cluster_silhouette_score = 0.4881627
2021-06-16 21:32:54,953 - Discovery -   cluster_silhouette_score = 0.48702034
2021-06-16 21:32:54,953 - Discovery -   train_loss = 0.14083725127430868
2021-06-16 21:33:28,341 - Discovery - ***** Epoch: 30: Eval results *****
2021-06-16 21:33:28,341 - Discovery -   best_cluster_silhouette_score = 0.4881627
2021-06-16 21:33:28,341 - Discovery -   cluster_silhouette_score = 0.48213622
2021-06-16 21:33:28,341 - Discovery -   train_loss = 0.1386634990126944
2021-06-16 21:33:58,967 - Discovery - ***** Epoch: 31: Eval results *****
2021-06-16 21:33:58,967 - Discovery -   best_cluster_silhouette_score = 0.4881627
2021-06-16 21:33:58,967 - Discovery -   cluster_silhouette_score = 0.49067986
2021-06-16 21:33:58,967 - Discovery -   train_loss = 0.17250071597141278
2021-06-16 21:34:41,886 - Discovery - ***** Epoch: 32: Eval results *****
2021-06-16 21:34:41,886 - Discovery -   best_cluster_silhouette_score = 0.49067986
2021-06-16 21:34:41,886 - Discovery -   cluster_silhouette_score = 0.47294414
2021-06-16 21:34:41,886 - Discovery -   train_loss = 0.20061784174660563
2021-06-16 21:35:11,080 - Discovery - ***** Epoch: 33: Eval results *****
2021-06-16 21:35:11,080 - Discovery -   best_cluster_silhouette_score = 0.49067986
2021-06-16 21:35:11,080 - Discovery -   cluster_silhouette_score = 0.47865328
2021-06-16 21:35:11,080 - Discovery -   train_loss = 0.1943547810152383
2021-06-16 21:35:44,192 - Discovery - ***** Epoch: 34: Eval results *****
2021-06-16 21:35:44,192 - Discovery -   best_cluster_silhouette_score = 0.49067986
2021-06-16 21:35:44,192 - Discovery -   cluster_silhouette_score = 0.47433648
2021-06-16 21:35:44,192 - Discovery -   train_loss = 0.19294351171439802
2021-06-16 21:36:14,266 - Discovery - ***** Epoch: 35: Eval results *****
2021-06-16 21:36:14,266 - Discovery -   best_cluster_silhouette_score = 0.49067986
2021-06-16 21:36:14,266 - Discovery -   cluster_silhouette_score = 0.47654292
2021-06-16 21:36:14,266 - Discovery -   train_loss = 0.13748195473576935
2021-06-16 21:36:45,505 - Discovery - ***** Epoch: 36: Eval results *****
2021-06-16 21:36:45,506 - Discovery -   best_cluster_silhouette_score = 0.49067986
2021-06-16 21:36:45,506 - Discovery -   cluster_silhouette_score = 0.48266858
2021-06-16 21:36:45,506 - Discovery -   train_loss = 0.19721532655014118
2021-06-16 21:37:14,880 - Discovery - ***** Epoch: 37: Eval results *****
2021-06-16 21:37:14,881 - Discovery -   best_cluster_silhouette_score = 0.49067986
2021-06-16 21:37:14,881 - Discovery -   cluster_silhouette_score = 0.48288983
2021-06-16 21:37:14,881 - Discovery -   train_loss = 0.1721758625247109
2021-06-16 21:37:43,488 - Discovery - ***** Epoch: 38: Eval results *****
2021-06-16 21:37:43,488 - Discovery -   best_cluster_silhouette_score = 0.49067986
2021-06-16 21:37:43,488 - Discovery -   cluster_silhouette_score = 0.4862562
2021-06-16 21:37:43,488 - Discovery -   train_loss = 0.18225498544708105
2021-06-16 21:38:16,082 - Discovery - ***** Epoch: 39: Eval results *****
2021-06-16 21:38:16,082 - Discovery -   best_cluster_silhouette_score = 0.49067986
2021-06-16 21:38:16,082 - Discovery -   cluster_silhouette_score = 0.48683202
2021-06-16 21:38:16,082 - Discovery -   train_loss = 0.16353248521475724
2021-06-16 21:38:46,024 - Discovery - ***** Epoch: 40: Eval results *****
2021-06-16 21:38:46,024 - Discovery -   best_cluster_silhouette_score = 0.49067986
2021-06-16 21:38:46,024 - Discovery -   cluster_silhouette_score = 0.4938803
2021-06-16 21:38:46,024 - Discovery -   train_loss = 0.15705376412247268
2021-06-16 21:39:20,366 - Discovery - ***** Epoch: 41: Eval results *****
2021-06-16 21:39:20,366 - Discovery -   best_cluster_silhouette_score = 0.4938803
2021-06-16 21:39:20,366 - Discovery -   cluster_silhouette_score = 0.49480388
2021-06-16 21:39:20,366 - Discovery -   train_loss = 0.19686379367616816
2021-06-16 21:39:49,638 - Discovery - ***** Epoch: 42: Eval results *****
2021-06-16 21:39:49,638 - Discovery -   best_cluster_silhouette_score = 0.49480388
2021-06-16 21:39:49,640 - Discovery -   cluster_silhouette_score = 0.49290985
2021-06-16 21:39:49,640 - Discovery -   train_loss = 0.18241342241075678
2021-06-16 21:40:25,252 - Discovery - ***** Epoch: 43: Eval results *****
2021-06-16 21:40:25,252 - Discovery -   best_cluster_silhouette_score = 0.49480388
2021-06-16 21:40:25,252 - Discovery -   cluster_silhouette_score = 0.49315977
2021-06-16 21:40:25,252 - Discovery -   train_loss = 0.1709396696426499
2021-06-16 21:40:54,078 - Discovery - ***** Epoch: 44: Eval results *****
2021-06-16 21:40:54,078 - Discovery -   best_cluster_silhouette_score = 0.49480388
2021-06-16 21:40:54,078 - Discovery -   cluster_silhouette_score = 0.4931729
2021-06-16 21:40:54,078 - Discovery -   train_loss = 0.1763104612243847
2021-06-16 21:41:29,236 - Discovery - ***** Epoch: 45: Eval results *****
2021-06-16 21:41:29,236 - Discovery -   best_cluster_silhouette_score = 0.49480388
2021-06-16 21:41:29,236 - Discovery -   cluster_silhouette_score = 0.4999904
2021-06-16 21:41:29,236 - Discovery -   train_loss = 0.17646127167931744
2021-06-16 21:41:59,137 - Discovery - ***** Epoch: 46: Eval results *****
2021-06-16 21:41:59,137 - Discovery -   best_cluster_silhouette_score = 0.4999904
2021-06-16 21:41:59,137 - Discovery -   cluster_silhouette_score = 0.48751643
2021-06-16 21:41:59,137 - Discovery -   train_loss = 0.160497800879915
2021-06-16 21:42:29,860 - Discovery - ***** Epoch: 47: Eval results *****
2021-06-16 21:42:29,860 - Discovery -   best_cluster_silhouette_score = 0.4999904
2021-06-16 21:42:29,861 - Discovery -   cluster_silhouette_score = 0.48998663
2021-06-16 21:42:29,861 - Discovery -   train_loss = 0.21291207860578115
2021-06-16 21:43:00,321 - Discovery - ***** Epoch: 48: Eval results *****
2021-06-16 21:43:00,321 - Discovery -   best_cluster_silhouette_score = 0.4999904
2021-06-16 21:43:00,321 - Discovery -   cluster_silhouette_score = 0.4917304
2021-06-16 21:43:00,321 - Discovery -   train_loss = 0.17111286193027464
2021-06-16 21:43:29,832 - Discovery - ***** Epoch: 49: Eval results *****
2021-06-16 21:43:29,832 - Discovery -   best_cluster_silhouette_score = 0.4999904
2021-06-16 21:43:29,832 - Discovery -   cluster_silhouette_score = 0.49834597
2021-06-16 21:43:29,832 - Discovery -   train_loss = 0.17172919780435697
2021-06-16 21:44:02,305 - Discovery - ***** Epoch: 50: Eval results *****
2021-06-16 21:44:02,305 - Discovery -   best_cluster_silhouette_score = 0.4999904
2021-06-16 21:44:02,305 - Discovery -   cluster_silhouette_score = 0.4972551
2021-06-16 21:44:02,305 - Discovery -   train_loss = 0.1232778975136683
2021-06-16 21:44:32,089 - Discovery - ***** Epoch: 51: Eval results *****
2021-06-16 21:44:32,089 - Discovery -   best_cluster_silhouette_score = 0.4999904
2021-06-16 21:44:32,089 - Discovery -   cluster_silhouette_score = 0.4969922
2021-06-16 21:44:32,089 - Discovery -   train_loss = 0.19416193401729556
2021-06-16 21:45:09,058 - Discovery - ***** Epoch: 52: Eval results *****
2021-06-16 21:45:09,058 - Discovery -   best_cluster_silhouette_score = 0.4999904
2021-06-16 21:45:09,058 - Discovery -   cluster_silhouette_score = 0.4976221
2021-06-16 21:45:09,058 - Discovery -   train_loss = 0.1498741789812773
2021-06-16 21:45:38,389 - Discovery - ***** Epoch: 53: Eval results *****
2021-06-16 21:45:38,389 - Discovery -   best_cluster_silhouette_score = 0.4999904
2021-06-16 21:45:38,389 - Discovery -   cluster_silhouette_score = 0.49657172
2021-06-16 21:45:38,389 - Discovery -   train_loss = 0.16846274589778673
2021-06-16 21:46:14,142 - Discovery - ***** Epoch: 54: Eval results *****
2021-06-16 21:46:14,142 - Discovery -   best_cluster_silhouette_score = 0.4999904
2021-06-16 21:46:14,142 - Discovery -   cluster_silhouette_score = 0.4969799
2021-06-16 21:46:14,142 - Discovery -   train_loss = 0.1527029542960751
2021-06-16 21:46:43,865 - Discovery - ***** Epoch: 55: Eval results *****
2021-06-16 21:46:43,865 - Discovery -   best_cluster_silhouette_score = 0.4999904
2021-06-16 21:46:43,866 - Discovery -   cluster_silhouette_score = 0.48900512
2021-06-16 21:46:43,866 - Discovery -   train_loss = 0.162926093006218
2021-06-16 21:47:18,234 - Discovery - ***** Epoch: 56: Eval results *****
2021-06-16 21:47:18,235 - Discovery -   best_cluster_silhouette_score = 0.4999904
2021-06-16 21:47:18,235 - Discovery -   cluster_silhouette_score = 0.50098604
2021-06-16 21:47:18,235 - Discovery -   train_loss = 0.2008626335103747
2021-06-16 21:47:47,930 - Discovery - ***** Epoch: 57: Eval results *****
2021-06-16 21:47:47,930 - Discovery -   best_cluster_silhouette_score = 0.50098604
2021-06-16 21:47:47,930 - Discovery -   cluster_silhouette_score = 0.501063
2021-06-16 21:47:47,930 - Discovery -   train_loss = 0.1728862340653866
2021-06-16 21:48:18,226 - Discovery - ***** Epoch: 58: Eval results *****
2021-06-16 21:48:18,227 - Discovery -   best_cluster_silhouette_score = 0.501063
2021-06-16 21:48:18,227 - Discovery -   cluster_silhouette_score = 0.49486277
2021-06-16 21:48:18,227 - Discovery -   train_loss = 0.18637489574685903
2021-06-16 21:48:49,039 - Discovery - ***** Epoch: 59: Eval results *****
2021-06-16 21:48:49,039 - Discovery -   best_cluster_silhouette_score = 0.501063
2021-06-16 21:48:49,039 - Discovery -   cluster_silhouette_score = 0.5014773
2021-06-16 21:48:49,039 - Discovery -   train_loss = 0.13741710031746138
2021-06-16 21:49:18,251 - Discovery - ***** Epoch: 60: Eval results *****
2021-06-16 21:49:18,251 - Discovery -   best_cluster_silhouette_score = 0.5014773
2021-06-16 21:49:18,251 - Discovery -   cluster_silhouette_score = 0.5095412
2021-06-16 21:49:18,252 - Discovery -   train_loss = 0.2121772902007674
2021-06-16 21:49:50,470 - Discovery - ***** Epoch: 61: Eval results *****
2021-06-16 21:49:50,471 - Discovery -   best_cluster_silhouette_score = 0.5095412
2021-06-16 21:49:50,471 - Discovery -   cluster_silhouette_score = 0.50549775
2021-06-16 21:49:50,471 - Discovery -   train_loss = 0.11739060844124204
2021-06-16 21:50:19,601 - Discovery - ***** Epoch: 62: Eval results *****
2021-06-16 21:50:19,601 - Discovery -   best_cluster_silhouette_score = 0.5095412
2021-06-16 21:50:19,601 - Discovery -   cluster_silhouette_score = 0.5076648
2021-06-16 21:50:19,601 - Discovery -   train_loss = 0.13853055508938475
2021-06-16 21:50:56,322 - Discovery - ***** Epoch: 63: Eval results *****
2021-06-16 21:50:56,322 - Discovery -   best_cluster_silhouette_score = 0.5095412
2021-06-16 21:50:56,322 - Discovery -   cluster_silhouette_score = 0.48963225
2021-06-16 21:50:56,322 - Discovery -   train_loss = 0.21129825013414236
2021-06-16 21:51:25,711 - Discovery - ***** Epoch: 64: Eval results *****
2021-06-16 21:51:25,712 - Discovery -   best_cluster_silhouette_score = 0.5095412
2021-06-16 21:51:25,712 - Discovery -   cluster_silhouette_score = 0.49899116
2021-06-16 21:51:25,712 - Discovery -   train_loss = 0.21229638946308216
2021-06-16 21:52:02,361 - Discovery - ***** Epoch: 65: Eval results *****
2021-06-16 21:52:02,362 - Discovery -   best_cluster_silhouette_score = 0.5095412
2021-06-16 21:52:02,362 - Discovery -   cluster_silhouette_score = 0.5011551
2021-06-16 21:52:02,362 - Discovery -   train_loss = 0.17878362914206278
2021-06-16 21:52:31,785 - Discovery - ***** Epoch: 66: Eval results *****
2021-06-16 21:52:31,785 - Discovery -   best_cluster_silhouette_score = 0.5095412
2021-06-16 21:52:31,785 - Discovery -   cluster_silhouette_score = 0.4979094
2021-06-16 21:52:31,785 - Discovery -   train_loss = 0.1533258054667795
2021-06-16 21:53:10,692 - Discovery - ***** Epoch: 67: Eval results *****
2021-06-16 21:53:10,692 - Discovery -   best_cluster_silhouette_score = 0.5095412
2021-06-16 21:53:10,692 - Discovery -   cluster_silhouette_score = 0.4869086
2021-06-16 21:53:10,693 - Discovery -   train_loss = 0.225202271741041
2021-06-16 21:53:39,635 - Discovery - ***** Epoch: 68: Eval results *****
2021-06-16 21:53:39,635 - Discovery -   best_cluster_silhouette_score = 0.5095412
2021-06-16 21:53:39,635 - Discovery -   cluster_silhouette_score = 0.4970783
2021-06-16 21:53:39,635 - Discovery -   train_loss = 0.27643968563684274
2021-06-16 21:54:12,524 - Discovery - ***** Epoch: 69: Eval results *****
2021-06-16 21:54:12,525 - Discovery -   best_cluster_silhouette_score = 0.5095412
2021-06-16 21:54:12,525 - Discovery -   cluster_silhouette_score = 0.48418605
2021-06-16 21:54:12,525 - Discovery -   train_loss = 0.24046084536633022
2021-06-16 21:54:41,646 - Discovery - ***** Epoch: 70: Eval results *****
2021-06-16 21:54:41,646 - Discovery -   best_cluster_silhouette_score = 0.5095412
2021-06-16 21:54:41,646 - Discovery -   cluster_silhouette_score = 0.48055786
2021-06-16 21:54:41,646 - Discovery -   train_loss = 0.3180498088329611
2021-06-16 21:55:11,434 - Discovery - ***** Epoch: 71: Eval results *****
2021-06-16 21:55:11,434 - Discovery -   best_cluster_silhouette_score = 0.5095412
2021-06-16 21:55:11,434 - Discovery -   cluster_silhouette_score = 0.48387852
2021-06-16 21:55:11,434 - Discovery -   train_loss = 0.2838974504823416
2021-06-16 21:55:47,372 - Discovery - ***** Epoch: 72: Eval results *****
2021-06-16 21:55:47,372 - Discovery -   best_cluster_silhouette_score = 0.5095412
2021-06-16 21:55:47,372 - Discovery -   cluster_silhouette_score = 0.4765152
2021-06-16 21:55:47,372 - Discovery -   train_loss = 0.323315157751802
2021-06-16 21:56:17,322 - Discovery - ***** Epoch: 73: Eval results *****
2021-06-16 21:56:17,322 - Discovery -   best_cluster_silhouette_score = 0.5095412
2021-06-16 21:56:17,322 - Discovery -   cluster_silhouette_score = 0.47129452
2021-06-16 21:56:17,322 - Discovery -   train_loss = 0.36337980407644327
2021-06-16 21:56:58,155 - Discovery - ***** Epoch: 74: Eval results *****
2021-06-16 21:56:58,156 - Discovery -   best_cluster_silhouette_score = 0.5095412
2021-06-16 21:56:58,156 - Discovery -   cluster_silhouette_score = 0.4704901
2021-06-16 21:56:58,156 - Discovery -   train_loss = 0.3673009696141095
2021-06-16 21:57:28,005 - Discovery - ***** Epoch: 75: Eval results *****
2021-06-16 21:57:28,005 - Discovery -   best_cluster_silhouette_score = 0.5095412
2021-06-16 21:57:28,005 - Discovery -   cluster_silhouette_score = 0.4629127
2021-06-16 21:57:28,006 - Discovery -   train_loss = 0.24908787085556647
2021-06-16 21:57:58,444 - Discovery - ***** Epoch: 76: Eval results *****
2021-06-16 21:57:58,445 - Discovery -   best_cluster_silhouette_score = 0.5095412
2021-06-16 21:57:58,445 - Discovery -   cluster_silhouette_score = 0.4682201
2021-06-16 21:57:58,445 - Discovery -   train_loss = 0.38675454736385545
2021-06-16 21:58:28,759 - Discovery - ***** Epoch: 77: Eval results *****
2021-06-16 21:58:28,760 - Discovery -   best_cluster_silhouette_score = 0.5095412
2021-06-16 21:58:28,760 - Discovery -   cluster_silhouette_score = 0.46509567
2021-06-16 21:58:28,760 - Discovery -   train_loss = 0.3226676730202957
2021-06-16 21:58:58,754 - Discovery - ***** Epoch: 78: Eval results *****
2021-06-16 21:58:58,755 - Discovery -   best_cluster_silhouette_score = 0.5095412
2021-06-16 21:58:58,755 - Discovery -   cluster_silhouette_score = 0.46810693
2021-06-16 21:58:58,755 - Discovery -   train_loss = 0.3887626967379745
2021-06-16 21:59:37,451 - Discovery - ***** Epoch: 79: Eval results *****
2021-06-16 21:59:37,451 - Discovery -   best_cluster_silhouette_score = 0.5095412
2021-06-16 21:59:37,451 - Discovery -   cluster_silhouette_score = 0.46338373
2021-06-16 21:59:37,451 - Discovery -   train_loss = 0.3292789237809853
2021-06-16 22:00:08,038 - Discovery - ***** Epoch: 80: Eval results *****
2021-06-16 22:00:08,038 - Discovery -   best_cluster_silhouette_score = 0.5095412
2021-06-16 22:00:08,038 - Discovery -   cluster_silhouette_score = 0.46889427
2021-06-16 22:00:08,038 - Discovery -   train_loss = 0.26589949135209473
2021-06-16 22:00:08,707 - Discovery - Training Finished...
2021-06-16 22:00:08,708 - Discovery - Testing begin...
2021-06-16 22:00:17,839 - Discovery - ***** Test: Confusion Matrix *****
2021-06-16 22:00:17,839 - Discovery - [[0 0 0 ... 0 0 0]
 [0 0 2 ... 0 0 0]
 [0 0 0 ... 0 0 0]
 ...
 [0 0 0 ... 0 0 0]
 [0 0 0 ... 0 0 0]
 [0 0 0 ... 0 0 0]]
2021-06-16 22:00:17,839 - Discovery - ***** Test results *****
2021-06-16 22:00:17,839 - Discovery -   ACC = 64.22
2021-06-16 22:00:17,839 - Discovery -   ARI = 52.71
2021-06-16 22:00:17,840 - Discovery -   NMI = 79.06
2021-06-16 22:00:17,840 - Discovery - Testing finished...
2021-06-16 22:00:17,840 - Discovery - Results saved in results/results_DeepAligned.csv
2021-06-16 22:00:17,862 - Discovery - Open Intent Discovery Finished...
