2021-06-16 12:43:16,124 - Discovery - Open Intent Discovery Begin...
2021-06-16 12:43:16,124 - Discovery - Parameters Initialization...
2021-06-16 12:43:16,125 - Discovery - ============================== Params ==============================
2021-06-16 12:43:16,125 - Discovery - type:	open_intent_detection
2021-06-16 12:43:16,125 - Discovery - dataset:	banking
2021-06-16 12:43:16,125 - Discovery - known_cls_ratio:	0.75
2021-06-16 12:43:16,125 - Discovery - labeled_ratio:	0.1
2021-06-16 12:43:16,125 - Discovery - cluster_num_factor:	1
2021-06-16 12:43:16,125 - Discovery - method:	DeepAligned
2021-06-16 12:43:16,125 - Discovery - train:	True
2021-06-16 12:43:16,125 - Discovery - save_model:	False
2021-06-16 12:43:16,125 - Discovery - backbone:	bert
2021-06-16 12:43:16,125 - Discovery - num_train_epochs:	100
2021-06-16 12:43:16,125 - Discovery - setting:	semi_supervised
2021-06-16 12:43:16,125 - Discovery - config_file_name:	DeepAligned
2021-06-16 12:43:16,125 - Discovery - seed:	0
2021-06-16 12:43:16,125 - Discovery - gpu_id:	1
2021-06-16 12:43:16,125 - Discovery - pipe_results_path:	pipe_results
2021-06-16 12:43:16,125 - Discovery - data_dir:	/home/zhanghanlei/git/TEXTOIR/open_intent_discovery/../data
2021-06-16 12:43:16,125 - Discovery - output_dir:	outputs
2021-06-16 12:43:16,125 - Discovery - model_dir:	models
2021-06-16 12:43:16,125 - Discovery - result_dir:	results
2021-06-16 12:43:16,125 - Discovery - results_file_name:	results.csv
2021-06-16 12:43:16,125 - Discovery - save_results:	False
2021-06-16 12:43:16,125 - Discovery - method_output_dir:	outputs/open_intent_detection/DeepAligned_banking_0.75_0.1_bert
2021-06-16 12:43:16,125 - Discovery - model_output_dir:	outputs/open_intent_detection/DeepAligned_banking_0.75_0.1_bert/models
2021-06-16 12:43:16,125 - Discovery - bert_model:	/home/sharing/disk1/pretrained_embedding/bert/uncased_L-12_H-768_A-12/
2021-06-16 12:43:16,125 - Discovery - max_seq_length:	None
2021-06-16 12:43:16,125 - Discovery - freeze_bert_parameters:	True
2021-06-16 12:43:16,125 - Discovery - feat_dim:	768
2021-06-16 12:43:16,125 - Discovery - warmup_proportion:	0.1
2021-06-16 12:43:16,125 - Discovery - lr_pre:	5e-05
2021-06-16 12:43:16,125 - Discovery - lr:	5e-05
2021-06-16 12:43:16,125 - Discovery - loss_fct:	CrossEntropyLoss
2021-06-16 12:43:16,125 - Discovery - train_batch_size:	128
2021-06-16 12:43:16,125 - Discovery - eval_batch_size:	128
2021-06-16 12:43:16,125 - Discovery - test_batch_size:	128
2021-06-16 12:43:16,125 - Discovery - wait_patient:	20
2021-06-16 12:43:16,125 - Discovery - ============================== End Params ==============================
2021-06-16 12:43:16,125 - Discovery - Data and Model Preparation...
2021-06-16 12:43:16,824 - Discovery - Number of labeled samples = 673
2021-06-16 12:43:16,824 - Discovery - Number of unlabeled samples = 8330
2021-06-16 12:43:23,566 - Discovery - Pre-raining start...
2021-06-16 12:43:27,271 - Discovery - ***** Epoch: 1: Eval results *****
2021-06-16 12:43:27,271 - Discovery -   best_acc = 0
2021-06-16 12:43:27,271 - Discovery -   eval_acc = 0.022757697456492636
2021-06-16 12:43:27,271 - Discovery -   train_loss = 4.061723788579305
2021-06-16 12:43:28,273 - Discovery - ***** Epoch: 2: Eval results *****
2021-06-16 12:43:28,273 - Discovery -   best_acc = 0.022757697456492636
2021-06-16 12:43:28,273 - Discovery -   eval_acc = 0.022757697456492636
2021-06-16 12:43:28,273 - Discovery -   train_loss = 4.064299742380778
2021-06-16 12:43:29,265 - Discovery - ***** Epoch: 3: Eval results *****
2021-06-16 12:43:29,266 - Discovery -   best_acc = 0.022757697456492636
2021-06-16 12:43:29,266 - Discovery -   eval_acc = 0.022757697456492636
2021-06-16 12:43:29,266 - Discovery -   train_loss = 4.060075521469116
2021-06-16 12:43:30,257 - Discovery - ***** Epoch: 4: Eval results *****
2021-06-16 12:43:30,257 - Discovery -   best_acc = 0.022757697456492636
2021-06-16 12:43:30,257 - Discovery -   eval_acc = 0.020080321285140562
2021-06-16 12:43:30,257 - Discovery -   train_loss = 4.05983567237854
2021-06-16 12:43:31,250 - Discovery - ***** Epoch: 5: Eval results *****
2021-06-16 12:43:31,250 - Discovery -   best_acc = 0.022757697456492636
2021-06-16 12:43:31,250 - Discovery -   eval_acc = 0.018741633199464525
2021-06-16 12:43:31,250 - Discovery -   train_loss = 4.052047252655029
