2021-06-16 12:23:14,624 - Discovery - Open Intent Discovery Begin...
2021-06-16 12:23:14,624 - Discovery - Parameters Initialization...
2021-06-16 12:23:14,624 - Discovery - ============================== Params ==============================
2021-06-16 12:23:14,624 - Discovery - type:	open_intent_detection
2021-06-16 12:23:14,624 - Discovery - dataset:	banking
2021-06-16 12:23:14,624 - Discovery - known_cls_ratio:	0.75
2021-06-16 12:23:14,624 - Discovery - labeled_ratio:	0.1
2021-06-16 12:23:14,624 - Discovery - cluster_num_factor:	1
2021-06-16 12:23:14,624 - Discovery - method:	DeepAligned
2021-06-16 12:23:14,624 - Discovery - train:	True
2021-06-16 12:23:14,624 - Discovery - save_model:	False
2021-06-16 12:23:14,624 - Discovery - backbone:	bert
2021-06-16 12:23:14,624 - Discovery - num_train_epochs:	100
2021-06-16 12:23:14,624 - Discovery - setting:	semi_supervised
2021-06-16 12:23:14,625 - Discovery - config_file_name:	DeepAligned
2021-06-16 12:23:14,625 - Discovery - seed:	0
2021-06-16 12:23:14,625 - Discovery - gpu_id:	1
2021-06-16 12:23:14,625 - Discovery - pipe_results_path:	pipe_results
2021-06-16 12:23:14,625 - Discovery - data_dir:	/home/zhanghanlei/git/TEXTOIR/open_intent_discovery/../data
2021-06-16 12:23:14,625 - Discovery - output_dir:	outputs
2021-06-16 12:23:14,625 - Discovery - model_dir:	models
2021-06-16 12:23:14,625 - Discovery - result_dir:	results
2021-06-16 12:23:14,625 - Discovery - results_file_name:	results.csv
2021-06-16 12:23:14,625 - Discovery - save_results:	False
2021-06-16 12:23:14,625 - Discovery - method_output_dir:	outputs/open_intent_detection/DeepAligned_banking_0.75_0.1_bert
2021-06-16 12:23:14,625 - Discovery - model_output_dir:	outputs/open_intent_detection/DeepAligned_banking_0.75_0.1_bert/models
2021-06-16 12:23:14,625 - Discovery - bert_model:	/home/sharing/disk1/pretrained_embedding/bert/uncased_L-12_H-768_A-12/
2021-06-16 12:23:14,625 - Discovery - max_seq_length:	None
2021-06-16 12:23:14,625 - Discovery - freeze_bert_parameters:	True
2021-06-16 12:23:14,625 - Discovery - feat_dim:	768
2021-06-16 12:23:14,625 - Discovery - warmup_proportion:	0.1
2021-06-16 12:23:14,625 - Discovery - lr_pre:	5e-05
2021-06-16 12:23:14,625 - Discovery - lr:	5e-05
2021-06-16 12:23:14,625 - Discovery - loss_fct:	CrossEntropyLoss
2021-06-16 12:23:14,625 - Discovery - train_batch_size:	128
2021-06-16 12:23:14,625 - Discovery - eval_batch_size:	128
2021-06-16 12:23:14,625 - Discovery - test_batch_size:	128
2021-06-16 12:23:14,625 - Discovery - wait_patient:	20
2021-06-16 12:23:14,625 - Discovery - ============================== End Params ==============================
2021-06-16 12:23:14,625 - Discovery - Data and Model Preparation...
2021-06-16 12:23:22,362 - Discovery - Pre-raining start...
2021-06-16 12:23:26,135 - Discovery - ***** Epoch: 1: Eval results *****
2021-06-16 12:23:26,135 - Discovery -   best_acc = 0
2021-06-16 12:23:26,135 - Discovery -   eval_acc = 0.022757697456492636
2021-06-16 12:23:26,135 - Discovery -   train_loss = 4.061723788579305
2021-06-16 12:23:27,149 - Discovery - ***** Epoch: 2: Eval results *****
2021-06-16 12:23:27,149 - Discovery -   best_acc = 0.022757697456492636
2021-06-16 12:23:27,150 - Discovery -   eval_acc = 0.022757697456492636
2021-06-16 12:23:27,150 - Discovery -   train_loss = 4.064299742380778
2021-06-16 12:23:28,148 - Discovery - ***** Epoch: 3: Eval results *****
2021-06-16 12:23:28,148 - Discovery -   best_acc = 0.022757697456492636
2021-06-16 12:23:28,148 - Discovery -   eval_acc = 0.022757697456492636
2021-06-16 12:23:28,148 - Discovery -   train_loss = 4.060075521469116
2021-06-16 12:23:29,148 - Discovery - ***** Epoch: 4: Eval results *****
2021-06-16 12:23:29,148 - Discovery -   best_acc = 0.022757697456492636
2021-06-16 12:23:29,148 - Discovery -   eval_acc = 0.020080321285140562
2021-06-16 12:23:29,149 - Discovery -   train_loss = 4.05983567237854
2021-06-16 12:23:30,151 - Discovery - ***** Epoch: 5: Eval results *****
2021-06-16 12:23:30,151 - Discovery -   best_acc = 0.022757697456492636
2021-06-16 12:23:30,151 - Discovery -   eval_acc = 0.018741633199464525
2021-06-16 12:23:30,151 - Discovery -   train_loss = 4.052047252655029
2021-06-16 12:23:31,158 - Discovery - ***** Epoch: 6: Eval results *****
2021-06-16 12:23:31,158 - Discovery -   best_acc = 0.022757697456492636
2021-06-16 12:23:31,158 - Discovery -   eval_acc = 0.018741633199464525
2021-06-16 12:23:31,158 - Discovery -   train_loss = 4.048173189163208
2021-06-16 12:23:32,162 - Discovery - ***** Epoch: 7: Eval results *****
2021-06-16 12:23:32,163 - Discovery -   best_acc = 0.022757697456492636
2021-06-16 12:23:32,163 - Discovery -   eval_acc = 0.020080321285140562
2021-06-16 12:23:32,163 - Discovery -   train_loss = 4.04646881421407
2021-06-16 12:23:33,174 - Discovery - ***** Epoch: 8: Eval results *****
2021-06-16 12:23:33,174 - Discovery -   best_acc = 0.022757697456492636
2021-06-16 12:23:33,174 - Discovery -   eval_acc = 0.029451137884872823
2021-06-16 12:23:33,174 - Discovery -   train_loss = 4.038384755452474
2021-06-16 12:23:34,190 - Discovery - ***** Epoch: 9: Eval results *****
2021-06-16 12:23:34,190 - Discovery -   best_acc = 0.029451137884872823
2021-06-16 12:23:34,190 - Discovery -   eval_acc = 0.03748326639892905
2021-06-16 12:23:34,190 - Discovery -   train_loss = 4.0330657958984375
2021-06-16 12:23:35,211 - Discovery - ***** Epoch: 10: Eval results *****
2021-06-16 12:23:35,211 - Discovery -   best_acc = 0.03748326639892905
2021-06-16 12:23:35,211 - Discovery -   eval_acc = 0.050870147255689425
2021-06-16 12:23:35,211 - Discovery -   train_loss = 4.027726332346599
2021-06-16 12:23:36,228 - Discovery - ***** Epoch: 11: Eval results *****
2021-06-16 12:23:36,228 - Discovery -   best_acc = 0.050870147255689425
2021-06-16 12:23:36,228 - Discovery -   eval_acc = 0.06961178045515395
2021-06-16 12:23:36,228 - Discovery -   train_loss = 4.01754355430603
2021-06-16 12:23:37,244 - Discovery - ***** Epoch: 12: Eval results *****
2021-06-16 12:23:37,245 - Discovery -   best_acc = 0.06961178045515395
2021-06-16 12:23:37,245 - Discovery -   eval_acc = 0.08299866131191433
2021-06-16 12:23:37,245 - Discovery -   train_loss = 4.008711059888204
2021-06-16 12:23:38,260 - Discovery - ***** Epoch: 13: Eval results *****
2021-06-16 12:23:38,260 - Discovery -   best_acc = 0.08299866131191433
2021-06-16 12:23:38,260 - Discovery -   eval_acc = 0.09236947791164658
2021-06-16 12:23:38,262 - Discovery -   train_loss = 4.001022617022197
2021-06-16 12:23:39,279 - Discovery - ***** Epoch: 14: Eval results *****
2021-06-16 12:23:39,279 - Discovery -   best_acc = 0.09236947791164658
2021-06-16 12:23:39,279 - Discovery -   eval_acc = 0.11378848728246319
2021-06-16 12:23:39,279 - Discovery -   train_loss = 3.99239448706309
2021-06-16 12:23:40,296 - Discovery - ***** Epoch: 15: Eval results *****
2021-06-16 12:23:40,296 - Discovery -   best_acc = 0.11378848728246319
2021-06-16 12:23:40,296 - Discovery -   eval_acc = 0.12985274431057564
2021-06-16 12:23:40,296 - Discovery -   train_loss = 3.9769954681396484
2021-06-16 12:23:41,316 - Discovery - ***** Epoch: 16: Eval results *****
2021-06-16 12:23:41,316 - Discovery -   best_acc = 0.12985274431057564
2021-06-16 12:23:41,316 - Discovery -   eval_acc = 0.14056224899598393
2021-06-16 12:23:41,316 - Discovery -   train_loss = 3.9612720807393393
2021-06-16 12:23:42,338 - Discovery - ***** Epoch: 17: Eval results *****
2021-06-16 12:23:42,338 - Discovery -   best_acc = 0.14056224899598393
2021-06-16 12:23:42,338 - Discovery -   eval_acc = 0.1539491298527443
2021-06-16 12:23:42,338 - Discovery -   train_loss = 3.9432013034820557
2021-06-16 12:23:43,412 - Discovery - ***** Epoch: 18: Eval results *****
2021-06-16 12:23:43,412 - Discovery -   best_acc = 0.1539491298527443
2021-06-16 12:23:43,412 - Discovery -   eval_acc = 0.16198125836680052
2021-06-16 12:23:43,412 - Discovery -   train_loss = 3.925657351811727
2021-06-16 12:23:44,434 - Discovery - ***** Epoch: 19: Eval results *****
2021-06-16 12:23:44,434 - Discovery -   best_acc = 0.16198125836680052
2021-06-16 12:23:44,434 - Discovery -   eval_acc = 0.1686746987951807
2021-06-16 12:23:44,434 - Discovery -   train_loss = 3.892221132914225
2021-06-16 12:23:45,455 - Discovery - ***** Epoch: 20: Eval results *****
2021-06-16 12:23:45,455 - Discovery -   best_acc = 0.1686746987951807
2021-06-16 12:23:45,456 - Discovery -   eval_acc = 0.17670682730923695
2021-06-16 12:23:45,456 - Discovery -   train_loss = 3.8589417934417725
2021-06-16 12:23:46,478 - Discovery - ***** Epoch: 21: Eval results *****
2021-06-16 12:23:46,478 - Discovery -   best_acc = 0.17670682730923695
2021-06-16 12:23:46,478 - Discovery -   eval_acc = 0.20080321285140562
2021-06-16 12:23:46,478 - Discovery -   train_loss = 3.8213006258010864
2021-06-16 12:23:47,503 - Discovery - ***** Epoch: 22: Eval results *****
2021-06-16 12:23:47,503 - Discovery -   best_acc = 0.20080321285140562
2021-06-16 12:23:47,503 - Discovery -   eval_acc = 0.20883534136546184
2021-06-16 12:23:47,503 - Discovery -   train_loss = 3.7690799236297607
2021-06-16 12:23:48,528 - Discovery - ***** Epoch: 23: Eval results *****
2021-06-16 12:23:48,528 - Discovery -   best_acc = 0.20883534136546184
2021-06-16 12:23:48,528 - Discovery -   eval_acc = 0.22623828647925034
2021-06-16 12:23:48,528 - Discovery -   train_loss = 3.698450724283854
2021-06-16 12:23:49,550 - Discovery - ***** Epoch: 24: Eval results *****
2021-06-16 12:23:49,550 - Discovery -   best_acc = 0.22623828647925034
2021-06-16 12:23:49,550 - Discovery -   eval_acc = 0.22623828647925034
2021-06-16 12:23:49,550 - Discovery -   train_loss = 3.6383091608683267
2021-06-16 12:23:50,563 - Discovery - ***** Epoch: 25: Eval results *****
2021-06-16 12:23:50,563 - Discovery -   best_acc = 0.22623828647925034
2021-06-16 12:23:50,563 - Discovery -   eval_acc = 0.24765729585006693
2021-06-16 12:23:50,563 - Discovery -   train_loss = 3.5392302672068277
2021-06-16 12:23:51,587 - Discovery - ***** Epoch: 26: Eval results *****
2021-06-16 12:23:51,587 - Discovery -   best_acc = 0.24765729585006693
2021-06-16 12:23:51,587 - Discovery -   eval_acc = 0.2556894243641232
2021-06-16 12:23:51,587 - Discovery -   train_loss = 3.454897085825602
2021-06-16 12:23:52,611 - Discovery - ***** Epoch: 27: Eval results *****
2021-06-16 12:23:52,612 - Discovery -   best_acc = 0.2556894243641232
2021-06-16 12:23:52,612 - Discovery -   eval_acc = 0.27041499330655955
2021-06-16 12:23:52,612 - Discovery -   train_loss = 3.3440932830174765
2021-06-16 12:23:53,638 - Discovery - ***** Epoch: 28: Eval results *****
2021-06-16 12:23:53,638 - Discovery -   best_acc = 0.27041499330655955
2021-06-16 12:23:53,638 - Discovery -   eval_acc = 0.3132530120481928
2021-06-16 12:23:53,638 - Discovery -   train_loss = 3.218875447909037
2021-06-16 12:23:54,663 - Discovery - ***** Epoch: 29: Eval results *****
2021-06-16 12:23:54,663 - Discovery -   best_acc = 0.3132530120481928
2021-06-16 12:23:54,663 - Discovery -   eval_acc = 0.34805890227576974
2021-06-16 12:23:54,663 - Discovery -   train_loss = 3.1149391730626426
2021-06-16 12:23:55,688 - Discovery - ***** Epoch: 30: Eval results *****
2021-06-16 12:23:55,688 - Discovery -   best_acc = 0.34805890227576974
2021-06-16 12:23:55,688 - Discovery -   eval_acc = 0.36412315930388217
2021-06-16 12:23:55,688 - Discovery -   train_loss = 2.9995715618133545
2021-06-16 12:23:56,717 - Discovery - ***** Epoch: 31: Eval results *****
2021-06-16 12:23:56,717 - Discovery -   best_acc = 0.36412315930388217
2021-06-16 12:23:56,717 - Discovery -   eval_acc = 0.40829986613119146
2021-06-16 12:23:56,717 - Discovery -   train_loss = 2.9024987618128457
2021-06-16 12:23:57,794 - Discovery - ***** Epoch: 32: Eval results *****
2021-06-16 12:23:57,794 - Discovery -   best_acc = 0.40829986613119146
2021-06-16 12:23:57,794 - Discovery -   eval_acc = 0.44176706827309237
2021-06-16 12:23:57,794 - Discovery -   train_loss = 2.766718864440918
2021-06-16 12:23:58,825 - Discovery - ***** Epoch: 33: Eval results *****
2021-06-16 12:23:58,825 - Discovery -   best_acc = 0.44176706827309237
2021-06-16 12:23:58,826 - Discovery -   eval_acc = 0.48728246318607765
2021-06-16 12:23:58,826 - Discovery -   train_loss = 2.652098019917806
2021-06-16 12:23:59,854 - Discovery - ***** Epoch: 34: Eval results *****
2021-06-16 12:23:59,854 - Discovery -   best_acc = 0.48728246318607765
2021-06-16 12:23:59,854 - Discovery -   eval_acc = 0.5060240963855421
2021-06-16 12:23:59,854 - Discovery -   train_loss = 2.5396039883295694
2021-06-16 12:24:00,883 - Discovery - ***** Epoch: 35: Eval results *****
2021-06-16 12:24:00,884 - Discovery -   best_acc = 0.5060240963855421
2021-06-16 12:24:00,884 - Discovery -   eval_acc = 0.5301204819277109
2021-06-16 12:24:00,884 - Discovery -   train_loss = 2.4151665767033896
2021-06-16 12:24:01,914 - Discovery - ***** Epoch: 36: Eval results *****
2021-06-16 12:24:01,914 - Discovery -   best_acc = 0.5301204819277109
2021-06-16 12:24:01,914 - Discovery -   eval_acc = 0.5475234270414994
2021-06-16 12:24:01,914 - Discovery -   train_loss = 2.3475430806477866
2021-06-16 12:24:02,944 - Discovery - ***** Epoch: 37: Eval results *****
2021-06-16 12:24:02,944 - Discovery -   best_acc = 0.5475234270414994
2021-06-16 12:24:02,944 - Discovery -   eval_acc = 0.5769745649263721
2021-06-16 12:24:02,944 - Discovery -   train_loss = 2.2174989382425943
2021-06-16 12:24:03,976 - Discovery - ***** Epoch: 38: Eval results *****
2021-06-16 12:24:03,976 - Discovery -   best_acc = 0.5769745649263721
2021-06-16 12:24:03,976 - Discovery -   eval_acc = 0.6131191432396251
2021-06-16 12:24:03,976 - Discovery -   train_loss = 2.0745312372843423
2021-06-16 12:24:05,008 - Discovery - ***** Epoch: 39: Eval results *****
2021-06-16 12:24:05,008 - Discovery -   best_acc = 0.6131191432396251
2021-06-16 12:24:05,008 - Discovery -   eval_acc = 0.6211512717536813
2021-06-16 12:24:05,008 - Discovery -   train_loss = 1.9682021339734395
2021-06-16 12:24:06,038 - Discovery - ***** Epoch: 40: Eval results *****
2021-06-16 12:24:06,038 - Discovery -   best_acc = 0.6211512717536813
2021-06-16 12:24:06,038 - Discovery -   eval_acc = 0.6372155287817939
2021-06-16 12:24:06,038 - Discovery -   train_loss = 1.8783471783002217
2021-06-16 12:24:07,068 - Discovery - ***** Epoch: 41: Eval results *****
2021-06-16 12:24:07,068 - Discovery -   best_acc = 0.6372155287817939
2021-06-16 12:24:07,068 - Discovery -   eval_acc = 0.6559571619812584
2021-06-16 12:24:07,068 - Discovery -   train_loss = 1.749891738096873
2021-06-16 12:24:08,099 - Discovery - ***** Epoch: 42: Eval results *****
2021-06-16 12:24:08,099 - Discovery -   best_acc = 0.6559571619812584
2021-06-16 12:24:08,099 - Discovery -   eval_acc = 0.6706827309236948
2021-06-16 12:24:08,099 - Discovery -   train_loss = 1.6530608534812927
2021-06-16 12:24:09,129 - Discovery - ***** Epoch: 43: Eval results *****
2021-06-16 12:24:09,129 - Discovery -   best_acc = 0.6706827309236948
2021-06-16 12:24:09,129 - Discovery -   eval_acc = 0.6827309236947792
2021-06-16 12:24:09,129 - Discovery -   train_loss = 1.5427660544713337
2021-06-16 12:24:10,161 - Discovery - ***** Epoch: 44: Eval results *****
2021-06-16 12:24:10,161 - Discovery -   best_acc = 0.6827309236947792
2021-06-16 12:24:10,161 - Discovery -   eval_acc = 0.7001338688085676
2021-06-16 12:24:10,161 - Discovery -   train_loss = 1.4655834833780925
2021-06-16 12:24:11,191 - Discovery - ***** Epoch: 45: Eval results *****
2021-06-16 12:24:11,191 - Discovery -   best_acc = 0.7001338688085676
2021-06-16 12:24:11,191 - Discovery -   eval_acc = 0.7001338688085676
2021-06-16 12:24:11,191 - Discovery -   train_loss = 1.3514536420504253
2021-06-16 12:24:12,210 - Discovery - ***** Epoch: 46: Eval results *****
2021-06-16 12:24:12,211 - Discovery -   best_acc = 0.7001338688085676
2021-06-16 12:24:12,211 - Discovery -   eval_acc = 0.7041499330655957
2021-06-16 12:24:12,211 - Discovery -   train_loss = 1.3043141762415569
2021-06-16 12:24:13,250 - Discovery - ***** Epoch: 47: Eval results *****
2021-06-16 12:24:13,250 - Discovery -   best_acc = 0.7041499330655957
2021-06-16 12:24:13,250 - Discovery -   eval_acc = 0.7095046854082999
2021-06-16 12:24:13,250 - Discovery -   train_loss = 1.2022493282953899
2021-06-16 12:24:14,281 - Discovery - ***** Epoch: 48: Eval results *****
2021-06-16 12:24:14,282 - Discovery -   best_acc = 0.7095046854082999
2021-06-16 12:24:14,282 - Discovery -   eval_acc = 0.7202141900937081
2021-06-16 12:24:14,282 - Discovery -   train_loss = 1.117912749449412
2021-06-16 12:24:15,315 - Discovery - ***** Epoch: 49: Eval results *****
2021-06-16 12:24:15,315 - Discovery -   best_acc = 0.7202141900937081
2021-06-16 12:24:15,315 - Discovery -   eval_acc = 0.7255689424364123
2021-06-16 12:24:15,315 - Discovery -   train_loss = 1.048862765232722
2021-06-16 12:24:16,346 - Discovery - ***** Epoch: 50: Eval results *****
2021-06-16 12:24:16,346 - Discovery -   best_acc = 0.7255689424364123
2021-06-16 12:24:16,346 - Discovery -   eval_acc = 0.7349397590361446
2021-06-16 12:24:16,346 - Discovery -   train_loss = 1.0064284602801006
2021-06-16 12:24:17,378 - Discovery - ***** Epoch: 51: Eval results *****
2021-06-16 12:24:17,378 - Discovery -   best_acc = 0.7349397590361446
2021-06-16 12:24:17,378 - Discovery -   eval_acc = 0.7416331994645248
2021-06-16 12:24:17,378 - Discovery -   train_loss = 0.9181011219819387
2021-06-16 12:24:18,409 - Discovery - ***** Epoch: 52: Eval results *****
2021-06-16 12:24:18,410 - Discovery -   best_acc = 0.7416331994645248
2021-06-16 12:24:18,410 - Discovery -   eval_acc = 0.7469879518072289
2021-06-16 12:24:18,410 - Discovery -   train_loss = 0.8916533887386322
2021-06-16 12:24:19,441 - Discovery - ***** Epoch: 53: Eval results *****
2021-06-16 12:24:19,442 - Discovery -   best_acc = 0.7469879518072289
2021-06-16 12:24:19,442 - Discovery -   eval_acc = 0.7617135207496654
2021-06-16 12:24:19,442 - Discovery -   train_loss = 0.7887125511964163
2021-06-16 12:24:20,476 - Discovery - ***** Epoch: 54: Eval results *****
2021-06-16 12:24:20,476 - Discovery -   best_acc = 0.7617135207496654
2021-06-16 12:24:20,476 - Discovery -   eval_acc = 0.7643908969210174
2021-06-16 12:24:20,476 - Discovery -   train_loss = 0.7590376734733582
2021-06-16 12:24:21,509 - Discovery - ***** Epoch: 55: Eval results *****
2021-06-16 12:24:21,510 - Discovery -   best_acc = 0.7643908969210174
2021-06-16 12:24:21,510 - Discovery -   eval_acc = 0.7670682730923695
2021-06-16 12:24:21,510 - Discovery -   train_loss = 0.704320510228475
2021-06-16 12:24:22,542 - Discovery - ***** Epoch: 56: Eval results *****
2021-06-16 12:24:22,542 - Discovery -   best_acc = 0.7670682730923695
2021-06-16 12:24:22,542 - Discovery -   eval_acc = 0.7670682730923695
2021-06-16 12:24:22,542 - Discovery -   train_loss = 0.654873271783193
2021-06-16 12:24:23,563 - Discovery - ***** Epoch: 57: Eval results *****
2021-06-16 12:24:23,563 - Discovery -   best_acc = 0.7670682730923695
2021-06-16 12:24:23,563 - Discovery -   eval_acc = 0.7697456492637216
2021-06-16 12:24:23,563 - Discovery -   train_loss = 0.600759893655777
2021-06-16 12:24:24,594 - Discovery - ***** Epoch: 58: Eval results *****
2021-06-16 12:24:24,594 - Discovery -   best_acc = 0.7697456492637216
2021-06-16 12:24:24,594 - Discovery -   eval_acc = 0.7737617135207496
2021-06-16 12:24:24,594 - Discovery -   train_loss = 0.5477774292230606
2021-06-16 12:24:25,625 - Discovery - ***** Epoch: 59: Eval results *****
2021-06-16 12:24:25,625 - Discovery -   best_acc = 0.7737617135207496
2021-06-16 12:24:25,625 - Discovery -   eval_acc = 0.7831325301204819
2021-06-16 12:24:25,625 - Discovery -   train_loss = 0.5208914379278818
2021-06-16 12:24:26,707 - Discovery - ***** Epoch: 60: Eval results *****
2021-06-16 12:24:26,707 - Discovery -   best_acc = 0.7831325301204819
2021-06-16 12:24:26,707 - Discovery -   eval_acc = 0.784471218206158
2021-06-16 12:24:26,707 - Discovery -   train_loss = 0.4821489801009496
2021-06-16 12:24:27,738 - Discovery - ***** Epoch: 61: Eval results *****
2021-06-16 12:24:27,738 - Discovery -   best_acc = 0.784471218206158
2021-06-16 12:24:27,738 - Discovery -   eval_acc = 0.7911646586345381
2021-06-16 12:24:27,738 - Discovery -   train_loss = 0.4574244022369385
2021-06-16 12:24:28,774 - Discovery - ***** Epoch: 62: Eval results *****
2021-06-16 12:24:28,774 - Discovery -   best_acc = 0.7911646586345381
2021-06-16 12:24:28,774 - Discovery -   eval_acc = 0.7965194109772423
2021-06-16 12:24:28,774 - Discovery -   train_loss = 0.4222258577744166
2021-06-16 12:24:29,805 - Discovery - ***** Epoch: 63: Eval results *****
2021-06-16 12:24:29,805 - Discovery -   best_acc = 0.7965194109772423
2021-06-16 12:24:29,805 - Discovery -   eval_acc = 0.7991967871485943
2021-06-16 12:24:29,805 - Discovery -   train_loss = 0.3917161176602046
2021-06-16 12:24:30,835 - Discovery - ***** Epoch: 64: Eval results *****
2021-06-16 12:24:30,835 - Discovery -   best_acc = 0.7991967871485943
2021-06-16 12:24:30,835 - Discovery -   eval_acc = 0.7978580990629184
2021-06-16 12:24:30,836 - Discovery -   train_loss = 0.3706384797890981
2021-06-16 12:24:31,856 - Discovery - ***** Epoch: 65: Eval results *****
2021-06-16 12:24:31,856 - Discovery -   best_acc = 0.7991967871485943
2021-06-16 12:24:31,856 - Discovery -   eval_acc = 0.7951807228915663
2021-06-16 12:24:31,856 - Discovery -   train_loss = 0.3403062919775645
2021-06-16 12:24:32,881 - Discovery - ***** Epoch: 66: Eval results *****
2021-06-16 12:24:32,881 - Discovery -   best_acc = 0.7991967871485943
2021-06-16 12:24:32,881 - Discovery -   eval_acc = 0.8018741633199464
2021-06-16 12:24:32,881 - Discovery -   train_loss = 0.3235037674506505
2021-06-16 12:24:33,920 - Discovery - ***** Epoch: 67: Eval results *****
2021-06-16 12:24:33,920 - Discovery -   best_acc = 0.8018741633199464
2021-06-16 12:24:33,920 - Discovery -   eval_acc = 0.8032128514056225
2021-06-16 12:24:33,920 - Discovery -   train_loss = 0.28789032498995465
2021-06-16 12:24:34,955 - Discovery - ***** Epoch: 68: Eval results *****
2021-06-16 12:24:34,955 - Discovery -   best_acc = 0.8032128514056225
2021-06-16 12:24:34,955 - Discovery -   eval_acc = 0.8032128514056225
2021-06-16 12:24:34,955 - Discovery -   train_loss = 0.2744232366482417
2021-06-16 12:24:35,976 - Discovery - ***** Epoch: 69: Eval results *****
2021-06-16 12:24:35,976 - Discovery -   best_acc = 0.8032128514056225
2021-06-16 12:24:35,976 - Discovery -   eval_acc = 0.8005354752342704
2021-06-16 12:24:35,976 - Discovery -   train_loss = 0.25443167487780255
2021-06-16 12:24:37,004 - Discovery - ***** Epoch: 70: Eval results *****
2021-06-16 12:24:37,004 - Discovery -   best_acc = 0.8032128514056225
2021-06-16 12:24:37,004 - Discovery -   eval_acc = 0.8058902275769746
2021-06-16 12:24:37,004 - Discovery -   train_loss = 0.24168021231889725
2021-06-16 12:24:38,037 - Discovery - ***** Epoch: 71: Eval results *****
2021-06-16 12:24:38,037 - Discovery -   best_acc = 0.8058902275769746
2021-06-16 12:24:38,037 - Discovery -   eval_acc = 0.8112449799196787
2021-06-16 12:24:38,037 - Discovery -   train_loss = 0.2186318983634313
2021-06-16 12:24:39,068 - Discovery - ***** Epoch: 72: Eval results *****
2021-06-16 12:24:39,068 - Discovery -   best_acc = 0.8112449799196787
2021-06-16 12:24:39,068 - Discovery -   eval_acc = 0.8125836680053548
2021-06-16 12:24:39,068 - Discovery -   train_loss = 0.21034772942463556
2021-06-16 12:24:40,099 - Discovery - ***** Epoch: 73: Eval results *****
2021-06-16 12:24:40,099 - Discovery -   best_acc = 0.8125836680053548
2021-06-16 12:24:40,099 - Discovery -   eval_acc = 0.8139223560910308
2021-06-16 12:24:40,099 - Discovery -   train_loss = 0.19529913614193598
2021-06-16 12:24:41,131 - Discovery - ***** Epoch: 74: Eval results *****
2021-06-16 12:24:41,131 - Discovery -   best_acc = 0.8139223560910308
2021-06-16 12:24:41,131 - Discovery -   eval_acc = 0.8152610441767069
2021-06-16 12:24:41,131 - Discovery -   train_loss = 0.1861198420325915
2021-06-16 12:24:42,170 - Discovery - ***** Epoch: 75: Eval results *****
2021-06-16 12:24:42,170 - Discovery -   best_acc = 0.8152610441767069
2021-06-16 12:24:42,170 - Discovery -   eval_acc = 0.8139223560910308
2021-06-16 12:24:42,170 - Discovery -   train_loss = 0.16898237665494284
2021-06-16 12:24:43,193 - Discovery - ***** Epoch: 76: Eval results *****
2021-06-16 12:24:43,193 - Discovery -   best_acc = 0.8152610441767069
2021-06-16 12:24:43,195 - Discovery -   eval_acc = 0.8232931726907631
2021-06-16 12:24:43,195 - Discovery -   train_loss = 0.16466619074344635
2021-06-16 12:24:44,229 - Discovery - ***** Epoch: 77: Eval results *****
2021-06-16 12:24:44,229 - Discovery -   best_acc = 0.8232931726907631
2021-06-16 12:24:44,229 - Discovery -   eval_acc = 0.821954484605087
2021-06-16 12:24:44,229 - Discovery -   train_loss = 0.14999312410751978
2021-06-16 12:24:45,307 - Discovery - ***** Epoch: 78: Eval results *****
2021-06-16 12:24:45,307 - Discovery -   best_acc = 0.8232931726907631
2021-06-16 12:24:45,307 - Discovery -   eval_acc = 0.8273092369477911
2021-06-16 12:24:45,307 - Discovery -   train_loss = 0.13660342867175737
2021-06-16 12:24:46,344 - Discovery - ***** Epoch: 79: Eval results *****
2021-06-16 12:24:46,344 - Discovery -   best_acc = 0.8273092369477911
2021-06-16 12:24:46,344 - Discovery -   eval_acc = 0.821954484605087
2021-06-16 12:24:46,344 - Discovery -   train_loss = 0.13725214327375093
2021-06-16 12:24:47,365 - Discovery - ***** Epoch: 80: Eval results *****
2021-06-16 12:24:47,365 - Discovery -   best_acc = 0.8273092369477911
2021-06-16 12:24:47,365 - Discovery -   eval_acc = 0.8192771084337349
2021-06-16 12:24:47,365 - Discovery -   train_loss = 0.1280065899093946
2021-06-16 12:24:48,387 - Discovery - ***** Epoch: 81: Eval results *****
2021-06-16 12:24:48,387 - Discovery -   best_acc = 0.8273092369477911
2021-06-16 12:24:48,387 - Discovery -   eval_acc = 0.8259705488621151
2021-06-16 12:24:48,387 - Discovery -   train_loss = 0.11650236199299495
2021-06-16 12:24:49,409 - Discovery - ***** Epoch: 82: Eval results *****
2021-06-16 12:24:49,409 - Discovery -   best_acc = 0.8273092369477911
2021-06-16 12:24:49,409 - Discovery -   eval_acc = 0.821954484605087
2021-06-16 12:24:49,409 - Discovery -   train_loss = 0.10639706502358119
2021-06-16 12:24:50,430 - Discovery - ***** Epoch: 83: Eval results *****
2021-06-16 12:24:50,431 - Discovery -   best_acc = 0.8273092369477911
2021-06-16 12:24:50,431 - Discovery -   eval_acc = 0.821954484605087
2021-06-16 12:24:50,431 - Discovery -   train_loss = 0.10587453469634056
2021-06-16 12:24:51,452 - Discovery - ***** Epoch: 84: Eval results *****
2021-06-16 12:24:51,452 - Discovery -   best_acc = 0.8273092369477911
2021-06-16 12:24:51,452 - Discovery -   eval_acc = 0.8273092369477911
2021-06-16 12:24:51,452 - Discovery -   train_loss = 0.10005888467033704
2021-06-16 12:24:52,473 - Discovery - ***** Epoch: 85: Eval results *****
2021-06-16 12:24:52,473 - Discovery -   best_acc = 0.8273092369477911
2021-06-16 12:24:52,473 - Discovery -   eval_acc = 0.8246318607764391
2021-06-16 12:24:52,473 - Discovery -   train_loss = 0.10136906057596207
2021-06-16 12:24:53,497 - Discovery - ***** Epoch: 86: Eval results *****
2021-06-16 12:24:53,497 - Discovery -   best_acc = 0.8273092369477911
2021-06-16 12:24:53,497 - Discovery -   eval_acc = 0.8152610441767069
2021-06-16 12:24:53,499 - Discovery -   train_loss = 0.08913879344860713
2021-06-16 12:24:54,521 - Discovery - ***** Epoch: 87: Eval results *****
2021-06-16 12:24:54,522 - Discovery -   best_acc = 0.8273092369477911
2021-06-16 12:24:54,522 - Discovery -   eval_acc = 0.820615796519411
2021-06-16 12:24:54,522 - Discovery -   train_loss = 0.08610755205154419
2021-06-16 12:24:55,544 - Discovery - ***** Epoch: 88: Eval results *****
2021-06-16 12:24:55,544 - Discovery -   best_acc = 0.8273092369477911
2021-06-16 12:24:55,544 - Discovery -   eval_acc = 0.8246318607764391
2021-06-16 12:24:55,544 - Discovery -   train_loss = 0.07810839265584946
2021-06-16 12:24:56,566 - Discovery - ***** Epoch: 89: Eval results *****
2021-06-16 12:24:56,566 - Discovery -   best_acc = 0.8273092369477911
2021-06-16 12:24:56,566 - Discovery -   eval_acc = 0.8246318607764391
2021-06-16 12:24:56,566 - Discovery -   train_loss = 0.07563668427368005
2021-06-16 12:24:57,588 - Discovery - ***** Epoch: 90: Eval results *****
2021-06-16 12:24:57,588 - Discovery -   best_acc = 0.8273092369477911
2021-06-16 12:24:57,588 - Discovery -   eval_acc = 0.8259705488621151
2021-06-16 12:24:57,588 - Discovery -   train_loss = 0.07386051242550214
2021-06-16 12:24:58,610 - Discovery - ***** Epoch: 91: Eval results *****
2021-06-16 12:24:58,610 - Discovery -   best_acc = 0.8273092369477911
2021-06-16 12:24:58,610 - Discovery -   eval_acc = 0.8273092369477911
2021-06-16 12:24:58,610 - Discovery -   train_loss = 0.07022791852553685
2021-06-16 12:24:59,633 - Discovery - ***** Epoch: 92: Eval results *****
2021-06-16 12:24:59,633 - Discovery -   best_acc = 0.8273092369477911
2021-06-16 12:24:59,633 - Discovery -   eval_acc = 0.8232931726907631
2021-06-16 12:24:59,633 - Discovery -   train_loss = 0.06488903798162937
2021-06-16 12:25:00,655 - Discovery - ***** Epoch: 93: Eval results *****
2021-06-16 12:25:00,655 - Discovery -   best_acc = 0.8273092369477911
2021-06-16 12:25:00,655 - Discovery -   eval_acc = 0.8273092369477911
2021-06-16 12:25:00,655 - Discovery -   train_loss = 0.06472962473829587
2021-06-16 12:25:01,679 - Discovery - ***** Epoch: 94: Eval results *****
2021-06-16 12:25:01,679 - Discovery -   best_acc = 0.8273092369477911
2021-06-16 12:25:01,679 - Discovery -   eval_acc = 0.8259705488621151
2021-06-16 12:25:01,679 - Discovery -   train_loss = 0.06259152417381604
2021-06-16 12:25:02,699 - Discovery - ***** Epoch: 95: Eval results *****
2021-06-16 12:25:02,700 - Discovery -   best_acc = 0.8273092369477911
2021-06-16 12:25:02,700 - Discovery -   eval_acc = 0.821954484605087
2021-06-16 12:25:02,700 - Discovery -   train_loss = 0.0577417096743981
2021-06-16 12:25:03,724 - Discovery - ***** Epoch: 96: Eval results *****
2021-06-16 12:25:03,724 - Discovery -   best_acc = 0.8273092369477911
2021-06-16 12:25:03,724 - Discovery -   eval_acc = 0.8246318607764391
2021-06-16 12:25:03,724 - Discovery -   train_loss = 0.05301931189994017
2021-06-16 12:25:04,751 - Discovery - ***** Epoch: 97: Eval results *****
2021-06-16 12:25:04,751 - Discovery -   best_acc = 0.8273092369477911
2021-06-16 12:25:04,751 - Discovery -   eval_acc = 0.8259705488621151
2021-06-16 12:25:04,751 - Discovery -   train_loss = 0.04910021461546421
2021-06-16 12:25:05,781 - Discovery - ***** Epoch: 98: Eval results *****
2021-06-16 12:25:05,781 - Discovery -   best_acc = 0.8273092369477911
2021-06-16 12:25:05,781 - Discovery -   eval_acc = 0.8246318607764391
2021-06-16 12:25:05,781 - Discovery -   train_loss = 0.051143948609630265
2021-06-16 12:25:05,781 - Discovery - Pre-training finished...
