2021-06-16 13:20:49,664 - Discovery - Open Intent Discovery Begin...
2021-06-16 13:20:49,664 - Discovery - Parameters Initialization...
2021-06-16 13:20:49,665 - Discovery - ============================== Params ==============================
2021-06-16 13:20:49,665 - Discovery - type:	open_intent_detection
2021-06-16 13:20:49,665 - Discovery - dataset:	banking
2021-06-16 13:20:49,665 - Discovery - known_cls_ratio:	0.75
2021-06-16 13:20:49,665 - Discovery - labeled_ratio:	0.1
2021-06-16 13:20:49,665 - Discovery - cluster_num_factor:	1
2021-06-16 13:20:49,665 - Discovery - method:	DeepAligned
2021-06-16 13:20:49,665 - Discovery - train:	True
2021-06-16 13:20:49,665 - Discovery - save_model:	False
2021-06-16 13:20:49,665 - Discovery - backbone:	bert
2021-06-16 13:20:49,665 - Discovery - num_train_epochs:	100
2021-06-16 13:20:49,665 - Discovery - setting:	semi_supervised
2021-06-16 13:20:49,665 - Discovery - config_file_name:	DeepAligned
2021-06-16 13:20:49,665 - Discovery - seed:	0
2021-06-16 13:20:49,665 - Discovery - gpu_id:	1
2021-06-16 13:20:49,665 - Discovery - pipe_results_path:	pipe_results
2021-06-16 13:20:49,665 - Discovery - data_dir:	/home/zhanghanlei/git/TEXTOIR/open_intent_discovery/../data
2021-06-16 13:20:49,665 - Discovery - output_dir:	outputs
2021-06-16 13:20:49,665 - Discovery - model_dir:	models
2021-06-16 13:20:49,665 - Discovery - result_dir:	results
2021-06-16 13:20:49,665 - Discovery - results_file_name:	results.csv
2021-06-16 13:20:49,665 - Discovery - save_results:	False
2021-06-16 13:20:49,665 - Discovery - method_output_dir:	outputs/open_intent_detection/DeepAligned_banking_0.75_0.1_bert
2021-06-16 13:20:49,665 - Discovery - model_output_dir:	outputs/open_intent_detection/DeepAligned_banking_0.75_0.1_bert/models
2021-06-16 13:20:49,665 - Discovery - bert_model:	/home/sharing/disk1/pretrained_embedding/bert/uncased_L-12_H-768_A-12/
2021-06-16 13:20:49,665 - Discovery - max_seq_length:	None
2021-06-16 13:20:49,665 - Discovery - freeze_bert_parameters:	True
2021-06-16 13:20:49,665 - Discovery - feat_dim:	768
2021-06-16 13:20:49,665 - Discovery - warmup_proportion:	0.1
2021-06-16 13:20:49,665 - Discovery - lr_pre:	5e-05
2021-06-16 13:20:49,665 - Discovery - lr:	5e-05
2021-06-16 13:20:49,665 - Discovery - loss_fct:	CrossEntropyLoss
2021-06-16 13:20:49,665 - Discovery - train_batch_size:	128
2021-06-16 13:20:49,665 - Discovery - eval_batch_size:	64
2021-06-16 13:20:49,665 - Discovery - test_batch_size:	64
2021-06-16 13:20:49,665 - Discovery - wait_patient:	20
2021-06-16 13:20:49,665 - Discovery - ============================== End Params ==============================
2021-06-16 13:20:49,665 - Discovery - Data and Model Preparation...
2021-06-16 13:20:50,365 - Discovery - Number of labeled samples = 673
2021-06-16 13:20:50,365 - Discovery - Number of unlabeled samples = 8330
2021-06-16 13:20:57,131 - Discovery - Pre-raining start...
2021-06-16 13:21:00,865 - Discovery - ***** Epoch: 1: Eval results *****
2021-06-16 13:21:00,865 - Discovery -   best_acc = 0
2021-06-16 13:21:00,865 - Discovery -   eval_acc = 2.01
2021-06-16 13:21:00,865 - Discovery -   train_loss = 4.066388289133708
2021-06-16 13:21:01,901 - Discovery - ***** Epoch: 2: Eval results *****
2021-06-16 13:21:01,902 - Discovery -   best_acc = 2.01
2021-06-16 13:21:01,902 - Discovery -   eval_acc = 2.68
2021-06-16 13:21:01,902 - Discovery -   train_loss = 4.0482776165008545
2021-06-16 13:21:02,933 - Discovery - ***** Epoch: 3: Eval results *****
2021-06-16 13:21:02,933 - Discovery -   best_acc = 2.68
2021-06-16 13:21:02,933 - Discovery -   eval_acc = 4.42
2021-06-16 13:21:02,933 - Discovery -   train_loss = 4.003247181574504
2021-06-16 13:21:03,967 - Discovery - ***** Epoch: 4: Eval results *****
2021-06-16 13:21:03,967 - Discovery -   best_acc = 4.42
2021-06-16 13:21:03,967 - Discovery -   eval_acc = 12.32
2021-06-16 13:21:03,967 - Discovery -   train_loss = 3.9321136474609375
2021-06-16 13:21:05,005 - Discovery - ***** Epoch: 5: Eval results *****
2021-06-16 13:21:05,005 - Discovery -   best_acc = 12.32
2021-06-16 13:21:05,005 - Discovery -   eval_acc = 21.69
2021-06-16 13:21:05,005 - Discovery -   train_loss = 3.818501631418864
2021-06-16 13:21:06,040 - Discovery - ***** Epoch: 6: Eval results *****
2021-06-16 13:21:06,040 - Discovery -   best_acc = 21.69
2021-06-16 13:21:06,040 - Discovery -   eval_acc = 32.26
2021-06-16 13:21:06,040 - Discovery -   train_loss = 3.5272518396377563
2021-06-16 13:21:07,085 - Discovery - ***** Epoch: 7: Eval results *****
2021-06-16 13:21:07,085 - Discovery -   best_acc = 32.26
2021-06-16 13:21:07,085 - Discovery -   eval_acc = 39.09
2021-06-16 13:21:07,085 - Discovery -   train_loss = 3.0917226870854697
2021-06-16 13:21:08,127 - Discovery - ***** Epoch: 8: Eval results *****
2021-06-16 13:21:08,127 - Discovery -   best_acc = 39.09
2021-06-16 13:21:08,127 - Discovery -   eval_acc = 51.81
2021-06-16 13:21:08,127 - Discovery -   train_loss = 2.5459768374760947
2021-06-16 13:21:09,169 - Discovery - ***** Epoch: 9: Eval results *****
2021-06-16 13:21:09,169 - Discovery -   best_acc = 51.81
2021-06-16 13:21:09,170 - Discovery -   eval_acc = 58.63
2021-06-16 13:21:09,170 - Discovery -   train_loss = 2.075600485006968
2021-06-16 13:21:10,212 - Discovery - ***** Epoch: 10: Eval results *****
2021-06-16 13:21:10,212 - Discovery -   best_acc = 58.63
2021-06-16 13:21:10,212 - Discovery -   eval_acc = 63.05
2021-06-16 13:21:10,212 - Discovery -   train_loss = 1.6661658088366191
2021-06-16 13:21:11,250 - Discovery - ***** Epoch: 11: Eval results *****
2021-06-16 13:21:11,250 - Discovery -   best_acc = 63.05
2021-06-16 13:21:11,250 - Discovery -   eval_acc = 70.01
2021-06-16 13:21:11,250 - Discovery -   train_loss = 1.287478764851888
