2021-06-16 12:26:27,964 - Discovery - Open Intent Discovery Begin...
2021-06-16 12:26:27,964 - Discovery - Parameters Initialization...
2021-06-16 12:26:27,964 - Discovery - ============================== Params ==============================
2021-06-16 12:26:27,964 - Discovery - type:	open_intent_detection
2021-06-16 12:26:27,964 - Discovery - dataset:	banking
2021-06-16 12:26:27,964 - Discovery - known_cls_ratio:	0.75
2021-06-16 12:26:27,964 - Discovery - labeled_ratio:	0.1
2021-06-16 12:26:27,964 - Discovery - cluster_num_factor:	1
2021-06-16 12:26:27,964 - Discovery - method:	DeepAligned
2021-06-16 12:26:27,964 - Discovery - train:	True
2021-06-16 12:26:27,965 - Discovery - save_model:	False
2021-06-16 12:26:27,965 - Discovery - backbone:	bert
2021-06-16 12:26:27,965 - Discovery - num_train_epochs:	100
2021-06-16 12:26:27,965 - Discovery - setting:	semi_supervised
2021-06-16 12:26:27,965 - Discovery - config_file_name:	DeepAligned
2021-06-16 12:26:27,965 - Discovery - seed:	0
2021-06-16 12:26:27,965 - Discovery - gpu_id:	1
2021-06-16 12:26:27,965 - Discovery - pipe_results_path:	pipe_results
2021-06-16 12:26:27,965 - Discovery - data_dir:	/home/zhanghanlei/git/TEXTOIR/open_intent_discovery/../data
2021-06-16 12:26:27,965 - Discovery - output_dir:	outputs
2021-06-16 12:26:27,965 - Discovery - model_dir:	models
2021-06-16 12:26:27,965 - Discovery - result_dir:	results
2021-06-16 12:26:27,965 - Discovery - results_file_name:	results.csv
2021-06-16 12:26:27,965 - Discovery - save_results:	False
2021-06-16 12:26:27,965 - Discovery - method_output_dir:	outputs/open_intent_detection/DeepAligned_banking_0.75_0.1_bert
2021-06-16 12:26:27,965 - Discovery - model_output_dir:	outputs/open_intent_detection/DeepAligned_banking_0.75_0.1_bert/models
2021-06-16 12:26:27,965 - Discovery - bert_model:	/home/sharing/disk1/pretrained_embedding/bert/uncased_L-12_H-768_A-12/
2021-06-16 12:26:27,965 - Discovery - max_seq_length:	None
2021-06-16 12:26:27,965 - Discovery - freeze_bert_parameters:	True
2021-06-16 12:26:27,965 - Discovery - feat_dim:	768
2021-06-16 12:26:27,965 - Discovery - warmup_proportion:	0.1
2021-06-16 12:26:27,965 - Discovery - lr_pre:	5e-05
2021-06-16 12:26:27,965 - Discovery - lr:	5e-05
2021-06-16 12:26:27,965 - Discovery - loss_fct:	CrossEntropyLoss
2021-06-16 12:26:27,965 - Discovery - train_batch_size:	128
2021-06-16 12:26:27,965 - Discovery - eval_batch_size:	128
2021-06-16 12:26:27,965 - Discovery - test_batch_size:	128
2021-06-16 12:26:27,965 - Discovery - wait_patient:	20
2021-06-16 12:26:27,965 - Discovery - ============================== End Params ==============================
2021-06-16 12:26:27,965 - Discovery - Data and Model Preparation...
2021-06-16 12:26:35,428 - Discovery - Pre-raining start...
2021-06-16 12:26:39,163 - Discovery - ***** Epoch: 1: Eval results *****
2021-06-16 12:26:39,164 - Discovery -   best_acc = 0
2021-06-16 12:26:39,164 - Discovery -   eval_acc = 0.022757697456492636
2021-06-16 12:26:39,164 - Discovery -   train_loss = 4.061723788579305
2021-06-16 12:26:40,174 - Discovery - ***** Epoch: 2: Eval results *****
2021-06-16 12:26:40,174 - Discovery -   best_acc = 0.022757697456492636
2021-06-16 12:26:40,174 - Discovery -   eval_acc = 0.022757697456492636
2021-06-16 12:26:40,175 - Discovery -   train_loss = 4.064299742380778
2021-06-16 12:26:41,171 - Discovery - ***** Epoch: 3: Eval results *****
2021-06-16 12:26:41,171 - Discovery -   best_acc = 0.022757697456492636
2021-06-16 12:26:41,172 - Discovery -   eval_acc = 0.022757697456492636
2021-06-16 12:26:41,172 - Discovery -   train_loss = 4.060075521469116
2021-06-16 12:26:42,170 - Discovery - ***** Epoch: 4: Eval results *****
2021-06-16 12:26:42,170 - Discovery -   best_acc = 0.022757697456492636
2021-06-16 12:26:42,170 - Discovery -   eval_acc = 0.020080321285140562
2021-06-16 12:26:42,170 - Discovery -   train_loss = 4.05983567237854
2021-06-16 12:26:43,170 - Discovery - ***** Epoch: 5: Eval results *****
2021-06-16 12:26:43,170 - Discovery -   best_acc = 0.022757697456492636
2021-06-16 12:26:43,170 - Discovery -   eval_acc = 0.018741633199464525
2021-06-16 12:26:43,170 - Discovery -   train_loss = 4.052047252655029
2021-06-16 12:26:44,169 - Discovery - ***** Epoch: 6: Eval results *****
2021-06-16 12:26:44,169 - Discovery -   best_acc = 0.022757697456492636
2021-06-16 12:26:44,169 - Discovery -   eval_acc = 0.018741633199464525
2021-06-16 12:26:44,169 - Discovery -   train_loss = 4.048173189163208
2021-06-16 12:26:45,171 - Discovery - ***** Epoch: 7: Eval results *****
2021-06-16 12:26:45,171 - Discovery -   best_acc = 0.022757697456492636
2021-06-16 12:26:45,171 - Discovery -   eval_acc = 0.020080321285140562
2021-06-16 12:26:45,171 - Discovery -   train_loss = 4.04646881421407
2021-06-16 12:26:46,177 - Discovery - ***** Epoch: 8: Eval results *****
2021-06-16 12:26:46,177 - Discovery -   best_acc = 0.022757697456492636
2021-06-16 12:26:46,177 - Discovery -   eval_acc = 0.029451137884872823
2021-06-16 12:26:46,177 - Discovery -   train_loss = 4.038384755452474
2021-06-16 12:26:47,192 - Discovery - ***** Epoch: 9: Eval results *****
2021-06-16 12:26:47,192 - Discovery -   best_acc = 0.029451137884872823
2021-06-16 12:26:47,192 - Discovery -   eval_acc = 0.03748326639892905
2021-06-16 12:26:47,192 - Discovery -   train_loss = 4.0330657958984375
2021-06-16 12:26:48,217 - Discovery - ***** Epoch: 10: Eval results *****
2021-06-16 12:26:48,217 - Discovery -   best_acc = 0.03748326639892905
2021-06-16 12:26:48,217 - Discovery -   eval_acc = 0.050870147255689425
2021-06-16 12:26:48,217 - Discovery -   train_loss = 4.027726332346599
2021-06-16 12:26:49,234 - Discovery - ***** Epoch: 11: Eval results *****
2021-06-16 12:26:49,234 - Discovery -   best_acc = 0.050870147255689425
2021-06-16 12:26:49,234 - Discovery -   eval_acc = 0.06961178045515395
2021-06-16 12:26:49,234 - Discovery -   train_loss = 4.01754355430603
2021-06-16 12:26:50,257 - Discovery - ***** Epoch: 12: Eval results *****
2021-06-16 12:26:50,257 - Discovery -   best_acc = 0.06961178045515395
2021-06-16 12:26:50,257 - Discovery -   eval_acc = 0.08299866131191433
2021-06-16 12:26:50,257 - Discovery -   train_loss = 4.008711059888204
2021-06-16 12:26:51,277 - Discovery - ***** Epoch: 13: Eval results *****
2021-06-16 12:26:51,278 - Discovery -   best_acc = 0.08299866131191433
2021-06-16 12:26:51,278 - Discovery -   eval_acc = 0.09236947791164658
2021-06-16 12:26:51,278 - Discovery -   train_loss = 4.001022617022197
2021-06-16 12:26:52,297 - Discovery - ***** Epoch: 14: Eval results *****
2021-06-16 12:26:52,297 - Discovery -   best_acc = 0.09236947791164658
2021-06-16 12:26:52,297 - Discovery -   eval_acc = 0.11378848728246319
2021-06-16 12:26:52,297 - Discovery -   train_loss = 3.99239448706309
2021-06-16 12:26:53,315 - Discovery - ***** Epoch: 15: Eval results *****
2021-06-16 12:26:53,315 - Discovery -   best_acc = 0.11378848728246319
2021-06-16 12:26:53,315 - Discovery -   eval_acc = 0.12985274431057564
2021-06-16 12:26:53,315 - Discovery -   train_loss = 3.9769954681396484
2021-06-16 12:26:54,333 - Discovery - ***** Epoch: 16: Eval results *****
2021-06-16 12:26:54,333 - Discovery -   best_acc = 0.12985274431057564
2021-06-16 12:26:54,333 - Discovery -   eval_acc = 0.14056224899598393
2021-06-16 12:26:54,334 - Discovery -   train_loss = 3.9612720807393393
2021-06-16 12:26:55,354 - Discovery - ***** Epoch: 17: Eval results *****
2021-06-16 12:26:55,354 - Discovery -   best_acc = 0.14056224899598393
2021-06-16 12:26:55,354 - Discovery -   eval_acc = 0.1539491298527443
2021-06-16 12:26:55,354 - Discovery -   train_loss = 3.9432013034820557
2021-06-16 12:26:56,428 - Discovery - ***** Epoch: 18: Eval results *****
2021-06-16 12:26:56,428 - Discovery -   best_acc = 0.1539491298527443
2021-06-16 12:26:56,428 - Discovery -   eval_acc = 0.16198125836680052
2021-06-16 12:26:56,428 - Discovery -   train_loss = 3.925657351811727
2021-06-16 12:26:57,456 - Discovery - ***** Epoch: 19: Eval results *****
2021-06-16 12:26:57,456 - Discovery -   best_acc = 0.16198125836680052
2021-06-16 12:26:57,456 - Discovery -   eval_acc = 0.1686746987951807
2021-06-16 12:26:57,456 - Discovery -   train_loss = 3.892221132914225
2021-06-16 12:26:58,480 - Discovery - ***** Epoch: 20: Eval results *****
2021-06-16 12:26:58,480 - Discovery -   best_acc = 0.1686746987951807
2021-06-16 12:26:58,480 - Discovery -   eval_acc = 0.17670682730923695
2021-06-16 12:26:58,480 - Discovery -   train_loss = 3.8589417934417725
2021-06-16 12:26:59,511 - Discovery - ***** Epoch: 21: Eval results *****
2021-06-16 12:26:59,511 - Discovery -   best_acc = 0.17670682730923695
2021-06-16 12:26:59,511 - Discovery -   eval_acc = 0.20080321285140562
2021-06-16 12:26:59,511 - Discovery -   train_loss = 3.8213006258010864
2021-06-16 12:27:00,535 - Discovery - ***** Epoch: 22: Eval results *****
2021-06-16 12:27:00,535 - Discovery -   best_acc = 0.20080321285140562
2021-06-16 12:27:00,536 - Discovery -   eval_acc = 0.20883534136546184
2021-06-16 12:27:00,536 - Discovery -   train_loss = 3.7690799236297607
2021-06-16 12:27:01,565 - Discovery - ***** Epoch: 23: Eval results *****
2021-06-16 12:27:01,566 - Discovery -   best_acc = 0.20883534136546184
2021-06-16 12:27:01,566 - Discovery -   eval_acc = 0.22623828647925034
2021-06-16 12:27:01,566 - Discovery -   train_loss = 3.698450724283854
2021-06-16 12:27:02,597 - Discovery - ***** Epoch: 24: Eval results *****
2021-06-16 12:27:02,597 - Discovery -   best_acc = 0.22623828647925034
2021-06-16 12:27:02,597 - Discovery -   eval_acc = 0.22623828647925034
2021-06-16 12:27:02,597 - Discovery -   train_loss = 3.6383091608683267
2021-06-16 12:27:03,614 - Discovery - ***** Epoch: 25: Eval results *****
2021-06-16 12:27:03,614 - Discovery -   best_acc = 0.22623828647925034
2021-06-16 12:27:03,614 - Discovery -   eval_acc = 0.24765729585006693
2021-06-16 12:27:03,614 - Discovery -   train_loss = 3.5392302672068277
2021-06-16 12:27:04,641 - Discovery - ***** Epoch: 26: Eval results *****
2021-06-16 12:27:04,642 - Discovery -   best_acc = 0.24765729585006693
2021-06-16 12:27:04,642 - Discovery -   eval_acc = 0.2556894243641232
2021-06-16 12:27:04,642 - Discovery -   train_loss = 3.454897085825602
2021-06-16 12:27:05,669 - Discovery - ***** Epoch: 27: Eval results *****
2021-06-16 12:27:05,670 - Discovery -   best_acc = 0.2556894243641232
2021-06-16 12:27:05,670 - Discovery -   eval_acc = 0.27041499330655955
2021-06-16 12:27:05,670 - Discovery -   train_loss = 3.3440932830174765
2021-06-16 12:27:06,697 - Discovery - ***** Epoch: 28: Eval results *****
2021-06-16 12:27:06,697 - Discovery -   best_acc = 0.27041499330655955
2021-06-16 12:27:06,697 - Discovery -   eval_acc = 0.3132530120481928
2021-06-16 12:27:06,697 - Discovery -   train_loss = 3.218875447909037
2021-06-16 12:27:07,725 - Discovery - ***** Epoch: 29: Eval results *****
2021-06-16 12:27:07,725 - Discovery -   best_acc = 0.3132530120481928
2021-06-16 12:27:07,725 - Discovery -   eval_acc = 0.34805890227576974
2021-06-16 12:27:07,725 - Discovery -   train_loss = 3.1149391730626426
2021-06-16 12:27:08,754 - Discovery - ***** Epoch: 30: Eval results *****
2021-06-16 12:27:08,754 - Discovery -   best_acc = 0.34805890227576974
2021-06-16 12:27:08,754 - Discovery -   eval_acc = 0.36412315930388217
2021-06-16 12:27:08,754 - Discovery -   train_loss = 2.9995715618133545
2021-06-16 12:27:09,782 - Discovery - ***** Epoch: 31: Eval results *****
2021-06-16 12:27:09,782 - Discovery -   best_acc = 0.36412315930388217
2021-06-16 12:27:09,782 - Discovery -   eval_acc = 0.40829986613119146
2021-06-16 12:27:09,782 - Discovery -   train_loss = 2.9024987618128457
2021-06-16 12:27:10,868 - Discovery - ***** Epoch: 32: Eval results *****
2021-06-16 12:27:10,868 - Discovery -   best_acc = 0.40829986613119146
2021-06-16 12:27:10,868 - Discovery -   eval_acc = 0.44176706827309237
2021-06-16 12:27:10,868 - Discovery -   train_loss = 2.766718864440918
2021-06-16 12:27:11,898 - Discovery - ***** Epoch: 33: Eval results *****
2021-06-16 12:27:11,898 - Discovery -   best_acc = 0.44176706827309237
2021-06-16 12:27:11,898 - Discovery -   eval_acc = 0.48728246318607765
2021-06-16 12:27:11,898 - Discovery -   train_loss = 2.652098019917806
2021-06-16 12:27:12,927 - Discovery - ***** Epoch: 34: Eval results *****
2021-06-16 12:27:12,927 - Discovery -   best_acc = 0.48728246318607765
2021-06-16 12:27:12,927 - Discovery -   eval_acc = 0.5060240963855421
2021-06-16 12:27:12,927 - Discovery -   train_loss = 2.5396039883295694
2021-06-16 12:27:13,959 - Discovery - ***** Epoch: 35: Eval results *****
2021-06-16 12:27:13,959 - Discovery -   best_acc = 0.5060240963855421
2021-06-16 12:27:13,959 - Discovery -   eval_acc = 0.5301204819277109
2021-06-16 12:27:13,959 - Discovery -   train_loss = 2.4151665767033896
2021-06-16 12:27:14,989 - Discovery - ***** Epoch: 36: Eval results *****
2021-06-16 12:27:14,989 - Discovery -   best_acc = 0.5301204819277109
2021-06-16 12:27:14,989 - Discovery -   eval_acc = 0.5475234270414994
2021-06-16 12:27:14,989 - Discovery -   train_loss = 2.3475430806477866
2021-06-16 12:27:16,017 - Discovery - ***** Epoch: 37: Eval results *****
2021-06-16 12:27:16,017 - Discovery -   best_acc = 0.5475234270414994
2021-06-16 12:27:16,018 - Discovery -   eval_acc = 0.5769745649263721
2021-06-16 12:27:16,018 - Discovery -   train_loss = 2.2174989382425943
2021-06-16 12:27:17,047 - Discovery - ***** Epoch: 38: Eval results *****
2021-06-16 12:27:17,047 - Discovery -   best_acc = 0.5769745649263721
2021-06-16 12:27:17,047 - Discovery -   eval_acc = 0.6131191432396251
2021-06-16 12:27:17,049 - Discovery -   train_loss = 2.0745312372843423
2021-06-16 12:27:18,078 - Discovery - ***** Epoch: 39: Eval results *****
2021-06-16 12:27:18,078 - Discovery -   best_acc = 0.6131191432396251
2021-06-16 12:27:18,078 - Discovery -   eval_acc = 0.6211512717536813
2021-06-16 12:27:18,078 - Discovery -   train_loss = 1.9682021339734395
2021-06-16 12:27:19,111 - Discovery - ***** Epoch: 40: Eval results *****
2021-06-16 12:27:19,111 - Discovery -   best_acc = 0.6211512717536813
2021-06-16 12:27:19,111 - Discovery -   eval_acc = 0.6372155287817939
2021-06-16 12:27:19,111 - Discovery -   train_loss = 1.8783471783002217
2021-06-16 12:27:20,142 - Discovery - ***** Epoch: 41: Eval results *****
2021-06-16 12:27:20,142 - Discovery -   best_acc = 0.6372155287817939
2021-06-16 12:27:20,142 - Discovery -   eval_acc = 0.6559571619812584
2021-06-16 12:27:20,142 - Discovery -   train_loss = 1.749891738096873
2021-06-16 12:27:21,173 - Discovery - ***** Epoch: 42: Eval results *****
2021-06-16 12:27:21,173 - Discovery -   best_acc = 0.6559571619812584
2021-06-16 12:27:21,173 - Discovery -   eval_acc = 0.6706827309236948
2021-06-16 12:27:21,174 - Discovery -   train_loss = 1.6530608534812927
2021-06-16 12:27:22,205 - Discovery - ***** Epoch: 43: Eval results *****
2021-06-16 12:27:22,205 - Discovery -   best_acc = 0.6706827309236948
2021-06-16 12:27:22,205 - Discovery -   eval_acc = 0.6827309236947792
2021-06-16 12:27:22,205 - Discovery -   train_loss = 1.5427660544713337
2021-06-16 12:27:23,243 - Discovery - ***** Epoch: 44: Eval results *****
2021-06-16 12:27:23,243 - Discovery -   best_acc = 0.6827309236947792
2021-06-16 12:27:23,243 - Discovery -   eval_acc = 0.7001338688085676
2021-06-16 12:27:23,243 - Discovery -   train_loss = 1.4655834833780925
2021-06-16 12:27:24,275 - Discovery - ***** Epoch: 45: Eval results *****
2021-06-16 12:27:24,275 - Discovery -   best_acc = 0.7001338688085676
2021-06-16 12:27:24,275 - Discovery -   eval_acc = 0.7001338688085676
2021-06-16 12:27:24,276 - Discovery -   train_loss = 1.3514536420504253
2021-06-16 12:27:25,305 - Discovery - ***** Epoch: 46: Eval results *****
2021-06-16 12:27:25,305 - Discovery -   best_acc = 0.7001338688085676
2021-06-16 12:27:25,305 - Discovery -   eval_acc = 0.7041499330655957
2021-06-16 12:27:25,305 - Discovery -   train_loss = 1.3043141762415569
2021-06-16 12:27:26,338 - Discovery - ***** Epoch: 47: Eval results *****
2021-06-16 12:27:26,338 - Discovery -   best_acc = 0.7041499330655957
2021-06-16 12:27:26,338 - Discovery -   eval_acc = 0.7095046854082999
2021-06-16 12:27:26,338 - Discovery -   train_loss = 1.2022493282953899
2021-06-16 12:27:27,371 - Discovery - ***** Epoch: 48: Eval results *****
2021-06-16 12:27:27,371 - Discovery -   best_acc = 0.7095046854082999
2021-06-16 12:27:27,371 - Discovery -   eval_acc = 0.7202141900937081
2021-06-16 12:27:27,371 - Discovery -   train_loss = 1.117912749449412
2021-06-16 12:27:28,404 - Discovery - ***** Epoch: 49: Eval results *****
2021-06-16 12:27:28,404 - Discovery -   best_acc = 0.7202141900937081
2021-06-16 12:27:28,404 - Discovery -   eval_acc = 0.7255689424364123
2021-06-16 12:27:28,404 - Discovery -   train_loss = 1.048862765232722
2021-06-16 12:27:29,435 - Discovery - ***** Epoch: 50: Eval results *****
2021-06-16 12:27:29,435 - Discovery -   best_acc = 0.7255689424364123
2021-06-16 12:27:29,435 - Discovery -   eval_acc = 0.7349397590361446
2021-06-16 12:27:29,435 - Discovery -   train_loss = 1.0064284602801006
2021-06-16 12:27:30,469 - Discovery - ***** Epoch: 51: Eval results *****
2021-06-16 12:27:30,469 - Discovery -   best_acc = 0.7349397590361446
2021-06-16 12:27:30,470 - Discovery -   eval_acc = 0.7416331994645248
2021-06-16 12:27:30,470 - Discovery -   train_loss = 0.9181011219819387
2021-06-16 12:27:31,500 - Discovery - ***** Epoch: 52: Eval results *****
2021-06-16 12:27:31,500 - Discovery -   best_acc = 0.7416331994645248
2021-06-16 12:27:31,500 - Discovery -   eval_acc = 0.7469879518072289
2021-06-16 12:27:31,500 - Discovery -   train_loss = 0.8916533887386322
2021-06-16 12:27:32,540 - Discovery - ***** Epoch: 53: Eval results *****
2021-06-16 12:27:32,540 - Discovery -   best_acc = 0.7469879518072289
2021-06-16 12:27:32,542 - Discovery -   eval_acc = 0.7617135207496654
2021-06-16 12:27:32,542 - Discovery -   train_loss = 0.7887125511964163
2021-06-16 12:27:33,596 - Discovery - ***** Epoch: 54: Eval results *****
2021-06-16 12:27:33,596 - Discovery -   best_acc = 0.7617135207496654
2021-06-16 12:27:33,596 - Discovery -   eval_acc = 0.7643908969210174
2021-06-16 12:27:33,596 - Discovery -   train_loss = 0.7590376734733582
2021-06-16 12:27:34,629 - Discovery - ***** Epoch: 55: Eval results *****
2021-06-16 12:27:34,629 - Discovery -   best_acc = 0.7643908969210174
2021-06-16 12:27:34,629 - Discovery -   eval_acc = 0.7670682730923695
2021-06-16 12:27:34,629 - Discovery -   train_loss = 0.704320510228475
2021-06-16 12:27:35,671 - Discovery - ***** Epoch: 56: Eval results *****
2021-06-16 12:27:35,671 - Discovery -   best_acc = 0.7670682730923695
2021-06-16 12:27:35,671 - Discovery -   eval_acc = 0.7670682730923695
2021-06-16 12:27:35,671 - Discovery -   train_loss = 0.654873271783193
2021-06-16 12:27:36,699 - Discovery - ***** Epoch: 57: Eval results *****
2021-06-16 12:27:36,699 - Discovery -   best_acc = 0.7670682730923695
2021-06-16 12:27:36,700 - Discovery -   eval_acc = 0.7697456492637216
2021-06-16 12:27:36,700 - Discovery -   train_loss = 0.600759893655777
2021-06-16 12:27:37,737 - Discovery - ***** Epoch: 58: Eval results *****
2021-06-16 12:27:37,737 - Discovery -   best_acc = 0.7697456492637216
2021-06-16 12:27:37,737 - Discovery -   eval_acc = 0.7737617135207496
2021-06-16 12:27:37,737 - Discovery -   train_loss = 0.5477774292230606
2021-06-16 12:27:38,770 - Discovery - ***** Epoch: 59: Eval results *****
2021-06-16 12:27:38,771 - Discovery -   best_acc = 0.7737617135207496
2021-06-16 12:27:38,771 - Discovery -   eval_acc = 0.7831325301204819
2021-06-16 12:27:38,771 - Discovery -   train_loss = 0.5208914379278818
2021-06-16 12:27:39,853 - Discovery - ***** Epoch: 60: Eval results *****
2021-06-16 12:27:39,853 - Discovery -   best_acc = 0.7831325301204819
2021-06-16 12:27:39,853 - Discovery -   eval_acc = 0.784471218206158
2021-06-16 12:27:39,853 - Discovery -   train_loss = 0.4821489801009496
2021-06-16 12:27:40,887 - Discovery - ***** Epoch: 61: Eval results *****
2021-06-16 12:27:40,887 - Discovery -   best_acc = 0.784471218206158
2021-06-16 12:27:40,887 - Discovery -   eval_acc = 0.7911646586345381
2021-06-16 12:27:40,888 - Discovery -   train_loss = 0.4574244022369385
2021-06-16 12:27:41,924 - Discovery - ***** Epoch: 62: Eval results *****
2021-06-16 12:27:41,924 - Discovery -   best_acc = 0.7911646586345381
2021-06-16 12:27:41,924 - Discovery -   eval_acc = 0.7965194109772423
2021-06-16 12:27:41,924 - Discovery -   train_loss = 0.4222258577744166
2021-06-16 12:27:42,962 - Discovery - ***** Epoch: 63: Eval results *****
2021-06-16 12:27:42,962 - Discovery -   best_acc = 0.7965194109772423
2021-06-16 12:27:42,962 - Discovery -   eval_acc = 0.7991967871485943
2021-06-16 12:27:42,962 - Discovery -   train_loss = 0.3917161176602046
2021-06-16 12:27:43,998 - Discovery - ***** Epoch: 64: Eval results *****
2021-06-16 12:27:43,998 - Discovery -   best_acc = 0.7991967871485943
2021-06-16 12:27:43,998 - Discovery -   eval_acc = 0.7978580990629184
2021-06-16 12:27:43,998 - Discovery -   train_loss = 0.3706384797890981
2021-06-16 12:27:45,030 - Discovery - ***** Epoch: 65: Eval results *****
2021-06-16 12:27:45,030 - Discovery -   best_acc = 0.7991967871485943
2021-06-16 12:27:45,030 - Discovery -   eval_acc = 0.7951807228915663
2021-06-16 12:27:45,030 - Discovery -   train_loss = 0.3403062919775645
2021-06-16 12:27:46,053 - Discovery - ***** Epoch: 66: Eval results *****
2021-06-16 12:27:46,053 - Discovery -   best_acc = 0.7991967871485943
2021-06-16 12:27:46,053 - Discovery -   eval_acc = 0.8018741633199464
2021-06-16 12:27:46,053 - Discovery -   train_loss = 0.3235037674506505
2021-06-16 12:27:47,089 - Discovery - ***** Epoch: 67: Eval results *****
2021-06-16 12:27:47,089 - Discovery -   best_acc = 0.8018741633199464
2021-06-16 12:27:47,089 - Discovery -   eval_acc = 0.8032128514056225
2021-06-16 12:27:47,089 - Discovery -   train_loss = 0.28789032498995465
2021-06-16 12:27:48,123 - Discovery - ***** Epoch: 68: Eval results *****
2021-06-16 12:27:48,123 - Discovery -   best_acc = 0.8032128514056225
2021-06-16 12:27:48,123 - Discovery -   eval_acc = 0.8032128514056225
2021-06-16 12:27:48,125 - Discovery -   train_loss = 0.2744232366482417
2021-06-16 12:27:49,154 - Discovery - ***** Epoch: 69: Eval results *****
2021-06-16 12:27:49,154 - Discovery -   best_acc = 0.8032128514056225
2021-06-16 12:27:49,154 - Discovery -   eval_acc = 0.8005354752342704
2021-06-16 12:27:49,154 - Discovery -   train_loss = 0.25443167487780255
2021-06-16 12:27:50,176 - Discovery - ***** Epoch: 70: Eval results *****
2021-06-16 12:27:50,177 - Discovery -   best_acc = 0.8032128514056225
2021-06-16 12:27:50,177 - Discovery -   eval_acc = 0.8058902275769746
2021-06-16 12:27:50,177 - Discovery -   train_loss = 0.24168021231889725
2021-06-16 12:27:51,216 - Discovery - ***** Epoch: 71: Eval results *****
2021-06-16 12:27:51,216 - Discovery -   best_acc = 0.8058902275769746
2021-06-16 12:27:51,216 - Discovery -   eval_acc = 0.8112449799196787
2021-06-16 12:27:51,216 - Discovery -   train_loss = 0.2186318983634313
2021-06-16 12:27:52,257 - Discovery - ***** Epoch: 72: Eval results *****
2021-06-16 12:27:52,257 - Discovery -   best_acc = 0.8112449799196787
2021-06-16 12:27:52,257 - Discovery -   eval_acc = 0.8125836680053548
2021-06-16 12:27:52,257 - Discovery -   train_loss = 0.21034772942463556
2021-06-16 12:27:53,307 - Discovery - ***** Epoch: 73: Eval results *****
2021-06-16 12:27:53,307 - Discovery -   best_acc = 0.8125836680053548
2021-06-16 12:27:53,307 - Discovery -   eval_acc = 0.8139223560910308
2021-06-16 12:27:53,309 - Discovery -   train_loss = 0.19529913614193598
2021-06-16 12:27:54,362 - Discovery - ***** Epoch: 74: Eval results *****
2021-06-16 12:27:54,362 - Discovery -   best_acc = 0.8139223560910308
2021-06-16 12:27:54,362 - Discovery -   eval_acc = 0.8152610441767069
2021-06-16 12:27:54,362 - Discovery -   train_loss = 0.1861198420325915
2021-06-16 12:27:55,396 - Discovery - ***** Epoch: 75: Eval results *****
2021-06-16 12:27:55,397 - Discovery -   best_acc = 0.8152610441767069
2021-06-16 12:27:55,397 - Discovery -   eval_acc = 0.8139223560910308
2021-06-16 12:27:55,397 - Discovery -   train_loss = 0.16898237665494284
2021-06-16 12:27:56,420 - Discovery - ***** Epoch: 76: Eval results *****
2021-06-16 12:27:56,420 - Discovery -   best_acc = 0.8152610441767069
2021-06-16 12:27:56,420 - Discovery -   eval_acc = 0.8232931726907631
2021-06-16 12:27:56,420 - Discovery -   train_loss = 0.16466619074344635
2021-06-16 12:27:57,455 - Discovery - ***** Epoch: 77: Eval results *****
2021-06-16 12:27:57,455 - Discovery -   best_acc = 0.8232931726907631
2021-06-16 12:27:57,455 - Discovery -   eval_acc = 0.821954484605087
2021-06-16 12:27:57,455 - Discovery -   train_loss = 0.14999312410751978
2021-06-16 12:27:58,531 - Discovery - ***** Epoch: 78: Eval results *****
2021-06-16 12:27:58,531 - Discovery -   best_acc = 0.8232931726907631
2021-06-16 12:27:58,531 - Discovery -   eval_acc = 0.8273092369477911
2021-06-16 12:27:58,531 - Discovery -   train_loss = 0.13660342867175737
2021-06-16 12:27:59,572 - Discovery - ***** Epoch: 79: Eval results *****
2021-06-16 12:27:59,573 - Discovery -   best_acc = 0.8273092369477911
2021-06-16 12:27:59,573 - Discovery -   eval_acc = 0.821954484605087
2021-06-16 12:27:59,573 - Discovery -   train_loss = 0.13725214327375093
2021-06-16 12:28:00,599 - Discovery - ***** Epoch: 80: Eval results *****
2021-06-16 12:28:00,599 - Discovery -   best_acc = 0.8273092369477911
2021-06-16 12:28:00,599 - Discovery -   eval_acc = 0.8192771084337349
2021-06-16 12:28:00,599 - Discovery -   train_loss = 0.1280065899093946
2021-06-16 12:28:01,624 - Discovery - ***** Epoch: 81: Eval results *****
2021-06-16 12:28:01,624 - Discovery -   best_acc = 0.8273092369477911
2021-06-16 12:28:01,624 - Discovery -   eval_acc = 0.8259705488621151
2021-06-16 12:28:01,625 - Discovery -   train_loss = 0.11650236199299495
2021-06-16 12:28:02,651 - Discovery - ***** Epoch: 82: Eval results *****
2021-06-16 12:28:02,652 - Discovery -   best_acc = 0.8273092369477911
2021-06-16 12:28:02,652 - Discovery -   eval_acc = 0.821954484605087
2021-06-16 12:28:02,652 - Discovery -   train_loss = 0.10639706502358119
2021-06-16 12:28:03,678 - Discovery - ***** Epoch: 83: Eval results *****
2021-06-16 12:28:03,678 - Discovery -   best_acc = 0.8273092369477911
2021-06-16 12:28:03,679 - Discovery -   eval_acc = 0.821954484605087
2021-06-16 12:28:03,679 - Discovery -   train_loss = 0.10587453469634056
2021-06-16 12:28:04,706 - Discovery - ***** Epoch: 84: Eval results *****
2021-06-16 12:28:04,706 - Discovery -   best_acc = 0.8273092369477911
2021-06-16 12:28:04,706 - Discovery -   eval_acc = 0.8273092369477911
2021-06-16 12:28:04,706 - Discovery -   train_loss = 0.10005888467033704
2021-06-16 12:28:05,741 - Discovery - ***** Epoch: 85: Eval results *****
2021-06-16 12:28:05,741 - Discovery -   best_acc = 0.8273092369477911
2021-06-16 12:28:05,741 - Discovery -   eval_acc = 0.8246318607764391
2021-06-16 12:28:05,741 - Discovery -   train_loss = 0.10136906057596207
2021-06-16 12:28:06,772 - Discovery - ***** Epoch: 86: Eval results *****
2021-06-16 12:28:06,772 - Discovery -   best_acc = 0.8273092369477911
2021-06-16 12:28:06,772 - Discovery -   eval_acc = 0.8152610441767069
2021-06-16 12:28:06,772 - Discovery -   train_loss = 0.08913879344860713
2021-06-16 12:28:07,806 - Discovery - ***** Epoch: 87: Eval results *****
2021-06-16 12:28:07,806 - Discovery -   best_acc = 0.8273092369477911
2021-06-16 12:28:07,806 - Discovery -   eval_acc = 0.820615796519411
2021-06-16 12:28:07,806 - Discovery -   train_loss = 0.08610755205154419
2021-06-16 12:28:08,832 - Discovery - ***** Epoch: 88: Eval results *****
2021-06-16 12:28:08,832 - Discovery -   best_acc = 0.8273092369477911
2021-06-16 12:28:08,833 - Discovery -   eval_acc = 0.8246318607764391
2021-06-16 12:28:08,833 - Discovery -   train_loss = 0.07810839265584946
2021-06-16 12:28:09,867 - Discovery - ***** Epoch: 89: Eval results *****
2021-06-16 12:28:09,867 - Discovery -   best_acc = 0.8273092369477911
2021-06-16 12:28:09,867 - Discovery -   eval_acc = 0.8246318607764391
2021-06-16 12:28:09,867 - Discovery -   train_loss = 0.07563668427368005
2021-06-16 12:28:10,893 - Discovery - ***** Epoch: 90: Eval results *****
2021-06-16 12:28:10,893 - Discovery -   best_acc = 0.8273092369477911
2021-06-16 12:28:10,893 - Discovery -   eval_acc = 0.8259705488621151
2021-06-16 12:28:10,893 - Discovery -   train_loss = 0.07386051242550214
2021-06-16 12:28:11,918 - Discovery - ***** Epoch: 91: Eval results *****
2021-06-16 12:28:11,918 - Discovery -   best_acc = 0.8273092369477911
2021-06-16 12:28:11,919 - Discovery -   eval_acc = 0.8273092369477911
2021-06-16 12:28:11,919 - Discovery -   train_loss = 0.07022791852553685
2021-06-16 12:28:12,944 - Discovery - ***** Epoch: 92: Eval results *****
2021-06-16 12:28:12,944 - Discovery -   best_acc = 0.8273092369477911
2021-06-16 12:28:12,944 - Discovery -   eval_acc = 0.8232931726907631
2021-06-16 12:28:12,944 - Discovery -   train_loss = 0.06488903798162937
2021-06-16 12:28:13,970 - Discovery - ***** Epoch: 93: Eval results *****
2021-06-16 12:28:13,971 - Discovery -   best_acc = 0.8273092369477911
2021-06-16 12:28:13,971 - Discovery -   eval_acc = 0.8273092369477911
2021-06-16 12:28:13,971 - Discovery -   train_loss = 0.06472962473829587
2021-06-16 12:28:14,999 - Discovery - ***** Epoch: 94: Eval results *****
2021-06-16 12:28:14,999 - Discovery -   best_acc = 0.8273092369477911
2021-06-16 12:28:14,999 - Discovery -   eval_acc = 0.8259705488621151
2021-06-16 12:28:14,999 - Discovery -   train_loss = 0.06259152417381604
2021-06-16 12:28:16,026 - Discovery - ***** Epoch: 95: Eval results *****
2021-06-16 12:28:16,026 - Discovery -   best_acc = 0.8273092369477911
2021-06-16 12:28:16,027 - Discovery -   eval_acc = 0.821954484605087
2021-06-16 12:28:16,027 - Discovery -   train_loss = 0.0577417096743981
2021-06-16 12:28:17,052 - Discovery - ***** Epoch: 96: Eval results *****
2021-06-16 12:28:17,053 - Discovery -   best_acc = 0.8273092369477911
2021-06-16 12:28:17,053 - Discovery -   eval_acc = 0.8246318607764391
2021-06-16 12:28:17,055 - Discovery -   train_loss = 0.05301931189994017
2021-06-16 12:28:18,087 - Discovery - ***** Epoch: 97: Eval results *****
2021-06-16 12:28:18,087 - Discovery -   best_acc = 0.8273092369477911
2021-06-16 12:28:18,087 - Discovery -   eval_acc = 0.8259705488621151
2021-06-16 12:28:18,087 - Discovery -   train_loss = 0.04910021461546421
2021-06-16 12:28:19,113 - Discovery - ***** Epoch: 98: Eval results *****
2021-06-16 12:28:19,113 - Discovery -   best_acc = 0.8273092369477911
2021-06-16 12:28:19,113 - Discovery -   eval_acc = 0.8246318607764391
2021-06-16 12:28:19,113 - Discovery -   train_loss = 0.051143948609630265
2021-06-16 12:28:19,114 - Discovery - Pre-training finished...
