2021-06-16 14:17:23,323 - Discovery - Open Intent Discovery Begin...
2021-06-16 14:17:23,323 - Discovery - Parameters Initialization...
2021-06-16 14:17:23,323 - Discovery - ============================== Params ==============================
2021-06-16 14:17:23,323 - Discovery - type:	open_intent_detection
2021-06-16 14:17:23,323 - Discovery - dataset:	banking
2021-06-16 14:17:23,323 - Discovery - known_cls_ratio:	0.75
2021-06-16 14:17:23,324 - Discovery - labeled_ratio:	0.1
2021-06-16 14:17:23,324 - Discovery - cluster_num_factor:	1
2021-06-16 14:17:23,324 - Discovery - method:	DeepAligned
2021-06-16 14:17:23,324 - Discovery - train:	True
2021-06-16 14:17:23,324 - Discovery - save_model:	False
2021-06-16 14:17:23,324 - Discovery - backbone:	bert
2021-06-16 14:17:23,324 - Discovery - num_train_epochs:	100
2021-06-16 14:17:23,324 - Discovery - setting:	semi_supervised
2021-06-16 14:17:23,324 - Discovery - config_file_name:	DeepAligned
2021-06-16 14:17:23,324 - Discovery - seed:	0
2021-06-16 14:17:23,324 - Discovery - gpu_id:	0
2021-06-16 14:17:23,324 - Discovery - pipe_results_path:	pipe_results
2021-06-16 14:17:23,324 - Discovery - data_dir:	/home/zhanghanlei/git/TEXTOIR/open_intent_discovery/data
2021-06-16 14:17:23,324 - Discovery - output_dir:	outputs
2021-06-16 14:17:23,324 - Discovery - model_dir:	models
2021-06-16 14:17:23,324 - Discovery - result_dir:	results
2021-06-16 14:17:23,324 - Discovery - results_file_name:	results.csv
2021-06-16 14:17:23,324 - Discovery - save_results:	False
2021-06-16 14:17:23,324 - Discovery - method_output_dir:	outputs/open_intent_detection/DeepAligned_banking_0.75_0.1_bert
2021-06-16 14:17:23,324 - Discovery - model_output_dir:	outputs/open_intent_detection/DeepAligned_banking_0.75_0.1_bert/models
2021-06-16 14:17:23,324 - Discovery - bert_model:	/home/sharing/disk1/pretrained_embedding/bert/uncased_L-12_H-768_A-12/
2021-06-16 14:17:23,324 - Discovery - max_seq_length:	None
2021-06-16 14:17:23,324 - Discovery - freeze_bert_parameters:	True
2021-06-16 14:17:23,324 - Discovery - feat_dim:	768
2021-06-16 14:17:23,324 - Discovery - warmup_proportion:	0.1
2021-06-16 14:17:23,324 - Discovery - lr_pre:	5e-05
2021-06-16 14:17:23,324 - Discovery - lr:	5e-05
2021-06-16 14:17:23,324 - Discovery - loss_fct:	CrossEntropyLoss
2021-06-16 14:17:23,324 - Discovery - train_batch_size:	128
2021-06-16 14:17:23,324 - Discovery - eval_batch_size:	64
2021-06-16 14:17:23,324 - Discovery - test_batch_size:	64
2021-06-16 14:17:23,324 - Discovery - num_pretrain_epochs:	100
2021-06-16 14:17:23,325 - Discovery - wait_patient:	20
2021-06-16 14:17:23,325 - Discovery - ============================== End Params ==============================
2021-06-16 14:17:23,325 - Discovery - Data and Model Preparation...
2021-06-16 14:17:24,037 - Discovery - Number of labeled samples = 673
2021-06-16 14:17:24,037 - Discovery - Number of unlabeled samples = 8330
2021-06-16 14:17:32,115 - Discovery - Pre-raining start...
2021-06-16 14:17:37,631 - Discovery - ***** Epoch: 1: Eval results *****
2021-06-16 14:17:37,632 - Discovery -   best_acc = 0
2021-06-16 14:17:37,632 - Discovery -   eval_acc = 1.74
2021-06-16 14:17:37,632 - Discovery -   train_loss = 4.064779122670491
2021-06-16 14:17:39,909 - Discovery - ***** Epoch: 2: Eval results *****
2021-06-16 14:17:39,909 - Discovery -   best_acc = 1.74
2021-06-16 14:17:39,910 - Discovery -   eval_acc = 3.34
2021-06-16 14:17:39,910 - Discovery -   train_loss = 4.041204611460368
2021-06-16 14:17:42,189 - Discovery - ***** Epoch: 3: Eval results *****
2021-06-16 14:17:42,189 - Discovery -   best_acc = 3.34
2021-06-16 14:17:42,189 - Discovery -   eval_acc = 4.68
2021-06-16 14:17:42,189 - Discovery -   train_loss = 3.994597315788269
2021-06-16 14:17:44,455 - Discovery - ***** Epoch: 4: Eval results *****
2021-06-16 14:17:44,455 - Discovery -   best_acc = 4.68
2021-06-16 14:17:44,455 - Discovery -   eval_acc = 7.49
2021-06-16 14:17:44,455 - Discovery -   train_loss = 3.922840674718221
2021-06-16 14:17:46,780 - Discovery - ***** Epoch: 5: Eval results *****
2021-06-16 14:17:46,780 - Discovery -   best_acc = 7.49
2021-06-16 14:17:46,780 - Discovery -   eval_acc = 16.44
2021-06-16 14:17:46,780 - Discovery -   train_loss = 3.793906052907308
2021-06-16 14:17:49,082 - Discovery - ***** Epoch: 6: Eval results *****
2021-06-16 14:17:49,082 - Discovery -   best_acc = 16.44
2021-06-16 14:17:49,082 - Discovery -   eval_acc = 27.14
2021-06-16 14:17:49,082 - Discovery -   train_loss = 3.5255759159723916
2021-06-16 14:17:51,336 - Discovery - ***** Epoch: 7: Eval results *****
2021-06-16 14:17:51,336 - Discovery -   best_acc = 27.14
2021-06-16 14:17:51,336 - Discovery -   eval_acc = 41.31
2021-06-16 14:17:51,336 - Discovery -   train_loss = 3.0424757401148477
2021-06-16 14:17:53,642 - Discovery - ***** Epoch: 8: Eval results *****
2021-06-16 14:17:53,642 - Discovery -   best_acc = 41.31
2021-06-16 14:17:53,642 - Discovery -   eval_acc = 50.94
2021-06-16 14:17:53,642 - Discovery -   train_loss = 2.5578994353612265
2021-06-16 14:17:55,904 - Discovery - ***** Epoch: 9: Eval results *****
2021-06-16 14:17:55,904 - Discovery -   best_acc = 50.94
2021-06-16 14:17:55,905 - Discovery -   eval_acc = 60.7
2021-06-16 14:17:55,905 - Discovery -   train_loss = 2.0311789909998574
2021-06-16 14:17:58,236 - Discovery - ***** Epoch: 10: Eval results *****
2021-06-16 14:17:58,236 - Discovery -   best_acc = 60.7
2021-06-16 14:17:58,236 - Discovery -   eval_acc = 66.31
2021-06-16 14:17:58,236 - Discovery -   train_loss = 1.5986552834510803
2021-06-16 14:18:00,502 - Discovery - ***** Epoch: 11: Eval results *****
2021-06-16 14:18:00,502 - Discovery -   best_acc = 66.31
2021-06-16 14:18:00,502 - Discovery -   eval_acc = 70.99
2021-06-16 14:18:00,502 - Discovery -   train_loss = 1.2519824306170146
2021-06-16 14:18:02,790 - Discovery - ***** Epoch: 12: Eval results *****
2021-06-16 14:18:02,790 - Discovery -   best_acc = 70.99
2021-06-16 14:18:02,790 - Discovery -   eval_acc = 72.73
2021-06-16 14:18:02,790 - Discovery -   train_loss = 0.9876683255036672
2021-06-16 14:18:05,053 - Discovery - ***** Epoch: 13: Eval results *****
2021-06-16 14:18:05,053 - Discovery -   best_acc = 72.73
2021-06-16 14:18:05,053 - Discovery -   eval_acc = 75.67
2021-06-16 14:18:05,053 - Discovery -   train_loss = 0.7932207385698954
2021-06-16 14:18:07,299 - Discovery - ***** Epoch: 14: Eval results *****
2021-06-16 14:18:07,299 - Discovery -   best_acc = 75.67
2021-06-16 14:18:07,299 - Discovery -   eval_acc = 77.54
2021-06-16 14:18:07,299 - Discovery -   train_loss = 0.6126187046368917
2021-06-16 14:18:09,610 - Discovery - ***** Epoch: 15: Eval results *****
2021-06-16 14:18:09,611 - Discovery -   best_acc = 77.54
2021-06-16 14:18:09,611 - Discovery -   eval_acc = 78.61
2021-06-16 14:18:09,611 - Discovery -   train_loss = 0.5105206072330475
2021-06-16 14:18:11,834 - Discovery - ***** Epoch: 16: Eval results *****
2021-06-16 14:18:11,834 - Discovery -   best_acc = 78.61
2021-06-16 14:18:11,834 - Discovery -   eval_acc = 78.74
2021-06-16 14:18:11,834 - Discovery -   train_loss = 0.4213813742001851
2021-06-16 14:18:14,095 - Discovery - ***** Epoch: 17: Eval results *****
2021-06-16 14:18:14,096 - Discovery -   best_acc = 78.74
2021-06-16 14:18:14,096 - Discovery -   eval_acc = 79.81
2021-06-16 14:18:14,096 - Discovery -   train_loss = 0.3491768290599187
2021-06-16 14:18:16,349 - Discovery - ***** Epoch: 18: Eval results *****
2021-06-16 14:18:16,349 - Discovery -   best_acc = 79.81
2021-06-16 14:18:16,349 - Discovery -   eval_acc = 80.08
2021-06-16 14:18:16,349 - Discovery -   train_loss = 0.3009629448254903
2021-06-16 14:18:18,596 - Discovery - ***** Epoch: 19: Eval results *****
2021-06-16 14:18:18,596 - Discovery -   best_acc = 80.08
2021-06-16 14:18:18,596 - Discovery -   eval_acc = 79.95
2021-06-16 14:18:18,596 - Discovery -   train_loss = 0.24982168773810068
2021-06-16 14:18:20,879 - Discovery - ***** Epoch: 20: Eval results *****
2021-06-16 14:18:20,880 - Discovery -   best_acc = 80.08
2021-06-16 14:18:20,880 - Discovery -   eval_acc = 80.61
2021-06-16 14:18:20,880 - Discovery -   train_loss = 0.22213149815797806
2021-06-16 14:18:23,120 - Discovery - ***** Epoch: 21: Eval results *****
2021-06-16 14:18:23,120 - Discovery -   best_acc = 80.61
2021-06-16 14:18:23,120 - Discovery -   eval_acc = 80.48
2021-06-16 14:18:23,120 - Discovery -   train_loss = 0.18673819055159888
2021-06-16 14:18:25,436 - Discovery - ***** Epoch: 22: Eval results *****
2021-06-16 14:18:25,436 - Discovery -   best_acc = 80.61
2021-06-16 14:18:25,436 - Discovery -   eval_acc = 80.61
2021-06-16 14:18:25,436 - Discovery -   train_loss = 0.15968879560629526
2021-06-16 14:18:27,684 - Discovery - ***** Epoch: 23: Eval results *****
2021-06-16 14:18:27,684 - Discovery -   best_acc = 80.61
2021-06-16 14:18:27,684 - Discovery -   eval_acc = 80.48
2021-06-16 14:18:27,684 - Discovery -   train_loss = 0.14951602866252264
2021-06-16 14:18:29,938 - Discovery - ***** Epoch: 24: Eval results *****
2021-06-16 14:18:29,938 - Discovery -   best_acc = 80.61
2021-06-16 14:18:29,938 - Discovery -   eval_acc = 81.42
2021-06-16 14:18:29,938 - Discovery -   train_loss = 0.1398720939954122
