2021-06-16 19:36:28,985 - Discovery - Open Intent Discovery Begin...
2021-06-16 19:36:28,985 - Discovery - Parameters Initialization...
2021-06-16 19:36:28,985 - Discovery - ============================== Params ==============================
2021-06-16 19:36:28,985 - Discovery - type:	open_intent_detection
2021-06-16 19:36:28,985 - Discovery - dataset:	banking
2021-06-16 19:36:28,985 - Discovery - known_cls_ratio:	0.75
2021-06-16 19:36:28,985 - Discovery - labeled_ratio:	0.1
2021-06-16 19:36:28,985 - Discovery - cluster_num_factor:	1.0
2021-06-16 19:36:28,985 - Discovery - method:	DeepAligned
2021-06-16 19:36:28,985 - Discovery - train:	True
2021-06-16 19:36:28,985 - Discovery - save_model:	False
2021-06-16 19:36:28,985 - Discovery - backbone:	bert
2021-06-16 19:36:28,985 - Discovery - num_train_epochs:	1
2021-06-16 19:36:28,985 - Discovery - setting:	semi_supervised
2021-06-16 19:36:28,985 - Discovery - config_file_name:	DeepAligned
2021-06-16 19:36:28,986 - Discovery - seed:	0
2021-06-16 19:36:28,986 - Discovery - gpu_id:	0
2021-06-16 19:36:28,986 - Discovery - pipe_results_path:	pipe_results
2021-06-16 19:36:28,986 - Discovery - data_dir:	/home/zhanghanlei/git/TEXTOIR/open_intent_discovery/data
2021-06-16 19:36:28,986 - Discovery - output_dir:	outputs
2021-06-16 19:36:28,986 - Discovery - model_dir:	models
2021-06-16 19:36:28,986 - Discovery - result_dir:	results
2021-06-16 19:36:28,986 - Discovery - results_file_name:	results.csv
2021-06-16 19:36:28,986 - Discovery - save_results:	False
2021-06-16 19:36:28,986 - Discovery - method_output_dir:	outputs/open_intent_detection/DeepAligned_banking_0.75_0.1_bert_0
2021-06-16 19:36:28,986 - Discovery - model_output_dir:	outputs/open_intent_detection/DeepAligned_banking_0.75_0.1_bert_0/models
2021-06-16 19:36:28,986 - Discovery - bert_model:	/home/sharing/disk1/pretrained_embedding/bert/uncased_L-12_H-768_A-12/
2021-06-16 19:36:28,986 - Discovery - max_seq_length:	None
2021-06-16 19:36:28,986 - Discovery - freeze_bert_parameters:	True
2021-06-16 19:36:28,986 - Discovery - feat_dim:	768
2021-06-16 19:36:28,986 - Discovery - warmup_proportion:	0.1
2021-06-16 19:36:28,986 - Discovery - lr_pre:	5e-05
2021-06-16 19:36:28,986 - Discovery - lr:	5e-05
2021-06-16 19:36:28,986 - Discovery - loss_fct:	CrossEntropyLoss
2021-06-16 19:36:28,986 - Discovery - train_batch_size:	128
2021-06-16 19:36:28,986 - Discovery - eval_batch_size:	64
2021-06-16 19:36:28,986 - Discovery - test_batch_size:	64
2021-06-16 19:36:28,986 - Discovery - num_pretrain_epochs:	1
2021-06-16 19:36:28,986 - Discovery - wait_patient:	20
2021-06-16 19:36:28,986 - Discovery - ============================== End Params ==============================
2021-06-16 19:36:28,986 - Discovery - Data and Model Preparation...
2021-06-16 19:36:29,701 - Discovery - Number of labeled samples = 673
2021-06-16 19:36:29,702 - Discovery - Number of unlabeled samples = 8330
2021-06-16 19:36:44,356 - Discovery - Pre-raining start...
2021-06-16 19:36:50,694 - Discovery - ***** Epoch: 1: Eval results *****
2021-06-16 19:36:50,694 - Discovery -   best_acc = 0
2021-06-16 19:36:50,694 - Discovery -   eval_acc = 4.68
2021-06-16 19:36:50,694 - Discovery -   train_loss = 4.052962938944499
2021-06-16 19:36:50,706 - Discovery - Pre-training finished...
2021-06-16 19:36:50,714 - Discovery - Training Begin...
2021-06-16 19:38:02,972 - Discovery - Training Finished...
2021-06-16 19:38:02,972 - Discovery - Testing begin...
2021-06-16 19:38:24,524 - Discovery - ***** Test: Confusion Matrix *****
2021-06-16 19:38:24,524 - Discovery - [[ 1  2  0 ...  0  0  0]
 [ 0  0  1 ...  0  3  0]
 [ 0  0  0 ...  0  0  0]
 ...
 [ 0  0  0 ...  0  0  0]
 [ 0  2  0 ... 10  0  0]
 [ 0  1  0 ...  0  0  0]]
2021-06-16 19:38:24,524 - Discovery - ***** Test results *****
2021-06-16 19:38:24,524 - Discovery -   ACC = 22.31
2021-06-16 19:38:24,524 - Discovery -   ARI = 10.08
2021-06-16 19:38:24,524 - Discovery -   NMI = 42.97
2021-06-16 19:38:24,524 - Discovery - Testing finished...
2021-06-16 19:38:24,525 - Discovery - Open Intent Discovery Finished...
