2021-06-16 23:57:11,937 - Discovery - Open Intent Discovery Begin...
2021-06-16 23:57:11,937 - Discovery - Parameters Initialization...
2021-06-16 23:57:11,937 - Discovery - ============================== Params ==============================
2021-06-16 23:57:11,937 - Discovery - type:	open_intent_discovery
2021-06-16 23:57:11,937 - Discovery - dataset:	banking
2021-06-16 23:57:11,938 - Discovery - known_cls_ratio:	0.75
2021-06-16 23:57:11,938 - Discovery - labeled_ratio:	0.1
2021-06-16 23:57:11,938 - Discovery - cluster_num_factor:	1.0
2021-06-16 23:57:11,938 - Discovery - method:	DeepAligned
2021-06-16 23:57:11,938 - Discovery - train:	True
2021-06-16 23:57:11,938 - Discovery - save_model:	True
2021-06-16 23:57:11,938 - Discovery - backbone:	bert
2021-06-16 23:57:11,938 - Discovery - num_train_epochs:	100
2021-06-16 23:57:11,938 - Discovery - setting:	semi_supervised
2021-06-16 23:57:11,938 - Discovery - config_file_name:	DeepAligned
2021-06-16 23:57:11,938 - Discovery - seed:	6
2021-06-16 23:57:11,938 - Discovery - gpu_id:	1
2021-06-16 23:57:11,938 - Discovery - pipe_results_path:	pipe_results
2021-06-16 23:57:11,938 - Discovery - data_dir:	/home/zhanghanlei/git/TEXTOIR/open_intent_discovery/data
2021-06-16 23:57:11,938 - Discovery - output_dir:	outputs
2021-06-16 23:57:11,938 - Discovery - model_dir:	models
2021-06-16 23:57:11,938 - Discovery - result_dir:	results
2021-06-16 23:57:11,938 - Discovery - results_file_name:	results_DeepAligned.csv
2021-06-16 23:57:11,938 - Discovery - save_results:	True
2021-06-16 23:57:11,938 - Discovery - method_output_dir:	outputs/open_intent_discovery/DeepAligned_banking_0.75_0.1_bert_6
2021-06-16 23:57:11,938 - Discovery - model_output_dir:	outputs/open_intent_discovery/DeepAligned_banking_0.75_0.1_bert_6/models
2021-06-16 23:57:11,938 - Discovery - bert_model:	/home/sharing/disk1/pretrained_embedding/bert/uncased_L-12_H-768_A-12/
2021-06-16 23:57:11,938 - Discovery - max_seq_length:	None
2021-06-16 23:57:11,938 - Discovery - freeze_bert_parameters:	True
2021-06-16 23:57:11,938 - Discovery - feat_dim:	768
2021-06-16 23:57:11,938 - Discovery - warmup_proportion:	0.1
2021-06-16 23:57:11,938 - Discovery - lr_pre:	5e-05
2021-06-16 23:57:11,938 - Discovery - lr:	5e-05
2021-06-16 23:57:11,938 - Discovery - loss_fct:	CrossEntropyLoss
2021-06-16 23:57:11,938 - Discovery - train_batch_size:	128
2021-06-16 23:57:11,938 - Discovery - eval_batch_size:	64
2021-06-16 23:57:11,938 - Discovery - test_batch_size:	64
2021-06-16 23:57:11,938 - Discovery - num_pretrain_epochs:	100
2021-06-16 23:57:11,938 - Discovery - wait_patient:	20
2021-06-16 23:57:11,938 - Discovery - ============================== End Params ==============================
2021-06-16 23:57:11,938 - Discovery - Data and Model Preparation...
2021-06-16 23:57:12,718 - Discovery - Number of labeled samples = 684
2021-06-16 23:57:12,719 - Discovery - Number of unlabeled samples = 8319
2021-06-16 23:57:22,496 - Discovery - Pre-raining start...
2021-06-16 23:57:24,000 - Discovery - ***** Epoch: 1: Eval results *****
2021-06-16 23:57:24,000 - Discovery -   best_acc = 0
2021-06-16 23:57:24,000 - Discovery -   eval_acc = 3.03
2021-06-16 23:57:24,000 - Discovery -   train_loss = 4.069677273432414
2021-06-16 23:57:25,066 - Discovery - ***** Epoch: 2: Eval results *****
2021-06-16 23:57:25,066 - Discovery -   best_acc = 3.03
2021-06-16 23:57:25,066 - Discovery -   eval_acc = 3.69
2021-06-16 23:57:25,066 - Discovery -   train_loss = 4.054234504699707
2021-06-16 23:57:26,135 - Discovery - ***** Epoch: 3: Eval results *****
2021-06-16 23:57:26,135 - Discovery -   best_acc = 3.69
2021-06-16 23:57:26,137 - Discovery -   eval_acc = 3.56
2021-06-16 23:57:26,137 - Discovery -   train_loss = 4.00572137037913
2021-06-16 23:57:27,196 - Discovery - ***** Epoch: 4: Eval results *****
2021-06-16 23:57:27,196 - Discovery -   best_acc = 3.69
2021-06-16 23:57:27,196 - Discovery -   eval_acc = 11.99
2021-06-16 23:57:27,196 - Discovery -   train_loss = 3.9340559244155884
2021-06-16 23:57:28,267 - Discovery - ***** Epoch: 5: Eval results *****
2021-06-16 23:57:28,267 - Discovery -   best_acc = 11.99
2021-06-16 23:57:28,267 - Discovery -   eval_acc = 22.27
2021-06-16 23:57:28,267 - Discovery -   train_loss = 3.8049850463867188
2021-06-16 23:57:29,339 - Discovery - ***** Epoch: 6: Eval results *****
2021-06-16 23:57:29,339 - Discovery -   best_acc = 22.27
2021-06-16 23:57:29,339 - Discovery -   eval_acc = 32.54
2021-06-16 23:57:29,339 - Discovery -   train_loss = 3.552741607030233
2021-06-16 23:57:30,414 - Discovery - ***** Epoch: 7: Eval results *****
2021-06-16 23:57:30,414 - Discovery -   best_acc = 32.54
2021-06-16 23:57:30,414 - Discovery -   eval_acc = 43.08
2021-06-16 23:57:30,414 - Discovery -   train_loss = 3.0978723764419556
2021-06-16 23:57:31,487 - Discovery - ***** Epoch: 8: Eval results *****
2021-06-16 23:57:31,487 - Discovery -   best_acc = 43.08
2021-06-16 23:57:31,487 - Discovery -   eval_acc = 50.59
2021-06-16 23:57:31,489 - Discovery -   train_loss = 2.571183721224467
2021-06-16 23:57:32,562 - Discovery - ***** Epoch: 9: Eval results *****
2021-06-16 23:57:32,562 - Discovery -   best_acc = 50.59
2021-06-16 23:57:32,562 - Discovery -   eval_acc = 59.82
2021-06-16 23:57:32,562 - Discovery -   train_loss = 2.080572466055552
2021-06-16 23:57:33,638 - Discovery - ***** Epoch: 10: Eval results *****
2021-06-16 23:57:33,638 - Discovery -   best_acc = 59.82
2021-06-16 23:57:33,638 - Discovery -   eval_acc = 64.3
2021-06-16 23:57:33,638 - Discovery -   train_loss = 1.6843653917312622
2021-06-16 23:57:34,711 - Discovery - ***** Epoch: 11: Eval results *****
2021-06-16 23:57:34,711 - Discovery -   best_acc = 64.3
2021-06-16 23:57:34,711 - Discovery -   eval_acc = 72.07
2021-06-16 23:57:34,711 - Discovery -   train_loss = 1.2937143445014954
2021-06-16 23:57:35,785 - Discovery - ***** Epoch: 12: Eval results *****
2021-06-16 23:57:35,785 - Discovery -   best_acc = 72.07
2021-06-16 23:57:35,785 - Discovery -   eval_acc = 74.04
2021-06-16 23:57:35,785 - Discovery -   train_loss = 1.0372393230597179
2021-06-16 23:57:36,860 - Discovery - ***** Epoch: 13: Eval results *****
2021-06-16 23:57:36,861 - Discovery -   best_acc = 74.04
2021-06-16 23:57:36,861 - Discovery -   eval_acc = 76.94
2021-06-16 23:57:36,861 - Discovery -   train_loss = 0.8375768959522247
2021-06-16 23:57:37,938 - Discovery - ***** Epoch: 14: Eval results *****
2021-06-16 23:57:37,939 - Discovery -   best_acc = 76.94
2021-06-16 23:57:37,939 - Discovery -   eval_acc = 77.87
2021-06-16 23:57:37,939 - Discovery -   train_loss = 0.6795036594072977
2021-06-16 23:57:39,018 - Discovery - ***** Epoch: 15: Eval results *****
2021-06-16 23:57:39,018 - Discovery -   best_acc = 77.87
2021-06-16 23:57:39,018 - Discovery -   eval_acc = 79.18
2021-06-16 23:57:39,018 - Discovery -   train_loss = 0.5478925307591757
2021-06-16 23:57:40,097 - Discovery - ***** Epoch: 16: Eval results *****
2021-06-16 23:57:40,097 - Discovery -   best_acc = 79.18
2021-06-16 23:57:40,097 - Discovery -   eval_acc = 80.76
2021-06-16 23:57:40,097 - Discovery -   train_loss = 0.4621499677499135
2021-06-16 23:57:41,229 - Discovery - ***** Epoch: 17: Eval results *****
2021-06-16 23:57:41,229 - Discovery -   best_acc = 80.76
2021-06-16 23:57:41,229 - Discovery -   eval_acc = 80.63
2021-06-16 23:57:41,230 - Discovery -   train_loss = 0.37986775239308673
2021-06-16 23:57:42,297 - Discovery - ***** Epoch: 18: Eval results *****
2021-06-16 23:57:42,297 - Discovery -   best_acc = 80.76
2021-06-16 23:57:42,297 - Discovery -   eval_acc = 81.42
2021-06-16 23:57:42,297 - Discovery -   train_loss = 0.33005909621715546
2021-06-16 23:57:43,378 - Discovery - ***** Epoch: 19: Eval results *****
2021-06-16 23:57:43,378 - Discovery -   best_acc = 81.42
2021-06-16 23:57:43,378 - Discovery -   eval_acc = 81.55
2021-06-16 23:57:43,378 - Discovery -   train_loss = 0.28786711394786835
2021-06-16 23:57:44,458 - Discovery - ***** Epoch: 20: Eval results *****
2021-06-16 23:57:44,458 - Discovery -   best_acc = 81.55
2021-06-16 23:57:44,458 - Discovery -   eval_acc = 82.21
2021-06-16 23:57:44,458 - Discovery -   train_loss = 0.25103174646695453
2021-06-16 23:57:45,539 - Discovery - ***** Epoch: 21: Eval results *****
2021-06-16 23:57:45,540 - Discovery -   best_acc = 82.21
2021-06-16 23:57:45,540 - Discovery -   eval_acc = 82.61
2021-06-16 23:57:45,540 - Discovery -   train_loss = 0.21725958585739136
2021-06-16 23:57:46,624 - Discovery - ***** Epoch: 22: Eval results *****
2021-06-16 23:57:46,624 - Discovery -   best_acc = 82.61
2021-06-16 23:57:46,624 - Discovery -   eval_acc = 83.0
2021-06-16 23:57:46,625 - Discovery -   train_loss = 0.18419942756493887
2021-06-16 23:57:47,709 - Discovery - ***** Epoch: 23: Eval results *****
2021-06-16 23:57:47,709 - Discovery -   best_acc = 83.0
2021-06-16 23:57:47,709 - Discovery -   eval_acc = 82.61
2021-06-16 23:57:47,709 - Discovery -   train_loss = 0.1702597737312317
2021-06-16 23:57:48,785 - Discovery - ***** Epoch: 24: Eval results *****
2021-06-16 23:57:48,785 - Discovery -   best_acc = 83.0
2021-06-16 23:57:48,785 - Discovery -   eval_acc = 82.48
2021-06-16 23:57:48,785 - Discovery -   train_loss = 0.15165819972753525
2021-06-16 23:57:49,853 - Discovery - ***** Epoch: 25: Eval results *****
2021-06-16 23:57:49,853 - Discovery -   best_acc = 83.0
2021-06-16 23:57:49,853 - Discovery -   eval_acc = 83.53
2021-06-16 23:57:49,853 - Discovery -   train_loss = 0.13660869126518568
2021-06-16 23:57:50,935 - Discovery - ***** Epoch: 26: Eval results *****
2021-06-16 23:57:50,935 - Discovery -   best_acc = 83.53
2021-06-16 23:57:50,935 - Discovery -   eval_acc = 83.79
2021-06-16 23:57:50,935 - Discovery -   train_loss = 0.12133969614903133
2021-06-16 23:57:52,017 - Discovery - ***** Epoch: 27: Eval results *****
2021-06-16 23:57:52,017 - Discovery -   best_acc = 83.79
2021-06-16 23:57:52,017 - Discovery -   eval_acc = 83.27
2021-06-16 23:57:52,018 - Discovery -   train_loss = 0.11038774376114209
2021-06-16 23:57:53,090 - Discovery - ***** Epoch: 28: Eval results *****
2021-06-16 23:57:53,090 - Discovery -   best_acc = 83.79
2021-06-16 23:57:53,090 - Discovery -   eval_acc = 82.74
2021-06-16 23:57:53,090 - Discovery -   train_loss = 0.10338001077373822
2021-06-16 23:57:54,166 - Discovery - ***** Epoch: 29: Eval results *****
2021-06-16 23:57:54,167 - Discovery -   best_acc = 83.79
2021-06-16 23:57:54,167 - Discovery -   eval_acc = 82.21
2021-06-16 23:57:54,167 - Discovery -   train_loss = 0.1003867934147517
2021-06-16 23:57:55,240 - Discovery - ***** Epoch: 30: Eval results *****
2021-06-16 23:57:55,240 - Discovery -   best_acc = 83.79
2021-06-16 23:57:55,240 - Discovery -   eval_acc = 83.14
2021-06-16 23:57:55,240 - Discovery -   train_loss = 0.0938069981833299
2021-06-16 23:57:56,315 - Discovery - ***** Epoch: 31: Eval results *****
2021-06-16 23:57:56,316 - Discovery -   best_acc = 83.79
2021-06-16 23:57:56,316 - Discovery -   eval_acc = 83.79
2021-06-16 23:57:56,316 - Discovery -   train_loss = 0.08454223598043124
2021-06-16 23:57:57,392 - Discovery - ***** Epoch: 32: Eval results *****
2021-06-16 23:57:57,393 - Discovery -   best_acc = 83.79
2021-06-16 23:57:57,393 - Discovery -   eval_acc = 83.4
2021-06-16 23:57:57,395 - Discovery -   train_loss = 0.0827878899872303
2021-06-16 23:57:58,470 - Discovery - ***** Epoch: 33: Eval results *****
2021-06-16 23:57:58,470 - Discovery -   best_acc = 83.79
2021-06-16 23:57:58,471 - Discovery -   eval_acc = 82.61
2021-06-16 23:57:58,471 - Discovery -   train_loss = 0.07531258712212245
2021-06-16 23:57:59,553 - Discovery - ***** Epoch: 34: Eval results *****
2021-06-16 23:57:59,553 - Discovery -   best_acc = 83.79
2021-06-16 23:57:59,553 - Discovery -   eval_acc = 83.14
2021-06-16 23:57:59,553 - Discovery -   train_loss = 0.07404558484752972
2021-06-16 23:58:00,632 - Discovery - ***** Epoch: 35: Eval results *****
2021-06-16 23:58:00,632 - Discovery -   best_acc = 83.79
2021-06-16 23:58:00,632 - Discovery -   eval_acc = 83.14
2021-06-16 23:58:00,632 - Discovery -   train_loss = 0.0665868769089381
2021-06-16 23:58:01,714 - Discovery - ***** Epoch: 36: Eval results *****
2021-06-16 23:58:01,714 - Discovery -   best_acc = 83.79
2021-06-16 23:58:01,714 - Discovery -   eval_acc = 83.66
2021-06-16 23:58:01,714 - Discovery -   train_loss = 0.06710407882928848
2021-06-16 23:58:02,796 - Discovery - ***** Epoch: 37: Eval results *****
2021-06-16 23:58:02,796 - Discovery -   best_acc = 83.79
2021-06-16 23:58:02,796 - Discovery -   eval_acc = 83.0
2021-06-16 23:58:02,796 - Discovery -   train_loss = 0.06179331367214521
2021-06-16 23:58:03,877 - Discovery - ***** Epoch: 38: Eval results *****
2021-06-16 23:58:03,877 - Discovery -   best_acc = 83.79
2021-06-16 23:58:03,877 - Discovery -   eval_acc = 82.87
2021-06-16 23:58:03,877 - Discovery -   train_loss = 0.057345714420080185
2021-06-16 23:58:04,958 - Discovery - ***** Epoch: 39: Eval results *****
2021-06-16 23:58:04,958 - Discovery -   best_acc = 83.79
2021-06-16 23:58:04,958 - Discovery -   eval_acc = 83.27
2021-06-16 23:58:04,958 - Discovery -   train_loss = 0.05839396454393864
2021-06-16 23:58:06,039 - Discovery - ***** Epoch: 40: Eval results *****
2021-06-16 23:58:06,039 - Discovery -   best_acc = 83.79
2021-06-16 23:58:06,039 - Discovery -   eval_acc = 83.0
2021-06-16 23:58:06,039 - Discovery -   train_loss = 0.05477543485661348
2021-06-16 23:58:07,122 - Discovery - ***** Epoch: 41: Eval results *****
2021-06-16 23:58:07,122 - Discovery -   best_acc = 83.79
2021-06-16 23:58:07,122 - Discovery -   eval_acc = 83.4
2021-06-16 23:58:07,122 - Discovery -   train_loss = 0.051760790248711906
2021-06-16 23:58:08,200 - Discovery - ***** Epoch: 42: Eval results *****
2021-06-16 23:58:08,200 - Discovery -   best_acc = 83.79
2021-06-16 23:58:08,200 - Discovery -   eval_acc = 83.53
2021-06-16 23:58:08,201 - Discovery -   train_loss = 0.04947531409561634
2021-06-16 23:58:09,283 - Discovery - ***** Epoch: 43: Eval results *****
2021-06-16 23:58:09,283 - Discovery -   best_acc = 83.79
2021-06-16 23:58:09,283 - Discovery -   eval_acc = 83.53
2021-06-16 23:58:09,283 - Discovery -   train_loss = 0.050046888490517936
2021-06-16 23:58:10,365 - Discovery - ***** Epoch: 44: Eval results *****
2021-06-16 23:58:10,365 - Discovery -   best_acc = 83.79
2021-06-16 23:58:10,365 - Discovery -   eval_acc = 83.79
2021-06-16 23:58:10,365 - Discovery -   train_loss = 0.04865855164825916
2021-06-16 23:58:11,448 - Discovery - ***** Epoch: 45: Eval results *****
2021-06-16 23:58:11,448 - Discovery -   best_acc = 83.79
2021-06-16 23:58:11,448 - Discovery -   eval_acc = 83.79
2021-06-16 23:58:11,448 - Discovery -   train_loss = 0.04756945619980494
2021-06-16 23:58:12,530 - Discovery - ***** Epoch: 46: Eval results *****
2021-06-16 23:58:12,530 - Discovery -   best_acc = 83.79
2021-06-16 23:58:12,530 - Discovery -   eval_acc = 83.53
2021-06-16 23:58:12,530 - Discovery -   train_loss = 0.04759778889516989
2021-06-16 23:58:13,110 - Discovery - Pre-training finished...
2021-06-16 23:58:13,118 - Discovery - Training Begin...
2021-06-16 23:59:07,074 - Discovery - ***** Epoch: 1: Eval results *****
2021-06-16 23:59:07,074 - Discovery -   best_cluster_silhouette_score = 0.20917335
2021-06-16 23:59:07,074 - Discovery -   cluster_silhouette_score = 0.20767954
2021-06-16 23:59:07,075 - Discovery -   train_loss = 4.127118923294712
2021-06-16 23:59:36,958 - Discovery - ***** Epoch: 2: Eval results *****
2021-06-16 23:59:36,959 - Discovery -   best_cluster_silhouette_score = 0.20917335
2021-06-16 23:59:36,959 - Discovery -   cluster_silhouette_score = 0.2108887
2021-06-16 23:59:36,959 - Discovery -   train_loss = 3.218493955236086
2021-06-17 00:00:07,481 - Discovery - ***** Epoch: 3: Eval results *****
2021-06-17 00:00:07,481 - Discovery -   best_cluster_silhouette_score = 0.2108887
2021-06-17 00:00:07,481 - Discovery -   cluster_silhouette_score = 0.23621754
2021-06-17 00:00:07,481 - Discovery -   train_loss = 2.294619274811006
2021-06-17 00:00:37,522 - Discovery - ***** Epoch: 4: Eval results *****
2021-06-17 00:00:37,522 - Discovery -   best_cluster_silhouette_score = 0.23621754
2021-06-17 00:00:37,522 - Discovery -   cluster_silhouette_score = 0.25744513
2021-06-17 00:00:37,522 - Discovery -   train_loss = 1.5989319371505522
2021-06-17 00:01:07,221 - Discovery - ***** Epoch: 5: Eval results *****
2021-06-17 00:01:07,221 - Discovery -   best_cluster_silhouette_score = 0.25744513
2021-06-17 00:01:07,221 - Discovery -   cluster_silhouette_score = 0.30296773
2021-06-17 00:01:07,221 - Discovery -   train_loss = 1.1780523733353951
2021-06-17 00:01:36,802 - Discovery - ***** Epoch: 6: Eval results *****
2021-06-17 00:01:36,802 - Discovery -   best_cluster_silhouette_score = 0.30296773
2021-06-17 00:01:36,803 - Discovery -   cluster_silhouette_score = 0.31510296
2021-06-17 00:01:36,803 - Discovery -   train_loss = 0.86117439874461
2021-06-17 00:02:06,815 - Discovery - ***** Epoch: 7: Eval results *****
2021-06-17 00:02:06,815 - Discovery -   best_cluster_silhouette_score = 0.31510296
2021-06-17 00:02:06,815 - Discovery -   cluster_silhouette_score = 0.3377929
2021-06-17 00:02:06,815 - Discovery -   train_loss = 0.7219147787127697
2021-06-17 00:02:37,031 - Discovery - ***** Epoch: 8: Eval results *****
2021-06-17 00:02:37,031 - Discovery -   best_cluster_silhouette_score = 0.3377929
2021-06-17 00:02:37,031 - Discovery -   cluster_silhouette_score = 0.36003613
2021-06-17 00:02:37,031 - Discovery -   train_loss = 0.5561064250872169
2021-06-17 00:03:07,255 - Discovery - ***** Epoch: 9: Eval results *****
2021-06-17 00:03:07,255 - Discovery -   best_cluster_silhouette_score = 0.36003613
2021-06-17 00:03:07,255 - Discovery -   cluster_silhouette_score = 0.3713249
2021-06-17 00:03:07,255 - Discovery -   train_loss = 0.4678235488458419
2021-06-17 00:03:36,416 - Discovery - ***** Epoch: 10: Eval results *****
2021-06-17 00:03:36,417 - Discovery -   best_cluster_silhouette_score = 0.3713249
2021-06-17 00:03:36,417 - Discovery -   cluster_silhouette_score = 0.39233017
2021-06-17 00:03:36,417 - Discovery -   train_loss = 0.4483167736882895
2021-06-17 00:04:05,836 - Discovery - ***** Epoch: 11: Eval results *****
2021-06-17 00:04:05,836 - Discovery -   best_cluster_silhouette_score = 0.39233017
2021-06-17 00:04:05,836 - Discovery -   cluster_silhouette_score = 0.39851967
2021-06-17 00:04:05,836 - Discovery -   train_loss = 0.33848310692209593
2021-06-17 00:04:35,281 - Discovery - ***** Epoch: 12: Eval results *****
2021-06-17 00:04:35,281 - Discovery -   best_cluster_silhouette_score = 0.39851967
2021-06-17 00:04:35,281 - Discovery -   cluster_silhouette_score = 0.40624008
2021-06-17 00:04:35,281 - Discovery -   train_loss = 0.3355074923642924
2021-06-17 00:05:05,346 - Discovery - ***** Epoch: 13: Eval results *****
2021-06-17 00:05:05,347 - Discovery -   best_cluster_silhouette_score = 0.40624008
2021-06-17 00:05:05,347 - Discovery -   cluster_silhouette_score = 0.40499002
2021-06-17 00:05:05,347 - Discovery -   train_loss = 0.27335969704977225
2021-06-17 00:05:34,778 - Discovery - ***** Epoch: 14: Eval results *****
2021-06-17 00:05:34,778 - Discovery -   best_cluster_silhouette_score = 0.40624008
2021-06-17 00:05:34,778 - Discovery -   cluster_silhouette_score = 0.42127094
2021-06-17 00:05:34,778 - Discovery -   train_loss = 0.313622684965671
2021-06-17 00:06:03,413 - Discovery - ***** Epoch: 15: Eval results *****
2021-06-17 00:06:03,413 - Discovery -   best_cluster_silhouette_score = 0.42127094
2021-06-17 00:06:03,413 - Discovery -   cluster_silhouette_score = 0.43288183
2021-06-17 00:06:03,413 - Discovery -   train_loss = 0.2665646023733515
2021-06-17 00:06:32,314 - Discovery - ***** Epoch: 16: Eval results *****
2021-06-17 00:06:32,314 - Discovery -   best_cluster_silhouette_score = 0.43288183
2021-06-17 00:06:32,314 - Discovery -   cluster_silhouette_score = 0.43329102
2021-06-17 00:06:32,315 - Discovery -   train_loss = 0.2421801596040457
2021-06-17 00:07:01,400 - Discovery - ***** Epoch: 17: Eval results *****
2021-06-17 00:07:01,400 - Discovery -   best_cluster_silhouette_score = 0.43329102
2021-06-17 00:07:01,400 - Discovery -   cluster_silhouette_score = 0.43694508
2021-06-17 00:07:01,400 - Discovery -   train_loss = 0.2815460846037932
2021-06-17 00:07:30,830 - Discovery - ***** Epoch: 18: Eval results *****
2021-06-17 00:07:30,831 - Discovery -   best_cluster_silhouette_score = 0.43694508
2021-06-17 00:07:30,831 - Discovery -   cluster_silhouette_score = 0.44350883
2021-06-17 00:07:30,831 - Discovery -   train_loss = 0.2632184013934203
2021-06-17 00:08:01,067 - Discovery - ***** Epoch: 19: Eval results *****
2021-06-17 00:08:01,067 - Discovery -   best_cluster_silhouette_score = 0.44350883
2021-06-17 00:08:01,067 - Discovery -   cluster_silhouette_score = 0.43623927
2021-06-17 00:08:01,067 - Discovery -   train_loss = 0.26475966868686
2021-06-17 00:08:30,192 - Discovery - ***** Epoch: 20: Eval results *****
2021-06-17 00:08:30,193 - Discovery -   best_cluster_silhouette_score = 0.44350883
2021-06-17 00:08:30,193 - Discovery -   cluster_silhouette_score = 0.45556146
2021-06-17 00:08:30,194 - Discovery -   train_loss = 0.27881372594077825
2021-06-17 00:08:59,324 - Discovery - ***** Epoch: 21: Eval results *****
2021-06-17 00:08:59,324 - Discovery -   best_cluster_silhouette_score = 0.45556146
2021-06-17 00:08:59,324 - Discovery -   cluster_silhouette_score = 0.45383134
2021-06-17 00:08:59,324 - Discovery -   train_loss = 0.20673786450020024
2021-06-17 00:09:28,331 - Discovery - ***** Epoch: 22: Eval results *****
2021-06-17 00:09:28,331 - Discovery -   best_cluster_silhouette_score = 0.45556146
2021-06-17 00:09:28,331 - Discovery -   cluster_silhouette_score = 0.44971293
2021-06-17 00:09:28,331 - Discovery -   train_loss = 0.22502920031547546
2021-06-17 00:09:57,285 - Discovery - ***** Epoch: 23: Eval results *****
2021-06-17 00:09:57,285 - Discovery -   best_cluster_silhouette_score = 0.45556146
2021-06-17 00:09:57,285 - Discovery -   cluster_silhouette_score = 0.45236745
2021-06-17 00:09:57,285 - Discovery -   train_loss = 0.24897215494387587
2021-06-17 00:10:27,669 - Discovery - ***** Epoch: 24: Eval results *****
2021-06-17 00:10:27,669 - Discovery -   best_cluster_silhouette_score = 0.45556146
2021-06-17 00:10:27,669 - Discovery -   cluster_silhouette_score = 0.44992512
2021-06-17 00:10:27,669 - Discovery -   train_loss = 0.23412196233238972
2021-06-17 00:10:57,503 - Discovery - ***** Epoch: 25: Eval results *****
2021-06-17 00:10:57,503 - Discovery -   best_cluster_silhouette_score = 0.45556146
2021-06-17 00:10:57,503 - Discovery -   cluster_silhouette_score = 0.46463364
2021-06-17 00:10:57,503 - Discovery -   train_loss = 0.24189827517724374
2021-06-17 00:11:26,956 - Discovery - ***** Epoch: 26: Eval results *****
2021-06-17 00:11:26,956 - Discovery -   best_cluster_silhouette_score = 0.46463364
2021-06-17 00:11:26,958 - Discovery -   cluster_silhouette_score = 0.46393546
2021-06-17 00:11:26,958 - Discovery -   train_loss = 0.24129343148268445
2021-06-17 00:11:57,023 - Discovery - ***** Epoch: 27: Eval results *****
2021-06-17 00:11:57,023 - Discovery -   best_cluster_silhouette_score = 0.46463364
2021-06-17 00:11:57,025 - Discovery -   cluster_silhouette_score = 0.46934366
2021-06-17 00:11:57,025 - Discovery -   train_loss = 0.24881071523881296
2021-06-17 00:12:26,509 - Discovery - ***** Epoch: 28: Eval results *****
2021-06-17 00:12:26,509 - Discovery -   best_cluster_silhouette_score = 0.46934366
2021-06-17 00:12:26,509 - Discovery -   cluster_silhouette_score = 0.46652427
2021-06-17 00:12:26,509 - Discovery -   train_loss = 0.19877056599083082
2021-06-17 00:12:55,850 - Discovery - ***** Epoch: 29: Eval results *****
2021-06-17 00:12:55,850 - Discovery -   best_cluster_silhouette_score = 0.46934366
2021-06-17 00:12:55,850 - Discovery -   cluster_silhouette_score = 0.4758838
2021-06-17 00:12:55,850 - Discovery -   train_loss = 0.2287866507827396
2021-06-17 00:13:25,277 - Discovery - ***** Epoch: 30: Eval results *****
2021-06-17 00:13:25,277 - Discovery -   best_cluster_silhouette_score = 0.4758838
2021-06-17 00:13:25,277 - Discovery -   cluster_silhouette_score = 0.4751679
2021-06-17 00:13:25,277 - Discovery -   train_loss = 0.16978123080982288
2021-06-17 00:13:54,642 - Discovery - ***** Epoch: 31: Eval results *****
2021-06-17 00:13:54,643 - Discovery -   best_cluster_silhouette_score = 0.4758838
2021-06-17 00:13:54,643 - Discovery -   cluster_silhouette_score = 0.4699663
2021-06-17 00:13:54,643 - Discovery -   train_loss = 0.14404910970741594
2021-06-17 00:14:24,125 - Discovery - ***** Epoch: 32: Eval results *****
2021-06-17 00:14:24,125 - Discovery -   best_cluster_silhouette_score = 0.4758838
2021-06-17 00:14:24,125 - Discovery -   cluster_silhouette_score = 0.47330448
2021-06-17 00:14:24,125 - Discovery -   train_loss = 0.18735069204384172
2021-06-17 00:14:53,458 - Discovery - ***** Epoch: 33: Eval results *****
2021-06-17 00:14:53,458 - Discovery -   best_cluster_silhouette_score = 0.4758838
2021-06-17 00:14:53,458 - Discovery -   cluster_silhouette_score = 0.47035673
2021-06-17 00:14:53,458 - Discovery -   train_loss = 0.2527964087859006
2021-06-17 00:15:23,457 - Discovery - ***** Epoch: 34: Eval results *****
2021-06-17 00:15:23,457 - Discovery -   best_cluster_silhouette_score = 0.4758838
2021-06-17 00:15:23,457 - Discovery -   cluster_silhouette_score = 0.46935582
2021-06-17 00:15:23,457 - Discovery -   train_loss = 0.19112049704286413
2021-06-17 00:15:52,697 - Discovery - ***** Epoch: 35: Eval results *****
2021-06-17 00:15:52,698 - Discovery -   best_cluster_silhouette_score = 0.4758838
2021-06-17 00:15:52,698 - Discovery -   cluster_silhouette_score = 0.47195408
2021-06-17 00:15:52,698 - Discovery -   train_loss = 0.23691849662384518
2021-06-17 00:16:22,399 - Discovery - ***** Epoch: 36: Eval results *****
2021-06-17 00:16:22,399 - Discovery -   best_cluster_silhouette_score = 0.4758838
2021-06-17 00:16:22,399 - Discovery -   cluster_silhouette_score = 0.48527628
2021-06-17 00:16:22,399 - Discovery -   train_loss = 0.20464295830944895
2021-06-17 00:16:51,220 - Discovery - ***** Epoch: 37: Eval results *****
2021-06-17 00:16:51,220 - Discovery -   best_cluster_silhouette_score = 0.48527628
2021-06-17 00:16:51,220 - Discovery -   cluster_silhouette_score = 0.4773469
2021-06-17 00:16:51,220 - Discovery -   train_loss = 0.21503448202996187
2021-06-17 00:17:20,556 - Discovery - ***** Epoch: 38: Eval results *****
2021-06-17 00:17:20,556 - Discovery -   best_cluster_silhouette_score = 0.48527628
2021-06-17 00:17:20,556 - Discovery -   cluster_silhouette_score = 0.48319912
2021-06-17 00:17:20,556 - Discovery -   train_loss = 0.19292999625625745
2021-06-17 00:17:49,618 - Discovery - ***** Epoch: 39: Eval results *****
2021-06-17 00:17:49,618 - Discovery -   best_cluster_silhouette_score = 0.48527628
2021-06-17 00:17:49,618 - Discovery -   cluster_silhouette_score = 0.48053578
2021-06-17 00:17:49,618 - Discovery -   train_loss = 0.16093683652055096
2021-06-17 00:18:18,695 - Discovery - ***** Epoch: 40: Eval results *****
2021-06-17 00:18:18,695 - Discovery -   best_cluster_silhouette_score = 0.48527628
2021-06-17 00:18:18,695 - Discovery -   cluster_silhouette_score = 0.47674337
2021-06-17 00:18:18,695 - Discovery -   train_loss = 0.2006121494505607
2021-06-17 00:18:47,669 - Discovery - ***** Epoch: 41: Eval results *****
2021-06-17 00:18:47,669 - Discovery -   best_cluster_silhouette_score = 0.48527628
2021-06-17 00:18:47,669 - Discovery -   cluster_silhouette_score = 0.48442647
2021-06-17 00:18:47,669 - Discovery -   train_loss = 0.22164091247488077
2021-06-17 00:19:17,280 - Discovery - ***** Epoch: 42: Eval results *****
2021-06-17 00:19:17,280 - Discovery -   best_cluster_silhouette_score = 0.48527628
2021-06-17 00:19:17,280 - Discovery -   cluster_silhouette_score = 0.48914436
2021-06-17 00:19:17,280 - Discovery -   train_loss = 0.16864160978248421
2021-06-17 00:19:47,098 - Discovery - ***** Epoch: 43: Eval results *****
2021-06-17 00:19:47,099 - Discovery -   best_cluster_silhouette_score = 0.48914436
2021-06-17 00:19:47,099 - Discovery -   cluster_silhouette_score = 0.4793565
2021-06-17 00:19:47,099 - Discovery -   train_loss = 0.16374735056724346
2021-06-17 00:20:16,326 - Discovery - ***** Epoch: 44: Eval results *****
2021-06-17 00:20:16,326 - Discovery -   best_cluster_silhouette_score = 0.48914436
2021-06-17 00:20:16,326 - Discovery -   cluster_silhouette_score = 0.48250812
2021-06-17 00:20:16,326 - Discovery -   train_loss = 0.18470275758857457
2021-06-17 00:20:45,075 - Discovery - ***** Epoch: 45: Eval results *****
2021-06-17 00:20:45,075 - Discovery -   best_cluster_silhouette_score = 0.48914436
2021-06-17 00:20:45,075 - Discovery -   cluster_silhouette_score = 0.48794022
2021-06-17 00:20:45,075 - Discovery -   train_loss = 0.2229498521962636
2021-06-17 00:21:15,000 - Discovery - ***** Epoch: 46: Eval results *****
2021-06-17 00:21:15,000 - Discovery -   best_cluster_silhouette_score = 0.48914436
2021-06-17 00:21:15,001 - Discovery -   cluster_silhouette_score = 0.49774244
2021-06-17 00:21:15,001 - Discovery -   train_loss = 0.1413518960627032
2021-06-17 00:21:44,436 - Discovery - ***** Epoch: 47: Eval results *****
2021-06-17 00:21:44,437 - Discovery -   best_cluster_silhouette_score = 0.49774244
2021-06-17 00:21:44,437 - Discovery -   cluster_silhouette_score = 0.49711338
2021-06-17 00:21:44,437 - Discovery -   train_loss = 0.19346153022537768
2021-06-17 00:22:12,954 - Discovery - ***** Epoch: 48: Eval results *****
2021-06-17 00:22:12,954 - Discovery -   best_cluster_silhouette_score = 0.49774244
2021-06-17 00:22:12,954 - Discovery -   cluster_silhouette_score = 0.49868724
2021-06-17 00:22:12,954 - Discovery -   train_loss = 0.19399384283263918
2021-06-17 00:22:41,836 - Discovery - ***** Epoch: 49: Eval results *****
2021-06-17 00:22:41,836 - Discovery -   best_cluster_silhouette_score = 0.49868724
2021-06-17 00:22:41,838 - Discovery -   cluster_silhouette_score = 0.4959964
2021-06-17 00:22:41,838 - Discovery -   train_loss = 0.12327126786112785
2021-06-17 00:23:10,715 - Discovery - ***** Epoch: 50: Eval results *****
2021-06-17 00:23:10,715 - Discovery -   best_cluster_silhouette_score = 0.49868724
2021-06-17 00:23:10,715 - Discovery -   cluster_silhouette_score = 0.50066036
2021-06-17 00:23:10,715 - Discovery -   train_loss = 0.1901928176972228
2021-06-17 00:23:40,306 - Discovery - ***** Epoch: 51: Eval results *****
2021-06-17 00:23:40,306 - Discovery -   best_cluster_silhouette_score = 0.50066036
2021-06-17 00:23:40,306 - Discovery -   cluster_silhouette_score = 0.50611264
2021-06-17 00:23:40,306 - Discovery -   train_loss = 0.12625486183334406
2021-06-17 00:24:09,484 - Discovery - ***** Epoch: 52: Eval results *****
2021-06-17 00:24:09,484 - Discovery -   best_cluster_silhouette_score = 0.50611264
2021-06-17 00:24:09,484 - Discovery -   cluster_silhouette_score = 0.5051974
2021-06-17 00:24:09,484 - Discovery -   train_loss = 0.13725251352912943
2021-06-17 00:24:39,020 - Discovery - ***** Epoch: 53: Eval results *****
2021-06-17 00:24:39,021 - Discovery -   best_cluster_silhouette_score = 0.50611264
2021-06-17 00:24:39,021 - Discovery -   cluster_silhouette_score = 0.50729954
2021-06-17 00:24:39,021 - Discovery -   train_loss = 0.13065136525727494
2021-06-17 00:25:08,117 - Discovery - ***** Epoch: 54: Eval results *****
2021-06-17 00:25:08,117 - Discovery -   best_cluster_silhouette_score = 0.50729954
2021-06-17 00:25:08,117 - Discovery -   cluster_silhouette_score = 0.49674794
2021-06-17 00:25:08,117 - Discovery -   train_loss = 0.14743102625222274
2021-06-17 00:25:37,613 - Discovery - ***** Epoch: 55: Eval results *****
2021-06-17 00:25:37,614 - Discovery -   best_cluster_silhouette_score = 0.50729954
2021-06-17 00:25:37,614 - Discovery -   cluster_silhouette_score = 0.49527344
2021-06-17 00:25:37,614 - Discovery -   train_loss = 0.15847959972813097
2021-06-17 00:26:07,474 - Discovery - ***** Epoch: 56: Eval results *****
2021-06-17 00:26:07,474 - Discovery -   best_cluster_silhouette_score = 0.50729954
2021-06-17 00:26:07,474 - Discovery -   cluster_silhouette_score = 0.50937486
2021-06-17 00:26:07,474 - Discovery -   train_loss = 0.10221439059561407
2021-06-17 00:26:36,417 - Discovery - ***** Epoch: 57: Eval results *****
2021-06-17 00:26:36,417 - Discovery -   best_cluster_silhouette_score = 0.50937486
2021-06-17 00:26:36,417 - Discovery -   cluster_silhouette_score = 0.4963396
2021-06-17 00:26:36,417 - Discovery -   train_loss = 0.16097975538020404
2021-06-17 00:27:05,780 - Discovery - ***** Epoch: 58: Eval results *****
2021-06-17 00:27:05,780 - Discovery -   best_cluster_silhouette_score = 0.50937486
2021-06-17 00:27:05,780 - Discovery -   cluster_silhouette_score = 0.49673688
2021-06-17 00:27:05,780 - Discovery -   train_loss = 0.19752463677399595
2021-06-17 00:27:35,049 - Discovery - ***** Epoch: 59: Eval results *****
2021-06-17 00:27:35,049 - Discovery -   best_cluster_silhouette_score = 0.50937486
2021-06-17 00:27:35,049 - Discovery -   cluster_silhouette_score = 0.4927529
2021-06-17 00:27:35,049 - Discovery -   train_loss = 0.136382363946505
2021-06-17 00:28:03,997 - Discovery - ***** Epoch: 60: Eval results *****
2021-06-17 00:28:03,997 - Discovery -   best_cluster_silhouette_score = 0.50937486
2021-06-17 00:28:03,997 - Discovery -   cluster_silhouette_score = 0.49640548
2021-06-17 00:28:03,997 - Discovery -   train_loss = 0.20155515595221182
2021-06-17 00:28:37,556 - Discovery - ***** Epoch: 61: Eval results *****
2021-06-17 00:28:37,556 - Discovery -   best_cluster_silhouette_score = 0.50937486
2021-06-17 00:28:37,556 - Discovery -   cluster_silhouette_score = 0.48273844
2021-06-17 00:28:37,556 - Discovery -   train_loss = 0.2251619049151179
2021-06-17 00:29:06,521 - Discovery - ***** Epoch: 62: Eval results *****
2021-06-17 00:29:06,521 - Discovery -   best_cluster_silhouette_score = 0.50937486
2021-06-17 00:29:06,521 - Discovery -   cluster_silhouette_score = 0.4910451
2021-06-17 00:29:06,521 - Discovery -   train_loss = 0.20256696562741844
2021-06-17 00:29:35,306 - Discovery - ***** Epoch: 63: Eval results *****
2021-06-17 00:29:35,306 - Discovery -   best_cluster_silhouette_score = 0.50937486
2021-06-17 00:29:35,306 - Discovery -   cluster_silhouette_score = 0.49203542
2021-06-17 00:29:35,306 - Discovery -   train_loss = 0.14726465017023221
2021-06-17 00:30:03,906 - Discovery - ***** Epoch: 64: Eval results *****
2021-06-17 00:30:03,906 - Discovery -   best_cluster_silhouette_score = 0.50937486
2021-06-17 00:30:03,907 - Discovery -   cluster_silhouette_score = 0.48705944
2021-06-17 00:30:03,907 - Discovery -   train_loss = 0.20799769744486876
2021-06-17 00:30:33,344 - Discovery - ***** Epoch: 65: Eval results *****
2021-06-17 00:30:33,344 - Discovery -   best_cluster_silhouette_score = 0.50937486
2021-06-17 00:30:33,345 - Discovery -   cluster_silhouette_score = 0.48561037
2021-06-17 00:30:33,345 - Discovery -   train_loss = 0.282889864184487
2021-06-17 00:31:02,530 - Discovery - ***** Epoch: 66: Eval results *****
2021-06-17 00:31:02,530 - Discovery -   best_cluster_silhouette_score = 0.50937486
2021-06-17 00:31:02,530 - Discovery -   cluster_silhouette_score = 0.48382017
2021-06-17 00:31:02,530 - Discovery -   train_loss = 0.21183297300422696
2021-06-17 00:31:32,529 - Discovery - ***** Epoch: 67: Eval results *****
2021-06-17 00:31:32,530 - Discovery -   best_cluster_silhouette_score = 0.50937486
2021-06-17 00:31:32,530 - Discovery -   cluster_silhouette_score = 0.48727262
2021-06-17 00:31:32,530 - Discovery -   train_loss = 0.23082508482563663
2021-06-17 00:32:01,887 - Discovery - ***** Epoch: 68: Eval results *****
2021-06-17 00:32:01,887 - Discovery -   best_cluster_silhouette_score = 0.50937486
2021-06-17 00:32:01,887 - Discovery -   cluster_silhouette_score = 0.4822704
2021-06-17 00:32:01,887 - Discovery -   train_loss = 0.16615445633799258
2021-06-17 00:32:30,993 - Discovery - ***** Epoch: 69: Eval results *****
2021-06-17 00:32:30,993 - Discovery -   best_cluster_silhouette_score = 0.50937486
2021-06-17 00:32:30,993 - Discovery -   cluster_silhouette_score = 0.48613027
2021-06-17 00:32:30,993 - Discovery -   train_loss = 0.2525495316990664
2021-06-17 00:33:00,175 - Discovery - ***** Epoch: 70: Eval results *****
2021-06-17 00:33:00,176 - Discovery -   best_cluster_silhouette_score = 0.50937486
2021-06-17 00:33:00,176 - Discovery -   cluster_silhouette_score = 0.47598544
2021-06-17 00:33:00,176 - Discovery -   train_loss = 0.15521006616698185
2021-06-17 00:33:28,947 - Discovery - ***** Epoch: 71: Eval results *****
2021-06-17 00:33:28,947 - Discovery -   best_cluster_silhouette_score = 0.50937486
2021-06-17 00:33:28,947 - Discovery -   cluster_silhouette_score = 0.4873907
2021-06-17 00:33:28,947 - Discovery -   train_loss = 0.23954544053740903
2021-06-17 00:33:57,431 - Discovery - ***** Epoch: 72: Eval results *****
2021-06-17 00:33:57,431 - Discovery -   best_cluster_silhouette_score = 0.50937486
2021-06-17 00:33:57,431 - Discovery -   cluster_silhouette_score = 0.48285365
2021-06-17 00:33:57,431 - Discovery -   train_loss = 0.1560427889647618
2021-06-17 00:34:26,601 - Discovery - ***** Epoch: 73: Eval results *****
2021-06-17 00:34:26,602 - Discovery -   best_cluster_silhouette_score = 0.50937486
2021-06-17 00:34:26,602 - Discovery -   cluster_silhouette_score = 0.4872012
2021-06-17 00:34:26,602 - Discovery -   train_loss = 0.1817426271211933
2021-06-17 00:34:56,291 - Discovery - ***** Epoch: 74: Eval results *****
2021-06-17 00:34:56,291 - Discovery -   best_cluster_silhouette_score = 0.50937486
2021-06-17 00:34:56,291 - Discovery -   cluster_silhouette_score = 0.48570994
2021-06-17 00:34:56,291 - Discovery -   train_loss = 0.24569150805473328
2021-06-17 00:35:25,629 - Discovery - ***** Epoch: 75: Eval results *****
2021-06-17 00:35:25,629 - Discovery -   best_cluster_silhouette_score = 0.50937486
2021-06-17 00:35:25,629 - Discovery -   cluster_silhouette_score = 0.49728784
2021-06-17 00:35:25,629 - Discovery -   train_loss = 0.21589477727530706
2021-06-17 00:35:55,074 - Discovery - ***** Epoch: 76: Eval results *****
2021-06-17 00:35:55,074 - Discovery -   best_cluster_silhouette_score = 0.50937486
2021-06-17 00:35:55,074 - Discovery -   cluster_silhouette_score = 0.49528608
2021-06-17 00:35:55,074 - Discovery -   train_loss = 0.22175195493118863
2021-06-17 00:35:55,795 - Discovery - Training Finished...
2021-06-17 00:35:55,795 - Discovery - Testing begin...
2021-06-17 00:36:04,555 - Discovery - ***** Test: Confusion Matrix *****
2021-06-17 00:36:04,555 - Discovery - [[ 0  0  0 ...  0  0  0]
 [ 0  0  0 ...  0  2  0]
 [ 0 25  0 ...  0  0  0]
 ...
 [ 0  0  0 ...  0  0  0]
 [ 0  0  1 ...  0  0  0]
 [ 0  0  0 ...  0  0  0]]
2021-06-17 00:36:04,555 - Discovery - ***** Test results *****
2021-06-17 00:36:04,555 - Discovery -   ACC = 66.2
2021-06-17 00:36:04,555 - Discovery -   ARI = 53.69
2021-06-17 00:36:04,555 - Discovery -   NMI = 79.68
2021-06-17 00:36:04,555 - Discovery - Testing finished...
2021-06-17 00:36:04,555 - Discovery - Results saved in results/results_DeepAligned.csv
2021-06-17 00:36:04,579 - Discovery - Open Intent Discovery Finished...
