2021-06-16 11:56:39,406 - Detection - Open Intent Discovery Begin...
2021-06-16 11:56:39,407 - Detection - Parameters Initialization...
2021-06-16 11:56:39,407 - Detection - ============================== Params ==============================
2021-06-16 11:56:39,407 - Detection - type:	open_intent_detection
2021-06-16 11:56:39,407 - Detection - dataset:	banking
2021-06-16 11:56:39,407 - Detection - known_cls_ratio:	0.75
2021-06-16 11:56:39,407 - Detection - labeled_ratio:	0.1
2021-06-16 11:56:39,407 - Detection - cluster_num_factor:	1
2021-06-16 11:56:39,407 - Detection - method:	DeepAligned
2021-06-16 11:56:39,407 - Detection - train:	True
2021-06-16 11:56:39,407 - Detection - save_model:	False
2021-06-16 11:56:39,407 - Detection - backbone:	bert
2021-06-16 11:56:39,407 - Detection - num_train_epochs:	100
2021-06-16 11:56:39,407 - Detection - setting:	semi_supervised
2021-06-16 11:56:39,407 - Detection - config_file_name:	DeepAligned
2021-06-16 11:56:39,407 - Detection - seed:	0
2021-06-16 11:56:39,407 - Detection - gpu_id:	1
2021-06-16 11:56:39,407 - Detection - pipe_results_path:	pipe_results
2021-06-16 11:56:39,407 - Detection - data_dir:	/home/zhanghanlei/git/TEXTOIR/open_intent_discovery/../data
2021-06-16 11:56:39,407 - Detection - output_dir:	outputs
2021-06-16 11:56:39,407 - Detection - model_dir:	models
2021-06-16 11:56:39,407 - Detection - result_dir:	results
2021-06-16 11:56:39,407 - Detection - results_file_name:	results.csv
2021-06-16 11:56:39,407 - Detection - save_results:	False
2021-06-16 11:56:39,407 - Detection - method_output_dir:	outputs/open_intent_detection/DeepAligned_banking_0.75_0.1_bert
2021-06-16 11:56:39,407 - Detection - model_output_dir:	outputs/open_intent_detection/DeepAligned_banking_0.75_0.1_bert/models
2021-06-16 11:56:39,407 - Detection - bert_model:	/home/sharing/disk1/pretrained_embedding/bert/uncased_L-12_H-768_A-12/
2021-06-16 11:56:39,407 - Detection - max_seq_length:	None
2021-06-16 11:56:39,407 - Detection - freeze_bert_parameters:	True
2021-06-16 11:56:39,407 - Detection - feat_dim:	768
2021-06-16 11:56:39,407 - Detection - warmup_proportion:	0.1
2021-06-16 11:56:39,407 - Detection - lr_pre:	5e-05
2021-06-16 11:56:39,407 - Detection - lr:	5e-05
2021-06-16 11:56:39,407 - Detection - loss_fct:	CrossEntropyLoss
2021-06-16 11:56:39,407 - Detection - train_batch_size:	128
2021-06-16 11:56:39,407 - Detection - eval_batch_size:	128
2021-06-16 11:56:39,407 - Detection - test_batch_size:	128
2021-06-16 11:56:39,407 - Detection - wait_patient:	20
2021-06-16 11:56:39,407 - Detection - ============================== End Params ==============================
2021-06-16 11:56:39,407 - Detection - Data and Model Preparation...
