2021-06-16 15:07:35,012 - Discovery - Open Intent Discovery Begin...
2021-06-16 15:07:35,012 - Discovery - Parameters Initialization...
2021-06-16 15:07:35,012 - Discovery - ============================== Params ==============================
2021-06-16 15:07:35,012 - Discovery - type:	open_intent_detection
2021-06-16 15:07:35,012 - Discovery - dataset:	banking
2021-06-16 15:07:35,012 - Discovery - known_cls_ratio:	0.75
2021-06-16 15:07:35,012 - Discovery - labeled_ratio:	0.1
2021-06-16 15:07:35,012 - Discovery - cluster_num_factor:	1
2021-06-16 15:07:35,012 - Discovery - method:	DeepAligned
2021-06-16 15:07:35,012 - Discovery - train:	True
2021-06-16 15:07:35,012 - Discovery - save_model:	False
2021-06-16 15:07:35,012 - Discovery - backbone:	bert
2021-06-16 15:07:35,012 - Discovery - num_train_epochs:	100
2021-06-16 15:07:35,012 - Discovery - setting:	semi_supervised
2021-06-16 15:07:35,012 - Discovery - config_file_name:	DeepAligned
2021-06-16 15:07:35,012 - Discovery - seed:	0
2021-06-16 15:07:35,012 - Discovery - gpu_id:	0
2021-06-16 15:07:35,012 - Discovery - pipe_results_path:	pipe_results
2021-06-16 15:07:35,012 - Discovery - data_dir:	/home/zhanghanlei/git/TEXTOIR/open_intent_discovery/data
2021-06-16 15:07:35,012 - Discovery - output_dir:	outputs
2021-06-16 15:07:35,012 - Discovery - model_dir:	models
2021-06-16 15:07:35,012 - Discovery - result_dir:	results
2021-06-16 15:07:35,012 - Discovery - results_file_name:	results.csv
2021-06-16 15:07:35,012 - Discovery - save_results:	False
2021-06-16 15:07:35,012 - Discovery - method_output_dir:	outputs/open_intent_detection/DeepAligned_banking_0.75_0.1_bert
2021-06-16 15:07:35,012 - Discovery - model_output_dir:	outputs/open_intent_detection/DeepAligned_banking_0.75_0.1_bert/models
2021-06-16 15:07:35,012 - Discovery - bert_model:	/home/sharing/disk1/pretrained_embedding/bert/uncased_L-12_H-768_A-12/
2021-06-16 15:07:35,012 - Discovery - max_seq_length:	None
2021-06-16 15:07:35,012 - Discovery - freeze_bert_parameters:	True
2021-06-16 15:07:35,012 - Discovery - feat_dim:	768
2021-06-16 15:07:35,013 - Discovery - warmup_proportion:	0.1
2021-06-16 15:07:35,013 - Discovery - lr_pre:	5e-05
2021-06-16 15:07:35,013 - Discovery - lr:	5e-05
2021-06-16 15:07:35,013 - Discovery - loss_fct:	CrossEntropyLoss
2021-06-16 15:07:35,013 - Discovery - train_batch_size:	128
2021-06-16 15:07:35,013 - Discovery - eval_batch_size:	64
2021-06-16 15:07:35,013 - Discovery - test_batch_size:	64
2021-06-16 15:07:35,013 - Discovery - num_pretrain_epochs:	1
2021-06-16 15:07:35,013 - Discovery - wait_patient:	20
2021-06-16 15:07:35,013 - Discovery - ============================== End Params ==============================
2021-06-16 15:07:35,013 - Discovery - Data and Model Preparation...
2021-06-16 15:07:35,701 - Discovery - Number of labeled samples = 673
2021-06-16 15:07:35,701 - Discovery - Number of unlabeled samples = 8330
