2021-06-16 22:00:22,209 - Discovery - Open Intent Discovery Begin...
2021-06-16 22:00:22,209 - Discovery - Parameters Initialization...
2021-06-16 22:00:22,209 - Discovery - ============================== Params ==============================
2021-06-16 22:00:22,209 - Discovery - type:	open_intent_discovery
2021-06-16 22:00:22,209 - Discovery - dataset:	banking
2021-06-16 22:00:22,209 - Discovery - known_cls_ratio:	0.75
2021-06-16 22:00:22,209 - Discovery - labeled_ratio:	0.1
2021-06-16 22:00:22,209 - Discovery - cluster_num_factor:	1.0
2021-06-16 22:00:22,209 - Discovery - method:	DeepAligned
2021-06-16 22:00:22,209 - Discovery - train:	True
2021-06-16 22:00:22,209 - Discovery - save_model:	True
2021-06-16 22:00:22,209 - Discovery - backbone:	bert
2021-06-16 22:00:22,209 - Discovery - num_train_epochs:	100
2021-06-16 22:00:22,209 - Discovery - setting:	semi_supervised
2021-06-16 22:00:22,209 - Discovery - config_file_name:	DeepAligned
2021-06-16 22:00:22,209 - Discovery - seed:	3
2021-06-16 22:00:22,209 - Discovery - gpu_id:	1
2021-06-16 22:00:22,209 - Discovery - pipe_results_path:	pipe_results
2021-06-16 22:00:22,209 - Discovery - data_dir:	/home/zhanghanlei/git/TEXTOIR/open_intent_discovery/data
2021-06-16 22:00:22,209 - Discovery - output_dir:	outputs
2021-06-16 22:00:22,209 - Discovery - model_dir:	models
2021-06-16 22:00:22,209 - Discovery - result_dir:	results
2021-06-16 22:00:22,209 - Discovery - results_file_name:	results_DeepAligned.csv
2021-06-16 22:00:22,209 - Discovery - save_results:	True
2021-06-16 22:00:22,209 - Discovery - method_output_dir:	outputs/open_intent_discovery/DeepAligned_banking_0.75_0.1_bert_3
2021-06-16 22:00:22,209 - Discovery - model_output_dir:	outputs/open_intent_discovery/DeepAligned_banking_0.75_0.1_bert_3/models
2021-06-16 22:00:22,210 - Discovery - bert_model:	/home/sharing/disk1/pretrained_embedding/bert/uncased_L-12_H-768_A-12/
2021-06-16 22:00:22,210 - Discovery - max_seq_length:	None
2021-06-16 22:00:22,210 - Discovery - freeze_bert_parameters:	True
2021-06-16 22:00:22,210 - Discovery - feat_dim:	768
2021-06-16 22:00:22,210 - Discovery - warmup_proportion:	0.1
2021-06-16 22:00:22,210 - Discovery - lr_pre:	5e-05
2021-06-16 22:00:22,210 - Discovery - lr:	5e-05
2021-06-16 22:00:22,210 - Discovery - loss_fct:	CrossEntropyLoss
2021-06-16 22:00:22,210 - Discovery - train_batch_size:	128
2021-06-16 22:00:22,210 - Discovery - eval_batch_size:	64
2021-06-16 22:00:22,210 - Discovery - test_batch_size:	64
2021-06-16 22:00:22,210 - Discovery - num_pretrain_epochs:	100
2021-06-16 22:00:22,210 - Discovery - wait_patient:	20
2021-06-16 22:00:22,210 - Discovery - ============================== End Params ==============================
2021-06-16 22:00:22,210 - Discovery - Data and Model Preparation...
2021-06-16 22:00:23,132 - Discovery - Number of labeled samples = 691
2021-06-16 22:00:23,133 - Discovery - Number of unlabeled samples = 8312
2021-06-16 22:00:34,607 - Discovery - Pre-raining start...
2021-06-16 22:00:36,253 - Discovery - ***** Epoch: 1: Eval results *****
2021-06-16 22:00:36,253 - Discovery -   best_acc = 0
2021-06-16 22:00:36,255 - Discovery -   eval_acc = 3.12
2021-06-16 22:00:36,255 - Discovery -   train_loss = 4.058460235595703
2021-06-16 22:00:37,344 - Discovery - ***** Epoch: 2: Eval results *****
2021-06-16 22:00:37,344 - Discovery -   best_acc = 3.12
2021-06-16 22:00:37,344 - Discovery -   eval_acc = 4.29
2021-06-16 22:00:37,345 - Discovery -   train_loss = 4.0434597333272295
2021-06-16 22:00:38,436 - Discovery - ***** Epoch: 3: Eval results *****
2021-06-16 22:00:38,436 - Discovery -   best_acc = 4.29
2021-06-16 22:00:38,436 - Discovery -   eval_acc = 10.27
2021-06-16 22:00:38,436 - Discovery -   train_loss = 3.9957058429718018
2021-06-16 22:00:39,531 - Discovery - ***** Epoch: 4: Eval results *****
2021-06-16 22:00:39,531 - Discovery -   best_acc = 10.27
2021-06-16 22:00:39,531 - Discovery -   eval_acc = 15.34
2021-06-16 22:00:39,531 - Discovery -   train_loss = 3.9166225592295327
2021-06-16 22:00:40,642 - Discovery - ***** Epoch: 5: Eval results *****
2021-06-16 22:00:40,642 - Discovery -   best_acc = 15.34
2021-06-16 22:00:40,642 - Discovery -   eval_acc = 24.58
2021-06-16 22:00:40,642 - Discovery -   train_loss = 3.7701818545659385
2021-06-16 22:00:41,736 - Discovery - ***** Epoch: 6: Eval results *****
2021-06-16 22:00:41,736 - Discovery -   best_acc = 24.58
2021-06-16 22:00:41,736 - Discovery -   eval_acc = 34.72
2021-06-16 22:00:41,736 - Discovery -   train_loss = 3.4593196709950766
2021-06-16 22:00:42,830 - Discovery - ***** Epoch: 7: Eval results *****
2021-06-16 22:00:42,830 - Discovery -   best_acc = 34.72
2021-06-16 22:00:42,830 - Discovery -   eval_acc = 48.63
2021-06-16 22:00:42,830 - Discovery -   train_loss = 2.972452918688456
2021-06-16 22:00:43,926 - Discovery - ***** Epoch: 8: Eval results *****
2021-06-16 22:00:43,926 - Discovery -   best_acc = 48.63
2021-06-16 22:00:43,926 - Discovery -   eval_acc = 54.75
2021-06-16 22:00:43,926 - Discovery -   train_loss = 2.4174692233403525
2021-06-16 22:00:45,025 - Discovery - ***** Epoch: 9: Eval results *****
2021-06-16 22:00:45,025 - Discovery -   best_acc = 54.75
2021-06-16 22:00:45,025 - Discovery -   eval_acc = 64.76
2021-06-16 22:00:45,025 - Discovery -   train_loss = 1.9320685267448425
2021-06-16 22:00:46,121 - Discovery - ***** Epoch: 10: Eval results *****
2021-06-16 22:00:46,121 - Discovery -   best_acc = 64.76
2021-06-16 22:00:46,121 - Discovery -   eval_acc = 69.44
2021-06-16 22:00:46,121 - Discovery -   train_loss = 1.5102505683898926
2021-06-16 22:00:47,217 - Discovery - ***** Epoch: 11: Eval results *****
2021-06-16 22:00:47,217 - Discovery -   best_acc = 69.44
2021-06-16 22:00:47,217 - Discovery -   eval_acc = 73.47
2021-06-16 22:00:47,217 - Discovery -   train_loss = 1.1656993826230366
2021-06-16 22:00:48,314 - Discovery - ***** Epoch: 12: Eval results *****
2021-06-16 22:00:48,314 - Discovery -   best_acc = 73.47
2021-06-16 22:00:48,314 - Discovery -   eval_acc = 76.46
2021-06-16 22:00:48,314 - Discovery -   train_loss = 0.9268291890621185
2021-06-16 22:00:49,414 - Discovery - ***** Epoch: 13: Eval results *****
2021-06-16 22:00:49,414 - Discovery -   best_acc = 76.46
2021-06-16 22:00:49,414 - Discovery -   eval_acc = 78.93
2021-06-16 22:00:49,414 - Discovery -   train_loss = 0.727275162935257
2021-06-16 22:00:50,522 - Discovery - ***** Epoch: 14: Eval results *****
2021-06-16 22:00:50,522 - Discovery -   best_acc = 78.93
2021-06-16 22:00:50,522 - Discovery -   eval_acc = 79.84
2021-06-16 22:00:50,522 - Discovery -   train_loss = 0.5851469337940216
2021-06-16 22:00:51,624 - Discovery - ***** Epoch: 15: Eval results *****
2021-06-16 22:00:51,624 - Discovery -   best_acc = 79.84
2021-06-16 22:00:51,624 - Discovery -   eval_acc = 81.01
2021-06-16 22:00:51,624 - Discovery -   train_loss = 0.4831354667743047
2021-06-16 22:00:52,725 - Discovery - ***** Epoch: 16: Eval results *****
2021-06-16 22:00:52,725 - Discovery -   best_acc = 81.01
2021-06-16 22:00:52,725 - Discovery -   eval_acc = 81.01
2021-06-16 22:00:52,725 - Discovery -   train_loss = 0.3762185374895732
2021-06-16 22:00:53,818 - Discovery - ***** Epoch: 17: Eval results *****
2021-06-16 22:00:53,818 - Discovery -   best_acc = 81.01
2021-06-16 22:00:53,818 - Discovery -   eval_acc = 81.92
2021-06-16 22:00:53,818 - Discovery -   train_loss = 0.30834871530532837
2021-06-16 22:00:54,970 - Discovery - ***** Epoch: 18: Eval results *****
2021-06-16 22:00:54,971 - Discovery -   best_acc = 81.92
2021-06-16 22:00:54,971 - Discovery -   eval_acc = 81.14
2021-06-16 22:00:54,971 - Discovery -   train_loss = 0.2710769772529602
2021-06-16 22:00:56,064 - Discovery - ***** Epoch: 19: Eval results *****
2021-06-16 22:00:56,064 - Discovery -   best_acc = 81.92
2021-06-16 22:00:56,064 - Discovery -   eval_acc = 82.31
2021-06-16 22:00:56,064 - Discovery -   train_loss = 0.22786480436722437
2021-06-16 22:00:57,168 - Discovery - ***** Epoch: 20: Eval results *****
2021-06-16 22:00:57,168 - Discovery -   best_acc = 82.31
2021-06-16 22:00:57,168 - Discovery -   eval_acc = 82.31
2021-06-16 22:00:57,168 - Discovery -   train_loss = 0.19983951995770136
2021-06-16 22:00:58,261 - Discovery - ***** Epoch: 21: Eval results *****
2021-06-16 22:00:58,261 - Discovery -   best_acc = 82.31
2021-06-16 22:00:58,261 - Discovery -   eval_acc = 82.7
2021-06-16 22:00:58,261 - Discovery -   train_loss = 0.17121338347593942
2021-06-16 22:00:59,364 - Discovery - ***** Epoch: 22: Eval results *****
2021-06-16 22:00:59,365 - Discovery -   best_acc = 82.7
2021-06-16 22:00:59,365 - Discovery -   eval_acc = 81.53
2021-06-16 22:00:59,365 - Discovery -   train_loss = 0.14431020617485046
2021-06-16 22:01:00,458 - Discovery - ***** Epoch: 23: Eval results *****
2021-06-16 22:01:00,458 - Discovery -   best_acc = 82.7
2021-06-16 22:01:00,458 - Discovery -   eval_acc = 82.96
2021-06-16 22:01:00,458 - Discovery -   train_loss = 0.1328378257652124
2021-06-16 22:01:01,564 - Discovery - ***** Epoch: 24: Eval results *****
2021-06-16 22:01:01,564 - Discovery -   best_acc = 82.96
2021-06-16 22:01:01,564 - Discovery -   eval_acc = 82.96
2021-06-16 22:01:01,564 - Discovery -   train_loss = 0.11882141356666882
2021-06-16 22:01:02,659 - Discovery - ***** Epoch: 25: Eval results *****
2021-06-16 22:01:02,660 - Discovery -   best_acc = 82.96
2021-06-16 22:01:02,660 - Discovery -   eval_acc = 82.31
2021-06-16 22:01:02,660 - Discovery -   train_loss = 0.10448440288503964
2021-06-16 22:01:03,757 - Discovery - ***** Epoch: 26: Eval results *****
2021-06-16 22:01:03,757 - Discovery -   best_acc = 82.96
2021-06-16 22:01:03,758 - Discovery -   eval_acc = 82.44
2021-06-16 22:01:03,758 - Discovery -   train_loss = 0.09813697636127472
2021-06-16 22:01:04,852 - Discovery - ***** Epoch: 27: Eval results *****
2021-06-16 22:01:04,852 - Discovery -   best_acc = 82.96
2021-06-16 22:01:04,852 - Discovery -   eval_acc = 83.36
2021-06-16 22:01:04,852 - Discovery -   train_loss = 0.08582289516925812
2021-06-16 22:01:05,964 - Discovery - ***** Epoch: 28: Eval results *****
2021-06-16 22:01:05,964 - Discovery -   best_acc = 83.36
2021-06-16 22:01:05,964 - Discovery -   eval_acc = 82.7
2021-06-16 22:01:05,964 - Discovery -   train_loss = 0.0811759593586127
2021-06-16 22:01:07,063 - Discovery - ***** Epoch: 29: Eval results *****
2021-06-16 22:01:07,063 - Discovery -   best_acc = 83.36
2021-06-16 22:01:07,063 - Discovery -   eval_acc = 82.57
2021-06-16 22:01:07,063 - Discovery -   train_loss = 0.07937836771210034
2021-06-16 22:01:08,160 - Discovery - ***** Epoch: 30: Eval results *****
2021-06-16 22:01:08,160 - Discovery -   best_acc = 83.36
2021-06-16 22:01:08,160 - Discovery -   eval_acc = 82.57
2021-06-16 22:01:08,160 - Discovery -   train_loss = 0.06979027514656384
2021-06-16 22:01:09,256 - Discovery - ***** Epoch: 31: Eval results *****
2021-06-16 22:01:09,256 - Discovery -   best_acc = 83.36
2021-06-16 22:01:09,256 - Discovery -   eval_acc = 82.44
2021-06-16 22:01:09,256 - Discovery -   train_loss = 0.06764468426505725
2021-06-16 22:01:10,355 - Discovery - ***** Epoch: 32: Eval results *****
2021-06-16 22:01:10,355 - Discovery -   best_acc = 83.36
2021-06-16 22:01:10,355 - Discovery -   eval_acc = 82.31
2021-06-16 22:01:10,355 - Discovery -   train_loss = 0.06052068620920181
2021-06-16 22:01:11,458 - Discovery - ***** Epoch: 33: Eval results *****
2021-06-16 22:01:11,458 - Discovery -   best_acc = 83.36
2021-06-16 22:01:11,458 - Discovery -   eval_acc = 82.18
2021-06-16 22:01:11,458 - Discovery -   train_loss = 0.059183282777667046
2021-06-16 22:01:12,557 - Discovery - ***** Epoch: 34: Eval results *****
2021-06-16 22:01:12,557 - Discovery -   best_acc = 83.36
2021-06-16 22:01:12,557 - Discovery -   eval_acc = 82.44
2021-06-16 22:01:12,557 - Discovery -   train_loss = 0.05576610006392002
2021-06-16 22:01:13,660 - Discovery - ***** Epoch: 35: Eval results *****
2021-06-16 22:01:13,660 - Discovery -   best_acc = 83.36
2021-06-16 22:01:13,660 - Discovery -   eval_acc = 82.57
2021-06-16 22:01:13,660 - Discovery -   train_loss = 0.05272005870938301
2021-06-16 22:01:14,765 - Discovery - ***** Epoch: 36: Eval results *****
2021-06-16 22:01:14,766 - Discovery -   best_acc = 83.36
2021-06-16 22:01:14,766 - Discovery -   eval_acc = 82.31
2021-06-16 22:01:14,766 - Discovery -   train_loss = 0.05001059112449487
2021-06-16 22:01:15,867 - Discovery - ***** Epoch: 37: Eval results *****
2021-06-16 22:01:15,867 - Discovery -   best_acc = 83.36
2021-06-16 22:01:15,867 - Discovery -   eval_acc = 82.7
2021-06-16 22:01:15,867 - Discovery -   train_loss = 0.04888010459641615
2021-06-16 22:01:16,970 - Discovery - ***** Epoch: 38: Eval results *****
2021-06-16 22:01:16,970 - Discovery -   best_acc = 83.36
2021-06-16 22:01:16,970 - Discovery -   eval_acc = 82.7
2021-06-16 22:01:16,970 - Discovery -   train_loss = 0.047497136518359184
2021-06-16 22:01:18,084 - Discovery - ***** Epoch: 39: Eval results *****
2021-06-16 22:01:18,084 - Discovery -   best_acc = 83.36
2021-06-16 22:01:18,084 - Discovery -   eval_acc = 82.44
2021-06-16 22:01:18,084 - Discovery -   train_loss = 0.04469362087547779
2021-06-16 22:01:19,185 - Discovery - ***** Epoch: 40: Eval results *****
2021-06-16 22:01:19,185 - Discovery -   best_acc = 83.36
2021-06-16 22:01:19,185 - Discovery -   eval_acc = 82.44
2021-06-16 22:01:19,185 - Discovery -   train_loss = 0.04364002371827761
2021-06-16 22:01:20,287 - Discovery - ***** Epoch: 41: Eval results *****
2021-06-16 22:01:20,287 - Discovery -   best_acc = 83.36
2021-06-16 22:01:20,287 - Discovery -   eval_acc = 82.44
2021-06-16 22:01:20,287 - Discovery -   train_loss = 0.04282765338818232
2021-06-16 22:01:21,397 - Discovery - ***** Epoch: 42: Eval results *****
2021-06-16 22:01:21,397 - Discovery -   best_acc = 83.36
2021-06-16 22:01:21,397 - Discovery -   eval_acc = 82.44
2021-06-16 22:01:21,397 - Discovery -   train_loss = 0.040760439510146775
2021-06-16 22:01:22,513 - Discovery - ***** Epoch: 43: Eval results *****
2021-06-16 22:01:22,513 - Discovery -   best_acc = 83.36
2021-06-16 22:01:22,513 - Discovery -   eval_acc = 82.31
2021-06-16 22:01:22,513 - Discovery -   train_loss = 0.038799459114670753
2021-06-16 22:01:23,621 - Discovery - ***** Epoch: 44: Eval results *****
2021-06-16 22:01:23,621 - Discovery -   best_acc = 83.36
2021-06-16 22:01:23,621 - Discovery -   eval_acc = 82.18
2021-06-16 22:01:23,621 - Discovery -   train_loss = 0.0378942284733057
2021-06-16 22:01:24,726 - Discovery - ***** Epoch: 45: Eval results *****
2021-06-16 22:01:24,726 - Discovery -   best_acc = 83.36
2021-06-16 22:01:24,726 - Discovery -   eval_acc = 82.05
2021-06-16 22:01:24,726 - Discovery -   train_loss = 0.03789618300894896
2021-06-16 22:01:25,842 - Discovery - ***** Epoch: 46: Eval results *****
2021-06-16 22:01:25,842 - Discovery -   best_acc = 83.36
2021-06-16 22:01:25,842 - Discovery -   eval_acc = 82.05
2021-06-16 22:01:25,842 - Discovery -   train_loss = 0.03762663466235002
2021-06-16 22:01:26,955 - Discovery - ***** Epoch: 47: Eval results *****
2021-06-16 22:01:26,955 - Discovery -   best_acc = 83.36
2021-06-16 22:01:26,956 - Discovery -   eval_acc = 82.05
2021-06-16 22:01:26,956 - Discovery -   train_loss = 0.03514731116592884
2021-06-16 22:01:27,548 - Discovery - Pre-training finished...
2021-06-16 22:01:27,556 - Discovery - Training Begin...
2021-06-16 22:02:28,361 - Discovery - ***** Epoch: 1: Eval results *****
2021-06-16 22:02:28,361 - Discovery -   best_cluster_silhouette_score = 0.21674234
2021-06-16 22:02:28,361 - Discovery -   cluster_silhouette_score = 0.20792307
2021-06-16 22:02:28,361 - Discovery -   train_loss = 4.168359524767164
2021-06-16 22:03:05,248 - Discovery - ***** Epoch: 2: Eval results *****
2021-06-16 22:03:05,248 - Discovery -   best_cluster_silhouette_score = 0.21674234
2021-06-16 22:03:05,248 - Discovery -   cluster_silhouette_score = 0.21519229
2021-06-16 22:03:05,248 - Discovery -   train_loss = 3.2614368183512084
2021-06-16 22:03:36,410 - Discovery - ***** Epoch: 3: Eval results *****
2021-06-16 22:03:36,410 - Discovery -   best_cluster_silhouette_score = 0.21674234
2021-06-16 22:03:36,411 - Discovery -   cluster_silhouette_score = 0.24202877
2021-06-16 22:03:36,411 - Discovery -   train_loss = 2.320622190623216
2021-06-16 22:04:13,495 - Discovery - ***** Epoch: 4: Eval results *****
2021-06-16 22:04:13,495 - Discovery -   best_cluster_silhouette_score = 0.24202877
2021-06-16 22:04:13,495 - Discovery -   cluster_silhouette_score = 0.26577345
2021-06-16 22:04:13,495 - Discovery -   train_loss = 1.5726725568234081
2021-06-16 22:04:43,801 - Discovery - ***** Epoch: 5: Eval results *****
2021-06-16 22:04:43,801 - Discovery -   best_cluster_silhouette_score = 0.26577345
2021-06-16 22:04:43,801 - Discovery -   cluster_silhouette_score = 0.29913566
2021-06-16 22:04:43,801 - Discovery -   train_loss = 1.1851481619015547
2021-06-16 22:05:21,720 - Discovery - ***** Epoch: 6: Eval results *****
2021-06-16 22:05:21,720 - Discovery -   best_cluster_silhouette_score = 0.29913566
2021-06-16 22:05:21,721 - Discovery -   cluster_silhouette_score = 0.31441125
2021-06-16 22:05:21,721 - Discovery -   train_loss = 0.8936337333329967
2021-06-16 22:05:53,219 - Discovery - ***** Epoch: 7: Eval results *****
2021-06-16 22:05:53,219 - Discovery -   best_cluster_silhouette_score = 0.31441125
2021-06-16 22:05:53,219 - Discovery -   cluster_silhouette_score = 0.32657197
2021-06-16 22:05:53,219 - Discovery -   train_loss = 0.7035398214635714
2021-06-16 22:06:25,562 - Discovery - ***** Epoch: 8: Eval results *****
2021-06-16 22:06:25,563 - Discovery -   best_cluster_silhouette_score = 0.32657197
2021-06-16 22:06:25,565 - Discovery -   cluster_silhouette_score = 0.35538217
2021-06-16 22:06:25,565 - Discovery -   train_loss = 0.6795256956362389
2021-06-16 22:06:56,441 - Discovery - ***** Epoch: 9: Eval results *****
2021-06-16 22:06:56,441 - Discovery -   best_cluster_silhouette_score = 0.35538217
2021-06-16 22:06:56,441 - Discovery -   cluster_silhouette_score = 0.37270975
2021-06-16 22:06:56,441 - Discovery -   train_loss = 0.5163730450079475
2021-06-16 22:07:26,784 - Discovery - ***** Epoch: 10: Eval results *****
2021-06-16 22:07:26,784 - Discovery -   best_cluster_silhouette_score = 0.37270975
2021-06-16 22:07:26,784 - Discovery -   cluster_silhouette_score = 0.38300616
2021-06-16 22:07:26,784 - Discovery -   train_loss = 0.4273326944717219
2021-06-16 22:08:07,120 - Discovery - ***** Epoch: 11: Eval results *****
2021-06-16 22:08:07,120 - Discovery -   best_cluster_silhouette_score = 0.38300616
2021-06-16 22:08:07,120 - Discovery -   cluster_silhouette_score = 0.39773884
2021-06-16 22:08:07,120 - Discovery -   train_loss = 0.38680514168571417
2021-06-16 22:08:36,579 - Discovery - ***** Epoch: 12: Eval results *****
2021-06-16 22:08:36,579 - Discovery -   best_cluster_silhouette_score = 0.39773884
2021-06-16 22:08:36,579 - Discovery -   cluster_silhouette_score = 0.4134967
2021-06-16 22:08:36,579 - Discovery -   train_loss = 0.3375542409403223
2021-06-16 22:09:13,141 - Discovery - ***** Epoch: 13: Eval results *****
2021-06-16 22:09:13,142 - Discovery -   best_cluster_silhouette_score = 0.4134967
2021-06-16 22:09:13,142 - Discovery -   cluster_silhouette_score = 0.4162136
2021-06-16 22:09:13,142 - Discovery -   train_loss = 0.24864973274754806
2021-06-16 22:09:42,882 - Discovery - ***** Epoch: 14: Eval results *****
2021-06-16 22:09:42,882 - Discovery -   best_cluster_silhouette_score = 0.4162136
2021-06-16 22:09:42,882 - Discovery -   cluster_silhouette_score = 0.43092793
2021-06-16 22:09:42,882 - Discovery -   train_loss = 0.24325177871005635
2021-06-16 22:10:12,070 - Discovery - ***** Epoch: 15: Eval results *****
2021-06-16 22:10:12,070 - Discovery -   best_cluster_silhouette_score = 0.43092793
2021-06-16 22:10:12,072 - Discovery -   cluster_silhouette_score = 0.41530126
2021-06-16 22:10:12,072 - Discovery -   train_loss = 0.2469103637505585
2021-06-16 22:10:44,048 - Discovery - ***** Epoch: 16: Eval results *****
2021-06-16 22:10:44,048 - Discovery -   best_cluster_silhouette_score = 0.43092793
2021-06-16 22:10:44,048 - Discovery -   cluster_silhouette_score = 0.41960737
2021-06-16 22:10:44,048 - Discovery -   train_loss = 0.32938257888169353
2021-06-16 22:11:13,510 - Discovery - ***** Epoch: 17: Eval results *****
2021-06-16 22:11:13,510 - Discovery -   best_cluster_silhouette_score = 0.43092793
2021-06-16 22:11:13,510 - Discovery -   cluster_silhouette_score = 0.42715368
2021-06-16 22:11:13,510 - Discovery -   train_loss = 0.29308688052943055
2021-06-16 22:11:48,155 - Discovery - ***** Epoch: 18: Eval results *****
2021-06-16 22:11:48,155 - Discovery -   best_cluster_silhouette_score = 0.43092793
2021-06-16 22:11:48,155 - Discovery -   cluster_silhouette_score = 0.43407688
2021-06-16 22:11:48,155 - Discovery -   train_loss = 0.2845186788431356
2021-06-16 22:12:17,954 - Discovery - ***** Epoch: 19: Eval results *****
2021-06-16 22:12:17,954 - Discovery -   best_cluster_silhouette_score = 0.43407688
2021-06-16 22:12:17,954 - Discovery -   cluster_silhouette_score = 0.42567372
2021-06-16 22:12:17,954 - Discovery -   train_loss = 0.2648577937777613
2021-06-16 22:12:53,635 - Discovery - ***** Epoch: 20: Eval results *****
2021-06-16 22:12:53,636 - Discovery -   best_cluster_silhouette_score = 0.43407688
2021-06-16 22:12:53,636 - Discovery -   cluster_silhouette_score = 0.44467196
2021-06-16 22:12:53,636 - Discovery -   train_loss = 0.2660763616293249
2021-06-16 22:13:23,201 - Discovery - ***** Epoch: 21: Eval results *****
2021-06-16 22:13:23,201 - Discovery -   best_cluster_silhouette_score = 0.44467196
2021-06-16 22:13:23,201 - Discovery -   cluster_silhouette_score = 0.44493774
2021-06-16 22:13:23,201 - Discovery -   train_loss = 0.2595996105335128
2021-06-16 22:13:58,595 - Discovery - ***** Epoch: 22: Eval results *****
2021-06-16 22:13:58,595 - Discovery -   best_cluster_silhouette_score = 0.44493774
2021-06-16 22:13:58,596 - Discovery -   cluster_silhouette_score = 0.44797146
2021-06-16 22:13:58,596 - Discovery -   train_loss = 0.2309816129190821
2021-06-16 22:14:29,243 - Discovery - ***** Epoch: 23: Eval results *****
2021-06-16 22:14:29,243 - Discovery -   best_cluster_silhouette_score = 0.44797146
2021-06-16 22:14:29,243 - Discovery -   cluster_silhouette_score = 0.44637492
2021-06-16 22:14:29,243 - Discovery -   train_loss = 0.27552123997412936
2021-06-16 22:15:02,190 - Discovery - ***** Epoch: 24: Eval results *****
2021-06-16 22:15:02,190 - Discovery -   best_cluster_silhouette_score = 0.44797146
2021-06-16 22:15:02,190 - Discovery -   cluster_silhouette_score = 0.44579062
2021-06-16 22:15:02,190 - Discovery -   train_loss = 0.25372547792716765
2021-06-16 22:15:32,367 - Discovery - ***** Epoch: 25: Eval results *****
2021-06-16 22:15:32,367 - Discovery -   best_cluster_silhouette_score = 0.44797146
2021-06-16 22:15:32,367 - Discovery -   cluster_silhouette_score = 0.45713094
2021-06-16 22:15:32,367 - Discovery -   train_loss = 0.28435208973750264
2021-06-16 22:16:01,425 - Discovery - ***** Epoch: 26: Eval results *****
2021-06-16 22:16:01,425 - Discovery -   best_cluster_silhouette_score = 0.45713094
2021-06-16 22:16:01,425 - Discovery -   cluster_silhouette_score = 0.4603164
2021-06-16 22:16:01,425 - Discovery -   train_loss = 0.17590047728637576
2021-06-16 22:16:35,175 - Discovery - ***** Epoch: 27: Eval results *****
2021-06-16 22:16:35,175 - Discovery -   best_cluster_silhouette_score = 0.4603164
2021-06-16 22:16:35,176 - Discovery -   cluster_silhouette_score = 0.46800807
2021-06-16 22:16:35,176 - Discovery -   train_loss = 0.16939615940963718
2021-06-16 22:17:05,391 - Discovery - ***** Epoch: 28: Eval results *****
2021-06-16 22:17:05,392 - Discovery -   best_cluster_silhouette_score = 0.46800807
2021-06-16 22:17:05,392 - Discovery -   cluster_silhouette_score = 0.4546135
2021-06-16 22:17:05,392 - Discovery -   train_loss = 0.1970825655464555
2021-06-16 22:17:43,611 - Discovery - ***** Epoch: 29: Eval results *****
2021-06-16 22:17:43,611 - Discovery -   best_cluster_silhouette_score = 0.46800807
2021-06-16 22:17:43,611 - Discovery -   cluster_silhouette_score = 0.46669707
2021-06-16 22:17:43,611 - Discovery -   train_loss = 0.26331383126302504
2021-06-16 22:18:12,592 - Discovery - ***** Epoch: 30: Eval results *****
2021-06-16 22:18:12,592 - Discovery -   best_cluster_silhouette_score = 0.46800807
2021-06-16 22:18:12,592 - Discovery -   cluster_silhouette_score = 0.47570977
2021-06-16 22:18:12,592 - Discovery -   train_loss = 0.2202538816966641
2021-06-16 22:18:46,786 - Discovery - ***** Epoch: 31: Eval results *****
2021-06-16 22:18:46,786 - Discovery -   best_cluster_silhouette_score = 0.47570977
2021-06-16 22:18:46,786 - Discovery -   cluster_silhouette_score = 0.4742129
2021-06-16 22:18:46,786 - Discovery -   train_loss = 0.18011642079538023
2021-06-16 22:19:17,258 - Discovery - ***** Epoch: 32: Eval results *****
2021-06-16 22:19:17,258 - Discovery -   best_cluster_silhouette_score = 0.47570977
2021-06-16 22:19:17,258 - Discovery -   cluster_silhouette_score = 0.4857864
2021-06-16 22:19:17,258 - Discovery -   train_loss = 0.18460945081962665
2021-06-16 22:19:47,527 - Discovery - ***** Epoch: 33: Eval results *****
2021-06-16 22:19:47,527 - Discovery -   best_cluster_silhouette_score = 0.4857864
2021-06-16 22:19:47,527 - Discovery -   cluster_silhouette_score = 0.47020036
2021-06-16 22:19:47,527 - Discovery -   train_loss = 0.15823826692263845
2021-06-16 22:20:21,962 - Discovery - ***** Epoch: 34: Eval results *****
2021-06-16 22:20:21,962 - Discovery -   best_cluster_silhouette_score = 0.4857864
2021-06-16 22:20:21,962 - Discovery -   cluster_silhouette_score = 0.4770081
2021-06-16 22:20:21,962 - Discovery -   train_loss = 0.2154254525060385
2021-06-16 22:20:51,628 - Discovery - ***** Epoch: 35: Eval results *****
2021-06-16 22:20:51,628 - Discovery -   best_cluster_silhouette_score = 0.4857864
2021-06-16 22:20:51,628 - Discovery -   cluster_silhouette_score = 0.46837583
2021-06-16 22:20:51,628 - Discovery -   train_loss = 0.22064284854371782
2021-06-16 22:21:48,164 - Discovery - ***** Epoch: 36: Eval results *****
2021-06-16 22:21:48,164 - Discovery -   best_cluster_silhouette_score = 0.4857864
2021-06-16 22:21:48,164 - Discovery -   cluster_silhouette_score = 0.4677805
2021-06-16 22:21:48,164 - Discovery -   train_loss = 0.21247183830595354
2021-06-16 22:22:17,554 - Discovery - ***** Epoch: 37: Eval results *****
2021-06-16 22:22:17,554 - Discovery -   best_cluster_silhouette_score = 0.4857864
2021-06-16 22:22:17,554 - Discovery -   cluster_silhouette_score = 0.4721282
2021-06-16 22:22:17,554 - Discovery -   train_loss = 0.22900731436593433
2021-06-16 22:22:47,197 - Discovery - ***** Epoch: 38: Eval results *****
2021-06-16 22:22:47,197 - Discovery -   best_cluster_silhouette_score = 0.4857864
2021-06-16 22:22:47,197 - Discovery -   cluster_silhouette_score = 0.47475743
2021-06-16 22:22:47,197 - Discovery -   train_loss = 0.17898332516492252
2021-06-16 22:23:16,858 - Discovery - ***** Epoch: 39: Eval results *****
2021-06-16 22:23:16,858 - Discovery -   best_cluster_silhouette_score = 0.4857864
2021-06-16 22:23:16,858 - Discovery -   cluster_silhouette_score = 0.46939197
2021-06-16 22:23:16,858 - Discovery -   train_loss = 0.19131193687798273
2021-06-16 22:23:47,312 - Discovery - ***** Epoch: 40: Eval results *****
2021-06-16 22:23:47,312 - Discovery -   best_cluster_silhouette_score = 0.4857864
2021-06-16 22:23:47,312 - Discovery -   cluster_silhouette_score = 0.4739692
2021-06-16 22:23:47,312 - Discovery -   train_loss = 0.1943193021374689
2021-06-16 22:24:17,497 - Discovery - ***** Epoch: 41: Eval results *****
2021-06-16 22:24:17,498 - Discovery -   best_cluster_silhouette_score = 0.4857864
2021-06-16 22:24:17,498 - Discovery -   cluster_silhouette_score = 0.4703967
2021-06-16 22:24:17,498 - Discovery -   train_loss = 0.20981844540842823
2021-06-16 22:24:47,107 - Discovery - ***** Epoch: 42: Eval results *****
2021-06-16 22:24:47,107 - Discovery -   best_cluster_silhouette_score = 0.4857864
2021-06-16 22:24:47,107 - Discovery -   cluster_silhouette_score = 0.47140157
2021-06-16 22:24:47,107 - Discovery -   train_loss = 0.20357608679734485
2021-06-16 22:25:15,865 - Discovery - ***** Epoch: 43: Eval results *****
2021-06-16 22:25:15,865 - Discovery -   best_cluster_silhouette_score = 0.4857864
2021-06-16 22:25:15,865 - Discovery -   cluster_silhouette_score = 0.46536463
2021-06-16 22:25:15,865 - Discovery -   train_loss = 0.2311692234443527
2021-06-16 22:25:45,690 - Discovery - ***** Epoch: 44: Eval results *****
2021-06-16 22:25:45,690 - Discovery -   best_cluster_silhouette_score = 0.4857864
2021-06-16 22:25:45,690 - Discovery -   cluster_silhouette_score = 0.46072695
2021-06-16 22:25:45,690 - Discovery -   train_loss = 0.23271443946680553
2021-06-16 22:26:16,218 - Discovery - ***** Epoch: 45: Eval results *****
2021-06-16 22:26:16,218 - Discovery -   best_cluster_silhouette_score = 0.4857864
2021-06-16 22:26:16,218 - Discovery -   cluster_silhouette_score = 0.4712575
2021-06-16 22:26:16,218 - Discovery -   train_loss = 0.2684156336939671
2021-06-16 22:26:47,294 - Discovery - ***** Epoch: 46: Eval results *****
2021-06-16 22:26:47,294 - Discovery -   best_cluster_silhouette_score = 0.4857864
2021-06-16 22:26:47,294 - Discovery -   cluster_silhouette_score = 0.47444186
2021-06-16 22:26:47,294 - Discovery -   train_loss = 0.2056074879119094
2021-06-16 22:27:16,682 - Discovery - ***** Epoch: 47: Eval results *****
2021-06-16 22:27:16,682 - Discovery -   best_cluster_silhouette_score = 0.4857864
2021-06-16 22:27:16,682 - Discovery -   cluster_silhouette_score = 0.4800314
2021-06-16 22:27:16,682 - Discovery -   train_loss = 0.13409004780188413
2021-06-16 22:27:46,404 - Discovery - ***** Epoch: 48: Eval results *****
2021-06-16 22:27:46,404 - Discovery -   best_cluster_silhouette_score = 0.4857864
2021-06-16 22:27:46,404 - Discovery -   cluster_silhouette_score = 0.4683452
2021-06-16 22:27:46,404 - Discovery -   train_loss = 0.181964519840311
2021-06-16 22:28:15,797 - Discovery - ***** Epoch: 49: Eval results *****
2021-06-16 22:28:15,797 - Discovery -   best_cluster_silhouette_score = 0.4857864
2021-06-16 22:28:15,797 - Discovery -   cluster_silhouette_score = 0.4765989
2021-06-16 22:28:15,797 - Discovery -   train_loss = 0.22784990809438094
2021-06-16 22:28:45,601 - Discovery - ***** Epoch: 50: Eval results *****
2021-06-16 22:28:45,601 - Discovery -   best_cluster_silhouette_score = 0.4857864
2021-06-16 22:28:45,601 - Discovery -   cluster_silhouette_score = 0.48228434
2021-06-16 22:28:45,601 - Discovery -   train_loss = 0.24044158802905552
2021-06-16 22:29:15,075 - Discovery - ***** Epoch: 51: Eval results *****
2021-06-16 22:29:15,075 - Discovery -   best_cluster_silhouette_score = 0.4857864
2021-06-16 22:29:15,075 - Discovery -   cluster_silhouette_score = 0.46952063
2021-06-16 22:29:15,075 - Discovery -   train_loss = 0.17309474766674177
2021-06-16 22:29:43,937 - Discovery - ***** Epoch: 52: Eval results *****
2021-06-16 22:29:43,938 - Discovery -   best_cluster_silhouette_score = 0.4857864
2021-06-16 22:29:43,938 - Discovery -   cluster_silhouette_score = 0.47699833
2021-06-16 22:29:43,938 - Discovery -   train_loss = 0.24177133606773027
2021-06-16 22:29:44,501 - Discovery - Training Finished...
2021-06-16 22:29:44,501 - Discovery - Testing begin...
2021-06-16 22:29:53,607 - Discovery - ***** Test: Confusion Matrix *****
2021-06-16 22:29:53,607 - Discovery - [[ 1  0  0 ...  0  0  0]
 [ 0  0  0 ...  0  1  0]
 [ 0  0  0 ...  0  0  0]
 ...
 [ 0  0  0 ...  0  0  0]
 [ 1  0  0 ...  0  0  0]
 [ 0  0 28 ...  0  0  0]]
2021-06-16 22:29:53,607 - Discovery - ***** Test results *****
2021-06-16 22:29:53,608 - Discovery -   ACC = 65.97
2021-06-16 22:29:53,608 - Discovery -   ARI = 53.69
2021-06-16 22:29:53,608 - Discovery -   NMI = 79.38
2021-06-16 22:29:53,608 - Discovery - Testing finished...
2021-06-16 22:29:53,608 - Discovery - Results saved in results/results_DeepAligned.csv
2021-06-16 22:29:53,640 - Discovery - Open Intent Discovery Finished...
