2021-06-16 23:20:50,431 - Discovery - Open Intent Discovery Begin...
2021-06-16 23:20:50,431 - Discovery - Parameters Initialization...
2021-06-16 23:20:50,431 - Discovery - ============================== Params ==============================
2021-06-16 23:20:50,431 - Discovery - type:	open_intent_discovery
2021-06-16 23:20:50,431 - Discovery - dataset:	banking
2021-06-16 23:20:50,431 - Discovery - known_cls_ratio:	0.75
2021-06-16 23:20:50,431 - Discovery - labeled_ratio:	0.1
2021-06-16 23:20:50,431 - Discovery - cluster_num_factor:	1.0
2021-06-16 23:20:50,431 - Discovery - method:	DeepAligned
2021-06-16 23:20:50,431 - Discovery - train:	True
2021-06-16 23:20:50,431 - Discovery - save_model:	True
2021-06-16 23:20:50,431 - Discovery - backbone:	bert
2021-06-16 23:20:50,431 - Discovery - num_train_epochs:	100
2021-06-16 23:20:50,432 - Discovery - setting:	semi_supervised
2021-06-16 23:20:50,432 - Discovery - config_file_name:	DeepAligned
2021-06-16 23:20:50,432 - Discovery - seed:	5
2021-06-16 23:20:50,432 - Discovery - gpu_id:	1
2021-06-16 23:20:50,432 - Discovery - pipe_results_path:	pipe_results
2021-06-16 23:20:50,432 - Discovery - data_dir:	/home/zhanghanlei/git/TEXTOIR/open_intent_discovery/data
2021-06-16 23:20:50,432 - Discovery - output_dir:	outputs
2021-06-16 23:20:50,432 - Discovery - model_dir:	models
2021-06-16 23:20:50,432 - Discovery - result_dir:	results
2021-06-16 23:20:50,432 - Discovery - results_file_name:	results_DeepAligned.csv
2021-06-16 23:20:50,432 - Discovery - save_results:	True
2021-06-16 23:20:50,432 - Discovery - method_output_dir:	outputs/open_intent_discovery/DeepAligned_banking_0.75_0.1_bert_5
2021-06-16 23:20:50,432 - Discovery - model_output_dir:	outputs/open_intent_discovery/DeepAligned_banking_0.75_0.1_bert_5/models
2021-06-16 23:20:50,432 - Discovery - bert_model:	/home/sharing/disk1/pretrained_embedding/bert/uncased_L-12_H-768_A-12/
2021-06-16 23:20:50,432 - Discovery - max_seq_length:	None
2021-06-16 23:20:50,432 - Discovery - freeze_bert_parameters:	True
2021-06-16 23:20:50,432 - Discovery - feat_dim:	768
2021-06-16 23:20:50,432 - Discovery - warmup_proportion:	0.1
2021-06-16 23:20:50,432 - Discovery - lr_pre:	5e-05
2021-06-16 23:20:50,432 - Discovery - lr:	5e-05
2021-06-16 23:20:50,432 - Discovery - loss_fct:	CrossEntropyLoss
2021-06-16 23:20:50,432 - Discovery - train_batch_size:	128
2021-06-16 23:20:50,432 - Discovery - eval_batch_size:	64
2021-06-16 23:20:50,432 - Discovery - test_batch_size:	64
2021-06-16 23:20:50,432 - Discovery - num_pretrain_epochs:	100
2021-06-16 23:20:50,432 - Discovery - wait_patient:	20
2021-06-16 23:20:50,432 - Discovery - ============================== End Params ==============================
2021-06-16 23:20:50,432 - Discovery - Data and Model Preparation...
2021-06-16 23:20:51,211 - Discovery - Number of labeled samples = 657
2021-06-16 23:20:51,212 - Discovery - Number of unlabeled samples = 8346
2021-06-16 23:21:00,993 - Discovery - Pre-raining start...
2021-06-16 23:21:02,505 - Discovery - ***** Epoch: 1: Eval results *****
2021-06-16 23:21:02,505 - Discovery -   best_acc = 0
2021-06-16 23:21:02,505 - Discovery -   eval_acc = 2.47
2021-06-16 23:21:02,505 - Discovery -   train_loss = 4.058022578557332
2021-06-16 23:21:03,574 - Discovery - ***** Epoch: 2: Eval results *****
2021-06-16 23:21:03,574 - Discovery -   best_acc = 2.47
2021-06-16 23:21:03,574 - Discovery -   eval_acc = 4.67
2021-06-16 23:21:03,574 - Discovery -   train_loss = 4.042053461074829
2021-06-16 23:21:04,605 - Discovery - ***** Epoch: 3: Eval results *****
2021-06-16 23:21:04,605 - Discovery -   best_acc = 4.67
2021-06-16 23:21:04,605 - Discovery -   eval_acc = 10.16
2021-06-16 23:21:04,605 - Discovery -   train_loss = 3.9998592138290405
2021-06-16 23:21:05,636 - Discovery - ***** Epoch: 4: Eval results *****
2021-06-16 23:21:05,636 - Discovery -   best_acc = 10.16
2021-06-16 23:21:05,636 - Discovery -   eval_acc = 13.6
2021-06-16 23:21:05,636 - Discovery -   train_loss = 3.9285258054733276
2021-06-16 23:21:06,669 - Discovery - ***** Epoch: 5: Eval results *****
2021-06-16 23:21:06,669 - Discovery -   best_acc = 13.6
2021-06-16 23:21:06,669 - Discovery -   eval_acc = 21.43
2021-06-16 23:21:06,669 - Discovery -   train_loss = 3.786371429761251
2021-06-16 23:21:07,702 - Discovery - ***** Epoch: 6: Eval results *****
2021-06-16 23:21:07,702 - Discovery -   best_acc = 21.43
2021-06-16 23:21:07,702 - Discovery -   eval_acc = 31.18
2021-06-16 23:21:07,702 - Discovery -   train_loss = 3.517893354098002
2021-06-16 23:21:08,740 - Discovery - ***** Epoch: 7: Eval results *****
2021-06-16 23:21:08,740 - Discovery -   best_acc = 31.18
2021-06-16 23:21:08,740 - Discovery -   eval_acc = 39.01
2021-06-16 23:21:08,740 - Discovery -   train_loss = 3.0861934423446655
2021-06-16 23:21:09,775 - Discovery - ***** Epoch: 8: Eval results *****
2021-06-16 23:21:09,775 - Discovery -   best_acc = 39.01
2021-06-16 23:21:09,775 - Discovery -   eval_acc = 49.31
2021-06-16 23:21:09,775 - Discovery -   train_loss = 2.5413531064987183
2021-06-16 23:21:10,813 - Discovery - ***** Epoch: 9: Eval results *****
2021-06-16 23:21:10,813 - Discovery -   best_acc = 49.31
2021-06-16 23:21:10,813 - Discovery -   eval_acc = 59.48
2021-06-16 23:21:10,813 - Discovery -   train_loss = 2.0645125110944114
2021-06-16 23:21:11,850 - Discovery - ***** Epoch: 10: Eval results *****
2021-06-16 23:21:11,850 - Discovery -   best_acc = 59.48
2021-06-16 23:21:11,850 - Discovery -   eval_acc = 66.21
2021-06-16 23:21:11,850 - Discovery -   train_loss = 1.6556265155474346
2021-06-16 23:21:12,889 - Discovery - ***** Epoch: 11: Eval results *****
2021-06-16 23:21:12,889 - Discovery -   best_acc = 66.21
2021-06-16 23:21:12,889 - Discovery -   eval_acc = 70.6
2021-06-16 23:21:12,889 - Discovery -   train_loss = 1.356109579404195
2021-06-16 23:21:13,941 - Discovery - ***** Epoch: 12: Eval results *****
2021-06-16 23:21:13,941 - Discovery -   best_acc = 70.6
2021-06-16 23:21:13,941 - Discovery -   eval_acc = 75.0
2021-06-16 23:21:13,941 - Discovery -   train_loss = 1.0860197444756825
2021-06-16 23:21:14,994 - Discovery - ***** Epoch: 13: Eval results *****
2021-06-16 23:21:14,995 - Discovery -   best_acc = 75.0
2021-06-16 23:21:14,995 - Discovery -   eval_acc = 77.06
2021-06-16 23:21:14,995 - Discovery -   train_loss = 0.8703537782033285
2021-06-16 23:21:16,037 - Discovery - ***** Epoch: 14: Eval results *****
2021-06-16 23:21:16,037 - Discovery -   best_acc = 77.06
2021-06-16 23:21:16,037 - Discovery -   eval_acc = 78.3
2021-06-16 23:21:16,037 - Discovery -   train_loss = 0.7106407980124155
2021-06-16 23:21:17,078 - Discovery - ***** Epoch: 15: Eval results *****
2021-06-16 23:21:17,078 - Discovery -   best_acc = 78.3
2021-06-16 23:21:17,078 - Discovery -   eval_acc = 77.88
2021-06-16 23:21:17,078 - Discovery -   train_loss = 0.5642824470996857
2021-06-16 23:21:18,105 - Discovery - ***** Epoch: 16: Eval results *****
2021-06-16 23:21:18,105 - Discovery -   best_acc = 78.3
2021-06-16 23:21:18,105 - Discovery -   eval_acc = 80.36
2021-06-16 23:21:18,105 - Discovery -   train_loss = 0.49512284994125366
2021-06-16 23:21:19,157 - Discovery - ***** Epoch: 17: Eval results *****
2021-06-16 23:21:19,157 - Discovery -   best_acc = 80.36
2021-06-16 23:21:19,157 - Discovery -   eval_acc = 80.77
2021-06-16 23:21:19,157 - Discovery -   train_loss = 0.40060750146706897
2021-06-16 23:21:20,249 - Discovery - ***** Epoch: 18: Eval results *****
2021-06-16 23:21:20,249 - Discovery -   best_acc = 80.77
2021-06-16 23:21:20,249 - Discovery -   eval_acc = 81.18
2021-06-16 23:21:20,249 - Discovery -   train_loss = 0.3419663608074188
2021-06-16 23:21:21,290 - Discovery - ***** Epoch: 19: Eval results *****
2021-06-16 23:21:21,290 - Discovery -   best_acc = 81.18
2021-06-16 23:21:21,290 - Discovery -   eval_acc = 82.42
2021-06-16 23:21:21,290 - Discovery -   train_loss = 0.2817460248867671
2021-06-16 23:21:22,332 - Discovery - ***** Epoch: 20: Eval results *****
2021-06-16 23:21:22,332 - Discovery -   best_acc = 82.42
2021-06-16 23:21:22,334 - Discovery -   eval_acc = 82.01
2021-06-16 23:21:22,334 - Discovery -   train_loss = 0.23964949448903403
2021-06-16 23:21:23,363 - Discovery - ***** Epoch: 21: Eval results *****
2021-06-16 23:21:23,363 - Discovery -   best_acc = 82.42
2021-06-16 23:21:23,363 - Discovery -   eval_acc = 82.01
2021-06-16 23:21:23,363 - Discovery -   train_loss = 0.20478593558073044
2021-06-16 23:21:24,395 - Discovery - ***** Epoch: 22: Eval results *****
2021-06-16 23:21:24,395 - Discovery -   best_acc = 82.42
2021-06-16 23:21:24,395 - Discovery -   eval_acc = 82.42
2021-06-16 23:21:24,395 - Discovery -   train_loss = 0.18733693659305573
2021-06-16 23:21:25,430 - Discovery - ***** Epoch: 23: Eval results *****
2021-06-16 23:21:25,430 - Discovery -   best_acc = 82.42
2021-06-16 23:21:25,430 - Discovery -   eval_acc = 83.38
2021-06-16 23:21:25,430 - Discovery -   train_loss = 0.16798881441354752
2021-06-16 23:21:26,475 - Discovery - ***** Epoch: 24: Eval results *****
2021-06-16 23:21:26,475 - Discovery -   best_acc = 83.38
2021-06-16 23:21:26,475 - Discovery -   eval_acc = 84.2
2021-06-16 23:21:26,475 - Discovery -   train_loss = 0.15074598292509714
2021-06-16 23:21:27,520 - Discovery - ***** Epoch: 25: Eval results *****
2021-06-16 23:21:27,520 - Discovery -   best_acc = 84.2
2021-06-16 23:21:27,520 - Discovery -   eval_acc = 84.34
2021-06-16 23:21:27,522 - Discovery -   train_loss = 0.1375561331709226
2021-06-16 23:21:28,567 - Discovery - ***** Epoch: 26: Eval results *****
2021-06-16 23:21:28,567 - Discovery -   best_acc = 84.34
2021-06-16 23:21:28,567 - Discovery -   eval_acc = 84.2
2021-06-16 23:21:28,567 - Discovery -   train_loss = 0.13987927262981734
2021-06-16 23:21:29,602 - Discovery - ***** Epoch: 27: Eval results *****
2021-06-16 23:21:29,602 - Discovery -   best_acc = 84.34
2021-06-16 23:21:29,602 - Discovery -   eval_acc = 83.52
2021-06-16 23:21:29,602 - Discovery -   train_loss = 0.12149592861533165
2021-06-16 23:21:30,636 - Discovery - ***** Epoch: 28: Eval results *****
2021-06-16 23:21:30,636 - Discovery -   best_acc = 84.34
2021-06-16 23:21:30,636 - Discovery -   eval_acc = 82.97
2021-06-16 23:21:30,636 - Discovery -   train_loss = 0.11313613255818684
2021-06-16 23:21:31,672 - Discovery - ***** Epoch: 29: Eval results *****
2021-06-16 23:21:31,673 - Discovery -   best_acc = 84.34
2021-06-16 23:21:31,673 - Discovery -   eval_acc = 83.52
2021-06-16 23:21:31,673 - Discovery -   train_loss = 0.1028866929312547
2021-06-16 23:21:32,709 - Discovery - ***** Epoch: 30: Eval results *****
2021-06-16 23:21:32,709 - Discovery -   best_acc = 84.34
2021-06-16 23:21:32,711 - Discovery -   eval_acc = 84.2
2021-06-16 23:21:32,711 - Discovery -   train_loss = 0.0952643093963464
2021-06-16 23:21:33,748 - Discovery - ***** Epoch: 31: Eval results *****
2021-06-16 23:21:33,748 - Discovery -   best_acc = 84.34
2021-06-16 23:21:33,748 - Discovery -   eval_acc = 84.34
2021-06-16 23:21:33,748 - Discovery -   train_loss = 0.08672567705313365
2021-06-16 23:21:34,783 - Discovery - ***** Epoch: 32: Eval results *****
2021-06-16 23:21:34,783 - Discovery -   best_acc = 84.34
2021-06-16 23:21:34,783 - Discovery -   eval_acc = 83.93
2021-06-16 23:21:34,783 - Discovery -   train_loss = 0.07973774522542953
2021-06-16 23:21:35,821 - Discovery - ***** Epoch: 33: Eval results *****
2021-06-16 23:21:35,821 - Discovery -   best_acc = 84.34
2021-06-16 23:21:35,821 - Discovery -   eval_acc = 83.93
2021-06-16 23:21:35,821 - Discovery -   train_loss = 0.07835494975248973
2021-06-16 23:21:36,859 - Discovery - ***** Epoch: 34: Eval results *****
2021-06-16 23:21:36,859 - Discovery -   best_acc = 84.34
2021-06-16 23:21:36,859 - Discovery -   eval_acc = 83.65
2021-06-16 23:21:36,859 - Discovery -   train_loss = 0.07312194878856342
2021-06-16 23:21:37,898 - Discovery - ***** Epoch: 35: Eval results *****
2021-06-16 23:21:37,899 - Discovery -   best_acc = 84.34
2021-06-16 23:21:37,899 - Discovery -   eval_acc = 84.34
2021-06-16 23:21:37,899 - Discovery -   train_loss = 0.0683528942366441
2021-06-16 23:21:38,938 - Discovery - ***** Epoch: 36: Eval results *****
2021-06-16 23:21:38,938 - Discovery -   best_acc = 84.34
2021-06-16 23:21:38,938 - Discovery -   eval_acc = 84.75
2021-06-16 23:21:38,938 - Discovery -   train_loss = 0.06491870681444804
2021-06-16 23:21:39,989 - Discovery - ***** Epoch: 37: Eval results *****
2021-06-16 23:21:39,989 - Discovery -   best_acc = 84.75
2021-06-16 23:21:39,989 - Discovery -   eval_acc = 84.34
2021-06-16 23:21:39,989 - Discovery -   train_loss = 0.06558825199802716
2021-06-16 23:21:41,032 - Discovery - ***** Epoch: 38: Eval results *****
2021-06-16 23:21:41,032 - Discovery -   best_acc = 84.75
2021-06-16 23:21:41,032 - Discovery -   eval_acc = 84.48
2021-06-16 23:21:41,032 - Discovery -   train_loss = 0.062199342995882034
2021-06-16 23:21:42,073 - Discovery - ***** Epoch: 39: Eval results *****
2021-06-16 23:21:42,073 - Discovery -   best_acc = 84.75
2021-06-16 23:21:42,073 - Discovery -   eval_acc = 84.48
2021-06-16 23:21:42,073 - Discovery -   train_loss = 0.05656723429759344
2021-06-16 23:21:43,115 - Discovery - ***** Epoch: 40: Eval results *****
2021-06-16 23:21:43,116 - Discovery -   best_acc = 84.75
2021-06-16 23:21:43,116 - Discovery -   eval_acc = 84.2
2021-06-16 23:21:43,116 - Discovery -   train_loss = 0.05532671449085077
2021-06-16 23:21:44,158 - Discovery - ***** Epoch: 41: Eval results *****
2021-06-16 23:21:44,158 - Discovery -   best_acc = 84.75
2021-06-16 23:21:44,158 - Discovery -   eval_acc = 84.2
2021-06-16 23:21:44,158 - Discovery -   train_loss = 0.05115964698294798
2021-06-16 23:21:45,203 - Discovery - ***** Epoch: 42: Eval results *****
2021-06-16 23:21:45,203 - Discovery -   best_acc = 84.75
2021-06-16 23:21:45,203 - Discovery -   eval_acc = 84.48
2021-06-16 23:21:45,203 - Discovery -   train_loss = 0.048943640664219856
2021-06-16 23:21:46,243 - Discovery - ***** Epoch: 43: Eval results *****
2021-06-16 23:21:46,243 - Discovery -   best_acc = 84.75
2021-06-16 23:21:46,243 - Discovery -   eval_acc = 84.2
2021-06-16 23:21:46,243 - Discovery -   train_loss = 0.05147442345817884
2021-06-16 23:21:47,288 - Discovery - ***** Epoch: 44: Eval results *****
2021-06-16 23:21:47,288 - Discovery -   best_acc = 84.75
2021-06-16 23:21:47,288 - Discovery -   eval_acc = 84.48
2021-06-16 23:21:47,288 - Discovery -   train_loss = 0.05117448170979818
2021-06-16 23:21:48,332 - Discovery - ***** Epoch: 45: Eval results *****
2021-06-16 23:21:48,333 - Discovery -   best_acc = 84.75
2021-06-16 23:21:48,333 - Discovery -   eval_acc = 84.34
2021-06-16 23:21:48,334 - Discovery -   train_loss = 0.0603963527828455
2021-06-16 23:21:49,378 - Discovery - ***** Epoch: 46: Eval results *****
2021-06-16 23:21:49,379 - Discovery -   best_acc = 84.75
2021-06-16 23:21:49,379 - Discovery -   eval_acc = 84.2
2021-06-16 23:21:49,379 - Discovery -   train_loss = 0.04723872244358063
2021-06-16 23:21:50,425 - Discovery - ***** Epoch: 47: Eval results *****
2021-06-16 23:21:50,426 - Discovery -   best_acc = 84.75
2021-06-16 23:21:50,426 - Discovery -   eval_acc = 84.2
2021-06-16 23:21:50,426 - Discovery -   train_loss = 0.04437572881579399
2021-06-16 23:21:51,472 - Discovery - ***** Epoch: 48: Eval results *****
2021-06-16 23:21:51,472 - Discovery -   best_acc = 84.75
2021-06-16 23:21:51,472 - Discovery -   eval_acc = 84.62
2021-06-16 23:21:51,472 - Discovery -   train_loss = 0.04378242356081804
2021-06-16 23:21:52,519 - Discovery - ***** Epoch: 49: Eval results *****
2021-06-16 23:21:52,519 - Discovery -   best_acc = 84.75
2021-06-16 23:21:52,519 - Discovery -   eval_acc = 84.62
2021-06-16 23:21:52,519 - Discovery -   train_loss = 0.04083022599418958
2021-06-16 23:21:53,569 - Discovery - ***** Epoch: 50: Eval results *****
2021-06-16 23:21:53,569 - Discovery -   best_acc = 84.75
2021-06-16 23:21:53,569 - Discovery -   eval_acc = 84.62
2021-06-16 23:21:53,571 - Discovery -   train_loss = 0.03989666514098644
2021-06-16 23:21:54,623 - Discovery - ***** Epoch: 51: Eval results *****
2021-06-16 23:21:54,623 - Discovery -   best_acc = 84.75
2021-06-16 23:21:54,623 - Discovery -   eval_acc = 84.62
2021-06-16 23:21:54,623 - Discovery -   train_loss = 0.040103684489925705
2021-06-16 23:21:55,670 - Discovery - ***** Epoch: 52: Eval results *****
2021-06-16 23:21:55,670 - Discovery -   best_acc = 84.75
2021-06-16 23:21:55,670 - Discovery -   eval_acc = 84.89
2021-06-16 23:21:55,670 - Discovery -   train_loss = 0.03929797870417436
2021-06-16 23:21:56,734 - Discovery - ***** Epoch: 53: Eval results *****
2021-06-16 23:21:56,734 - Discovery -   best_acc = 84.89
2021-06-16 23:21:56,734 - Discovery -   eval_acc = 84.89
2021-06-16 23:21:56,734 - Discovery -   train_loss = 0.03566222824156284
2021-06-16 23:21:57,788 - Discovery - ***** Epoch: 54: Eval results *****
2021-06-16 23:21:57,788 - Discovery -   best_acc = 84.89
2021-06-16 23:21:57,788 - Discovery -   eval_acc = 84.75
2021-06-16 23:21:57,788 - Discovery -   train_loss = 0.03666183166205883
2021-06-16 23:21:58,847 - Discovery - ***** Epoch: 55: Eval results *****
2021-06-16 23:21:58,847 - Discovery -   best_acc = 84.89
2021-06-16 23:21:58,848 - Discovery -   eval_acc = 84.75
2021-06-16 23:21:58,848 - Discovery -   train_loss = 0.03910513408482075
2021-06-16 23:21:59,898 - Discovery - ***** Epoch: 56: Eval results *****
2021-06-16 23:21:59,898 - Discovery -   best_acc = 84.89
2021-06-16 23:21:59,898 - Discovery -   eval_acc = 84.75
2021-06-16 23:21:59,898 - Discovery -   train_loss = 0.03643870664139589
2021-06-16 23:22:00,950 - Discovery - ***** Epoch: 57: Eval results *****
2021-06-16 23:22:00,950 - Discovery -   best_acc = 84.89
2021-06-16 23:22:00,950 - Discovery -   eval_acc = 84.62
2021-06-16 23:22:00,950 - Discovery -   train_loss = 0.03447479164848725
2021-06-16 23:22:02,004 - Discovery - ***** Epoch: 58: Eval results *****
2021-06-16 23:22:02,005 - Discovery -   best_acc = 84.89
2021-06-16 23:22:02,005 - Discovery -   eval_acc = 84.89
2021-06-16 23:22:02,005 - Discovery -   train_loss = 0.038268826281030975
2021-06-16 23:22:03,054 - Discovery - ***** Epoch: 59: Eval results *****
2021-06-16 23:22:03,054 - Discovery -   best_acc = 84.89
2021-06-16 23:22:03,054 - Discovery -   eval_acc = 84.89
2021-06-16 23:22:03,054 - Discovery -   train_loss = 0.0326388922209541
2021-06-16 23:22:04,107 - Discovery - ***** Epoch: 60: Eval results *****
2021-06-16 23:22:04,107 - Discovery -   best_acc = 84.89
2021-06-16 23:22:04,107 - Discovery -   eval_acc = 84.89
2021-06-16 23:22:04,108 - Discovery -   train_loss = 0.03387140358487765
2021-06-16 23:22:05,161 - Discovery - ***** Epoch: 61: Eval results *****
2021-06-16 23:22:05,161 - Discovery -   best_acc = 84.89
2021-06-16 23:22:05,161 - Discovery -   eval_acc = 85.03
2021-06-16 23:22:05,161 - Discovery -   train_loss = 0.031021941763659317
2021-06-16 23:22:06,228 - Discovery - ***** Epoch: 62: Eval results *****
2021-06-16 23:22:06,228 - Discovery -   best_acc = 85.03
2021-06-16 23:22:06,228 - Discovery -   eval_acc = 85.16
2021-06-16 23:22:06,228 - Discovery -   train_loss = 0.03337874418745438
2021-06-16 23:22:07,294 - Discovery - ***** Epoch: 63: Eval results *****
2021-06-16 23:22:07,294 - Discovery -   best_acc = 85.16
2021-06-16 23:22:07,294 - Discovery -   eval_acc = 85.16
2021-06-16 23:22:07,294 - Discovery -   train_loss = 0.033093273639678955
2021-06-16 23:22:08,347 - Discovery - ***** Epoch: 64: Eval results *****
2021-06-16 23:22:08,347 - Discovery -   best_acc = 85.16
2021-06-16 23:22:08,348 - Discovery -   eval_acc = 85.16
2021-06-16 23:22:08,348 - Discovery -   train_loss = 0.033649470967551075
2021-06-16 23:22:09,394 - Discovery - ***** Epoch: 65: Eval results *****
2021-06-16 23:22:09,395 - Discovery -   best_acc = 85.16
2021-06-16 23:22:09,395 - Discovery -   eval_acc = 85.03
2021-06-16 23:22:09,395 - Discovery -   train_loss = 0.03064021933823824
2021-06-16 23:22:10,446 - Discovery - ***** Epoch: 66: Eval results *****
2021-06-16 23:22:10,447 - Discovery -   best_acc = 85.16
2021-06-16 23:22:10,447 - Discovery -   eval_acc = 85.16
2021-06-16 23:22:10,447 - Discovery -   train_loss = 0.03153669306387504
2021-06-16 23:22:11,503 - Discovery - ***** Epoch: 67: Eval results *****
2021-06-16 23:22:11,503 - Discovery -   best_acc = 85.16
2021-06-16 23:22:11,503 - Discovery -   eval_acc = 85.16
2021-06-16 23:22:11,503 - Discovery -   train_loss = 0.031027784571051598
2021-06-16 23:22:12,559 - Discovery - ***** Epoch: 68: Eval results *****
2021-06-16 23:22:12,559 - Discovery -   best_acc = 85.16
2021-06-16 23:22:12,559 - Discovery -   eval_acc = 84.89
2021-06-16 23:22:12,559 - Discovery -   train_loss = 0.030909059569239616
2021-06-16 23:22:13,614 - Discovery - ***** Epoch: 69: Eval results *****
2021-06-16 23:22:13,614 - Discovery -   best_acc = 85.16
2021-06-16 23:22:13,614 - Discovery -   eval_acc = 84.89
2021-06-16 23:22:13,614 - Discovery -   train_loss = 0.029542535543441772
2021-06-16 23:22:14,669 - Discovery - ***** Epoch: 70: Eval results *****
2021-06-16 23:22:14,669 - Discovery -   best_acc = 85.16
2021-06-16 23:22:14,669 - Discovery -   eval_acc = 84.89
2021-06-16 23:22:14,669 - Discovery -   train_loss = 0.029970656769971054
2021-06-16 23:22:15,727 - Discovery - ***** Epoch: 71: Eval results *****
2021-06-16 23:22:15,727 - Discovery -   best_acc = 85.16
2021-06-16 23:22:15,727 - Discovery -   eval_acc = 84.75
2021-06-16 23:22:15,727 - Discovery -   train_loss = 0.030374726591010887
2021-06-16 23:22:16,782 - Discovery - ***** Epoch: 72: Eval results *****
2021-06-16 23:22:16,782 - Discovery -   best_acc = 85.16
2021-06-16 23:22:16,782 - Discovery -   eval_acc = 84.89
2021-06-16 23:22:16,782 - Discovery -   train_loss = 0.029048351260523003
2021-06-16 23:22:17,834 - Discovery - ***** Epoch: 73: Eval results *****
2021-06-16 23:22:17,834 - Discovery -   best_acc = 85.16
2021-06-16 23:22:17,835 - Discovery -   eval_acc = 84.89
2021-06-16 23:22:17,835 - Discovery -   train_loss = 0.03150411633153757
2021-06-16 23:22:18,891 - Discovery - ***** Epoch: 74: Eval results *****
2021-06-16 23:22:18,891 - Discovery -   best_acc = 85.16
2021-06-16 23:22:18,891 - Discovery -   eval_acc = 84.75
2021-06-16 23:22:18,891 - Discovery -   train_loss = 0.030856939032673836
2021-06-16 23:22:19,945 - Discovery - ***** Epoch: 75: Eval results *****
2021-06-16 23:22:19,945 - Discovery -   best_acc = 85.16
2021-06-16 23:22:19,945 - Discovery -   eval_acc = 84.75
2021-06-16 23:22:19,945 - Discovery -   train_loss = 0.02754078960667054
2021-06-16 23:22:20,999 - Discovery - ***** Epoch: 76: Eval results *****
2021-06-16 23:22:20,999 - Discovery -   best_acc = 85.16
2021-06-16 23:22:20,999 - Discovery -   eval_acc = 84.75
2021-06-16 23:22:20,999 - Discovery -   train_loss = 0.02939986406515042
2021-06-16 23:22:22,064 - Discovery - ***** Epoch: 77: Eval results *****
2021-06-16 23:22:22,064 - Discovery -   best_acc = 85.16
2021-06-16 23:22:22,064 - Discovery -   eval_acc = 84.75
2021-06-16 23:22:22,064 - Discovery -   train_loss = 0.03385443426668644
2021-06-16 23:22:23,120 - Discovery - ***** Epoch: 78: Eval results *****
2021-06-16 23:22:23,121 - Discovery -   best_acc = 85.16
2021-06-16 23:22:23,121 - Discovery -   eval_acc = 84.75
2021-06-16 23:22:23,123 - Discovery -   train_loss = 0.02836456863830487
2021-06-16 23:22:24,183 - Discovery - ***** Epoch: 79: Eval results *****
2021-06-16 23:22:24,184 - Discovery -   best_acc = 85.16
2021-06-16 23:22:24,184 - Discovery -   eval_acc = 84.89
2021-06-16 23:22:24,184 - Discovery -   train_loss = 0.0291849613810579
2021-06-16 23:22:25,246 - Discovery - ***** Epoch: 80: Eval results *****
2021-06-16 23:22:25,246 - Discovery -   best_acc = 85.16
2021-06-16 23:22:25,246 - Discovery -   eval_acc = 84.89
2021-06-16 23:22:25,246 - Discovery -   train_loss = 0.027026269274453323
2021-06-16 23:22:26,315 - Discovery - ***** Epoch: 81: Eval results *****
2021-06-16 23:22:26,315 - Discovery -   best_acc = 85.16
2021-06-16 23:22:26,315 - Discovery -   eval_acc = 84.89
2021-06-16 23:22:26,315 - Discovery -   train_loss = 0.02922926004976034
2021-06-16 23:22:27,375 - Discovery - ***** Epoch: 82: Eval results *****
2021-06-16 23:22:27,375 - Discovery -   best_acc = 85.16
2021-06-16 23:22:27,375 - Discovery -   eval_acc = 84.89
2021-06-16 23:22:27,375 - Discovery -   train_loss = 0.029370737882951897
2021-06-16 23:22:27,958 - Discovery - Pre-training finished...
2021-06-16 23:22:27,967 - Discovery - Training Begin...
2021-06-16 23:23:21,960 - Discovery - ***** Epoch: 1: Eval results *****
2021-06-16 23:23:21,960 - Discovery -   best_cluster_silhouette_score = 0.22535783
2021-06-16 23:23:21,960 - Discovery -   cluster_silhouette_score = 0.21608846
2021-06-16 23:23:21,960 - Discovery -   train_loss = 4.161466779843183
2021-06-16 23:23:53,529 - Discovery - ***** Epoch: 2: Eval results *****
2021-06-16 23:23:53,529 - Discovery -   best_cluster_silhouette_score = 0.22535783
2021-06-16 23:23:53,529 - Discovery -   cluster_silhouette_score = 0.22008455
2021-06-16 23:23:53,529 - Discovery -   train_loss = 3.258111681736691
2021-06-16 23:24:24,846 - Discovery - ***** Epoch: 3: Eval results *****
2021-06-16 23:24:24,846 - Discovery -   best_cluster_silhouette_score = 0.22535783
2021-06-16 23:24:24,846 - Discovery -   cluster_silhouette_score = 0.2411944
2021-06-16 23:24:24,846 - Discovery -   train_loss = 2.292605809762444
2021-06-16 23:24:55,374 - Discovery - ***** Epoch: 4: Eval results *****
2021-06-16 23:24:55,375 - Discovery -   best_cluster_silhouette_score = 0.2411944
2021-06-16 23:24:55,375 - Discovery -   cluster_silhouette_score = 0.2736308
2021-06-16 23:24:55,375 - Discovery -   train_loss = 1.5904684419363317
2021-06-16 23:25:25,089 - Discovery - ***** Epoch: 5: Eval results *****
2021-06-16 23:25:25,089 - Discovery -   best_cluster_silhouette_score = 0.2736308
2021-06-16 23:25:25,089 - Discovery -   cluster_silhouette_score = 0.2998821
2021-06-16 23:25:25,089 - Discovery -   train_loss = 1.1192629421260996
2021-06-16 23:25:54,883 - Discovery - ***** Epoch: 6: Eval results *****
2021-06-16 23:25:54,883 - Discovery -   best_cluster_silhouette_score = 0.2998821
2021-06-16 23:25:54,883 - Discovery -   cluster_silhouette_score = 0.32105622
2021-06-16 23:25:54,883 - Discovery -   train_loss = 0.8248553628652868
2021-06-16 23:26:25,098 - Discovery - ***** Epoch: 7: Eval results *****
2021-06-16 23:26:25,098 - Discovery -   best_cluster_silhouette_score = 0.32105622
2021-06-16 23:26:25,098 - Discovery -   cluster_silhouette_score = 0.35186726
2021-06-16 23:26:25,098 - Discovery -   train_loss = 0.6668471551277269
2021-06-16 23:26:55,113 - Discovery - ***** Epoch: 8: Eval results *****
2021-06-16 23:26:55,114 - Discovery -   best_cluster_silhouette_score = 0.35186726
2021-06-16 23:26:55,114 - Discovery -   cluster_silhouette_score = 0.3708341
2021-06-16 23:26:55,114 - Discovery -   train_loss = 0.5172030270939142
2021-06-16 23:27:25,259 - Discovery - ***** Epoch: 9: Eval results *****
2021-06-16 23:27:25,259 - Discovery -   best_cluster_silhouette_score = 0.3708341
2021-06-16 23:27:25,260 - Discovery -   cluster_silhouette_score = 0.37947854
2021-06-16 23:27:25,260 - Discovery -   train_loss = 0.4688992869686073
2021-06-16 23:27:55,281 - Discovery - ***** Epoch: 10: Eval results *****
2021-06-16 23:27:55,281 - Discovery -   best_cluster_silhouette_score = 0.37947854
2021-06-16 23:27:55,281 - Discovery -   cluster_silhouette_score = 0.3932277
2021-06-16 23:27:55,281 - Discovery -   train_loss = 0.39708231578410513
2021-06-16 23:28:25,504 - Discovery - ***** Epoch: 11: Eval results *****
2021-06-16 23:28:25,504 - Discovery -   best_cluster_silhouette_score = 0.3932277
2021-06-16 23:28:25,504 - Discovery -   cluster_silhouette_score = 0.40540507
2021-06-16 23:28:25,504 - Discovery -   train_loss = 0.3749798051488232
2021-06-16 23:28:55,998 - Discovery - ***** Epoch: 12: Eval results *****
2021-06-16 23:28:55,998 - Discovery -   best_cluster_silhouette_score = 0.40540507
2021-06-16 23:28:55,998 - Discovery -   cluster_silhouette_score = 0.419369
2021-06-16 23:28:55,998 - Discovery -   train_loss = 0.33659387831117066
2021-06-16 23:29:26,245 - Discovery - ***** Epoch: 13: Eval results *****
2021-06-16 23:29:26,245 - Discovery -   best_cluster_silhouette_score = 0.419369
2021-06-16 23:29:26,245 - Discovery -   cluster_silhouette_score = 0.43137598
2021-06-16 23:29:26,245 - Discovery -   train_loss = 0.2480763983978352
2021-06-16 23:29:56,356 - Discovery - ***** Epoch: 14: Eval results *****
2021-06-16 23:29:56,356 - Discovery -   best_cluster_silhouette_score = 0.43137598
2021-06-16 23:29:56,356 - Discovery -   cluster_silhouette_score = 0.42991233
2021-06-16 23:29:56,356 - Discovery -   train_loss = 0.22487315052831677
2021-06-16 23:30:27,027 - Discovery - ***** Epoch: 15: Eval results *****
2021-06-16 23:30:27,027 - Discovery -   best_cluster_silhouette_score = 0.43137598
2021-06-16 23:30:27,028 - Discovery -   cluster_silhouette_score = 0.44178107
2021-06-16 23:30:27,028 - Discovery -   train_loss = 0.33054148626159613
2021-06-16 23:30:57,974 - Discovery - ***** Epoch: 16: Eval results *****
2021-06-16 23:30:57,974 - Discovery -   best_cluster_silhouette_score = 0.44178107
2021-06-16 23:30:57,974 - Discovery -   cluster_silhouette_score = 0.45007923
2021-06-16 23:30:57,974 - Discovery -   train_loss = 0.22875967464396652
2021-06-16 23:31:27,486 - Discovery - ***** Epoch: 17: Eval results *****
2021-06-16 23:31:27,486 - Discovery -   best_cluster_silhouette_score = 0.45007923
2021-06-16 23:31:27,486 - Discovery -   cluster_silhouette_score = 0.45414722
2021-06-16 23:31:27,486 - Discovery -   train_loss = 0.2121616389969705
2021-06-16 23:31:56,736 - Discovery - ***** Epoch: 18: Eval results *****
2021-06-16 23:31:56,736 - Discovery -   best_cluster_silhouette_score = 0.45414722
2021-06-16 23:31:56,737 - Discovery -   cluster_silhouette_score = 0.4517037
2021-06-16 23:31:56,737 - Discovery -   train_loss = 0.20122455522208146
2021-06-16 23:32:26,686 - Discovery - ***** Epoch: 19: Eval results *****
2021-06-16 23:32:26,686 - Discovery -   best_cluster_silhouette_score = 0.45414722
2021-06-16 23:32:26,686 - Discovery -   cluster_silhouette_score = 0.45377603
2021-06-16 23:32:26,686 - Discovery -   train_loss = 0.2437867210574553
2021-06-16 23:32:56,132 - Discovery - ***** Epoch: 20: Eval results *****
2021-06-16 23:32:56,132 - Discovery -   best_cluster_silhouette_score = 0.45414722
2021-06-16 23:32:56,132 - Discovery -   cluster_silhouette_score = 0.4622111
2021-06-16 23:32:56,133 - Discovery -   train_loss = 0.19746760898072954
2021-06-16 23:33:25,201 - Discovery - ***** Epoch: 21: Eval results *****
2021-06-16 23:33:25,201 - Discovery -   best_cluster_silhouette_score = 0.4622111
2021-06-16 23:33:25,201 - Discovery -   cluster_silhouette_score = 0.45894814
2021-06-16 23:33:25,201 - Discovery -   train_loss = 0.19013770758895807
2021-06-16 23:33:55,122 - Discovery - ***** Epoch: 22: Eval results *****
2021-06-16 23:33:55,123 - Discovery -   best_cluster_silhouette_score = 0.4622111
2021-06-16 23:33:55,123 - Discovery -   cluster_silhouette_score = 0.4597925
2021-06-16 23:33:55,123 - Discovery -   train_loss = 0.2524916449378074
2021-06-16 23:34:25,679 - Discovery - ***** Epoch: 23: Eval results *****
2021-06-16 23:34:25,679 - Discovery -   best_cluster_silhouette_score = 0.4622111
2021-06-16 23:34:25,679 - Discovery -   cluster_silhouette_score = 0.4705404
2021-06-16 23:34:25,679 - Discovery -   train_loss = 0.20826261700458928
2021-06-16 23:34:55,055 - Discovery - ***** Epoch: 24: Eval results *****
2021-06-16 23:34:55,055 - Discovery -   best_cluster_silhouette_score = 0.4705404
2021-06-16 23:34:55,055 - Discovery -   cluster_silhouette_score = 0.46456936
2021-06-16 23:34:55,055 - Discovery -   train_loss = 0.16504668822170984
2021-06-16 23:35:24,176 - Discovery - ***** Epoch: 25: Eval results *****
2021-06-16 23:35:24,176 - Discovery -   best_cluster_silhouette_score = 0.4705404
2021-06-16 23:35:24,176 - Discovery -   cluster_silhouette_score = 0.47341684
2021-06-16 23:35:24,176 - Discovery -   train_loss = 0.17573298115125843
2021-06-16 23:35:53,865 - Discovery - ***** Epoch: 26: Eval results *****
2021-06-16 23:35:53,865 - Discovery -   best_cluster_silhouette_score = 0.47341684
2021-06-16 23:35:53,865 - Discovery -   cluster_silhouette_score = 0.46797407
2021-06-16 23:35:53,865 - Discovery -   train_loss = 0.17940124690952436
2021-06-16 23:36:23,648 - Discovery - ***** Epoch: 27: Eval results *****
2021-06-16 23:36:23,648 - Discovery -   best_cluster_silhouette_score = 0.47341684
2021-06-16 23:36:23,648 - Discovery -   cluster_silhouette_score = 0.474458
2021-06-16 23:36:23,648 - Discovery -   train_loss = 0.23460286205083553
2021-06-16 23:36:53,164 - Discovery - ***** Epoch: 28: Eval results *****
2021-06-16 23:36:53,164 - Discovery -   best_cluster_silhouette_score = 0.474458
2021-06-16 23:36:53,164 - Discovery -   cluster_silhouette_score = 0.47386813
2021-06-16 23:36:53,164 - Discovery -   train_loss = 0.23087038865811388
2021-06-16 23:37:22,099 - Discovery - ***** Epoch: 29: Eval results *****
2021-06-16 23:37:22,099 - Discovery -   best_cluster_silhouette_score = 0.474458
2021-06-16 23:37:22,099 - Discovery -   cluster_silhouette_score = 0.47352293
2021-06-16 23:37:22,099 - Discovery -   train_loss = 0.22062210896065537
2021-06-16 23:37:51,561 - Discovery - ***** Epoch: 30: Eval results *****
2021-06-16 23:37:51,561 - Discovery -   best_cluster_silhouette_score = 0.474458
2021-06-16 23:37:51,561 - Discovery -   cluster_silhouette_score = 0.47110474
2021-06-16 23:37:51,561 - Discovery -   train_loss = 0.22538483740997986
2021-06-16 23:38:20,966 - Discovery - ***** Epoch: 31: Eval results *****
2021-06-16 23:38:20,966 - Discovery -   best_cluster_silhouette_score = 0.474458
2021-06-16 23:38:20,966 - Discovery -   cluster_silhouette_score = 0.47699046
2021-06-16 23:38:20,966 - Discovery -   train_loss = 0.20405375600700648
2021-06-16 23:38:50,750 - Discovery - ***** Epoch: 32: Eval results *****
2021-06-16 23:38:50,750 - Discovery -   best_cluster_silhouette_score = 0.47699046
2021-06-16 23:38:50,750 - Discovery -   cluster_silhouette_score = 0.48050487
2021-06-16 23:38:50,750 - Discovery -   train_loss = 0.17349846692572177
2021-06-16 23:39:20,122 - Discovery - ***** Epoch: 33: Eval results *****
2021-06-16 23:39:20,122 - Discovery -   best_cluster_silhouette_score = 0.48050487
2021-06-16 23:39:20,122 - Discovery -   cluster_silhouette_score = 0.48676395
2021-06-16 23:39:20,122 - Discovery -   train_loss = 0.1793563157110147
2021-06-16 23:39:49,674 - Discovery - ***** Epoch: 34: Eval results *****
2021-06-16 23:39:49,674 - Discovery -   best_cluster_silhouette_score = 0.48676395
2021-06-16 23:39:49,676 - Discovery -   cluster_silhouette_score = 0.48406672
2021-06-16 23:39:49,676 - Discovery -   train_loss = 0.1792701252959144
2021-06-16 23:40:18,341 - Discovery - ***** Epoch: 35: Eval results *****
2021-06-16 23:40:18,341 - Discovery -   best_cluster_silhouette_score = 0.48676395
2021-06-16 23:40:18,341 - Discovery -   cluster_silhouette_score = 0.48799533
2021-06-16 23:40:18,341 - Discovery -   train_loss = 0.12440698735520873
2021-06-16 23:40:47,624 - Discovery - ***** Epoch: 36: Eval results *****
2021-06-16 23:40:47,624 - Discovery -   best_cluster_silhouette_score = 0.48799533
2021-06-16 23:40:47,624 - Discovery -   cluster_silhouette_score = 0.48812044
2021-06-16 23:40:47,624 - Discovery -   train_loss = 0.17247553935772936
2021-06-16 23:41:17,250 - Discovery - ***** Epoch: 37: Eval results *****
2021-06-16 23:41:17,250 - Discovery -   best_cluster_silhouette_score = 0.48812044
2021-06-16 23:41:17,250 - Discovery -   cluster_silhouette_score = 0.4869822
2021-06-16 23:41:17,250 - Discovery -   train_loss = 0.1971451538864156
2021-06-16 23:41:46,545 - Discovery - ***** Epoch: 38: Eval results *****
2021-06-16 23:41:46,546 - Discovery -   best_cluster_silhouette_score = 0.48812044
2021-06-16 23:41:46,546 - Discovery -   cluster_silhouette_score = 0.4908923
2021-06-16 23:41:46,546 - Discovery -   train_loss = 0.14185011213724041
2021-06-16 23:42:16,083 - Discovery - ***** Epoch: 39: Eval results *****
2021-06-16 23:42:16,083 - Discovery -   best_cluster_silhouette_score = 0.4908923
2021-06-16 23:42:16,083 - Discovery -   cluster_silhouette_score = 0.4844712
2021-06-16 23:42:16,083 - Discovery -   train_loss = 0.18398210663400905
2021-06-16 23:42:45,258 - Discovery - ***** Epoch: 40: Eval results *****
2021-06-16 23:42:45,258 - Discovery -   best_cluster_silhouette_score = 0.4908923
2021-06-16 23:42:45,258 - Discovery -   cluster_silhouette_score = 0.48742944
2021-06-16 23:42:45,258 - Discovery -   train_loss = 0.16466557795942668
2021-06-16 23:43:14,740 - Discovery - ***** Epoch: 41: Eval results *****
2021-06-16 23:43:14,740 - Discovery -   best_cluster_silhouette_score = 0.4908923
2021-06-16 23:43:14,740 - Discovery -   cluster_silhouette_score = 0.49335378
2021-06-16 23:43:14,741 - Discovery -   train_loss = 0.18902679034312006
2021-06-16 23:43:44,088 - Discovery - ***** Epoch: 42: Eval results *****
2021-06-16 23:43:44,088 - Discovery -   best_cluster_silhouette_score = 0.49335378
2021-06-16 23:43:44,088 - Discovery -   cluster_silhouette_score = 0.49093798
2021-06-16 23:43:44,088 - Discovery -   train_loss = 0.13172023470552874
2021-06-16 23:44:13,602 - Discovery - ***** Epoch: 43: Eval results *****
2021-06-16 23:44:13,603 - Discovery -   best_cluster_silhouette_score = 0.49335378
2021-06-16 23:44:13,604 - Discovery -   cluster_silhouette_score = 0.48708808
2021-06-16 23:44:13,605 - Discovery -   train_loss = 0.2234593280919001
2021-06-16 23:44:42,589 - Discovery - ***** Epoch: 44: Eval results *****
2021-06-16 23:44:42,590 - Discovery -   best_cluster_silhouette_score = 0.49335378
2021-06-16 23:44:42,590 - Discovery -   cluster_silhouette_score = 0.4862068
2021-06-16 23:44:42,590 - Discovery -   train_loss = 0.17679570667760472
2021-06-16 23:45:12,114 - Discovery - ***** Epoch: 45: Eval results *****
2021-06-16 23:45:12,115 - Discovery -   best_cluster_silhouette_score = 0.49335378
2021-06-16 23:45:12,115 - Discovery -   cluster_silhouette_score = 0.4829247
2021-06-16 23:45:12,115 - Discovery -   train_loss = 0.189168096900406
2021-06-16 23:45:41,539 - Discovery - ***** Epoch: 46: Eval results *****
2021-06-16 23:45:41,539 - Discovery -   best_cluster_silhouette_score = 0.49335378
2021-06-16 23:45:41,539 - Discovery -   cluster_silhouette_score = 0.48702115
2021-06-16 23:45:41,539 - Discovery -   train_loss = 0.1905975835004323
2021-06-16 23:46:10,416 - Discovery - ***** Epoch: 47: Eval results *****
2021-06-16 23:46:10,416 - Discovery -   best_cluster_silhouette_score = 0.49335378
2021-06-16 23:46:10,416 - Discovery -   cluster_silhouette_score = 0.49465927
2021-06-16 23:46:10,416 - Discovery -   train_loss = 0.1730212281707307
2021-06-16 23:46:39,702 - Discovery - ***** Epoch: 48: Eval results *****
2021-06-16 23:46:39,702 - Discovery -   best_cluster_silhouette_score = 0.49465927
2021-06-16 23:46:39,702 - Discovery -   cluster_silhouette_score = 0.49213406
2021-06-16 23:46:39,702 - Discovery -   train_loss = 0.14877414845035108
2021-06-16 23:47:10,123 - Discovery - ***** Epoch: 49: Eval results *****
2021-06-16 23:47:10,123 - Discovery -   best_cluster_silhouette_score = 0.49465927
2021-06-16 23:47:10,123 - Discovery -   cluster_silhouette_score = 0.50052434
2021-06-16 23:47:10,123 - Discovery -   train_loss = 0.15337029330327479
2021-06-16 23:47:39,669 - Discovery - ***** Epoch: 50: Eval results *****
2021-06-16 23:47:39,669 - Discovery -   best_cluster_silhouette_score = 0.50052434
2021-06-16 23:47:39,669 - Discovery -   cluster_silhouette_score = 0.49913496
2021-06-16 23:47:39,669 - Discovery -   train_loss = 0.1884471291387585
2021-06-16 23:48:09,039 - Discovery - ***** Epoch: 51: Eval results *****
2021-06-16 23:48:09,039 - Discovery -   best_cluster_silhouette_score = 0.50052434
2021-06-16 23:48:09,039 - Discovery -   cluster_silhouette_score = 0.49251768
2021-06-16 23:48:09,039 - Discovery -   train_loss = 0.22463703937303853
2021-06-16 23:48:39,032 - Discovery - ***** Epoch: 52: Eval results *****
2021-06-16 23:48:39,032 - Discovery -   best_cluster_silhouette_score = 0.50052434
2021-06-16 23:48:39,032 - Discovery -   cluster_silhouette_score = 0.49071738
2021-06-16 23:48:39,032 - Discovery -   train_loss = 0.19323211299701476
2021-06-16 23:49:09,317 - Discovery - ***** Epoch: 53: Eval results *****
2021-06-16 23:49:09,318 - Discovery -   best_cluster_silhouette_score = 0.50052434
2021-06-16 23:49:09,318 - Discovery -   cluster_silhouette_score = 0.49198836
2021-06-16 23:49:09,318 - Discovery -   train_loss = 0.16768310137722695
2021-06-16 23:49:39,484 - Discovery - ***** Epoch: 54: Eval results *****
2021-06-16 23:49:39,484 - Discovery -   best_cluster_silhouette_score = 0.50052434
2021-06-16 23:49:39,484 - Discovery -   cluster_silhouette_score = 0.49826664
2021-06-16 23:49:39,484 - Discovery -   train_loss = 0.25212415790473913
2021-06-16 23:50:08,400 - Discovery - ***** Epoch: 55: Eval results *****
2021-06-16 23:50:08,400 - Discovery -   best_cluster_silhouette_score = 0.50052434
2021-06-16 23:50:08,400 - Discovery -   cluster_silhouette_score = 0.49169755
2021-06-16 23:50:08,400 - Discovery -   train_loss = 0.2029024500819579
2021-06-16 23:50:38,055 - Discovery - ***** Epoch: 56: Eval results *****
2021-06-16 23:50:38,055 - Discovery -   best_cluster_silhouette_score = 0.50052434
2021-06-16 23:50:38,055 - Discovery -   cluster_silhouette_score = 0.4879823
2021-06-16 23:50:38,055 - Discovery -   train_loss = 0.17731911368982892
2021-06-16 23:51:07,281 - Discovery - ***** Epoch: 57: Eval results *****
2021-06-16 23:51:07,281 - Discovery -   best_cluster_silhouette_score = 0.50052434
2021-06-16 23:51:07,281 - Discovery -   cluster_silhouette_score = 0.49418554
2021-06-16 23:51:07,281 - Discovery -   train_loss = 0.15798801330613418
2021-06-16 23:51:36,480 - Discovery - ***** Epoch: 58: Eval results *****
2021-06-16 23:51:36,480 - Discovery -   best_cluster_silhouette_score = 0.50052434
2021-06-16 23:51:36,480 - Discovery -   cluster_silhouette_score = 0.49220198
2021-06-16 23:51:36,480 - Discovery -   train_loss = 0.18206054921930945
2021-06-16 23:52:06,331 - Discovery - ***** Epoch: 59: Eval results *****
2021-06-16 23:52:06,331 - Discovery -   best_cluster_silhouette_score = 0.50052434
2021-06-16 23:52:06,331 - Discovery -   cluster_silhouette_score = 0.49893624
2021-06-16 23:52:06,331 - Discovery -   train_loss = 0.19366048334140173
2021-06-16 23:52:36,199 - Discovery - ***** Epoch: 60: Eval results *****
2021-06-16 23:52:36,200 - Discovery -   best_cluster_silhouette_score = 0.50052434
2021-06-16 23:52:36,200 - Discovery -   cluster_silhouette_score = 0.49472237
2021-06-16 23:52:36,200 - Discovery -   train_loss = 0.14013096485549295
2021-06-16 23:53:05,134 - Discovery - ***** Epoch: 61: Eval results *****
2021-06-16 23:53:05,134 - Discovery -   best_cluster_silhouette_score = 0.50052434
2021-06-16 23:53:05,134 - Discovery -   cluster_silhouette_score = 0.49582887
2021-06-16 23:53:05,134 - Discovery -   train_loss = 0.21981988437998462
2021-06-16 23:53:34,427 - Discovery - ***** Epoch: 62: Eval results *****
2021-06-16 23:53:34,427 - Discovery -   best_cluster_silhouette_score = 0.50052434
2021-06-16 23:53:34,427 - Discovery -   cluster_silhouette_score = 0.49567744
2021-06-16 23:53:34,427 - Discovery -   train_loss = 0.1364529571482833
2021-06-16 23:54:03,437 - Discovery - ***** Epoch: 63: Eval results *****
2021-06-16 23:54:03,437 - Discovery -   best_cluster_silhouette_score = 0.50052434
2021-06-16 23:54:03,437 - Discovery -   cluster_silhouette_score = 0.4810015
2021-06-16 23:54:03,437 - Discovery -   train_loss = 0.19223905800723692
2021-06-16 23:54:32,519 - Discovery - ***** Epoch: 64: Eval results *****
2021-06-16 23:54:32,519 - Discovery -   best_cluster_silhouette_score = 0.50052434
2021-06-16 23:54:32,519 - Discovery -   cluster_silhouette_score = 0.49160382
2021-06-16 23:54:32,519 - Discovery -   train_loss = 0.19044180077985978
2021-06-16 23:55:02,333 - Discovery - ***** Epoch: 65: Eval results *****
2021-06-16 23:55:02,333 - Discovery -   best_cluster_silhouette_score = 0.50052434
2021-06-16 23:55:02,333 - Discovery -   cluster_silhouette_score = 0.48717296
2021-06-16 23:55:02,333 - Discovery -   train_loss = 0.21209433816478285
2021-06-16 23:55:31,962 - Discovery - ***** Epoch: 66: Eval results *****
2021-06-16 23:55:31,962 - Discovery -   best_cluster_silhouette_score = 0.50052434
2021-06-16 23:55:31,962 - Discovery -   cluster_silhouette_score = 0.48681766
2021-06-16 23:55:31,962 - Discovery -   train_loss = 0.2863347698790087
2021-06-16 23:56:00,969 - Discovery - ***** Epoch: 67: Eval results *****
2021-06-16 23:56:00,969 - Discovery -   best_cluster_silhouette_score = 0.50052434
2021-06-16 23:56:00,970 - Discovery -   cluster_silhouette_score = 0.49825177
2021-06-16 23:56:00,970 - Discovery -   train_loss = 0.15105063531180501
2021-06-16 23:56:29,745 - Discovery - ***** Epoch: 68: Eval results *****
2021-06-16 23:56:29,745 - Discovery -   best_cluster_silhouette_score = 0.50052434
2021-06-16 23:56:29,745 - Discovery -   cluster_silhouette_score = 0.49757877
2021-06-16 23:56:29,745 - Discovery -   train_loss = 0.19950148812167243
2021-06-16 23:56:58,743 - Discovery - ***** Epoch: 69: Eval results *****
2021-06-16 23:56:58,744 - Discovery -   best_cluster_silhouette_score = 0.50052434
2021-06-16 23:56:58,744 - Discovery -   cluster_silhouette_score = 0.4939219
2021-06-16 23:56:58,744 - Discovery -   train_loss = 0.29422371136680453
2021-06-16 23:56:59,387 - Discovery - Training Finished...
2021-06-16 23:56:59,387 - Discovery - Testing begin...
2021-06-16 23:57:08,878 - Discovery - ***** Test: Confusion Matrix *****
2021-06-16 23:57:08,878 - Discovery - [[0 0 0 ... 0 0 0]
 [0 0 1 ... 0 0 0]
 [0 0 0 ... 0 0 0]
 ...
 [0 0 0 ... 0 0 0]
 [0 0 0 ... 0 0 0]
 [0 0 0 ... 0 0 0]]
2021-06-16 23:57:08,878 - Discovery - ***** Test results *****
2021-06-16 23:57:08,878 - Discovery -   ACC = 66.04
2021-06-16 23:57:08,878 - Discovery -   ARI = 53.27
2021-06-16 23:57:08,878 - Discovery -   NMI = 79.65
2021-06-16 23:57:08,879 - Discovery - Testing finished...
2021-06-16 23:57:08,879 - Discovery - Results saved in results/results_DeepAligned.csv
2021-06-16 23:57:08,901 - Discovery - Open Intent Discovery Finished...
