2021-06-16 17:54:35,079 - Discovery - Open Intent Discovery Begin...
2021-06-16 17:54:35,079 - Discovery - Parameters Initialization...
2021-06-16 17:54:35,080 - Discovery - ============================== Params ==============================
2021-06-16 17:54:35,080 - Discovery - type:	open_intent_detection
2021-06-16 17:54:35,080 - Discovery - dataset:	banking
2021-06-16 17:54:35,080 - Discovery - known_cls_ratio:	0.75
2021-06-16 17:54:35,080 - Discovery - labeled_ratio:	0.1
2021-06-16 17:54:35,080 - Discovery - cluster_num_factor:	1.0
2021-06-16 17:54:35,080 - Discovery - method:	DeepAligned
2021-06-16 17:54:35,080 - Discovery - train:	True
2021-06-16 17:54:35,080 - Discovery - save_model:	False
2021-06-16 17:54:35,080 - Discovery - backbone:	bert
2021-06-16 17:54:35,080 - Discovery - num_train_epochs:	100
2021-06-16 17:54:35,080 - Discovery - setting:	semi_supervised
2021-06-16 17:54:35,080 - Discovery - config_file_name:	DeepAligned
2021-06-16 17:54:35,080 - Discovery - seed:	0
2021-06-16 17:54:35,080 - Discovery - gpu_id:	0
2021-06-16 17:54:35,080 - Discovery - pipe_results_path:	pipe_results
2021-06-16 17:54:35,080 - Discovery - data_dir:	/home/zhanghanlei/git/TEXTOIR/open_intent_discovery/data
2021-06-16 17:54:35,080 - Discovery - output_dir:	outputs
2021-06-16 17:54:35,080 - Discovery - model_dir:	models
2021-06-16 17:54:35,080 - Discovery - result_dir:	results
2021-06-16 17:54:35,080 - Discovery - results_file_name:	results.csv
2021-06-16 17:54:35,080 - Discovery - save_results:	False
2021-06-16 17:54:35,080 - Discovery - method_output_dir:	outputs/open_intent_detection/DeepAligned_banking_0.75_0.1_bert
2021-06-16 17:54:35,080 - Discovery - model_output_dir:	outputs/open_intent_detection/DeepAligned_banking_0.75_0.1_bert/models
2021-06-16 17:54:35,080 - Discovery - bert_model:	/home/sharing/disk1/pretrained_embedding/bert/uncased_L-12_H-768_A-12/
2021-06-16 17:54:35,080 - Discovery - max_seq_length:	None
2021-06-16 17:54:35,080 - Discovery - freeze_bert_parameters:	True
2021-06-16 17:54:35,080 - Discovery - feat_dim:	768
2021-06-16 17:54:35,080 - Discovery - warmup_proportion:	0.1
2021-06-16 17:54:35,080 - Discovery - lr_pre:	5e-05
2021-06-16 17:54:35,080 - Discovery - lr:	5e-05
2021-06-16 17:54:35,080 - Discovery - loss_fct:	CrossEntropyLoss
2021-06-16 17:54:35,080 - Discovery - train_batch_size:	128
2021-06-16 17:54:35,080 - Discovery - eval_batch_size:	64
2021-06-16 17:54:35,080 - Discovery - test_batch_size:	64
2021-06-16 17:54:35,080 - Discovery - num_pretrain_epochs:	100
2021-06-16 17:54:35,080 - Discovery - wait_patient:	20
2021-06-16 17:54:35,080 - Discovery - ============================== End Params ==============================
2021-06-16 17:54:35,080 - Discovery - Data and Model Preparation...
2021-06-16 17:54:35,791 - Discovery - Number of labeled samples = 673
2021-06-16 17:54:35,792 - Discovery - Number of unlabeled samples = 8330
2021-06-16 17:54:45,104 - Discovery - Pre-raining start...
2021-06-16 17:54:52,080 - Discovery - ***** Epoch: 1: Eval results *****
2021-06-16 17:54:52,080 - Discovery -   best_acc = 0
2021-06-16 17:54:52,080 - Discovery -   eval_acc = 1.74
2021-06-16 17:54:52,080 - Discovery -   train_loss = 4.064779122670491
2021-06-16 17:54:55,282 - Discovery - ***** Epoch: 2: Eval results *****
2021-06-16 17:54:55,282 - Discovery -   best_acc = 1.74
2021-06-16 17:54:55,282 - Discovery -   eval_acc = 3.34
2021-06-16 17:54:55,282 - Discovery -   train_loss = 4.041204611460368
2021-06-16 17:54:58,688 - Discovery - ***** Epoch: 3: Eval results *****
2021-06-16 17:54:58,688 - Discovery -   best_acc = 3.34
2021-06-16 17:54:58,688 - Discovery -   eval_acc = 4.68
2021-06-16 17:54:58,688 - Discovery -   train_loss = 3.994597315788269
2021-06-16 17:55:01,963 - Discovery - ***** Epoch: 4: Eval results *****
2021-06-16 17:55:01,963 - Discovery -   best_acc = 4.68
2021-06-16 17:55:01,963 - Discovery -   eval_acc = 7.49
2021-06-16 17:55:01,963 - Discovery -   train_loss = 3.922840674718221
2021-06-16 17:55:05,131 - Discovery - ***** Epoch: 5: Eval results *****
2021-06-16 17:55:05,131 - Discovery -   best_acc = 7.49
2021-06-16 17:55:05,131 - Discovery -   eval_acc = 16.44
2021-06-16 17:55:05,131 - Discovery -   train_loss = 3.793906052907308
2021-06-16 17:55:08,341 - Discovery - ***** Epoch: 6: Eval results *****
2021-06-16 17:55:08,341 - Discovery -   best_acc = 16.44
2021-06-16 17:55:08,341 - Discovery -   eval_acc = 27.14
2021-06-16 17:55:08,341 - Discovery -   train_loss = 3.5255759159723916
2021-06-16 17:55:11,508 - Discovery - ***** Epoch: 7: Eval results *****
2021-06-16 17:55:11,508 - Discovery -   best_acc = 27.14
2021-06-16 17:55:11,508 - Discovery -   eval_acc = 41.31
2021-06-16 17:55:11,508 - Discovery -   train_loss = 3.0424757401148477
2021-06-16 17:55:14,703 - Discovery - ***** Epoch: 8: Eval results *****
2021-06-16 17:55:14,703 - Discovery -   best_acc = 41.31
2021-06-16 17:55:14,703 - Discovery -   eval_acc = 50.94
2021-06-16 17:55:14,703 - Discovery -   train_loss = 2.5578994353612265
2021-06-16 17:55:17,893 - Discovery - ***** Epoch: 9: Eval results *****
2021-06-16 17:55:17,893 - Discovery -   best_acc = 50.94
2021-06-16 17:55:17,893 - Discovery -   eval_acc = 60.7
2021-06-16 17:55:17,893 - Discovery -   train_loss = 2.0311789909998574
2021-06-16 17:55:21,390 - Discovery - ***** Epoch: 10: Eval results *****
2021-06-16 17:55:21,390 - Discovery -   best_acc = 60.7
2021-06-16 17:55:21,390 - Discovery -   eval_acc = 66.31
2021-06-16 17:55:21,390 - Discovery -   train_loss = 1.5986552834510803
2021-06-16 17:55:24,598 - Discovery - ***** Epoch: 11: Eval results *****
2021-06-16 17:55:24,598 - Discovery -   best_acc = 66.31
2021-06-16 17:55:24,598 - Discovery -   eval_acc = 70.99
2021-06-16 17:55:24,598 - Discovery -   train_loss = 1.2519824306170146
2021-06-16 17:55:27,779 - Discovery - ***** Epoch: 12: Eval results *****
2021-06-16 17:55:27,779 - Discovery -   best_acc = 70.99
2021-06-16 17:55:27,779 - Discovery -   eval_acc = 72.73
2021-06-16 17:55:27,779 - Discovery -   train_loss = 0.9876683255036672
2021-06-16 17:55:30,954 - Discovery - ***** Epoch: 13: Eval results *****
2021-06-16 17:55:30,954 - Discovery -   best_acc = 72.73
2021-06-16 17:55:30,954 - Discovery -   eval_acc = 75.67
2021-06-16 17:55:30,954 - Discovery -   train_loss = 0.7932207385698954
2021-06-16 17:55:34,111 - Discovery - ***** Epoch: 14: Eval results *****
2021-06-16 17:55:34,112 - Discovery -   best_acc = 75.67
2021-06-16 17:55:34,112 - Discovery -   eval_acc = 77.54
2021-06-16 17:55:34,112 - Discovery -   train_loss = 0.6126187046368917
2021-06-16 17:55:37,303 - Discovery - ***** Epoch: 15: Eval results *****
2021-06-16 17:55:37,303 - Discovery -   best_acc = 77.54
2021-06-16 17:55:37,303 - Discovery -   eval_acc = 78.61
2021-06-16 17:55:37,303 - Discovery -   train_loss = 0.5105206072330475
2021-06-16 17:55:40,548 - Discovery - ***** Epoch: 16: Eval results *****
2021-06-16 17:55:40,548 - Discovery -   best_acc = 78.61
2021-06-16 17:55:40,548 - Discovery -   eval_acc = 78.74
2021-06-16 17:55:40,548 - Discovery -   train_loss = 0.4213813742001851
2021-06-16 17:55:44,028 - Discovery - ***** Epoch: 17: Eval results *****
2021-06-16 17:55:44,028 - Discovery -   best_acc = 78.74
2021-06-16 17:55:44,028 - Discovery -   eval_acc = 79.81
2021-06-16 17:55:44,028 - Discovery -   train_loss = 0.3491768290599187
2021-06-16 17:55:47,235 - Discovery - ***** Epoch: 18: Eval results *****
2021-06-16 17:55:47,235 - Discovery -   best_acc = 79.81
2021-06-16 17:55:47,235 - Discovery -   eval_acc = 80.08
2021-06-16 17:55:47,235 - Discovery -   train_loss = 0.3009629448254903
2021-06-16 17:55:50,429 - Discovery - ***** Epoch: 19: Eval results *****
2021-06-16 17:55:50,429 - Discovery -   best_acc = 80.08
2021-06-16 17:55:50,429 - Discovery -   eval_acc = 79.95
2021-06-16 17:55:50,429 - Discovery -   train_loss = 0.24982168773810068
2021-06-16 17:55:53,644 - Discovery - ***** Epoch: 20: Eval results *****
2021-06-16 17:55:53,644 - Discovery -   best_acc = 80.08
2021-06-16 17:55:53,644 - Discovery -   eval_acc = 80.61
2021-06-16 17:55:53,644 - Discovery -   train_loss = 0.22213149815797806
2021-06-16 17:55:56,815 - Discovery - ***** Epoch: 21: Eval results *****
2021-06-16 17:55:56,815 - Discovery -   best_acc = 80.61
2021-06-16 17:55:56,815 - Discovery -   eval_acc = 80.48
2021-06-16 17:55:56,815 - Discovery -   train_loss = 0.18673819055159888
2021-06-16 17:55:59,960 - Discovery - ***** Epoch: 22: Eval results *****
2021-06-16 17:55:59,960 - Discovery -   best_acc = 80.61
2021-06-16 17:55:59,960 - Discovery -   eval_acc = 80.61
2021-06-16 17:55:59,960 - Discovery -   train_loss = 0.15968879560629526
2021-06-16 17:56:03,118 - Discovery - ***** Epoch: 23: Eval results *****
2021-06-16 17:56:03,118 - Discovery -   best_acc = 80.61
2021-06-16 17:56:03,118 - Discovery -   eval_acc = 80.48
2021-06-16 17:56:03,118 - Discovery -   train_loss = 0.14951602866252264
2021-06-16 17:56:06,625 - Discovery - ***** Epoch: 24: Eval results *****
2021-06-16 17:56:06,625 - Discovery -   best_acc = 80.61
2021-06-16 17:56:06,625 - Discovery -   eval_acc = 81.42
2021-06-16 17:56:06,625 - Discovery -   train_loss = 0.1398720939954122
2021-06-16 17:56:09,824 - Discovery - ***** Epoch: 25: Eval results *****
2021-06-16 17:56:09,824 - Discovery -   best_acc = 81.42
2021-06-16 17:56:09,824 - Discovery -   eval_acc = 81.68
2021-06-16 17:56:09,824 - Discovery -   train_loss = 0.11653899277249972
2021-06-16 17:56:13,020 - Discovery - ***** Epoch: 26: Eval results *****
2021-06-16 17:56:13,021 - Discovery -   best_acc = 81.68
2021-06-16 17:56:13,021 - Discovery -   eval_acc = 81.02
2021-06-16 17:56:13,021 - Discovery -   train_loss = 0.11217126622796059
2021-06-16 17:56:16,211 - Discovery - ***** Epoch: 27: Eval results *****
2021-06-16 17:56:16,212 - Discovery -   best_acc = 81.68
2021-06-16 17:56:16,212 - Discovery -   eval_acc = 80.88
2021-06-16 17:56:16,212 - Discovery -   train_loss = 0.09891438235839208
2021-06-16 17:56:19,433 - Discovery - ***** Epoch: 28: Eval results *****
2021-06-16 17:56:19,433 - Discovery -   best_acc = 81.68
2021-06-16 17:56:19,433 - Discovery -   eval_acc = 81.02
2021-06-16 17:56:19,433 - Discovery -   train_loss = 0.08932302022973697
2021-06-16 17:56:22,350 - Discovery - ***** Epoch: 29: Eval results *****
2021-06-16 17:56:22,350 - Discovery -   best_acc = 81.68
2021-06-16 17:56:22,350 - Discovery -   eval_acc = 81.28
2021-06-16 17:56:22,350 - Discovery -   train_loss = 0.08654776712258656
2021-06-16 17:56:24,348 - Discovery - ***** Epoch: 30: Eval results *****
2021-06-16 17:56:24,348 - Discovery -   best_acc = 81.68
2021-06-16 17:56:24,348 - Discovery -   eval_acc = 81.55
2021-06-16 17:56:24,348 - Discovery -   train_loss = 0.07751939694086711
2021-06-16 17:56:26,540 - Discovery - ***** Epoch: 31: Eval results *****
2021-06-16 17:56:26,540 - Discovery -   best_acc = 81.68
2021-06-16 17:56:26,540 - Discovery -   eval_acc = 81.95
2021-06-16 17:56:26,540 - Discovery -   train_loss = 0.07397389536102612
2021-06-16 17:56:28,517 - Discovery - ***** Epoch: 32: Eval results *****
2021-06-16 17:56:28,517 - Discovery -   best_acc = 81.95
2021-06-16 17:56:28,517 - Discovery -   eval_acc = 82.35
2021-06-16 17:56:28,518 - Discovery -   train_loss = 0.07128408302863438
2021-06-16 17:56:30,438 - Discovery - ***** Epoch: 33: Eval results *****
2021-06-16 17:56:30,438 - Discovery -   best_acc = 82.35
2021-06-16 17:56:30,438 - Discovery -   eval_acc = 82.09
2021-06-16 17:56:30,438 - Discovery -   train_loss = 0.06662881808976333
2021-06-16 17:56:32,369 - Discovery - ***** Epoch: 34: Eval results *****
2021-06-16 17:56:32,369 - Discovery -   best_acc = 82.35
2021-06-16 17:56:32,369 - Discovery -   eval_acc = 82.09
2021-06-16 17:56:32,369 - Discovery -   train_loss = 0.06247462518513203
2021-06-16 17:56:34,565 - Discovery - ***** Epoch: 35: Eval results *****
2021-06-16 17:56:34,565 - Discovery -   best_acc = 82.35
2021-06-16 17:56:34,565 - Discovery -   eval_acc = 81.95
2021-06-16 17:56:34,565 - Discovery -   train_loss = 0.05846459542711576
2021-06-16 17:56:37,441 - Discovery - ***** Epoch: 36: Eval results *****
2021-06-16 17:56:37,441 - Discovery -   best_acc = 82.35
2021-06-16 17:56:37,441 - Discovery -   eval_acc = 81.82
2021-06-16 17:56:37,441 - Discovery -   train_loss = 0.05431445501744747
2021-06-16 17:56:40,500 - Discovery - ***** Epoch: 37: Eval results *****
2021-06-16 17:56:40,500 - Discovery -   best_acc = 82.35
2021-06-16 17:56:40,500 - Discovery -   eval_acc = 81.95
2021-06-16 17:56:40,500 - Discovery -   train_loss = 0.05243407065669695
2021-06-16 17:56:43,511 - Discovery - ***** Epoch: 38: Eval results *****
2021-06-16 17:56:43,512 - Discovery -   best_acc = 82.35
2021-06-16 17:56:43,512 - Discovery -   eval_acc = 82.35
2021-06-16 17:56:43,512 - Discovery -   train_loss = 0.05137060210108757
2021-06-16 17:56:46,349 - Discovery - ***** Epoch: 39: Eval results *****
2021-06-16 17:56:46,350 - Discovery -   best_acc = 82.35
2021-06-16 17:56:46,350 - Discovery -   eval_acc = 82.22
2021-06-16 17:56:46,350 - Discovery -   train_loss = 0.047841910272836685
2021-06-16 17:56:49,277 - Discovery - ***** Epoch: 40: Eval results *****
2021-06-16 17:56:49,277 - Discovery -   best_acc = 82.35
2021-06-16 17:56:49,277 - Discovery -   eval_acc = 81.95
2021-06-16 17:56:49,277 - Discovery -   train_loss = 0.04750635847449303
2021-06-16 17:56:52,123 - Discovery - ***** Epoch: 41: Eval results *****
2021-06-16 17:56:52,123 - Discovery -   best_acc = 82.35
2021-06-16 17:56:52,123 - Discovery -   eval_acc = 82.22
2021-06-16 17:56:52,123 - Discovery -   train_loss = 0.04909530095756054
2021-06-16 17:56:55,034 - Discovery - ***** Epoch: 42: Eval results *****
2021-06-16 17:56:55,035 - Discovery -   best_acc = 82.35
2021-06-16 17:56:55,035 - Discovery -   eval_acc = 82.49
2021-06-16 17:56:55,035 - Discovery -   train_loss = 0.045613544061779976
2021-06-16 17:56:57,917 - Discovery - ***** Epoch: 43: Eval results *****
2021-06-16 17:56:57,917 - Discovery -   best_acc = 82.49
2021-06-16 17:56:57,917 - Discovery -   eval_acc = 82.22
2021-06-16 17:56:57,917 - Discovery -   train_loss = 0.0436451422671477
2021-06-16 17:57:01,045 - Discovery - ***** Epoch: 44: Eval results *****
2021-06-16 17:57:01,045 - Discovery -   best_acc = 82.49
2021-06-16 17:57:01,045 - Discovery -   eval_acc = 82.09
2021-06-16 17:57:01,045 - Discovery -   train_loss = 0.04231958587964376
2021-06-16 17:57:03,976 - Discovery - ***** Epoch: 45: Eval results *****
2021-06-16 17:57:03,976 - Discovery -   best_acc = 82.49
2021-06-16 17:57:03,976 - Discovery -   eval_acc = 82.35
2021-06-16 17:57:03,976 - Discovery -   train_loss = 0.039834454034765564
2021-06-16 17:57:06,831 - Discovery - ***** Epoch: 46: Eval results *****
2021-06-16 17:57:06,831 - Discovery -   best_acc = 82.49
2021-06-16 17:57:06,831 - Discovery -   eval_acc = 81.95
2021-06-16 17:57:06,831 - Discovery -   train_loss = 0.04002359012762705
2021-06-16 17:57:09,747 - Discovery - ***** Epoch: 47: Eval results *****
2021-06-16 17:57:09,748 - Discovery -   best_acc = 82.49
2021-06-16 17:57:09,748 - Discovery -   eval_acc = 82.09
2021-06-16 17:57:09,748 - Discovery -   train_loss = 0.036858513951301575
2021-06-16 17:57:12,608 - Discovery - ***** Epoch: 48: Eval results *****
2021-06-16 17:57:12,608 - Discovery -   best_acc = 82.49
2021-06-16 17:57:12,608 - Discovery -   eval_acc = 82.09
2021-06-16 17:57:12,608 - Discovery -   train_loss = 0.03690168634057045
2021-06-16 17:57:15,515 - Discovery - ***** Epoch: 49: Eval results *****
2021-06-16 17:57:15,515 - Discovery -   best_acc = 82.49
2021-06-16 17:57:15,515 - Discovery -   eval_acc = 82.22
2021-06-16 17:57:15,515 - Discovery -   train_loss = 0.039726777002215385
2021-06-16 17:57:18,384 - Discovery - ***** Epoch: 50: Eval results *****
2021-06-16 17:57:18,384 - Discovery -   best_acc = 82.49
2021-06-16 17:57:18,384 - Discovery -   eval_acc = 82.09
2021-06-16 17:57:18,384 - Discovery -   train_loss = 0.03524123473713795
2021-06-16 17:57:21,543 - Discovery - ***** Epoch: 51: Eval results *****
2021-06-16 17:57:21,544 - Discovery -   best_acc = 82.49
2021-06-16 17:57:21,544 - Discovery -   eval_acc = 82.09
2021-06-16 17:57:21,544 - Discovery -   train_loss = 0.035297843317190804
2021-06-16 17:57:24,451 - Discovery - ***** Epoch: 52: Eval results *****
2021-06-16 17:57:24,451 - Discovery -   best_acc = 82.49
2021-06-16 17:57:24,451 - Discovery -   eval_acc = 82.22
2021-06-16 17:57:24,451 - Discovery -   train_loss = 0.03307659085839987
2021-06-16 17:57:27,321 - Discovery - ***** Epoch: 53: Eval results *****
2021-06-16 17:57:27,321 - Discovery -   best_acc = 82.49
2021-06-16 17:57:27,321 - Discovery -   eval_acc = 82.35
2021-06-16 17:57:27,321 - Discovery -   train_loss = 0.032737383618950844
2021-06-16 17:57:30,227 - Discovery - ***** Epoch: 54: Eval results *****
2021-06-16 17:57:30,228 - Discovery -   best_acc = 82.49
2021-06-16 17:57:30,228 - Discovery -   eval_acc = 82.22
2021-06-16 17:57:30,228 - Discovery -   train_loss = 0.032450479455292225
2021-06-16 17:57:33,128 - Discovery - ***** Epoch: 55: Eval results *****
2021-06-16 17:57:33,128 - Discovery -   best_acc = 82.49
2021-06-16 17:57:33,128 - Discovery -   eval_acc = 81.82
2021-06-16 17:57:33,128 - Discovery -   train_loss = 0.03506741517533859
2021-06-16 17:57:35,952 - Discovery - ***** Epoch: 56: Eval results *****
2021-06-16 17:57:35,952 - Discovery -   best_acc = 82.49
2021-06-16 17:57:35,952 - Discovery -   eval_acc = 82.09
2021-06-16 17:57:35,952 - Discovery -   train_loss = 0.031333410491546
2021-06-16 17:57:38,875 - Discovery - ***** Epoch: 57: Eval results *****
2021-06-16 17:57:38,875 - Discovery -   best_acc = 82.49
2021-06-16 17:57:38,875 - Discovery -   eval_acc = 81.95
2021-06-16 17:57:38,875 - Discovery -   train_loss = 0.030390551313757896
2021-06-16 17:57:42,029 - Discovery - ***** Epoch: 58: Eval results *****
2021-06-16 17:57:42,029 - Discovery -   best_acc = 82.49
2021-06-16 17:57:42,029 - Discovery -   eval_acc = 82.22
2021-06-16 17:57:42,029 - Discovery -   train_loss = 0.030247989110648632
2021-06-16 17:57:44,934 - Discovery - ***** Epoch: 59: Eval results *****
2021-06-16 17:57:44,934 - Discovery -   best_acc = 82.49
2021-06-16 17:57:44,934 - Discovery -   eval_acc = 82.09
2021-06-16 17:57:44,934 - Discovery -   train_loss = 0.030851518424848717
2021-06-16 17:57:47,793 - Discovery - ***** Epoch: 60: Eval results *****
2021-06-16 17:57:47,793 - Discovery -   best_acc = 82.49
2021-06-16 17:57:47,793 - Discovery -   eval_acc = 82.09
2021-06-16 17:57:47,793 - Discovery -   train_loss = 0.0306691558410724
2021-06-16 17:57:50,719 - Discovery - ***** Epoch: 61: Eval results *****
2021-06-16 17:57:50,719 - Discovery -   best_acc = 82.49
2021-06-16 17:57:50,719 - Discovery -   eval_acc = 82.22
2021-06-16 17:57:50,719 - Discovery -   train_loss = 0.02983635322501262
2021-06-16 17:57:53,583 - Discovery - ***** Epoch: 62: Eval results *****
2021-06-16 17:57:53,583 - Discovery -   best_acc = 82.49
2021-06-16 17:57:53,584 - Discovery -   eval_acc = 82.35
2021-06-16 17:57:53,584 - Discovery -   train_loss = 0.028681497710446518
2021-06-16 17:57:53,584 - Discovery - Pre-training finished...
2021-06-16 17:57:53,592 - Discovery - Training Begin...
