2021-06-16 18:25:42,497 - Discovery - Open Intent Discovery Begin...
2021-06-16 18:25:42,498 - Discovery - Parameters Initialization...
2021-06-16 18:25:42,498 - Discovery - ============================== Params ==============================
2021-06-16 18:25:42,498 - Discovery - type:	open_intent_detection
2021-06-16 18:25:42,498 - Discovery - dataset:	banking
2021-06-16 18:25:42,498 - Discovery - known_cls_ratio:	0.75
2021-06-16 18:25:42,498 - Discovery - labeled_ratio:	0.1
2021-06-16 18:25:42,498 - Discovery - cluster_num_factor:	1.0
2021-06-16 18:25:42,498 - Discovery - method:	DeepAligned
2021-06-16 18:25:42,498 - Discovery - train:	True
2021-06-16 18:25:42,498 - Discovery - save_model:	False
2021-06-16 18:25:42,498 - Discovery - backbone:	bert
2021-06-16 18:25:42,498 - Discovery - num_train_epochs:	100
2021-06-16 18:25:42,498 - Discovery - setting:	semi_supervised
2021-06-16 18:25:42,498 - Discovery - config_file_name:	DeepAligned
2021-06-16 18:25:42,498 - Discovery - seed:	0
2021-06-16 18:25:42,498 - Discovery - gpu_id:	0
2021-06-16 18:25:42,498 - Discovery - pipe_results_path:	pipe_results
2021-06-16 18:25:42,498 - Discovery - data_dir:	/home/zhanghanlei/git/TEXTOIR/open_intent_discovery/data
2021-06-16 18:25:42,498 - Discovery - output_dir:	outputs
2021-06-16 18:25:42,498 - Discovery - model_dir:	models
2021-06-16 18:25:42,498 - Discovery - result_dir:	results
2021-06-16 18:25:42,498 - Discovery - results_file_name:	results.csv
2021-06-16 18:25:42,498 - Discovery - save_results:	False
2021-06-16 18:25:42,498 - Discovery - method_output_dir:	outputs/open_intent_detection/DeepAligned_banking_0.75_0.1_bert
2021-06-16 18:25:42,498 - Discovery - model_output_dir:	outputs/open_intent_detection/DeepAligned_banking_0.75_0.1_bert/models
2021-06-16 18:25:42,498 - Discovery - bert_model:	/home/sharing/disk1/pretrained_embedding/bert/uncased_L-12_H-768_A-12/
2021-06-16 18:25:42,498 - Discovery - max_seq_length:	None
2021-06-16 18:25:42,498 - Discovery - freeze_bert_parameters:	True
2021-06-16 18:25:42,498 - Discovery - feat_dim:	768
2021-06-16 18:25:42,498 - Discovery - warmup_proportion:	0.1
2021-06-16 18:25:42,498 - Discovery - lr_pre:	5e-05
2021-06-16 18:25:42,498 - Discovery - lr:	5e-05
2021-06-16 18:25:42,498 - Discovery - loss_fct:	CrossEntropyLoss
2021-06-16 18:25:42,498 - Discovery - train_batch_size:	128
2021-06-16 18:25:42,498 - Discovery - eval_batch_size:	64
2021-06-16 18:25:42,498 - Discovery - test_batch_size:	64
2021-06-16 18:25:42,498 - Discovery - num_pretrain_epochs:	100
2021-06-16 18:25:42,498 - Discovery - wait_patient:	20
2021-06-16 18:25:42,498 - Discovery - ============================== End Params ==============================
2021-06-16 18:25:42,498 - Discovery - Data and Model Preparation...
2021-06-16 18:25:43,207 - Discovery - Number of labeled samples = 673
2021-06-16 18:25:43,208 - Discovery - Number of unlabeled samples = 8330
2021-06-16 18:25:52,436 - Discovery - Pre-raining start...
2021-06-16 18:25:59,496 - Discovery - ***** Epoch: 1: Eval results *****
2021-06-16 18:25:59,496 - Discovery -   best_acc = 0
2021-06-16 18:25:59,496 - Discovery -   eval_acc = 1.74
2021-06-16 18:25:59,496 - Discovery -   train_loss = 4.064779122670491
2021-06-16 18:26:02,601 - Discovery - ***** Epoch: 2: Eval results *****
2021-06-16 18:26:02,602 - Discovery -   best_acc = 1.74
2021-06-16 18:26:02,602 - Discovery -   eval_acc = 3.34
2021-06-16 18:26:02,602 - Discovery -   train_loss = 4.041204611460368
2021-06-16 18:26:05,561 - Discovery - ***** Epoch: 3: Eval results *****
2021-06-16 18:26:05,562 - Discovery -   best_acc = 3.34
2021-06-16 18:26:05,562 - Discovery -   eval_acc = 4.68
2021-06-16 18:26:05,562 - Discovery -   train_loss = 3.994597315788269
