2021-06-16 15:15:26,795 - Discovery - Open Intent Discovery Begin...
2021-06-16 15:15:26,796 - Discovery - Parameters Initialization...
2021-06-16 15:15:26,796 - Discovery - ============================== Params ==============================
2021-06-16 15:15:26,796 - Discovery - type:	open_intent_detection
2021-06-16 15:15:26,796 - Discovery - dataset:	banking
2021-06-16 15:15:26,796 - Discovery - known_cls_ratio:	0.75
2021-06-16 15:15:26,796 - Discovery - labeled_ratio:	0.1
2021-06-16 15:15:26,796 - Discovery - cluster_num_factor:	1.0
2021-06-16 15:15:26,796 - Discovery - method:	DeepAligned
2021-06-16 15:15:26,796 - Discovery - train:	True
2021-06-16 15:15:26,796 - Discovery - save_model:	False
2021-06-16 15:15:26,796 - Discovery - backbone:	bert
2021-06-16 15:15:26,796 - Discovery - num_train_epochs:	100
2021-06-16 15:15:26,796 - Discovery - setting:	semi_supervised
2021-06-16 15:15:26,796 - Discovery - config_file_name:	DeepAligned
2021-06-16 15:15:26,796 - Discovery - seed:	0
2021-06-16 15:15:26,796 - Discovery - gpu_id:	0
2021-06-16 15:15:26,796 - Discovery - pipe_results_path:	pipe_results
2021-06-16 15:15:26,796 - Discovery - data_dir:	/home/zhanghanlei/git/TEXTOIR/open_intent_discovery/data
2021-06-16 15:15:26,796 - Discovery - output_dir:	outputs
2021-06-16 15:15:26,796 - Discovery - model_dir:	models
2021-06-16 15:15:26,797 - Discovery - result_dir:	results
2021-06-16 15:15:26,797 - Discovery - results_file_name:	results.csv
2021-06-16 15:15:26,797 - Discovery - save_results:	False
2021-06-16 15:15:26,797 - Discovery - method_output_dir:	outputs/open_intent_detection/DeepAligned_banking_0.75_0.1_bert
2021-06-16 15:15:26,797 - Discovery - model_output_dir:	outputs/open_intent_detection/DeepAligned_banking_0.75_0.1_bert/models
2021-06-16 15:15:26,797 - Discovery - bert_model:	/home/sharing/disk1/pretrained_embedding/bert/uncased_L-12_H-768_A-12/
2021-06-16 15:15:26,797 - Discovery - max_seq_length:	None
2021-06-16 15:15:26,797 - Discovery - freeze_bert_parameters:	True
2021-06-16 15:15:26,797 - Discovery - feat_dim:	768
2021-06-16 15:15:26,797 - Discovery - warmup_proportion:	0.1
2021-06-16 15:15:26,797 - Discovery - lr_pre:	5e-05
2021-06-16 15:15:26,797 - Discovery - lr:	5e-05
2021-06-16 15:15:26,797 - Discovery - loss_fct:	CrossEntropyLoss
2021-06-16 15:15:26,797 - Discovery - train_batch_size:	128
2021-06-16 15:15:26,797 - Discovery - eval_batch_size:	64
2021-06-16 15:15:26,797 - Discovery - test_batch_size:	64
2021-06-16 15:15:26,797 - Discovery - num_pretrain_epochs:	100
2021-06-16 15:15:26,797 - Discovery - wait_patient:	20
2021-06-16 15:15:26,797 - Discovery - ============================== End Params ==============================
2021-06-16 15:15:26,797 - Discovery - Data and Model Preparation...
2021-06-16 15:15:27,538 - Discovery - Number of labeled samples = 673
2021-06-16 15:15:27,538 - Discovery - Number of unlabeled samples = 8330
2021-06-16 15:15:35,372 - Discovery - Pre-raining start...
2021-06-16 15:15:40,693 - Discovery - ***** Epoch: 1: Eval results *****
2021-06-16 15:15:40,693 - Discovery -   best_acc = 0
2021-06-16 15:15:40,693 - Discovery -   eval_acc = 1.74
2021-06-16 15:15:40,693 - Discovery -   train_loss = 4.064779122670491
2021-06-16 15:15:42,603 - Discovery - ***** Epoch: 2: Eval results *****
2021-06-16 15:15:42,603 - Discovery -   best_acc = 1.74
2021-06-16 15:15:42,603 - Discovery -   eval_acc = 3.34
2021-06-16 15:15:42,603 - Discovery -   train_loss = 4.041204611460368
2021-06-16 15:15:44,560 - Discovery - ***** Epoch: 3: Eval results *****
2021-06-16 15:15:44,560 - Discovery -   best_acc = 3.34
2021-06-16 15:15:44,560 - Discovery -   eval_acc = 4.68
2021-06-16 15:15:44,560 - Discovery -   train_loss = 3.994597315788269
2021-06-16 15:15:46,478 - Discovery - ***** Epoch: 4: Eval results *****
2021-06-16 15:15:46,478 - Discovery -   best_acc = 4.68
2021-06-16 15:15:46,478 - Discovery -   eval_acc = 7.49
2021-06-16 15:15:46,478 - Discovery -   train_loss = 3.922840674718221
2021-06-16 15:15:48,443 - Discovery - ***** Epoch: 5: Eval results *****
2021-06-16 15:15:48,443 - Discovery -   best_acc = 7.49
2021-06-16 15:15:48,443 - Discovery -   eval_acc = 16.44
2021-06-16 15:15:48,444 - Discovery -   train_loss = 3.793906052907308
2021-06-16 15:15:50,415 - Discovery - ***** Epoch: 6: Eval results *****
2021-06-16 15:15:50,415 - Discovery -   best_acc = 16.44
2021-06-16 15:15:50,415 - Discovery -   eval_acc = 27.14
2021-06-16 15:15:50,415 - Discovery -   train_loss = 3.5255759159723916
2021-06-16 15:15:52,545 - Discovery - ***** Epoch: 7: Eval results *****
2021-06-16 15:15:52,546 - Discovery -   best_acc = 27.14
2021-06-16 15:15:52,546 - Discovery -   eval_acc = 41.31
2021-06-16 15:15:52,546 - Discovery -   train_loss = 3.0424757401148477
2021-06-16 15:15:54,591 - Discovery - ***** Epoch: 8: Eval results *****
2021-06-16 15:15:54,591 - Discovery -   best_acc = 41.31
2021-06-16 15:15:54,591 - Discovery -   eval_acc = 50.94
2021-06-16 15:15:54,591 - Discovery -   train_loss = 2.5578994353612265
2021-06-16 15:15:56,538 - Discovery - ***** Epoch: 9: Eval results *****
2021-06-16 15:15:56,538 - Discovery -   best_acc = 50.94
2021-06-16 15:15:56,538 - Discovery -   eval_acc = 60.7
2021-06-16 15:15:56,538 - Discovery -   train_loss = 2.0311789909998574
2021-06-16 15:15:58,559 - Discovery - ***** Epoch: 10: Eval results *****
2021-06-16 15:15:58,559 - Discovery -   best_acc = 60.7
2021-06-16 15:15:58,559 - Discovery -   eval_acc = 66.31
2021-06-16 15:15:58,559 - Discovery -   train_loss = 1.5986552834510803
2021-06-16 15:16:00,481 - Discovery - ***** Epoch: 11: Eval results *****
2021-06-16 15:16:00,481 - Discovery -   best_acc = 66.31
2021-06-16 15:16:00,481 - Discovery -   eval_acc = 70.99
2021-06-16 15:16:00,481 - Discovery -   train_loss = 1.2519824306170146
2021-06-16 15:16:02,447 - Discovery - ***** Epoch: 12: Eval results *****
2021-06-16 15:16:02,447 - Discovery -   best_acc = 70.99
2021-06-16 15:16:02,447 - Discovery -   eval_acc = 72.73
2021-06-16 15:16:02,447 - Discovery -   train_loss = 0.9876683255036672
2021-06-16 15:16:04,412 - Discovery - ***** Epoch: 13: Eval results *****
2021-06-16 15:16:04,412 - Discovery -   best_acc = 72.73
2021-06-16 15:16:04,412 - Discovery -   eval_acc = 75.67
2021-06-16 15:16:04,412 - Discovery -   train_loss = 0.7932207385698954
2021-06-16 15:16:06,535 - Discovery - ***** Epoch: 14: Eval results *****
2021-06-16 15:16:06,535 - Discovery -   best_acc = 75.67
2021-06-16 15:16:06,535 - Discovery -   eval_acc = 77.54
2021-06-16 15:16:06,535 - Discovery -   train_loss = 0.6126187046368917
2021-06-16 15:16:08,596 - Discovery - ***** Epoch: 15: Eval results *****
2021-06-16 15:16:08,596 - Discovery -   best_acc = 77.54
2021-06-16 15:16:08,596 - Discovery -   eval_acc = 78.61
2021-06-16 15:16:08,596 - Discovery -   train_loss = 0.5105206072330475
2021-06-16 15:16:10,542 - Discovery - ***** Epoch: 16: Eval results *****
2021-06-16 15:16:10,542 - Discovery -   best_acc = 78.61
2021-06-16 15:16:10,542 - Discovery -   eval_acc = 78.74
2021-06-16 15:16:10,542 - Discovery -   train_loss = 0.4213813742001851
2021-06-16 15:16:12,505 - Discovery - ***** Epoch: 17: Eval results *****
2021-06-16 15:16:12,505 - Discovery -   best_acc = 78.74
2021-06-16 15:16:12,505 - Discovery -   eval_acc = 79.81
2021-06-16 15:16:12,505 - Discovery -   train_loss = 0.3491768290599187
2021-06-16 15:16:14,426 - Discovery - ***** Epoch: 18: Eval results *****
2021-06-16 15:16:14,426 - Discovery -   best_acc = 79.81
2021-06-16 15:16:14,426 - Discovery -   eval_acc = 80.08
2021-06-16 15:16:14,426 - Discovery -   train_loss = 0.3009629448254903
2021-06-16 15:16:16,392 - Discovery - ***** Epoch: 19: Eval results *****
2021-06-16 15:16:16,392 - Discovery -   best_acc = 80.08
2021-06-16 15:16:16,392 - Discovery -   eval_acc = 79.95
2021-06-16 15:16:16,392 - Discovery -   train_loss = 0.24982168773810068
2021-06-16 15:16:18,334 - Discovery - ***** Epoch: 20: Eval results *****
2021-06-16 15:16:18,334 - Discovery -   best_acc = 80.08
2021-06-16 15:16:18,334 - Discovery -   eval_acc = 80.61
2021-06-16 15:16:18,334 - Discovery -   train_loss = 0.22213149815797806
2021-06-16 15:16:20,386 - Discovery - ***** Epoch: 21: Eval results *****
2021-06-16 15:16:20,386 - Discovery -   best_acc = 80.61
2021-06-16 15:16:20,386 - Discovery -   eval_acc = 80.48
2021-06-16 15:16:20,386 - Discovery -   train_loss = 0.18673819055159888
2021-06-16 15:16:22,504 - Discovery - ***** Epoch: 22: Eval results *****
2021-06-16 15:16:22,504 - Discovery -   best_acc = 80.61
2021-06-16 15:16:22,504 - Discovery -   eval_acc = 80.61
2021-06-16 15:16:22,504 - Discovery -   train_loss = 0.15968879560629526
2021-06-16 15:16:24,420 - Discovery - ***** Epoch: 23: Eval results *****
2021-06-16 15:16:24,421 - Discovery -   best_acc = 80.61
2021-06-16 15:16:24,421 - Discovery -   eval_acc = 80.48
2021-06-16 15:16:24,421 - Discovery -   train_loss = 0.14951602866252264
2021-06-16 15:16:26,340 - Discovery - ***** Epoch: 24: Eval results *****
2021-06-16 15:16:26,340 - Discovery -   best_acc = 80.61
2021-06-16 15:16:26,341 - Discovery -   eval_acc = 81.42
2021-06-16 15:16:26,341 - Discovery -   train_loss = 0.1398720939954122
2021-06-16 15:16:28,297 - Discovery - ***** Epoch: 25: Eval results *****
2021-06-16 15:16:28,297 - Discovery -   best_acc = 81.42
2021-06-16 15:16:28,297 - Discovery -   eval_acc = 81.68
2021-06-16 15:16:28,298 - Discovery -   train_loss = 0.11653899277249972
2021-06-16 15:16:30,271 - Discovery - ***** Epoch: 26: Eval results *****
2021-06-16 15:16:30,271 - Discovery -   best_acc = 81.68
2021-06-16 15:16:30,271 - Discovery -   eval_acc = 81.02
2021-06-16 15:16:30,271 - Discovery -   train_loss = 0.11217126622796059
2021-06-16 15:16:32,182 - Discovery - ***** Epoch: 27: Eval results *****
2021-06-16 15:16:32,182 - Discovery -   best_acc = 81.68
2021-06-16 15:16:32,182 - Discovery -   eval_acc = 80.88
2021-06-16 15:16:32,182 - Discovery -   train_loss = 0.09891438235839208
2021-06-16 15:16:34,161 - Discovery - ***** Epoch: 28: Eval results *****
2021-06-16 15:16:34,161 - Discovery -   best_acc = 81.68
2021-06-16 15:16:34,161 - Discovery -   eval_acc = 81.02
2021-06-16 15:16:34,161 - Discovery -   train_loss = 0.08932302022973697
2021-06-16 15:16:36,333 - Discovery - ***** Epoch: 29: Eval results *****
2021-06-16 15:16:36,333 - Discovery -   best_acc = 81.68
2021-06-16 15:16:36,333 - Discovery -   eval_acc = 81.28
2021-06-16 15:16:36,333 - Discovery -   train_loss = 0.08654776712258656
2021-06-16 15:16:38,288 - Discovery - ***** Epoch: 30: Eval results *****
2021-06-16 15:16:38,288 - Discovery -   best_acc = 81.68
2021-06-16 15:16:38,288 - Discovery -   eval_acc = 81.55
2021-06-16 15:16:38,288 - Discovery -   train_loss = 0.07751939694086711
2021-06-16 15:16:40,207 - Discovery - ***** Epoch: 31: Eval results *****
2021-06-16 15:16:40,207 - Discovery -   best_acc = 81.68
2021-06-16 15:16:40,207 - Discovery -   eval_acc = 81.95
2021-06-16 15:16:40,207 - Discovery -   train_loss = 0.07397389536102612
2021-06-16 15:16:42,180 - Discovery - ***** Epoch: 32: Eval results *****
2021-06-16 15:16:42,181 - Discovery -   best_acc = 81.95
2021-06-16 15:16:42,181 - Discovery -   eval_acc = 82.35
2021-06-16 15:16:42,181 - Discovery -   train_loss = 0.07128408302863438
2021-06-16 15:16:44,140 - Discovery - ***** Epoch: 33: Eval results *****
2021-06-16 15:16:44,140 - Discovery -   best_acc = 82.35
2021-06-16 15:16:44,140 - Discovery -   eval_acc = 82.09
2021-06-16 15:16:44,140 - Discovery -   train_loss = 0.06662881808976333
2021-06-16 15:16:46,064 - Discovery - ***** Epoch: 34: Eval results *****
2021-06-16 15:16:46,064 - Discovery -   best_acc = 82.35
2021-06-16 15:16:46,064 - Discovery -   eval_acc = 82.09
2021-06-16 15:16:46,064 - Discovery -   train_loss = 0.06247462518513203
2021-06-16 15:16:47,975 - Discovery - ***** Epoch: 35: Eval results *****
2021-06-16 15:16:47,975 - Discovery -   best_acc = 82.35
2021-06-16 15:16:47,975 - Discovery -   eval_acc = 81.95
2021-06-16 15:16:47,975 - Discovery -   train_loss = 0.05846459542711576
2021-06-16 15:16:50,255 - Discovery - ***** Epoch: 36: Eval results *****
2021-06-16 15:16:50,255 - Discovery -   best_acc = 82.35
2021-06-16 15:16:50,255 - Discovery -   eval_acc = 81.82
2021-06-16 15:16:50,255 - Discovery -   train_loss = 0.05431445501744747
2021-06-16 15:16:52,179 - Discovery - ***** Epoch: 37: Eval results *****
2021-06-16 15:16:52,179 - Discovery -   best_acc = 82.35
2021-06-16 15:16:52,179 - Discovery -   eval_acc = 81.95
2021-06-16 15:16:52,179 - Discovery -   train_loss = 0.05243407065669695
2021-06-16 15:16:54,081 - Discovery - ***** Epoch: 38: Eval results *****
2021-06-16 15:16:54,081 - Discovery -   best_acc = 82.35
2021-06-16 15:16:54,081 - Discovery -   eval_acc = 82.35
2021-06-16 15:16:54,081 - Discovery -   train_loss = 0.05137060210108757
2021-06-16 15:16:56,025 - Discovery - ***** Epoch: 39: Eval results *****
2021-06-16 15:16:56,025 - Discovery -   best_acc = 82.35
2021-06-16 15:16:56,025 - Discovery -   eval_acc = 82.22
2021-06-16 15:16:56,025 - Discovery -   train_loss = 0.047841910272836685
2021-06-16 15:16:57,957 - Discovery - ***** Epoch: 40: Eval results *****
2021-06-16 15:16:57,957 - Discovery -   best_acc = 82.35
2021-06-16 15:16:57,957 - Discovery -   eval_acc = 81.95
2021-06-16 15:16:57,957 - Discovery -   train_loss = 0.04750635847449303
2021-06-16 15:16:59,886 - Discovery - ***** Epoch: 41: Eval results *****
2021-06-16 15:16:59,886 - Discovery -   best_acc = 82.35
2021-06-16 15:16:59,886 - Discovery -   eval_acc = 82.22
2021-06-16 15:16:59,886 - Discovery -   train_loss = 0.04909530095756054
2021-06-16 15:17:01,814 - Discovery - ***** Epoch: 42: Eval results *****
2021-06-16 15:17:01,814 - Discovery -   best_acc = 82.35
2021-06-16 15:17:01,814 - Discovery -   eval_acc = 82.49
2021-06-16 15:17:01,814 - Discovery -   train_loss = 0.045613544061779976
2021-06-16 15:17:04,035 - Discovery - ***** Epoch: 43: Eval results *****
2021-06-16 15:17:04,035 - Discovery -   best_acc = 82.49
2021-06-16 15:17:04,035 - Discovery -   eval_acc = 82.22
2021-06-16 15:17:04,035 - Discovery -   train_loss = 0.0436451422671477
2021-06-16 15:17:05,982 - Discovery - ***** Epoch: 44: Eval results *****
2021-06-16 15:17:05,982 - Discovery -   best_acc = 82.49
2021-06-16 15:17:05,982 - Discovery -   eval_acc = 82.09
2021-06-16 15:17:05,982 - Discovery -   train_loss = 0.04231958587964376
2021-06-16 15:17:07,893 - Discovery - ***** Epoch: 45: Eval results *****
2021-06-16 15:17:07,893 - Discovery -   best_acc = 82.49
2021-06-16 15:17:07,893 - Discovery -   eval_acc = 82.35
2021-06-16 15:17:07,893 - Discovery -   train_loss = 0.039834454034765564
2021-06-16 15:17:09,846 - Discovery - ***** Epoch: 46: Eval results *****
2021-06-16 15:17:09,846 - Discovery -   best_acc = 82.49
2021-06-16 15:17:09,846 - Discovery -   eval_acc = 81.95
2021-06-16 15:17:09,846 - Discovery -   train_loss = 0.04002359012762705
2021-06-16 15:17:11,766 - Discovery - ***** Epoch: 47: Eval results *****
2021-06-16 15:17:11,766 - Discovery -   best_acc = 82.49
2021-06-16 15:17:11,766 - Discovery -   eval_acc = 82.09
2021-06-16 15:17:11,766 - Discovery -   train_loss = 0.036858513951301575
2021-06-16 15:17:13,721 - Discovery - ***** Epoch: 48: Eval results *****
2021-06-16 15:17:13,722 - Discovery -   best_acc = 82.49
2021-06-16 15:17:13,722 - Discovery -   eval_acc = 82.09
2021-06-16 15:17:13,722 - Discovery -   train_loss = 0.03690168634057045
2021-06-16 15:17:15,638 - Discovery - ***** Epoch: 49: Eval results *****
2021-06-16 15:17:15,638 - Discovery -   best_acc = 82.49
2021-06-16 15:17:15,638 - Discovery -   eval_acc = 82.22
2021-06-16 15:17:15,638 - Discovery -   train_loss = 0.039726777002215385
2021-06-16 15:17:17,837 - Discovery - ***** Epoch: 50: Eval results *****
2021-06-16 15:17:17,837 - Discovery -   best_acc = 82.49
2021-06-16 15:17:17,837 - Discovery -   eval_acc = 82.09
2021-06-16 15:17:17,837 - Discovery -   train_loss = 0.03524123473713795
2021-06-16 15:17:19,791 - Discovery - ***** Epoch: 51: Eval results *****
2021-06-16 15:17:19,791 - Discovery -   best_acc = 82.49
2021-06-16 15:17:19,791 - Discovery -   eval_acc = 82.09
2021-06-16 15:17:19,791 - Discovery -   train_loss = 0.035297843317190804
2021-06-16 15:17:21,721 - Discovery - ***** Epoch: 52: Eval results *****
2021-06-16 15:17:21,721 - Discovery -   best_acc = 82.49
2021-06-16 15:17:21,721 - Discovery -   eval_acc = 82.22
2021-06-16 15:17:21,721 - Discovery -   train_loss = 0.03307659085839987
2021-06-16 15:17:23,662 - Discovery - ***** Epoch: 53: Eval results *****
2021-06-16 15:17:23,662 - Discovery -   best_acc = 82.49
2021-06-16 15:17:23,662 - Discovery -   eval_acc = 82.35
2021-06-16 15:17:23,662 - Discovery -   train_loss = 0.032737383618950844
2021-06-16 15:17:25,574 - Discovery - ***** Epoch: 54: Eval results *****
2021-06-16 15:17:25,574 - Discovery -   best_acc = 82.49
2021-06-16 15:17:25,574 - Discovery -   eval_acc = 82.22
2021-06-16 15:17:25,574 - Discovery -   train_loss = 0.032450479455292225
2021-06-16 15:17:27,527 - Discovery - ***** Epoch: 55: Eval results *****
2021-06-16 15:17:27,528 - Discovery -   best_acc = 82.49
2021-06-16 15:17:27,528 - Discovery -   eval_acc = 81.82
2021-06-16 15:17:27,528 - Discovery -   train_loss = 0.03506741517533859
2021-06-16 15:17:29,444 - Discovery - ***** Epoch: 56: Eval results *****
2021-06-16 15:17:29,444 - Discovery -   best_acc = 82.49
2021-06-16 15:17:29,444 - Discovery -   eval_acc = 82.09
2021-06-16 15:17:29,444 - Discovery -   train_loss = 0.031333410491546
2021-06-16 15:17:31,521 - Discovery - ***** Epoch: 57: Eval results *****
2021-06-16 15:17:31,521 - Discovery -   best_acc = 82.49
2021-06-16 15:17:31,521 - Discovery -   eval_acc = 81.95
2021-06-16 15:17:31,521 - Discovery -   train_loss = 0.030390551313757896
2021-06-16 15:17:33,599 - Discovery - ***** Epoch: 58: Eval results *****
2021-06-16 15:17:33,599 - Discovery -   best_acc = 82.49
2021-06-16 15:17:33,599 - Discovery -   eval_acc = 82.22
2021-06-16 15:17:33,599 - Discovery -   train_loss = 0.030247989110648632
2021-06-16 15:17:35,529 - Discovery - ***** Epoch: 59: Eval results *****
2021-06-16 15:17:35,529 - Discovery -   best_acc = 82.49
2021-06-16 15:17:35,529 - Discovery -   eval_acc = 82.09
2021-06-16 15:17:35,529 - Discovery -   train_loss = 0.030851518424848717
2021-06-16 15:17:37,473 - Discovery - ***** Epoch: 60: Eval results *****
2021-06-16 15:17:37,473 - Discovery -   best_acc = 82.49
2021-06-16 15:17:37,474 - Discovery -   eval_acc = 82.09
2021-06-16 15:17:37,474 - Discovery -   train_loss = 0.0306691558410724
2021-06-16 15:17:39,383 - Discovery - ***** Epoch: 61: Eval results *****
2021-06-16 15:17:39,383 - Discovery -   best_acc = 82.49
2021-06-16 15:17:39,383 - Discovery -   eval_acc = 82.22
2021-06-16 15:17:39,383 - Discovery -   train_loss = 0.02983635322501262
2021-06-16 15:17:41,336 - Discovery - ***** Epoch: 62: Eval results *****
2021-06-16 15:17:41,336 - Discovery -   best_acc = 82.49
2021-06-16 15:17:41,337 - Discovery -   eval_acc = 82.35
2021-06-16 15:17:41,337 - Discovery -   train_loss = 0.028681497710446518
2021-06-16 15:17:41,337 - Discovery - Pre-training finished...
2021-06-16 15:17:41,346 - Discovery - Training Begin...
