2021-08-05 17:56:27,410 - Detection - Open Intent Detection Begin...
2021-08-05 17:56:27,410 - Detection - Parameters Initialization...
2021-08-05 17:56:27,411 - Detection - ============================== Params ==============================
2021-08-05 17:56:27,411 - Detection - type:	open_intent_detection
2021-08-05 17:56:27,411 - Detection - logger_name:	Detection
2021-08-05 17:56:27,411 - Detection - log_dir:	logs
2021-08-05 17:56:27,411 - Detection - dataset:	banking
2021-08-05 17:56:27,411 - Detection - known_cls_ratio:	0.75
2021-08-05 17:56:27,411 - Detection - labeled_ratio:	1.0
2021-08-05 17:56:27,411 - Detection - method:	ADB
2021-08-05 17:56:27,411 - Detection - train:	False
2021-08-05 17:56:27,411 - Detection - save_model:	False
2021-08-05 17:56:27,411 - Detection - backbone:	bert
2021-08-05 17:56:27,411 - Detection - config_file_name:	ADB.py
2021-08-05 17:56:27,411 - Detection - seed:	0
2021-08-05 17:56:27,411 - Detection - gpu_id:	0
2021-08-05 17:56:27,411 - Detection - pipe_results_path:	pipe_results
2021-08-05 17:56:27,411 - Detection - data_dir:	/home/zhanghanlei/git/submit/TEXTOIR/open_intent_detection/../data
2021-08-05 17:56:27,411 - Detection - output_dir:	/home/sharing/disk2/zhanghanlei/save_data_162/TEXTOIR/outputs
2021-08-05 17:56:27,411 - Detection - model_dir:	models
2021-08-05 17:56:27,412 - Detection - result_dir:	results
2021-08-05 17:56:27,412 - Detection - results_file_name:	results.csv
2021-08-05 17:56:27,412 - Detection - save_results:	False
2021-08-05 17:56:27,412 - Detection - method_output_dir:	/home/sharing/disk2/zhanghanlei/save_data_162/TEXTOIR/outputs/open_intent_detection/ADB_banking_0.75_1.0_bert_0
2021-08-05 17:56:27,412 - Detection - model_output_dir:	/home/sharing/disk2/zhanghanlei/save_data_162/TEXTOIR/outputs/open_intent_detection/ADB_banking_0.75_1.0_bert_0/models
2021-08-05 17:56:27,412 - Detection - bert_model:	/home/sharing/disk1/pretrained_embedding/bert/uncased_L-12_H-768_A-12/
2021-08-05 17:56:27,412 - Detection - num_train_epochs:	100
2021-08-05 17:56:27,412 - Detection - num_labels:	None
2021-08-05 17:56:27,412 - Detection - max_seq_length:	None
2021-08-05 17:56:27,412 - Detection - freeze_bert_parameters:	True
2021-08-05 17:56:27,412 - Detection - feat_dim:	768
2021-08-05 17:56:27,412 - Detection - warmup_proportion:	0.1
2021-08-05 17:56:27,412 - Detection - lr_boundary:	0.05
2021-08-05 17:56:27,412 - Detection - lr:	2e-05
2021-08-05 17:56:27,412 - Detection - loss_fct:	CrossEntropyLoss
2021-08-05 17:56:27,412 - Detection - activation:	relu
2021-08-05 17:56:27,412 - Detection - train_batch_size:	128
2021-08-05 17:56:27,412 - Detection - eval_batch_size:	64
2021-08-05 17:56:27,412 - Detection - test_batch_size:	64
2021-08-05 17:56:27,412 - Detection - wait_patient:	10
2021-08-05 17:56:27,412 - Detection - ============================== End Params ==============================
2021-08-05 17:56:27,412 - Detection - Data and Model Preparation...
2021-08-05 17:56:27,412 - Detection - The number of known intents is 58
2021-08-05 17:56:27,412 - Detection - Lists of known labels are: ['pending_top_up', 'why_verify_identity', 'top_up_failed', 'supported_cards_and_currencies', 'exchange_via_app', 'declined_card_payment', 'unable_to_verify_identity', 'exchange_rate', 'passcode_forgotten', 'verify_my_identity', 'declined_cash_withdrawal', 'top_up_limits', 'apple_pay_or_google_pay', 'lost_or_stolen_card', 'lost_or_stolen_phone', 'balance_not_updated_after_cheque_or_cash_deposit', 'change_pin', 'getting_virtual_card', 'pin_blocked', 'get_disposable_virtual_card', 'top_up_reverted', 'reverted_card_payment?', 'topping_up_by_card', 'top_up_by_bank_transfer_charge', 'virtual_card_not_working', 'balance_not_updated_after_bank_transfer', 'request_refund', 'verify_source_of_funds', 'atm_support', 'disposable_card_limits', 'pending_transfer', 'age_limit', 'declined_transfer', 'card_acceptance', 'compromised_card', 'card_about_to_expire', 'edit_personal_details', 'getting_spare_card', 'top_up_by_card_charge', 'activate_my_card', 'exchange_charge', 'transfer_not_received_by_recipient', 'card_linking', 'wrong_exchange_rate_for_cash_withdrawal', 'card_swallowed', 'direct_debit_payment_not_recognised', 'transaction_charged_twice', 'extra_charge_on_statement', 'card_payment_wrong_exchange_rate', 'Refund_not_showing_up', 'wrong_amount_of_cash_received', 'card_not_working', 'automatic_top_up', 'terminate_account', 'card_payment_fee_charged', 'receiving_money', 'cash_withdrawal_charge', 'verify_top_up']
2021-08-05 17:56:27,446 - Detection - Number of labeled training samples = 6732
2021-08-05 17:56:27,446 - Detection - Number of unlabeled training samples = 2271
2021-08-05 17:56:27,449 - Detection - Number of evaluation samples = 748
2021-08-05 17:56:27,456 - Detection - Number of testing samples = 3080
2021-08-05 17:56:31,945 - Detection - Freeze all parameters but the last layer for efficiency
